Log file open, 04/21/20 11:34:58
LogWindows: Failed to load 'aqProf.dll' (GetLastError=126)
LogWindows: File 'aqProf.dll' does not exist
LogWindows: Failed to load 'VtuneApi.dll' (GetLastError=126)
LogWindows: File 'VtuneApi.dll' does not exist
LogWindows: Failed to load 'VtuneApi32e.dll' (GetLastError=126)
LogWindows: File 'VtuneApi32e.dll' does not exist
LogConsoleResponse: Display: Failed to find resolution value strings in scalability ini. Falling back to default.
LogInit: Display: Running engine for game: Project_C
LogPlatformFile: Not using cached read wrapper
LogTaskGraph: Started task graph with 5 named threads and 23 total threads with 3 sets of task threads.
LogStats: Stats thread started at 0.138976
LogD3D11RHI: Loaded GFSDK_Aftermath_Lib.x64.dll
LogICUInternationalization: ICU TimeZone Detection - Raw Offset: -8:00, Platform Override: ''
LogPluginManager: Mounting plugin Paper2D
LogPluginManager: Mounting plugin AISupport
LogPluginManager: Mounting plugin LightPropagationVolume
LogPluginManager: Mounting plugin ActorLayerUtilities
LogPluginManager: Mounting plugin AnimationSharing
LogPluginManager: Mounting plugin CLionSourceCodeAccess
LogPluginManager: Mounting plugin CodeLiteSourceCodeAccess
LogPluginManager: Mounting plugin GitSourceControl
LogPluginManager: Mounting plugin KDevelopSourceCodeAccess
LogPluginManager: Mounting plugin NullSourceCodeAccess
LogPluginManager: Mounting plugin PerforceSourceControl
LogPluginManager: Mounting plugin PlasticSourceControl
LogPluginManager: Mounting plugin SubversionSourceControl
LogPluginManager: Mounting plugin UObjectPlugin
LogPluginManager: Mounting plugin VisualStudioCodeSourceCodeAccess
LogPluginManager: Mounting plugin VisualStudioSourceCodeAccess
LogPluginManager: Mounting plugin XCodeSourceCodeAccess
LogPluginManager: Mounting plugin AssetManagerEditor
LogPluginManager: Mounting plugin CryptoKeys
LogPluginManager: Mounting plugin CurveEditorTools
LogPluginManager: Mounting plugin DataValidation
LogPluginManager: Mounting plugin FacialAnimation
LogPluginManager: Mounting plugin GameplayTagsEditor
LogPluginManager: Mounting plugin MacGraphicsSwitching
LogPluginManager: Mounting plugin MaterialAnalyzer
LogPluginManager: Mounting plugin MobileLauncherProfileWizard
LogPluginManager: Mounting plugin PluginBrowser
LogPluginManager: Mounting plugin SpeedTreeImporter
LogPluginManager: Mounting plugin DatasmithContent
LogPluginManager: Mounting plugin VariantManagerContent
LogPluginManager: Mounting plugin AlembicImporter
LogPluginManager: Mounting plugin AutomationUtils
LogPluginManager: Mounting plugin BackChannel
LogPluginManager: Mounting plugin CharacterAI
LogPluginManager: Mounting plugin GeometryCache
LogPluginManager: Mounting plugin PlatformCrypto
LogPluginManager: Mounting plugin ProxyLODPlugin
LogPluginManager: Mounting plugin SkeletalReduction
LogPluginManager: Mounting plugin MagicLeap
LogPluginManager: Mounting plugin MagicLeapMedia
LogPluginManager: Mounting plugin MLSDK
LogPluginManager: Mounting plugin AndroidMedia
LogPluginManager: Mounting plugin AvfMedia
LogPluginManager: Mounting plugin ImgMedia
LogPluginManager: Mounting plugin MediaCompositing
LogPluginManager: Mounting plugin MediaPlayerEditor
LogPluginManager: Mounting plugin WebMMedia
LogPluginManager: Mounting plugin WmfMedia
LogPluginManager: Mounting plugin TcpMessaging
LogPluginManager: Mounting plugin UdpMessaging
LogPluginManager: Mounting plugin ActorSequence
LogPluginManager: Mounting plugin LevelSequenceEditor
LogPluginManager: Mounting plugin MatineeToLevelSequence
LogPluginManager: Mounting plugin NetcodeUnitTest
LogPluginManager: Mounting plugin NUTUnrealEngine4
LogPluginManager: Mounting plugin OnlineSubsystemGooglePlay
LogPluginManager: Mounting plugin OnlineSubsystemIOS
LogPluginManager: Mounting plugin OnlineSubsystem
LogPluginManager: Mounting plugin OnlineSubsystemNull
LogPluginManager: Mounting plugin OnlineSubsystemUtils
LogPluginManager: Mounting plugin LauncherChunkInstaller
LogPluginManager: Mounting plugin AndroidDeviceProfileSelector
LogPluginManager: Mounting plugin AndroidMoviePlayer
LogPluginManager: Mounting plugin AndroidPermission
LogPluginManager: Mounting plugin AppleImageUtils
LogPluginManager: Mounting plugin AppleMoviePlayer
LogPluginManager: Mounting plugin ArchVisCharacter
LogPluginManager: Mounting plugin AssetTags
LogPluginManager: Mounting plugin AudioCapture
LogPluginManager: Mounting plugin CableComponent
LogPluginManager: Mounting plugin CustomMeshComponent
LogPluginManager: Mounting plugin EditableMesh
LogPluginManager: Mounting plugin ExampleDeviceProfileSelector
LogPluginManager: Mounting plugin GameplayAbilities
LogPluginManager: Mounting plugin GoogleCloudMessaging
LogPluginManager: Mounting plugin IOSDeviceProfileSelector
LogPluginManager: Mounting plugin LinuxDeviceProfileSelector
LogPluginManager: Mounting plugin LocationServicesBPLibrary
LogPluginManager: Mounting plugin MobilePatchingUtils
LogPluginManager: Mounting plugin OculusVR
LogPluginManager: Mounting plugin PhysXVehicles
LogPluginManager: Mounting plugin PostSplashScreen
LogPluginManager: Mounting plugin ProceduralMeshComponent
LogPluginManager: Mounting plugin RuntimePhysXCooking
LogPluginManager: Mounting plugin SignificanceManager
LogPluginManager: Mounting plugin SteamVR
LogPluginManager: Mounting plugin WebMMoviePlayer
LogPluginManager: Mounting plugin WindowsMoviePlayer
LogPluginManager: Mounting plugin ScreenshotTools
LogInit: Using libcurl 7.55.1-DEV
LogInit:  - built for x86_64-pc-win32
LogInit:  - supports SSL with OpenSSL/1.1.1
LogInit:  - supports HTTP deflate (compression) using libz 1.2.8
LogInit:  - other features:
LogInit:      CURL_VERSION_SSL
LogInit:      CURL_VERSION_LIBZ
LogInit:      CURL_VERSION_IPV6
LogInit:      CURL_VERSION_ASYNCHDNS
LogInit:      CURL_VERSION_LARGEFILE
LogInit:      CURL_VERSION_IDN
LogInit:  CurlRequestOptions (configurable via config and command line):
LogInit:  - bVerifyPeer = true  - Libcurl will verify peer certificate
LogInit:  - bUseHttpProxy = false  - Libcurl will NOT use HTTP proxy
LogInit:  - bDontReuseConnections = false  - Libcurl will reuse connections
LogInit:  - MaxHostConnections = 16  - Libcurl will limit the number of connections to a host
LogInit:  - LocalHostAddr = Default
LogInit:  - BufferSize = 65536
LogOnline: OSS: Creating online subsystem instance for: NULL
LogInit: WinSock: version 1.1 (2.2), MaxSocks=32767, MaxUdp=65467
LogOnline: OSS: TryLoadSubsystemAndSetDefault: Loaded subsystem for module [NULL]
LogInit: Build: ++UE4+Release-4.24-CL-11590370
LogInit: Engine Version: 4.24.3-11590370+++UE4+Release-4.24
LogInit: Compatible Engine Version: 4.24.0-10570792+++UE4+Release-4.24
LogInit: Net CL: 10570792
LogInit: OS: Windows 10 (Release 1809) (), CPU: Intel(R) Core(TM) i7-6700K CPU @ 4.00GHz, GPU: Intel(R) HD Graphics 530
LogInit: Compiled (64-bit): Feb 24 2020 15:39:18
LogInit: Compiled with Visual C++: 19.16.27032.01
LogInit: Build Configuration: Development
LogInit: Branch Name: ++UE4+Release-4.24
LogInit: Command Line: 
LogInit: Base Directory: E:/Program Files/Epic Games/UE_4.24/Engine/Binaries/Win64/
LogInit: Installed Engine Build: 1
LogDevObjectVersion: Number of dev versions registered: 25
LogDevObjectVersion:   Dev-Blueprints (B0D832E4-1F89-4F0D-ACCF-7EB736FD4AA2): 10
LogDevObjectVersion:   Dev-Build (E1C64328-A22C-4D53-A36C-8E866417BD8C): 0
LogDevObjectVersion:   Dev-Core (375EC13C-06E4-48FB-B500-84F0262A717E): 3
LogDevObjectVersion:   Dev-Editor (E4B068ED-F494-42E9-A231-DA0B2E46BB41): 37
LogDevObjectVersion:   Dev-Framework (CFFC743F-43B0-4480-9391-14DF171D2073): 36
LogDevObjectVersion:   Dev-Mobile (B02B49B5-BB20-44E9-A304-32B752E40360): 2
LogDevObjectVersion:   Dev-Networking (A4E4105C-59A1-49B5-A7C5-40C4547EDFEE): 0
LogDevObjectVersion:   Dev-Online (39C831C9-5AE6-47DC-9A44-9C173E1C8E7C): 0
LogDevObjectVersion:   Dev-Physics (78F01B33-EBEA-4F98-B9B4-84EACCB95AA2): 2
LogDevObjectVersion:   Dev-Platform (6631380F-2D4D-43E0-8009-CF276956A95A): 0
LogDevObjectVersion:   Dev-Rendering (12F88B9F-8875-4AFC-A67C-D90C383ABD29): 36
LogDevObjectVersion:   Dev-Sequencer (7B5AE74C-D270-4C10-A958-57980B212A5A): 11
LogDevObjectVersion:   Dev-VR (D7296918-1DD6-4BDD-9DE2-64A83CC13884): 2
LogDevObjectVersion:   Dev-LoadTimes (C2A15278-BFE7-4AFE-6C17-90FF531DF755): 1
LogDevObjectVersion:   Private-Geometry (6EACA3D4-40EC-4CC1-B786-8BED09428FC5): 3
LogDevObjectVersion:   Dev-AnimPhys (29E575DD-E0A3-4627-9D10-D276232CDCEA): 17
LogDevObjectVersion:   Dev-Anim (AF43A65D-7FD3-4947-9873-3E8ED9C1BB05): 2
LogDevObjectVersion:   Dev-ReflectionCapture (6B266CEC-1EC7-4B8F-A30B-E4D90942FC07): 1
LogDevObjectVersion:   Dev-Automation (0DF73D61-A23F-47EA-B727-89E90C41499A): 1
LogDevObjectVersion:   FortniteMain (601D1886-AC64-4F84-AA16-D3DE0DEAC7D6): 31
LogDevObjectVersion:   Dev-Enterprise (9DFFBCD6-494F-0158-E221-12823C92A888): 8
LogDevObjectVersion:   Dev-Niagara (F2AED0AC-9AFE-416F-8664-AA7FFA26D6FC): 1
LogDevObjectVersion:   Dev-Destruction (174F1F0B-B4C6-45A5-B13F-2EE8D0FB917D): 9
LogDevObjectVersion:   Dev-Physics-Ext (35F94A83-E258-406C-A318-09F59610247C): 8
LogDevObjectVersion:   Dev-CineCamera (B2E18506-4273-CFC2-A54E-F4BB758BBA07): 1
LogInit: Presizing for max 25165824 objects, including 0 objects not considered by GC, pre-allocating 0 bytes for permanent pool.
LogInit: Object subsystem initialized
LogConfig: Setting CVar [[con.DebugEarlyDefault:1]]
LogConfig: Setting CVar [[r.setres:1280x720]]
[2020.04.21-18.34.58:709][  0]LogConfig: Setting CVar [[r.VSync:0]]
[2020.04.21-18.34.58:709][  0]LogConfig: Setting CVar [[r.RHICmdBypass:0]]
[2020.04.21-18.34.58:709][  0]LogConfig: Applying CVar settings from Section [/Script/Engine.RendererSettings] File [D:/Users/Randy/Desktop/Project_C/Project_C_UE4/Saved/Config/Windows/Engine.ini]
[2020.04.21-18.34.58:709][  0]LogConfig: Setting CVar [[r.GPUCrashDebugging:0]]
[2020.04.21-18.34.58:709][  0]LogConfig: Applying CVar settings from Section [/Script/Engine.RendererOverrideSettings] File [D:/Users/Randy/Desktop/Project_C/Project_C_UE4/Saved/Config/Windows/Engine.ini]
[2020.04.21-18.34.58:710][  0]LogConfig: Applying CVar settings from Section [/Script/Engine.StreamingSettings] File [D:/Users/Randy/Desktop/Project_C/Project_C_UE4/Saved/Config/Windows/Engine.ini]
[2020.04.21-18.34.58:710][  0]LogConfig: Setting CVar [[s.MinBulkDataSizeForAsyncLoading:131072]]
[2020.04.21-18.34.58:710][  0]LogConfig: Setting CVar [[s.AsyncLoadingThreadEnabled:0]]
[2020.04.21-18.34.58:710][  0]LogConfig: Setting CVar [[s.EventDrivenLoaderEnabled:1]]
[2020.04.21-18.34.58:710][  0]LogConfig: Setting CVar [[s.WarnIfTimeLimitExceeded:0]]
[2020.04.21-18.34.58:710][  0]LogConfig: Setting CVar [[s.TimeLimitExceededMultiplier:1.5]]
[2020.04.21-18.34.58:710][  0]LogConfig: Setting CVar [[s.TimeLimitExceededMinTime:0.005]]
[2020.04.21-18.34.58:710][  0]LogConfig: Setting CVar [[s.UseBackgroundLevelStreaming:1]]
[2020.04.21-18.34.58:710][  0]LogConfig: Setting CVar [[s.PriorityAsyncLoadingExtraTime:15.0]]
[2020.04.21-18.34.58:710][  0]LogConfig: Setting CVar [[s.LevelStreamingActorsUpdateTimeLimit:5.0]]
[2020.04.21-18.34.58:710][  0]LogConfig: Setting CVar [[s.PriorityLevelStreamingActorsUpdateExtraTime:5.0]]
[2020.04.21-18.34.58:710][  0]LogConfig: Setting CVar [[s.LevelStreamingComponentsRegistrationGranularity:10]]
[2020.04.21-18.34.58:710][  0]LogConfig: Setting CVar [[s.UnregisterComponentsTimeLimit:1.0]]
[2020.04.21-18.34.58:710][  0]LogConfig: Setting CVar [[s.LevelStreamingComponentsUnregistrationGranularity:5]]
[2020.04.21-18.34.58:710][  0]LogConfig: Setting CVar [[s.FlushStreamingOnExit:1]]
[2020.04.21-18.34.58:710][  0]LogConfig: Applying CVar settings from Section [/Script/Engine.GarbageCollectionSettings] File [D:/Users/Randy/Desktop/Project_C/Project_C_UE4/Saved/Config/Windows/Engine.ini]
[2020.04.21-18.34.58:710][  0]LogConfig: Setting CVar [[gc.MaxObjectsNotConsideredByGC:1]]
[2020.04.21-18.34.58:710][  0]LogConfig: Setting CVar [[gc.SizeOfPermanentObjectPool:0]]
[2020.04.21-18.34.58:710][  0]LogConfig: Setting CVar [[gc.FlushStreamingOnGC:0]]
[2020.04.21-18.34.58:710][  0]LogConfig: Setting CVar [[gc.NumRetriesBeforeForcingGC:10]]
[2020.04.21-18.34.58:710][  0]LogConfig: Setting CVar [[gc.AllowParallelGC:1]]
[2020.04.21-18.34.58:710][  0]LogConfig: Setting CVar [[gc.TimeBetweenPurgingPendingKillObjects:61.1]]
[2020.04.21-18.34.58:710][  0]LogConfig: Setting CVar [[gc.MaxObjectsInEditor:25165824]]
[2020.04.21-18.34.58:710][  0]LogConfig: Setting CVar [[gc.IncrementalBeginDestroyEnabled:1]]
[2020.04.21-18.34.58:710][  0]LogConfig: Setting CVar [[gc.CreateGCClusters:1]]
[2020.04.21-18.34.58:710][  0]LogConfig: Setting CVar [[gc.MinGCClusterSize:5]]
[2020.04.21-18.34.58:710][  0]LogConfig: Setting CVar [[gc.ActorClusteringEnabled:0]]
[2020.04.21-18.34.58:710][  0]LogConfig: Setting CVar [[gc.BlueprintClusteringEnabled:0]]
[2020.04.21-18.34.58:710][  0]LogConfig: Setting CVar [[gc.UseDisregardForGCOnDedicatedServers:0]]
[2020.04.21-18.34.58:710][  0]LogConfig: Applying CVar settings from Section [/Script/Engine.NetworkSettings] File [D:/Users/Randy/Desktop/Project_C/Project_C_UE4/Saved/Config/Windows/Engine.ini]
[2020.04.21-18.34.58:710][  0]LogConfig: Applying CVar settings from Section [/Script/UnrealEd.CookerSettings] File [D:/Users/Randy/Desktop/Project_C/Project_C_UE4/Saved/Config/Windows/Engine.ini]
[2020.04.21-18.34.58:713][  0]LogConfig: Applying CVar settings from Section [ViewDistanceQuality@3] File [D:/Users/Randy/Desktop/Project_C/Project_C_UE4/Saved/Config/Windows/Scalability.ini]
[2020.04.21-18.34.58:713][  0]LogConfig: Setting CVar [[r.SkeletalMeshLODBias:0]]
[2020.04.21-18.34.58:713][  0]LogConfig: Setting CVar [[r.ViewDistanceScale:1.0]]
[2020.04.21-18.34.58:713][  0]LogConfig: Applying CVar settings from Section [AntiAliasingQuality@3] File [D:/Users/Randy/Desktop/Project_C/Project_C_UE4/Saved/Config/Windows/Scalability.ini]
[2020.04.21-18.34.58:713][  0]LogConfig: Setting CVar [[r.PostProcessAAQuality:4]]
[2020.04.21-18.34.58:713][  0]LogConfig: Applying CVar settings from Section [ShadowQuality@3] File [D:/Users/Randy/Desktop/Project_C/Project_C_UE4/Saved/Config/Windows/Scalability.ini]
[2020.04.21-18.34.58:713][  0]LogConfig: Setting CVar [[r.LightFunctionQuality:1]]
[2020.04.21-18.34.58:713][  0]LogConfig: Setting CVar [[r.ShadowQuality:5]]
[2020.04.21-18.34.58:713][  0]LogConfig: Setting CVar [[r.Shadow.CSM.MaxCascades:10]]
[2020.04.21-18.34.58:713][  0]LogConfig: Setting CVar [[r.Shadow.MaxResolution:2048]]
[2020.04.21-18.34.58:713][  0]LogConfig: Setting CVar [[r.Shadow.MaxCSMResolution:2048]]
[2020.04.21-18.34.58:713][  0]LogConfig: Setting CVar [[r.Shadow.RadiusThreshold:0.01]]
[2020.04.21-18.34.58:713][  0]LogConfig: Setting CVar [[r.Shadow.DistanceScale:1.0]]
[2020.04.21-18.34.58:713][  0]LogConfig: Setting CVar [[r.Shadow.CSM.TransitionScale:1.0]]
[2020.04.21-18.34.58:713][  0]LogConfig: Setting CVar [[r.Shadow.PreShadowResolutionFactor:1.0]]
[2020.04.21-18.34.58:713][  0]LogConfig: Setting CVar [[r.DistanceFieldShadowing:1]]
[2020.04.21-18.34.58:713][  0]LogConfig: Setting CVar [[r.DistanceFieldAO:1]]
[2020.04.21-18.34.58:713][  0]LogConfig: Setting CVar [[r.AOQuality:2]]
[2020.04.21-18.34.58:713][  0]LogConfig: Setting CVar [[r.VolumetricFog:1]]
[2020.04.21-18.34.58:713][  0]LogConfig: Setting CVar [[r.VolumetricFog.GridPixelSize:8]]
[2020.04.21-18.34.58:713][  0]LogConfig: Setting CVar [[r.VolumetricFog.GridSizeZ:128]]
[2020.04.21-18.34.58:713][  0]LogConfig: Setting CVar [[r.VolumetricFog.HistoryMissSupersampleCount:4]]
[2020.04.21-18.34.58:713][  0]LogConfig: Setting CVar [[r.LightMaxDrawDistanceScale:1]]
[2020.04.21-18.34.58:713][  0]LogConfig: Setting CVar [[r.CapsuleShadows:1]]
[2020.04.21-18.34.58:713][  0]LogConfig: Applying CVar settings from Section [PostProcessQuality@3] File [D:/Users/Randy/Desktop/Project_C/Project_C_UE4/Saved/Config/Windows/Scalability.ini]
[2020.04.21-18.34.58:713][  0]LogConfig: Setting CVar [[r.MotionBlurQuality:4]]
[2020.04.21-18.34.58:713][  0]LogConfig: Setting CVar [[r.AmbientOcclusionMipLevelFactor:0.4]]
[2020.04.21-18.34.58:713][  0]LogConfig: Setting CVar [[r.AmbientOcclusionMaxQuality:100]]
[2020.04.21-18.34.58:713][  0]LogConfig: Setting CVar [[r.AmbientOcclusionLevels:-1]]
[2020.04.21-18.34.58:713][  0]LogConfig: Setting CVar [[r.AmbientOcclusionRadiusScale:1.0]]
[2020.04.21-18.34.58:713][  0]LogConfig: Setting CVar [[r.DepthOfFieldQuality:2]]
[2020.04.21-18.34.58:713][  0]LogConfig: Setting CVar [[r.RenderTargetPoolMin:400]]
[2020.04.21-18.34.58:713][  0]LogConfig: Setting CVar [[r.LensFlareQuality:2]]
[2020.04.21-18.34.58:713][  0]LogConfig: Setting CVar [[r.SceneColorFringeQuality:1]]
[2020.04.21-18.34.58:713][  0]LogConfig: Setting CVar [[r.EyeAdaptationQuality:2]]
[2020.04.21-18.34.58:713][  0]LogConfig: Setting CVar [[r.BloomQuality:5]]
[2020.04.21-18.34.58:713][  0]LogConfig: Setting CVar [[r.FastBlurThreshold:100]]
[2020.04.21-18.34.58:713][  0]LogConfig: Setting CVar [[r.Upscale.Quality:3]]
[2020.04.21-18.34.58:713][  0]LogConfig: Setting CVar [[r.Tonemapper.GrainQuantization:1]]
[2020.04.21-18.34.58:713][  0]LogConfig: Setting CVar [[r.LightShaftQuality:1]]
[2020.04.21-18.34.58:713][  0]LogConfig: Setting CVar [[r.Filter.SizeScale:1]]
[2020.04.21-18.34.58:713][  0]LogConfig: Setting CVar [[r.Tonemapper.Quality:5]]
[2020.04.21-18.34.58:713][  0]LogConfig: Setting CVar [[r.DOF.Gather.AccumulatorQuality:1        ; higher gathering accumulator quality]]
[2020.04.21-18.34.58:713][  0]LogConfig: Setting CVar [[r.DOF.Gather.PostfilterMethod:1          ; Median3x3 postfilering method]]
[2020.04.21-18.34.58:713][  0]LogConfig: Setting CVar [[r.DOF.Gather.EnableBokehSettings:0       ; no bokeh simulation when gathering]]
[2020.04.21-18.34.58:713][  0]LogConfig: Setting CVar [[r.DOF.Gather.RingCount:4                 ; medium number of samples when gathering]]
[2020.04.21-18.34.58:713][  0]LogConfig: Setting CVar [[r.DOF.Scatter.ForegroundCompositing:1    ; additive foreground scattering]]
[2020.04.21-18.34.58:713][  0]LogConfig: Setting CVar [[r.DOF.Scatter.BackgroundCompositing:2    ; additive background scattering]]
[2020.04.21-18.34.58:713][  0]LogConfig: Setting CVar [[r.DOF.Scatter.EnableBokehSettings:1      ; bokeh simulation when scattering]]
[2020.04.21-18.34.58:713][  0]LogConfig: Setting CVar [[r.DOF.Scatter.MaxSpriteRatio:0.1         ; only a maximum of 10% of scattered bokeh]]
[2020.04.21-18.34.58:713][  0]LogConfig: Setting CVar [[r.DOF.Recombine.Quality:1                ; cheap slight out of focus]]
[2020.04.21-18.34.58:713][  0]LogConfig: Setting CVar [[r.DOF.Recombine.EnableBokehSettings:0    ; no bokeh simulation on slight out of focus]]
[2020.04.21-18.34.58:713][  0]LogConfig: Setting CVar [[r.DOF.TemporalAAQuality:1                ; more stable temporal accumulation]]
[2020.04.21-18.34.58:713][  0]LogConfig: Setting CVar [[r.DOF.Kernel.MaxForegroundRadius:0.025]]
[2020.04.21-18.34.58:713][  0]LogConfig: Setting CVar [[r.DOF.Kernel.MaxBackgroundRadius:0.025]]
[2020.04.21-18.34.58:713][  0]LogConfig: Applying CVar settings from Section [TextureQuality@3] File [D:/Users/Randy/Desktop/Project_C/Project_C_UE4/Saved/Config/Windows/Scalability.ini]
[2020.04.21-18.34.58:713][  0]LogConfig: Setting CVar [[r.Streaming.MipBias:0]]
[2020.04.21-18.34.58:713][  0]LogConfig: Setting CVar [[r.Streaming.AmortizeCPUToGPUCopy:0]]
[2020.04.21-18.34.58:713][  0]LogConfig: Setting CVar [[r.Streaming.MaxNumTexturesToStreamPerFrame:0]]
[2020.04.21-18.34.58:713][  0]LogConfig: Setting CVar [[r.Streaming.Boost:1]]
[2020.04.21-18.34.58:713][  0]LogConfig: Setting CVar [[r.MaxAnisotropy:8]]
[2020.04.21-18.34.58:713][  0]LogConfig: Setting CVar [[r.VT.MaxAnisotropy:8]]
[2020.04.21-18.34.58:713][  0]LogConfig: Setting CVar [[r.Streaming.LimitPoolSizeToVRAM:0]]
[2020.04.21-18.34.58:713][  0]LogConfig: Setting CVar [[r.Streaming.PoolSize:1000]]
[2020.04.21-18.34.58:713][  0]LogConfig: Setting CVar [[r.Streaming.MaxEffectiveScreenSize:0]]
[2020.04.21-18.34.58:713][  0]LogConfig: Applying CVar settings from Section [EffectsQuality@3] File [D:/Users/Randy/Desktop/Project_C/Project_C_UE4/Saved/Config/Windows/Scalability.ini]
[2020.04.21-18.34.58:713][  0]LogConfig: Setting CVar [[r.TranslucencyLightingVolumeDim:64]]
[2020.04.21-18.34.58:713][  0]LogConfig: Setting CVar [[r.RefractionQuality:2]]
[2020.04.21-18.34.58:713][  0]LogConfig: Setting CVar [[r.SSR.Quality:3]]
[2020.04.21-18.34.58:714][  0]LogConfig: Setting CVar [[r.SSR.HalfResSceneColor:0]]
[2020.04.21-18.34.58:714][  0]LogConfig: Setting CVar [[r.SceneColorFormat:4]]
[2020.04.21-18.34.58:714][  0]LogConfig: Setting CVar [[r.DetailMode:2]]
[2020.04.21-18.34.58:714][  0]LogConfig: Setting CVar [[r.TranslucencyVolumeBlur:1]]
[2020.04.21-18.34.58:714][  0]LogConfig: Setting CVar [[r.MaterialQualityLevel:1 ; High quality]]
[2020.04.21-18.34.58:714][  0]LogConfig: Setting CVar [[r.SSS.Scale:1]]
[2020.04.21-18.34.58:714][  0]LogConfig: Setting CVar [[r.SSS.SampleSet:2]]
[2020.04.21-18.34.58:714][  0]LogConfig: Setting CVar [[r.SSS.Quality:1]]
[2020.04.21-18.34.58:714][  0]LogConfig: Setting CVar [[r.SSS.HalfRes:1]]
[2020.04.21-18.34.58:714][  0]LogConfig: Setting CVar [[r.SSGI.Quality:3]]
[2020.04.21-18.34.58:714][  0]LogConfig: Setting CVar [[r.EmitterSpawnRateScale:1.0]]
[2020.04.21-18.34.58:714][  0]LogConfig: Setting CVar [[r.ParticleLightQuality:2]]
[2020.04.21-18.34.58:714][  0]LogConfig: Setting CVar [[r.SkyAtmosphere.AerialPerspectiveLUT.FastApplyOnOpaque:1 ; Always have FastSkyLUT 1 in this case to avoid wrong sky]]
[2020.04.21-18.34.58:714][  0]LogConfig: Setting CVar [[r.SkyAtmosphere.AerialPerspectiveLUT.SampleCountPerSlice:1]]
[2020.04.21-18.34.58:714][  0]LogConfig: Setting CVar [[r.SkyAtmosphere.AerialPerspectiveLUT.DepthResolution:16.0]]
[2020.04.21-18.34.58:714][  0]LogConfig: Setting CVar [[r.SkyAtmosphere.FastSkyLUT:1]]
[2020.04.21-18.34.58:714][  0]LogConfig: Setting CVar [[r.SkyAtmosphere.FastSkyLUT.SampleCountMin:4.0]]
[2020.04.21-18.34.58:714][  0]LogConfig: Setting CVar [[r.SkyAtmosphere.FastSkyLUT.SampleCountMax:32.0]]
[2020.04.21-18.34.58:714][  0]LogConfig: Setting CVar [[r.SkyAtmosphere.SampleCountMin:4.0]]
[2020.04.21-18.34.58:714][  0]LogConfig: Setting CVar [[r.SkyAtmosphere.SampleCountMax:32.0]]
[2020.04.21-18.34.58:714][  0]LogConfig: Setting CVar [[r.SkyAtmosphere.TransmittanceLUT.UseSmallFormat:0]]
[2020.04.21-18.34.58:714][  0]LogConfig: Setting CVar [[r.SkyAtmosphere.TransmittanceLUT.SampleCount:10.0]]
[2020.04.21-18.34.58:714][  0]LogConfig: Setting CVar [[r.SkyAtmosphere.MultiScatteringLUT.SampleCount:15.0]]
[2020.04.21-18.34.58:714][  0]LogConfig: Applying CVar settings from Section [FoliageQuality@3] File [D:/Users/Randy/Desktop/Project_C/Project_C_UE4/Saved/Config/Windows/Scalability.ini]
[2020.04.21-18.34.58:714][  0]LogConfig: Setting CVar [[foliage.DensityScale:1.0]]
[2020.04.21-18.34.58:714][  0]LogConfig: Setting CVar [[grass.DensityScale:1.0]]
[2020.04.21-18.34.58:714][  0]LogConfig: Applying CVar settings from Section [ShadingQuality@3] File [D:/Users/Randy/Desktop/Project_C/Project_C_UE4/Saved/Config/Windows/Scalability.ini]
[2020.04.21-18.34.58:714][  0]LogConfig: Setting CVar [[r.HairStrands.SkyLighting.SampleCount:16]]
[2020.04.21-18.34.58:714][  0]LogConfig: Setting CVar [[r.HairStrands.SkyLighting.JitterIntegration:0]]
[2020.04.21-18.34.58:714][  0]LogConfig: Setting CVar [[r.HairStrands.SkyAO.SampleCount:16]]
[2020.04.21-18.34.58:714][  0]LogInit: Selected Device Profile: [Windows]
[2020.04.21-18.34.58:714][  0]LogInit: Applying CVar settings loaded from the selected device profile: [Windows]
[2020.04.21-18.34.58:715][  0]LogHAL: Display: Platform has ~ 16 GB [17041510400 / 17179869184 / 16], which maps to Larger [LargestMinGB=32, LargerMinGB=12, DefaultMinGB=8, SmallerMinGB=6, SmallestMinGB=0)
[2020.04.21-18.34.58:715][  0]LogInit: Going up to parent DeviceProfile []
[2020.04.21-18.34.58:715][  0]LogConfig: Applying CVar settings from Section [ViewDistanceQuality@3] File [D:/Users/Randy/Desktop/Project_C/Project_C_UE4/Saved/Config/Windows/Scalability.ini]
[2020.04.21-18.34.58:715][  0]LogConfig: Setting CVar [[r.SkeletalMeshLODBias:0]]
[2020.04.21-18.34.58:715][  0]LogConfig: Setting CVar [[r.ViewDistanceScale:1.0]]
[2020.04.21-18.34.58:716][  0]LogConfig: Applying CVar settings from Section [AntiAliasingQuality@3] File [D:/Users/Randy/Desktop/Project_C/Project_C_UE4/Saved/Config/Windows/Scalability.ini]
[2020.04.21-18.34.58:716][  0]LogConfig: Setting CVar [[r.PostProcessAAQuality:4]]
[2020.04.21-18.34.58:716][  0]LogConfig: Applying CVar settings from Section [ShadowQuality@3] File [D:/Users/Randy/Desktop/Project_C/Project_C_UE4/Saved/Config/Windows/Scalability.ini]
[2020.04.21-18.34.58:716][  0]LogConfig: Setting CVar [[r.LightFunctionQuality:1]]
[2020.04.21-18.34.58:716][  0]LogConfig: Setting CVar [[r.ShadowQuality:5]]
[2020.04.21-18.34.58:716][  0]LogConfig: Setting CVar [[r.Shadow.CSM.MaxCascades:10]]
[2020.04.21-18.34.58:716][  0]LogConfig: Setting CVar [[r.Shadow.MaxResolution:2048]]
[2020.04.21-18.34.58:716][  0]LogConfig: Setting CVar [[r.Shadow.MaxCSMResolution:2048]]
[2020.04.21-18.34.58:716][  0]LogConfig: Setting CVar [[r.Shadow.RadiusThreshold:0.01]]
[2020.04.21-18.34.58:716][  0]LogConfig: Setting CVar [[r.Shadow.DistanceScale:1.0]]
[2020.04.21-18.34.58:716][  0]LogConfig: Setting CVar [[r.Shadow.CSM.TransitionScale:1.0]]
[2020.04.21-18.34.58:716][  0]LogConfig: Setting CVar [[r.Shadow.PreShadowResolutionFactor:1.0]]
[2020.04.21-18.34.58:716][  0]LogConfig: Setting CVar [[r.DistanceFieldShadowing:1]]
[2020.04.21-18.34.58:716][  0]LogConfig: Setting CVar [[r.DistanceFieldAO:1]]
[2020.04.21-18.34.58:716][  0]LogConfig: Setting CVar [[r.AOQuality:2]]
[2020.04.21-18.34.58:716][  0]LogConfig: Setting CVar [[r.VolumetricFog:1]]
[2020.04.21-18.34.58:716][  0]LogConfig: Setting CVar [[r.VolumetricFog.GridPixelSize:8]]
[2020.04.21-18.34.58:716][  0]LogConfig: Setting CVar [[r.VolumetricFog.GridSizeZ:128]]
[2020.04.21-18.34.58:716][  0]LogConfig: Setting CVar [[r.VolumetricFog.HistoryMissSupersampleCount:4]]
[2020.04.21-18.34.58:716][  0]LogConfig: Setting CVar [[r.LightMaxDrawDistanceScale:1]]
[2020.04.21-18.34.58:716][  0]LogConfig: Setting CVar [[r.CapsuleShadows:1]]
[2020.04.21-18.34.58:716][  0]LogConfig: Applying CVar settings from Section [PostProcessQuality@3] File [D:/Users/Randy/Desktop/Project_C/Project_C_UE4/Saved/Config/Windows/Scalability.ini]
[2020.04.21-18.34.58:716][  0]LogConfig: Setting CVar [[r.MotionBlurQuality:4]]
[2020.04.21-18.34.58:716][  0]LogConfig: Setting CVar [[r.AmbientOcclusionMipLevelFactor:0.4]]
[2020.04.21-18.34.58:716][  0]LogConfig: Setting CVar [[r.AmbientOcclusionMaxQuality:100]]
[2020.04.21-18.34.58:716][  0]LogConfig: Setting CVar [[r.AmbientOcclusionLevels:-1]]
[2020.04.21-18.34.58:716][  0]LogConfig: Setting CVar [[r.AmbientOcclusionRadiusScale:1.0]]
[2020.04.21-18.34.58:716][  0]LogConfig: Setting CVar [[r.DepthOfFieldQuality:2]]
[2020.04.21-18.34.58:716][  0]LogConfig: Setting CVar [[r.RenderTargetPoolMin:400]]
[2020.04.21-18.34.58:716][  0]LogConfig: Setting CVar [[r.LensFlareQuality:2]]
[2020.04.21-18.34.58:716][  0]LogConfig: Setting CVar [[r.SceneColorFringeQuality:1]]
[2020.04.21-18.34.58:716][  0]LogConfig: Setting CVar [[r.EyeAdaptationQuality:2]]
[2020.04.21-18.34.58:716][  0]LogConfig: Setting CVar [[r.BloomQuality:5]]
[2020.04.21-18.34.58:716][  0]LogConfig: Setting CVar [[r.FastBlurThreshold:100]]
[2020.04.21-18.34.58:716][  0]LogConfig: Setting CVar [[r.Upscale.Quality:3]]
[2020.04.21-18.34.58:716][  0]LogConfig: Setting CVar [[r.Tonemapper.GrainQuantization:1]]
[2020.04.21-18.34.58:716][  0]LogConfig: Setting CVar [[r.LightShaftQuality:1]]
[2020.04.21-18.34.58:716][  0]LogConfig: Setting CVar [[r.Filter.SizeScale:1]]
[2020.04.21-18.34.58:716][  0]LogConfig: Setting CVar [[r.Tonemapper.Quality:5]]
[2020.04.21-18.34.58:716][  0]LogConfig: Setting CVar [[r.DOF.Gather.AccumulatorQuality:1        ; higher gathering accumulator quality]]
[2020.04.21-18.34.58:716][  0]LogConfig: Setting CVar [[r.DOF.Gather.PostfilterMethod:1          ; Median3x3 postfilering method]]
[2020.04.21-18.34.58:716][  0]LogConfig: Setting CVar [[r.DOF.Gather.EnableBokehSettings:0       ; no bokeh simulation when gathering]]
[2020.04.21-18.34.58:716][  0]LogConfig: Setting CVar [[r.DOF.Gather.RingCount:4                 ; medium number of samples when gathering]]
[2020.04.21-18.34.58:716][  0]LogConfig: Setting CVar [[r.DOF.Scatter.ForegroundCompositing:1    ; additive foreground scattering]]
[2020.04.21-18.34.58:716][  0]LogConfig: Setting CVar [[r.DOF.Scatter.BackgroundCompositing:2    ; additive background scattering]]
[2020.04.21-18.34.58:716][  0]LogConfig: Setting CVar [[r.DOF.Scatter.EnableBokehSettings:1      ; bokeh simulation when scattering]]
[2020.04.21-18.34.58:716][  0]LogConfig: Setting CVar [[r.DOF.Scatter.MaxSpriteRatio:0.1         ; only a maximum of 10% of scattered bokeh]]
[2020.04.21-18.34.58:716][  0]LogConfig: Setting CVar [[r.DOF.Recombine.Quality:1                ; cheap slight out of focus]]
[2020.04.21-18.34.58:716][  0]LogConfig: Setting CVar [[r.DOF.Recombine.EnableBokehSettings:0    ; no bokeh simulation on slight out of focus]]
[2020.04.21-18.34.58:716][  0]LogConfig: Setting CVar [[r.DOF.TemporalAAQuality:1                ; more stable temporal accumulation]]
[2020.04.21-18.34.58:716][  0]LogConfig: Setting CVar [[r.DOF.Kernel.MaxForegroundRadius:0.025]]
[2020.04.21-18.34.58:716][  0]LogConfig: Setting CVar [[r.DOF.Kernel.MaxBackgroundRadius:0.025]]
[2020.04.21-18.34.58:716][  0]LogConfig: Applying CVar settings from Section [TextureQuality@3] File [D:/Users/Randy/Desktop/Project_C/Project_C_UE4/Saved/Config/Windows/Scalability.ini]
[2020.04.21-18.34.58:716][  0]LogConfig: Setting CVar [[r.Streaming.MipBias:0]]
[2020.04.21-18.34.58:716][  0]LogConfig: Setting CVar [[r.Streaming.AmortizeCPUToGPUCopy:0]]
[2020.04.21-18.34.58:716][  0]LogConfig: Setting CVar [[r.Streaming.MaxNumTexturesToStreamPerFrame:0]]
[2020.04.21-18.34.58:716][  0]LogConfig: Setting CVar [[r.Streaming.Boost:1]]
[2020.04.21-18.34.58:716][  0]LogConfig: Setting CVar [[r.MaxAnisotropy:8]]
[2020.04.21-18.34.58:716][  0]LogConfig: Setting CVar [[r.VT.MaxAnisotropy:8]]
[2020.04.21-18.34.58:716][  0]LogConfig: Setting CVar [[r.Streaming.LimitPoolSizeToVRAM:0]]
[2020.04.21-18.34.58:716][  0]LogConfig: Setting CVar [[r.Streaming.PoolSize:1000]]
[2020.04.21-18.34.58:716][  0]LogConfig: Setting CVar [[r.Streaming.MaxEffectiveScreenSize:0]]
[2020.04.21-18.34.58:716][  0]LogConfig: Applying CVar settings from Section [EffectsQuality@3] File [D:/Users/Randy/Desktop/Project_C/Project_C_UE4/Saved/Config/Windows/Scalability.ini]
[2020.04.21-18.34.58:716][  0]LogConfig: Setting CVar [[r.TranslucencyLightingVolumeDim:64]]
[2020.04.21-18.34.58:716][  0]LogConfig: Setting CVar [[r.RefractionQuality:2]]
[2020.04.21-18.34.58:716][  0]LogConfig: Setting CVar [[r.SSR.Quality:3]]
[2020.04.21-18.34.58:716][  0]LogConfig: Setting CVar [[r.SSR.HalfResSceneColor:0]]
[2020.04.21-18.34.58:716][  0]LogConfig: Setting CVar [[r.SceneColorFormat:4]]
[2020.04.21-18.34.58:716][  0]LogConfig: Setting CVar [[r.DetailMode:2]]
[2020.04.21-18.34.58:716][  0]LogConfig: Setting CVar [[r.TranslucencyVolumeBlur:1]]
[2020.04.21-18.34.58:716][  0]LogConfig: Setting CVar [[r.MaterialQualityLevel:1 ; High quality]]
[2020.04.21-18.34.58:716][  0]LogConfig: Setting CVar [[r.SSS.Scale:1]]
[2020.04.21-18.34.58:716][  0]LogConfig: Setting CVar [[r.SSS.SampleSet:2]]
[2020.04.21-18.34.58:716][  0]LogConfig: Setting CVar [[r.SSS.Quality:1]]
[2020.04.21-18.34.58:716][  0]LogConfig: Setting CVar [[r.SSS.HalfRes:1]]
[2020.04.21-18.34.58:716][  0]LogConfig: Setting CVar [[r.SSGI.Quality:3]]
[2020.04.21-18.34.58:716][  0]LogConfig: Setting CVar [[r.EmitterSpawnRateScale:1.0]]
[2020.04.21-18.34.58:716][  0]LogConfig: Setting CVar [[r.ParticleLightQuality:2]]
[2020.04.21-18.34.58:716][  0]LogConfig: Setting CVar [[r.SkyAtmosphere.AerialPerspectiveLUT.FastApplyOnOpaque:1 ; Always have FastSkyLUT 1 in this case to avoid wrong sky]]
[2020.04.21-18.34.58:716][  0]LogConfig: Setting CVar [[r.SkyAtmosphere.AerialPerspectiveLUT.SampleCountPerSlice:1]]
[2020.04.21-18.34.58:716][  0]LogConfig: Setting CVar [[r.SkyAtmosphere.AerialPerspectiveLUT.DepthResolution:16.0]]
[2020.04.21-18.34.58:716][  0]LogConfig: Setting CVar [[r.SkyAtmosphere.FastSkyLUT:1]]
[2020.04.21-18.34.58:716][  0]LogConfig: Setting CVar [[r.SkyAtmosphere.FastSkyLUT.SampleCountMin:4.0]]
[2020.04.21-18.34.58:716][  0]LogConfig: Setting CVar [[r.SkyAtmosphere.FastSkyLUT.SampleCountMax:32.0]]
[2020.04.21-18.34.58:716][  0]LogConfig: Setting CVar [[r.SkyAtmosphere.SampleCountMin:4.0]]
[2020.04.21-18.34.58:716][  0]LogConfig: Setting CVar [[r.SkyAtmosphere.SampleCountMax:32.0]]
[2020.04.21-18.34.58:716][  0]LogConfig: Setting CVar [[r.SkyAtmosphere.TransmittanceLUT.UseSmallFormat:0]]
[2020.04.21-18.34.58:716][  0]LogConfig: Setting CVar [[r.SkyAtmosphere.TransmittanceLUT.SampleCount:10.0]]
[2020.04.21-18.34.58:716][  0]LogConfig: Setting CVar [[r.SkyAtmosphere.MultiScatteringLUT.SampleCount:15.0]]
[2020.04.21-18.34.58:717][  0]LogConfig: Applying CVar settings from Section [FoliageQuality@3] File [D:/Users/Randy/Desktop/Project_C/Project_C_UE4/Saved/Config/Windows/Scalability.ini]
[2020.04.21-18.34.58:717][  0]LogConfig: Setting CVar [[foliage.DensityScale:1.0]]
[2020.04.21-18.34.58:717][  0]LogConfig: Setting CVar [[grass.DensityScale:1.0]]
[2020.04.21-18.34.58:717][  0]LogConfig: Applying CVar settings from Section [ShadingQuality@3] File [D:/Users/Randy/Desktop/Project_C/Project_C_UE4/Saved/Config/Windows/Scalability.ini]
[2020.04.21-18.34.58:717][  0]LogConfig: Setting CVar [[r.HairStrands.SkyLighting.SampleCount:16]]
[2020.04.21-18.34.58:717][  0]LogConfig: Setting CVar [[r.HairStrands.SkyLighting.JitterIntegration:0]]
[2020.04.21-18.34.58:717][  0]LogConfig: Setting CVar [[r.HairStrands.SkyAO.SampleCount:16]]
[2020.04.21-18.34.58:717][  0]LogConfig: Applying CVar settings from Section [Startup] File [../../../Engine/Config/ConsoleVariables.ini]
[2020.04.21-18.34.58:717][  0]LogConfig: Setting CVar [[net.UseAdaptiveNetUpdateFrequency:0]]
[2020.04.21-18.34.58:717][  0]LogConfig: Setting CVar [[p.chaos.AllowCreatePhysxBodies:1]]
[2020.04.21-18.34.58:717][  0]LogConfig: Applying CVar settings from Section [ConsoleVariables] File [D:/Users/Randy/Desktop/Project_C/Project_C_UE4/Saved/Config/Windows/Engine.ini]
[2020.04.21-18.34.58:717][  0]LogInit: Computer: DESKTOP-RDHKLDC
[2020.04.21-18.34.58:717][  0]LogInit: User: Randy
[2020.04.21-18.34.58:717][  0]LogInit: CPU Page size=4096, Cores=4
[2020.04.21-18.34.58:717][  0]LogInit: High frequency timer resolution =10.000000 MHz
[2020.04.21-18.34.58:717][  0]LogMemory: Memory total: Physical=15.9GB (16GB approx)
[2020.04.21-18.34.58:717][  0]LogMemory: Platform Memory Stats for Windows
[2020.04.21-18.34.58:717][  0]LogMemory: Process Physical Memory: 105.81 MB used, 105.82 MB peak
[2020.04.21-18.34.58:717][  0]LogMemory: Process Virtual Memory: 100.46 MB used, 100.46 MB peak
[2020.04.21-18.34.58:717][  0]LogMemory: Physical Memory: 6348.17 MB used,  9903.88 MB free, 16252.05 MB total
[2020.04.21-18.34.58:717][  0]LogMemory: Virtual Memory: 5152.02 MB used,  134212576.00 MB free, 134217728.00 MB total
[2020.04.21-18.34.58:719][  0]LogWindows: WindowsPlatformFeatures enabled
[2020.04.21-18.34.58:729][  0]LogInit: Using OS detected language (en-US).
[2020.04.21-18.34.58:729][  0]LogInit: Using OS detected locale (en-US).
[2020.04.21-18.34.58:729][  0]LogTextLocalizationManager: No specific localization for 'en-US' exists, so the 'en' localization will be used.
[2020.04.21-18.34.58:847][  0]LogInit: Setting process to per monitor DPI aware
[2020.04.21-18.34.58:878][  0]LogSlate: New Slate User Created.  User Index 0, Is Virtual User: 0
[2020.04.21-18.34.58:878][  0]LogSlate: Slate User Registered.  User Index 0, Is Virtual User: 0
[2020.04.21-18.34.58:962][  0]LogHMD: Failed to initialize OpenVR with code 110
[2020.04.21-18.34.58:962][  0]LogD3D11RHI: D3D11 min allowed feature level: 11_0
[2020.04.21-18.34.58:962][  0]LogD3D11RHI: D3D11 max allowed feature level: 11_0
[2020.04.21-18.34.58:962][  0]LogD3D11RHI: D3D11 adapters:
[2020.04.21-18.34.59:006][  0]LogD3D11RHI:    0. 'NVIDIA GeForce GTX 1060 6GB' (Feature Level 11_0)
[2020.04.21-18.34.59:006][  0]LogD3D11RHI:       6052/0/8126 MB DedicatedVideo/DedicatedSystem/SharedSystem, Outputs:1, VendorId:0x10de
[2020.04.21-18.34.59:023][  0]LogD3D11RHI:    1. 'Intel(R) HD Graphics 530' (Feature Level 11_0)
[2020.04.21-18.34.59:023][  0]LogD3D11RHI:       128/0/8126 MB DedicatedVideo/DedicatedSystem/SharedSystem, Outputs:1, VendorId:0x8086
[2020.04.21-18.34.59:024][  0]LogD3D11RHI:    2. 'Microsoft Basic Render Driver' (Feature Level 11_0)
[2020.04.21-18.34.59:024][  0]LogD3D11RHI:       0/0/8126 MB DedicatedVideo/DedicatedSystem/SharedSystem, Outputs:0, VendorId:0x1414
[2020.04.21-18.34.59:024][  0]LogD3D11RHI: Chosen D3D11 Adapter: 0
[2020.04.21-18.34.59:030][  0]LogD3D11RHI: Creating new Direct3DDevice
[2020.04.21-18.34.59:030][  0]LogD3D11RHI:     GPU DeviceId: 0x1c03 (for the marketing name, search the web for "GPU Device Id")
[2020.04.21-18.34.59:030][  0]LogWindows: EnumDisplayDevices:
[2020.04.21-18.34.59:030][  0]LogWindows:    0. 'Intel(R) HD Graphics 530' (P:0 D:1)
[2020.04.21-18.34.59:030][  0]LogWindows:    1. 'Intel(R) HD Graphics 530' (P:0 D:0)
[2020.04.21-18.34.59:031][  0]LogWindows:    2. 'Intel(R) HD Graphics 530' (P:0 D:0)
[2020.04.21-18.34.59:031][  0]LogWindows:    3. 'NVIDIA GeForce GTX 1060 6GB' (P:1 D:1)
[2020.04.21-18.34.59:031][  0]LogWindows:    4. 'NVIDIA GeForce GTX 1060 6GB' (P:0 D:0)
[2020.04.21-18.34.59:031][  0]LogWindows:    5. 'NVIDIA GeForce GTX 1060 6GB' (P:0 D:0)
[2020.04.21-18.34.59:031][  0]LogWindows:    6. 'NVIDIA GeForce GTX 1060 6GB' (P:0 D:0)
[2020.04.21-18.34.59:032][  0]LogWindows: DebugString: PrimaryIsNotTheChoosenAdapter PrimaryIsNotTheChoosenAdapter PrimaryIsNotTheChoosenAdapter FoundDriverCount:4 
[2020.04.21-18.34.59:032][  0]LogD3D11RHI:     Adapter Name: NVIDIA GeForce GTX 1060 6GB
[2020.04.21-18.34.59:032][  0]LogD3D11RHI:   Driver Version: 432.00 (internal:26.21.14.3200, unified:432.00)
[2020.04.21-18.34.59:032][  0]LogD3D11RHI:      Driver Date: 7-24-2019
[2020.04.21-18.34.59:032][  0]LogRHI: Texture pool is 4236 MB (70% of 6052 MB)
[2020.04.21-18.34.59:064][  0]LogD3D11RHI: RHI has support for 64 bit atomics
[2020.04.21-18.34.59:064][  0]LogD3D11RHI: Async texture creation enabled
[2020.04.21-18.34.59:118][  0]LogD3D11RHI: GPU Timing Frequency: 1000.000000 (Debug: 2 1)
[2020.04.21-18.34.59:338][  0]LogTargetPlatformManager: Display: Loaded TargetPlatform 'AllDesktop'
[2020.04.21-18.34.59:360][  0]LogTargetPlatformManager: Display: Loaded TargetPlatform 'Android'
[2020.04.21-18.34.59:360][  0]LogTargetPlatformManager: Display: Loaded TargetPlatform 'Android_ASTC'
[2020.04.21-18.34.59:360][  0]LogTargetPlatformManager: Display: Loaded TargetPlatform 'Android_ATC'
[2020.04.21-18.34.59:360][  0]LogTargetPlatformManager: Display: Loaded TargetPlatform 'Android_DXT'
[2020.04.21-18.34.59:360][  0]LogTargetPlatformManager: Display: Loaded TargetPlatform 'Android_ETC1'
[2020.04.21-18.34.59:360][  0]LogTargetPlatformManager: Display: Loaded TargetPlatform 'Android_ETC1a'
[2020.04.21-18.34.59:360][  0]LogTargetPlatformManager: Display: Loaded TargetPlatform 'Android_ETC2'
[2020.04.21-18.34.59:360][  0]LogTargetPlatformManager: Display: Loaded TargetPlatform 'Android_PVRTC'
[2020.04.21-18.34.59:360][  0]LogTargetPlatformManager: Display: Loaded TargetPlatform 'AndroidClient'
[2020.04.21-18.34.59:360][  0]LogTargetPlatformManager: Display: Loaded TargetPlatform 'Android_ASTCClient'
[2020.04.21-18.34.59:360][  0]LogTargetPlatformManager: Display: Loaded TargetPlatform 'Android_ATCClient'
[2020.04.21-18.34.59:360][  0]LogTargetPlatformManager: Display: Loaded TargetPlatform 'Android_DXTClient'
[2020.04.21-18.34.59:360][  0]LogTargetPlatformManager: Display: Loaded TargetPlatform 'Android_ETC1Client'
[2020.04.21-18.34.59:360][  0]LogTargetPlatformManager: Display: Loaded TargetPlatform 'Android_ETC1aClient'
[2020.04.21-18.34.59:360][  0]LogTargetPlatformManager: Display: Loaded TargetPlatform 'Android_ETC2Client'
[2020.04.21-18.34.59:360][  0]LogTargetPlatformManager: Display: Loaded TargetPlatform 'Android_PVRTCClient'
[2020.04.21-18.34.59:360][  0]LogTargetPlatformManager: Display: Loaded TargetPlatform 'Android_Multi'
[2020.04.21-18.34.59:360][  0]LogTargetPlatformManager: Display: Loaded TargetPlatform 'Android_MultiClient'
[2020.04.21-18.34.59:372][  0]LogTargetPlatformManager: Display: Loaded TargetPlatform 'IOSClient'
[2020.04.21-18.34.59:372][  0]LogTargetPlatformManager: Display: Loaded TargetPlatform 'IOS'
[2020.04.21-18.34.59:377][  0]LogTargetPlatformManager: Display: Loaded TargetPlatform 'LinuxNoEditor'
[2020.04.21-18.34.59:382][  0]LogTargetPlatformManager: Display: Loaded TargetPlatform 'LinuxClient'
[2020.04.21-18.34.59:387][  0]LogTargetPlatformManager: Display: Loaded TargetPlatform 'LinuxServer'
[2020.04.21-18.34.59:392][  0]LogTargetPlatformManager: Display: Loaded TargetPlatform 'LinuxAArch64NoEditor'
[2020.04.21-18.34.59:397][  0]LogTargetPlatformManager: Display: Loaded TargetPlatform 'LinuxAArch64Client'
[2020.04.21-18.34.59:402][  0]LogTargetPlatformManager: Display: Loaded TargetPlatform 'LinuxAArch64Server'
[2020.04.21-18.34.59:425][  0]LogTargetPlatformManager: Display: Loaded TargetPlatform 'Lumin'
[2020.04.21-18.34.59:425][  0]LogTargetPlatformManager: Display: Loaded TargetPlatform 'LuminClient'
[2020.04.21-18.34.59:436][  0]LogTargetPlatformManager: Display: Loaded TargetPlatform 'TVOSClient'
[2020.04.21-18.34.59:436][  0]LogTargetPlatformManager: Display: Loaded TargetPlatform 'TVOS'
[2020.04.21-18.34.59:442][  0]LogTargetPlatformManager: Display: Loaded TargetPlatform 'WindowsNoEditor'
[2020.04.21-18.34.59:447][  0]LogTargetPlatformManager: Display: Loaded TargetPlatform 'Windows'
[2020.04.21-18.34.59:453][  0]LogTargetPlatformManager: Display: Loaded TargetPlatform 'WindowsClient'
[2020.04.21-18.34.59:458][  0]LogTargetPlatformManager: Display: Loaded TargetPlatform 'WindowsServer'
[2020.04.21-18.34.59:458][  0]LogTargetPlatformManager: Display: Building Assets For Windows
[2020.04.21-18.34.59:460][  0]LogAudioDebug: Display: Lib vorbis DLL was dynamically loaded.
[2020.04.21-18.34.59:473][  0]LogShaderCompilers: Guid format shader working directory is -1 characters bigger than the processId version (D:/Users/Randy/Desktop/Project_C/Project_C_UE4/Intermediate/Shaders/WorkingDirectory/11940/).
[2020.04.21-18.34.59:473][  0]LogShaderCompilers: Cleaned the shader compiler working directory 'C:/Users/Randy/AppData/Local/Temp/UnrealShaderWorkingDir/426DE7A5481C94EFCF8455BC27BE8E29/'.
[2020.04.21-18.34.59:474][  0]LogXGEController: Cleaning working directory: C:/Users/Randy/AppData/Local/Temp/UnrealXGEWorkingDir/
[2020.04.21-18.34.59:474][  0]LogXGEController: Cannot use XGE Controller as Incredibuild is not installed on this machine.
[2020.04.21-18.34.59:474][  0]LogShaderCompilers: Cannot use XGE Shader Compiler as Incredibuild is not installed on this machine.
[2020.04.21-18.34.59:474][  0]LogShaderCompilers: Display: Using Local Shader Compiler.
[2020.04.21-18.34.59:997][  0]LogDerivedDataCache: Display: Max Cache Size: 512 MB
[2020.04.21-18.35.00:036][  0]LogDerivedDataCache: Loaded boot cache 0.04s 78MB C:/Users/Randy/AppData/Local/UnrealEngine/4.24/DerivedDataCache/Boot.ddc.
[2020.04.21-18.35.00:036][  0]LogDerivedDataCache: Display: Loaded Boot cache: C:/Users/Randy/AppData/Local/UnrealEngine/4.24/DerivedDataCache/Boot.ddc
[2020.04.21-18.35.00:036][  0]LogDerivedDataCache: FDerivedDataBackendGraph:  Pak pak cache file D:/Users/Randy/Desktop/Project_C/Project_C_UE4/DerivedDataCache/DDC.ddp not found, will not use a pak cache.
[2020.04.21-18.35.00:036][  0]LogDerivedDataCache: Unable to find inner node Pak for hierarchical cache Hierarchy.
[2020.04.21-18.35.00:036][  0]LogDerivedDataCache: FDerivedDataBackendGraph:  CompressedPak pak cache file D:/Users/Randy/Desktop/Project_C/Project_C_UE4/DerivedDataCache/Compressed.ddp not found, will not use a pak cache.
[2020.04.21-18.35.00:036][  0]LogDerivedDataCache: Unable to find inner node CompressedPak for hierarchical cache Hierarchy.
[2020.04.21-18.35.00:043][  0]LogDerivedDataCache: Display: Pak cache opened for reading ../../../Engine/DerivedDataCache/Compressed.ddp.
[2020.04.21-18.35.00:043][  0]LogDerivedDataCache: FDerivedDataBackendGraph:  EnterprisePak pak cache file ../../../Enterprise/DerivedDataCache/Compressed.ddp not found, will not use a pak cache.
[2020.04.21-18.35.00:043][  0]LogDerivedDataCache: Unable to find inner node EnterprisePak for hierarchical cache Hierarchy.
[2020.04.21-18.35.00:044][  0]LogDerivedDataCache: Using Local data cache path C:/Users/Randy/AppData/Local/UnrealEngine/Common/DerivedDataCache: Writable
[2020.04.21-18.35.00:044][  0]LogDerivedDataCache: Shared data cache path not found in *engine.ini, will not use an Shared cache.
[2020.04.21-18.35.00:044][  0]LogDerivedDataCache: Unable to find inner node Shared for hierarchical cache Hierarchy.
[2020.04.21-18.35.00:063][  0]LogMaterial: Verifying Global Shaders for PCD3D_SM5
[2020.04.21-18.35.00:065][  0]LogSlate: Using FreeType 2.10.0
[2020.04.21-18.35.00:065][  0]LogSlate: SlateFontServices - WITH_FREETYPE: 1, WITH_HARFBUZZ: 1
[2020.04.21-18.35.00:100][  0]LogAssetRegistry: FAssetRegistry took 0.0016 seconds to start up
[2020.04.21-18.35.00:318][  0]LogInit: Selected Device Profile: [Windows]
[2020.04.21-18.35.00:426][  0]LogMeshReduction: Using QuadricMeshReduction for automatic static mesh reduction
[2020.04.21-18.35.00:426][  0]LogMeshReduction: Using SimplygonMeshReduction for automatic skeletal mesh reduction
[2020.04.21-18.35.00:426][  0]LogMeshReduction: Using ProxyLODMeshReduction for automatic mesh merging
[2020.04.21-18.35.00:426][  0]LogMeshReduction: No distributed automatic mesh merging module available
[2020.04.21-18.35.00:426][  0]LogMeshMerging: No distributed automatic mesh merging module available
[2020.04.21-18.35.00:436][  0]LogNetVersion: Project_C 1.0.0, NetCL: 10570792, EngineNetVer: 13, GameNetVer: 0 (Checksum: 3451845409)
[2020.04.21-18.35.01:136][  0]LogPackageLocalizationCache: Processed 10 localized package path(s) for 1 prioritized culture(s) in 0.023307 seconds
[2020.04.21-18.35.01:141][  0]LogUObjectArray: 46750 objects as part of root set at end of initial load.
[2020.04.21-18.35.01:141][  0]LogUObjectAllocator: 8137160 out of 0 bytes used by permanent object pool.
[2020.04.21-18.35.01:141][  0]LogUObjectArray: CloseDisregardForGC: 0/0 objects in disregard for GC pool
[2020.04.21-18.35.01:402][  0]LogTcpMessaging: Initializing TcpMessaging bridge
[2020.04.21-18.35.01:404][  0]LogUdpMessaging: Initializing bridge on interface 0.0.0.0:0 to multicast group 230.0.0.1:6666.
[2020.04.21-18.35.01:417][  0]LogStats: UGameplayTagsManager::InitializeManager -  0.000 s
[2020.04.21-18.35.01:451][  0]SourceControl: Source control is disabled
[2020.04.21-18.35.01:451][  0]SourceControl: Source control is disabled
[2020.04.21-18.35.01:451][  0]SourceControl: Source control is disabled
[2020.04.21-18.35.01:452][  0]SourceControl: Source control is disabled
[2020.04.21-18.35.01:452][  0]SourceControl: Source control is disabled
[2020.04.21-18.35.01:501][  0]LogAndroidPermission: UAndroidPermissionCallbackProxy::GetInstance
[2020.04.21-18.35.01:508][  0]LogAudioCaptureCore: Display: No Audio Capture implementations found. Audio input will be silent.
[2020.04.21-18.35.01:508][  0]LogAudioCaptureCore: Display: No Audio Capture implementations found. Audio input will be silent.
[2020.04.21-18.35.01:565][  0]LogOcInput: OculusInput pre-init called
[2020.04.21-18.35.01:570][  0]LogWindows: Failed to load 'OVRPlugin.dll' (GetLastError=126)
[2020.04.21-18.35.01:570][  0]LogWindows: File 'OVRPlugin.dll' does not exist
[2020.04.21-18.35.01:617][  0]LogEngine: Initializing Engine...
[2020.04.21-18.35.01:617][  0]LogHMD: Failed to initialize OpenVR with code 110
[2020.04.21-18.35.01:856][  0]LogInit: Initializing FReadOnlyCVARCache
[2020.04.21-18.35.01:860][  0]LogAIModule: Creating AISystem for world Untitled
[2020.04.21-18.35.01:867][  0]LogAudioMixer: Display: Audio Mixer Platform Settings:
[2020.04.21-18.35.01:867][  0]LogAudioMixer: Display: 	Sample Rate:						  48000
[2020.04.21-18.35.01:867][  0]LogAudioMixer: Display: 	Callback Buffer Frame Size Requested: 1024
[2020.04.21-18.35.01:867][  0]LogAudioMixer: Display: 	Callback Buffer Frame Size To Use:	  1024
[2020.04.21-18.35.01:867][  0]LogAudioMixer: Display: 	Number of buffers to queue:			  2
[2020.04.21-18.35.01:867][  0]LogAudioMixer: Display: 	Max Channels (voices):				  32
[2020.04.21-18.35.01:867][  0]LogAudioMixer: Display: 	Number of Async Source Workers:		  0
[2020.04.21-18.35.01:867][  0]LogAudio: Display: AudioDevice MaxSources: 32
[2020.04.21-18.35.01:867][  0]LogAudio: Display: Using built-in audio occlusion.
[2020.04.21-18.35.01:867][  0]LogAudioMixer: Display: Initializing audio mixer.
[2020.04.21-18.35.01:931][  0]LogAudioMixer: Display: Audio Device Output Speaker Info:
[2020.04.21-18.35.01:931][  0]LogAudioMixer: Display: Name: Logitech Speakers (Realtek High Definition Audio)
[2020.04.21-18.35.01:931][  0]LogAudioMixer: Display: Is Default: Yes
[2020.04.21-18.35.01:931][  0]LogAudioMixer: Display: Sample Rate: 48000
[2020.04.21-18.35.01:931][  0]LogAudioMixer: Display: Channel Count Used: 2
[2020.04.21-18.35.01:931][  0]LogAudioMixer: Display: Device Channel Count: 2
[2020.04.21-18.35.01:931][  0]LogAudioMixer: Display: Channel Order:
[2020.04.21-18.35.01:931][  0]LogAudioMixer: Display: 0: FrontLeft
[2020.04.21-18.35.01:931][  0]LogAudioMixer: Display: 1: FrontRight
[2020.04.21-18.35.01:966][  0]LogAudioMixer: Display: Using Audio Device Logitech Speakers (Realtek High Definition Audio)
[2020.04.21-18.35.01:971][  0]LogInit: FAudioDevice initialized.
[2020.04.21-18.35.01:971][  0]LogNetVersion: Set ProjectVersion to 1.0.0.0. Version Checksum will be recalculated on next use.
[2020.04.21-18.35.02:086][  0]LogDerivedDataCache: Saved boot cache 0.12s 78MB C:/Users/Randy/AppData/Local/UnrealEngine/4.24/DerivedDataCache/Boot.ddc.
[2020.04.21-18.35.02:090][  0]LogInit: Texture streaming: Enabled
[2020.04.21-18.35.02:097][  0]LogEngineSessionManager: EngineSessionManager initialized
[2020.04.21-18.35.02:097][  0]LogEngineSessionManager: EngineSessionManager sent abnormal shutdown report. Type=Crashed, SessionId={1F46DC61-47CD-BF6B-821F-0B948FFC802F}
[2020.04.21-18.35.02:097][  0]LogEditorSessionSummary: Verbose: Initializing EditorSessionSummaryWriter for editor session tracking
[2020.04.21-18.35.02:098][  0]LogEditorSessionSummary: EditorSessionSummaryWriter initialized
[2020.04.21-18.35.02:135][  0]LogInit: Transaction tracking system initialized
[2020.04.21-18.35.02:142][  0]BlueprintLog: New page: Editor Load
[2020.04.21-18.35.02:159][  0]LocalizationService: Localization service is disabled
[2020.04.21-18.35.02:332][  0]LogCook: Display: Max memory allowance for cook 16384mb min free memory 0mb
[2020.04.21-18.35.02:332][  0]LogCook: Display: Mobile HDR setting 1
[2020.04.21-18.35.02:341][  0]LogStats: FGameplayAbilitiesEditorModule::GameplayTagTreeChanged -  0.000 s
[2020.04.21-18.35.02:388][  0]LogFileCache: Scanning file cache for directory 'D:/Users/Randy/Desktop/Project_C/Project_C_UE4/Content/' took 0.02s
[2020.04.21-18.35.02:777][  0]SourceControl: Source control is disabled
[2020.04.21-18.35.02:777][  0]Cmd: MAP LOAD FILE="D:/Users/Randy/Desktop/Project_C/Project_C_UE4/Content/ThirdPersonBP/Maps/ThirdPersonExampleMap.umap" TEMPLATE=0 SHOWPROGRESS=1 FEATURELEVEL=3
[2020.04.21-18.35.02:777][  0]LightingResults: New page: Lighting Build
[2020.04.21-18.35.02:778][  0]LogWorld: UWorld::CleanupWorld for Untitled, bSessionEnded=true, bCleanupResources=true
[2020.04.21-18.35.02:778][  0]LogSlate: InvalidateAllWidgets triggered.  All widgets were invalidated
[2020.04.21-18.35.02:778][  0]MapCheck: New page: Map Check
[2020.04.21-18.35.02:778][  0]LightingResults: New page: Lighting Build
[2020.04.21-18.35.02:800][  0]LogUObjectHash: Compacting FUObjectHashTables data took   1.34ms
[2020.04.21-18.35.02:936][  0]LogLinker: Warning: While loading 'D:/Users/Randy/Desktop/Project_C/Project_C_UE4/Content/Project_C/Blueprints/Characters/BP_BaseCharacter.uasset' failed to load '/Game/Project_C/CuteCharacter/Animations/montage_rolling': Can't find file.
[2020.04.21-18.35.02:936][  0]LogLinker: Warning: While loading 'D:/Users/Randy/Desktop/Project_C/Project_C_UE4/Content/Project_C/Blueprints/Characters/BP_BaseCharacter.uasset' failed to load '/Game/Project_C/CuteCharacter/Animations/montage_rolling': Can't find file.
[2020.04.21-18.35.02:936][  0]LogLinker: Warning: While loading 'D:/Users/Randy/Desktop/Project_C/Project_C_UE4/Content/Project_C/Blueprints/Characters/BP_BaseCharacter.uasset' failed to load '/Game/Project_C/CuteCharacter/Animations/montage_rolling': Can't find file.
[2020.04.21-18.35.02:936][  0]LogLinker: Warning: While loading 'D:/Users/Randy/Desktop/Project_C/Project_C_UE4/Content/Project_C/Blueprints/Characters/BP_BaseCharacter.uasset' failed to load '/Game/Project_C/CuteCharacter/Animations/montage_rolling': Can't find file.
[2020.04.21-18.35.02:937][  0]LogLinker: Warning: While loading 'D:/Users/Randy/Desktop/Project_C/Project_C_UE4/Content/Project_C/Blueprints/Characters/BP_BaseCharacter.uasset' failed to load '/Game/Project_C/CuteCharacter/Animations/montage_rolling': Can't find file.
[2020.04.21-18.35.02:937][  0]LoadErrors: Failed to load /Game/Project_C/CuteCharacter/Animations/montage_rolling.montage_rolling Referenced by K2Node_CallFunction_1
[2020.04.21-18.35.02:937][  0]LogLinker: Warning: While loading 'D:/Users/Randy/Desktop/Project_C/Project_C_UE4/Content/Project_C/Blueprints/Characters/BP_BaseCharacter.uasset' failed to load '/Game/Project_C/CuteCharacter/Animations/montage_rolling': Can't find file.
[2020.04.21-18.35.02:937][  0]LoadErrors: Failed to load /Game/Project_C/CuteCharacter/Animations/montage_rolling.montage_rolling Referenced by K2Node_CallFunction_1
[2020.04.21-18.35.02:946][  0]LogLinker: Warning: While loading 'D:/Users/Randy/Desktop/Project_C/Project_C_UE4/Content/Project_C/Blueprints/Characters/BP_Player.uasset' failed to load '/Game/Project_C/CuteCharacter/Animations/montage_rolling': Can't find file.
[2020.04.21-18.35.02:946][  0]LogLinker: Warning: While loading 'D:/Users/Randy/Desktop/Project_C/Project_C_UE4/Content/Project_C/Blueprints/Characters/BP_Player.uasset' failed to load '/Game/Project_C/CuteCharacter/Animations/montage_rolling': Can't find file.
[2020.04.21-18.35.02:946][  0]LogLinker: Warning: While loading 'D:/Users/Randy/Desktop/Project_C/Project_C_UE4/Content/Project_C/Blueprints/Characters/BP_Player.uasset' failed to load '/Game/Project_C/CuteCharacter/Animations/montage_rolling': Can't find file.
[2020.04.21-18.35.02:946][  0]LogLinker: Warning: While loading 'D:/Users/Randy/Desktop/Project_C/Project_C_UE4/Content/Project_C/Blueprints/Characters/BP_Player.uasset' failed to load '/Game/Project_C/CuteCharacter/Animations/montage_rolling': Can't find file.
[2020.04.21-18.35.03:381][  0]LogAIModule: Creating AISystem for world ThirdPersonExampleMap
[2020.04.21-18.35.03:400][  0]LogEditorServer: Finished looking for orphan Actors (0.000 secs)
[2020.04.21-18.35.03:427][  0]LogUObjectHash: Compacting FUObjectHashTables data took   1.93ms
[2020.04.21-18.35.03:427][  0]Cmd: MAP CHECKDEP NOCLEARLOG
[2020.04.21-18.35.03:427][  0]MapCheck: Map check complete: 0 Error(s), 0 Warning(s), took 0.065ms to complete.
[2020.04.21-18.35.03:427][  0]LogFileHelpers: Loading map 'ThirdPersonExampleMap' took 0.651
[2020.04.21-18.35.03:538][  0]LogSlate: Updating window title bar state: overlay mode, drag disabled, window buttons hidden, title bar hidden
[2020.04.21-18.35.03:544][  0]LogSlate: Updating window title bar state: overlay mode, drag disabled, window buttons hidden, title bar hidden
[2020.04.21-18.35.03:549][  0]LogSlate: Updating window title bar state: overlay mode, drag disabled, window buttons hidden, title bar hidden
[2020.04.21-18.35.03:555][  0]LogSlate: Updating window title bar state: overlay mode, drag disabled, window buttons hidden, title bar hidden
[2020.04.21-18.35.03:559][  0]LogCollectionManager: Loaded 0 collections in 0.000567 seconds
[2020.04.21-18.35.03:568][  0]LogFileCache: Scanning file cache for directory 'D:/Users/Randy/Desktop/Project_C/Project_C_UE4/Saved/Collections/' took 0.00s
[2020.04.21-18.35.03:568][  0]LogFileCache: Scanning file cache for directory 'D:/Users/Randy/Desktop/Project_C/Project_C_UE4/Content/Developers/Randy/Collections/' took 0.00s
[2020.04.21-18.35.03:568][  0]LogFileCache: Scanning file cache for directory 'D:/Users/Randy/Desktop/Project_C/Project_C_UE4/Content/Collections/' took 0.00s
[2020.04.21-18.35.03:568][  0]LogContentBrowser: Native class hierarchy populated in 0.0064 seconds. Added 3101 classes and 727 folders.
[2020.04.21-18.35.03:570][  0]LogContentBrowser: Native class hierarchy updated for 'WidgetCarousel' in 0.0002 seconds. Added 0 classes and 0 folders.
[2020.04.21-18.35.03:600][  0]LogContentBrowser: Native class hierarchy updated for 'AddContentDialog' in 0.0003 seconds. Added 0 classes and 0 folders.
[2020.04.21-18.35.03:602][  0]LogContentBrowser: Native class hierarchy updated for 'SceneOutliner' in 0.0003 seconds. Added 2 classes and 3 folders.
[2020.04.21-18.35.03:682][  0]LogSlate: Took 0.000141 seconds to synchronously load lazily loaded font '../../../Engine/Content/Slate/Fonts/Roboto-Regular.ttf' (155K)
[2020.04.21-18.35.03:683][  0]LogSlate: Took 0.000102 seconds to synchronously load lazily loaded font '../../../Engine/Content/Slate/Fonts/Roboto-Bold.ttf' (160K)
[2020.04.21-18.35.03:685][  0]LogSlate: Took 0.000112 seconds to synchronously load lazily loaded font '../../../Engine/Content/Editor/Slate/Fonts/FontAwesome.ttf' (139K)
[2020.04.21-18.35.03:739][  0]LogRenderer: Reallocating scene render targets to support 868x576 Format 10 NumSamples 1 (Frame:1).
[2020.04.21-18.35.03:809][  0]LogContentBrowser: Native class hierarchy updated for 'HierarchicalLODOutliner' in 0.0002 seconds. Added 0 classes and 0 folders.
[2020.04.21-18.35.03:809][  0]LogLoad: (Engine Initialization) Total time: 5.99 seconds
[2020.04.21-18.35.03:809][  0]LogLoad: (Engine Initialization) Total Blueprint compile time: 0.00 seconds
[2020.04.21-18.35.03:859][  0]LogAssetRegistry: Asset discovery search completed in 3.7587 seconds
[2020.04.21-18.35.03:862][  0]LogCollectionManager: Fixed up redirectors for 0 collections in 0.000005 seconds (updated 0 objects)
[2020.04.21-18.35.03:881][  0]LogContentStreaming: Texture pool size now 1000 MB
[2020.04.21-18.35.03:922][  0]LogSlate: Took 0.000102 seconds to synchronously load lazily loaded font '../../../Engine/Content/Slate/Fonts/Roboto-Light.ttf' (167K)
[2020.04.21-18.35.04:835][106]LogSlate: Took 0.000114 seconds to synchronously load lazily loaded font '../../../Engine/Content/Slate/Fonts/Roboto-Light.ttf' (167K)
[2020.04.21-18.35.14:625][257]LogSlate: Window 'Message Log' being destroyed
[2020.04.21-18.35.14:628][257]LogSlate: Window 'Message Log' being destroyed
[2020.04.21-18.35.43:926][702]LogEditorViewport: Clicking on Actor (LMB): StaticMeshActor (Floor)
[2020.04.21-18.35.44:405][753]LogEditorViewport: Clicking on Actor (LMB): SkeletalMeshActor (CuteCharacterPhysicsAsset)
[2020.04.21-18.35.45:202][843]Cmd: DELETE
[2020.04.21-18.35.45:202][843]Cmd: ACTOR DELETE
[2020.04.21-18.35.45:205][843]LogEditorActor: Deleted Actor: SkeletalMeshActor
[2020.04.21-18.35.45:225][843]LogUObjectHash: Compacting FUObjectHashTables data took   0.52ms
[2020.04.21-18.35.45:226][843]LogEditorActor: Deleted 1 Actors (0.023 secs)
[2020.04.21-18.35.53:209][794]LogScript: Warning: Accessed None trying to read property CallFunc_TryGetPawnOwner_ReturnValue
	ABP_Player_C /Engine/Transient.World_5:PersistentLevel.SkeletalMeshActor_0.SkeletalMeshComponent0.ABP_Player_C_0
	Function /Game/Project_C/Blueprints/Characters/ABP_Player.ABP_Player_C:ExecuteUbergraph_ABP_Player:00BF
[2020.04.21-18.35.59:151][485]LogAssetEditorSubsystem: Opening Asset editor for AnimMontage /Game/Project_C/CuteCharacter/Animations/BowStick_Attack/montage_BowStick_attack.montage_BowStick_attack
[2020.04.21-18.35.59:153][485]LogContentBrowser: Native class hierarchy updated for 'SkeletonEditor' in 0.0002 seconds. Added 1 classes and 2 folders.
[2020.04.21-18.35.59:286][485]LogActorComponent: RegisterComponentWithWorld: (/Engine/Transient.World_9:PersistentLevel.AnimationEditorPreviewActor_0.DebugSkelMeshComponent_0) Already registered. Aborting.
[2020.04.21-18.35.59:287][485]LogContentBrowser: Native class hierarchy updated for 'PinnedCommandList' in 0.0002 seconds. Added 1 classes and 0 folders.
[2020.04.21-18.35.59:346][485]LogSkeletalMesh: USkeletalMeshComponent::InitArticulated : Bodies already created (/Engine/Transient.World_9:PersistentLevel.AnimationEditorPreviewActor_0.DebugSkelMeshComponent_0) - call TermArticulated first.
[2020.04.21-18.35.59:580][485]LogRenderer: Reallocating scene render targets to support 872x604 Format 10 NumSamples 1 (Frame:1).
[2020.04.21-18.35.59:581][485]LogContentBrowser: Verbose: The majority of assets in the view are of type: AnimSequence
[2020.04.21-18.36.18:179][660]LogAssetEditorSubsystem: Opening Asset editor for AnimMontage /Game/Project_C/Character/animations/attack_montage.attack_montage
[2020.04.21-18.36.18:190][660]LogActorComponent: RegisterComponentWithWorld: (/Engine/Transient.World_11:PersistentLevel.AnimationEditorPreviewActor_0.DebugSkelMeshComponent_0) Already registered. Aborting.
[2020.04.21-18.36.18:219][660]LogSkeletalMesh: USkeletalMeshComponent::InitArticulated : Bodies already created (/Engine/Transient.World_11:PersistentLevel.AnimationEditorPreviewActor_0.DebugSkelMeshComponent_0) - call TermArticulated first.
[2020.04.21-18.36.18:478][660]LogContentBrowser: Verbose: The majority of assets in the view are of type: AnimSequence
[2020.04.21-18.36.25:878][544]LogSlate: Prevented a slow task dialog from being summoned while a context menu was open
[2020.04.21-18.36.40:251][181]LogSlate: Prevented a slow task dialog from being summoned while a context menu was open
[2020.04.21-18.36.46:054][840]LogSavePackage: Moving 'D:/Users/Randy/Desktop/Project_C/Project_C_UE4/Saved/attack_montage886011DF4EE04B90CD4B65B26A52F728.tmp' to 'D:/Users/Randy/Desktop/Project_C/Project_C_UE4/Content/Project_C/Character/animations/attack_montage.uasset'
[2020.04.21-18.36.46:066][840]AssetCheck: New page: Asset Save: attack_montage
[2020.04.21-18.36.46:066][840]LogContentValidation: Display: Validating AnimMontage /Game/Project_C/Character/animations/attack_montage.attack_montage
[2020.04.21-18.36.48:719][146]LogAssetEditorSubsystem: Opening Asset editor for AnimBlueprint /Game/Project_C/Blueprints/Characters/ABP_Player_01.ABP_Player_01
[2020.04.21-18.36.48:724][146]LogActorComponent: RegisterComponentWithWorld: (/Engine/Transient.World_14:PersistentLevel.AnimationEditorPreviewActor_0.DebugSkelMeshComponent_0) Already registered. Aborting.
[2020.04.21-18.36.48:724][146]LogScript: Warning: Accessed None trying to read property CallFunc_TryGetPawnOwner_ReturnValue
	ABP_Player_01_C /Engine/Transient.World_14:PersistentLevel.AnimationEditorPreviewActor_0.DebugSkelMeshComponent_0.ABP_Player_01_C_0
	Function /Game/Project_C/Blueprints/Characters/ABP_Player_01.ABP_Player_01_C:ExecuteUbergraph_ABP_Player_01:003E
[2020.04.21-18.36.48:825][146]LogContentBrowser: Native class hierarchy updated for 'BlueprintGraph' in 0.0005 seconds. Added 121 classes and 0 folders.
[2020.04.21-18.36.49:057][146]LogSkeletalMesh: USkeletalMeshComponent::InitArticulated : Bodies already created (/Engine/Transient.World_14:PersistentLevel.AnimationEditorPreviewActor_0.DebugSkelMeshComponent_0) - call TermArticulated first.
[2020.04.21-18.36.49:225][146]LogScript: Warning: Accessed None trying to read property CallFunc_TryGetPawnOwner_ReturnValue
	ABP_Player_01_C /Engine/Transient.World_16:PersistentLevel.SkeletalMeshActor_0.SkeletalMeshComponent0.ABP_Player_01_C_0
	Function /Game/Project_C/Blueprints/Characters/ABP_Player_01.ABP_Player_01_C:ExecuteUbergraph_ABP_Player_01:003E
[2020.04.21-18.36.49:469][146]LogScript: Warning: Accessed None trying to read property CallFunc_TryGetPawnOwner_ReturnValue
	ABP_Player_01_C /Engine/Transient.World_14:PersistentLevel.AnimationEditorPreviewActor_0.DebugSkelMeshComponent_0.ABP_Player_01_C_0
	Function /Game/Project_C/Blueprints/Characters/ABP_Player_01.ABP_Player_01_C:ExecuteUbergraph_ABP_Player_01:003E
[2020.04.21-18.36.49:558][146]LogSlate: Took 0.000117 seconds to synchronously load lazily loaded font '../../../Engine/Content/Slate/Fonts/Roboto-BoldCondensed.ttf' (158K)
[2020.04.21-18.36.49:614][146]LogContentBrowser: Verbose: The majority of assets in the view are of type: AnimSequence
[2020.04.21-18.36.49:621][147]LogScript: Warning: Accessed None trying to read property CallFunc_TryGetPawnOwner_ReturnValue
	ABP_Player_01_C /Engine/Transient.World_14:PersistentLevel.AnimationEditorPreviewActor_0.DebugSkelMeshComponent_0.ABP_Player_01_C_0
	Function /Game/Project_C/Blueprints/Characters/ABP_Player_01.ABP_Player_01_C:ExecuteUbergraph_ABP_Player_01:003E
[2020.04.21-18.36.49:624][147]LogSlate: Took 0.000127 seconds to synchronously load lazily loaded font '../../../Engine/Content/Slate/Fonts/Roboto-Italic.ttf' (157K)
[2020.04.21-18.36.49:632][148]LogScript: Warning: Accessed None trying to read property CallFunc_TryGetPawnOwner_ReturnValue
	ABP_Player_01_C /Engine/Transient.World_14:PersistentLevel.AnimationEditorPreviewActor_0.DebugSkelMeshComponent_0.ABP_Player_01_C_0
	Function /Game/Project_C/Blueprints/Characters/ABP_Player_01.ABP_Player_01_C:ExecuteUbergraph_ABP_Player_01:003E
[2020.04.21-18.36.49:668][149]LogScript: Warning: Accessed None trying to read property CallFunc_TryGetPawnOwner_ReturnValue
	ABP_Player_01_C /Engine/Transient.World_14:PersistentLevel.AnimationEditorPreviewActor_0.DebugSkelMeshComponent_0.ABP_Player_01_C_0
	Function /Game/Project_C/Blueprints/Characters/ABP_Player_01.ABP_Player_01_C:ExecuteUbergraph_ABP_Player_01:003E
[2020.04.21-18.36.49:679][150]LogScript: Warning: Accessed None trying to read property CallFunc_TryGetPawnOwner_ReturnValue
	ABP_Player_01_C /Engine/Transient.World_14:PersistentLevel.AnimationEditorPreviewActor_0.DebugSkelMeshComponent_0.ABP_Player_01_C_0
	Function /Game/Project_C/Blueprints/Characters/ABP_Player_01.ABP_Player_01_C:ExecuteUbergraph_ABP_Player_01:003E
[2020.04.21-18.36.49:693][151]LogScript: Warning: Accessed None trying to read property CallFunc_TryGetPawnOwner_ReturnValue
	ABP_Player_01_C /Engine/Transient.World_14:PersistentLevel.AnimationEditorPreviewActor_0.DebugSkelMeshComponent_0.ABP_Player_01_C_0
	Function /Game/Project_C/Blueprints/Characters/ABP_Player_01.ABP_Player_01_C:ExecuteUbergraph_ABP_Player_01:003E
[2020.04.21-18.36.49:704][152]LogScript: Warning: Accessed None trying to read property CallFunc_TryGetPawnOwner_ReturnValue
	ABP_Player_01_C /Engine/Transient.World_14:PersistentLevel.AnimationEditorPreviewActor_0.DebugSkelMeshComponent_0.ABP_Player_01_C_0
	Function /Game/Project_C/Blueprints/Characters/ABP_Player_01.ABP_Player_01_C:ExecuteUbergraph_ABP_Player_01:003E
[2020.04.21-18.36.49:712][153]LogScript: Warning: Accessed None trying to read property CallFunc_TryGetPawnOwner_ReturnValue
	ABP_Player_01_C /Engine/Transient.World_14:PersistentLevel.AnimationEditorPreviewActor_0.DebugSkelMeshComponent_0.ABP_Player_01_C_0
	Function /Game/Project_C/Blueprints/Characters/ABP_Player_01.ABP_Player_01_C:ExecuteUbergraph_ABP_Player_01:003E
[2020.04.21-18.36.49:721][154]LogScript: Warning: Accessed None trying to read property CallFunc_TryGetPawnOwner_ReturnValue
	ABP_Player_01_C /Engine/Transient.World_14:PersistentLevel.AnimationEditorPreviewActor_0.DebugSkelMeshComponent_0.ABP_Player_01_C_0
	Function /Game/Project_C/Blueprints/Characters/ABP_Player_01.ABP_Player_01_C:ExecuteUbergraph_ABP_Player_01:003E
[2020.04.21-18.36.49:729][155]LogScript: Warning: Accessed None trying to read property CallFunc_TryGetPawnOwner_ReturnValue
	ABP_Player_01_C /Engine/Transient.World_14:PersistentLevel.AnimationEditorPreviewActor_0.DebugSkelMeshComponent_0.ABP_Player_01_C_0
	Function /Game/Project_C/Blueprints/Characters/ABP_Player_01.ABP_Player_01_C:ExecuteUbergraph_ABP_Player_01:003E
[2020.04.21-18.36.49:737][156]LogScript: Warning: Accessed None trying to read property CallFunc_TryGetPawnOwner_ReturnValue
	ABP_Player_01_C /Engine/Transient.World_14:PersistentLevel.AnimationEditorPreviewActor_0.DebugSkelMeshComponent_0.ABP_Player_01_C_0
	Function /Game/Project_C/Blueprints/Characters/ABP_Player_01.ABP_Player_01_C:ExecuteUbergraph_ABP_Player_01:003E
[2020.04.21-18.36.49:745][157]LogScript: Warning: Accessed None trying to read property CallFunc_TryGetPawnOwner_ReturnValue
	ABP_Player_01_C /Engine/Transient.World_14:PersistentLevel.AnimationEditorPreviewActor_0.DebugSkelMeshComponent_0.ABP_Player_01_C_0
	Function /Game/Project_C/Blueprints/Characters/ABP_Player_01.ABP_Player_01_C:ExecuteUbergraph_ABP_Player_01:003E
[2020.04.21-18.36.49:753][158]LogScript: Warning: Accessed None trying to read property CallFunc_TryGetPawnOwner_ReturnValue
	ABP_Player_01_C /Engine/Transient.World_14:PersistentLevel.AnimationEditorPreviewActor_0.DebugSkelMeshComponent_0.ABP_Player_01_C_0
	Function /Game/Project_C/Blueprints/Characters/ABP_Player_01.ABP_Player_01_C:ExecuteUbergraph_ABP_Player_01:003E
[2020.04.21-18.36.49:761][159]LogScript: Warning: Accessed None trying to read property CallFunc_TryGetPawnOwner_ReturnValue
	ABP_Player_01_C /Engine/Transient.World_14:PersistentLevel.AnimationEditorPreviewActor_0.DebugSkelMeshComponent_0.ABP_Player_01_C_0
	Function /Game/Project_C/Blueprints/Characters/ABP_Player_01.ABP_Player_01_C:ExecuteUbergraph_ABP_Player_01:003E
[2020.04.21-18.36.49:770][160]LogScript: Warning: Accessed None trying to read property CallFunc_TryGetPawnOwner_ReturnValue
	ABP_Player_01_C /Engine/Transient.World_14:PersistentLevel.AnimationEditorPreviewActor_0.DebugSkelMeshComponent_0.ABP_Player_01_C_0
	Function /Game/Project_C/Blueprints/Characters/ABP_Player_01.ABP_Player_01_C:ExecuteUbergraph_ABP_Player_01:003E
[2020.04.21-18.37.04:291][789]BlueprintLog: New page: Compile ABP_Player_01
[2020.04.21-18.37.04:477][789]LogScript: Warning: Accessed None trying to read property CallFunc_TryGetPawnOwner_ReturnValue
	ABP_Player_01_C /Engine/Transient.World_14:PersistentLevel.AnimationEditorPreviewActor_0.DebugSkelMeshComponent_0.ABP_Player_01_C_1
	Function /Game/Project_C/Blueprints/Characters/ABP_Player_01.ABP_Player_01_C:ExecuteUbergraph_ABP_Player_01:00BF
[2020.04.21-18.37.04:477][789]LogScript: Warning: Accessed None trying to read property CallFunc_TryGetPawnOwner_ReturnValue
	ABP_Player_01_C /Engine/Transient.World_16:PersistentLevel.SkeletalMeshActor_0.SkeletalMeshComponent0.ABP_Player_01_C_1
	Function /Game/Project_C/Blueprints/Characters/ABP_Player_01.ABP_Player_01_C:ExecuteUbergraph_ABP_Player_01:00BF
[2020.04.21-18.37.04:527][789]LogUObjectHash: Compacting FUObjectHashTables data took   3.81ms
[2020.04.21-18.37.04:534][789]LogScript: Warning: Accessed None trying to read property CallFunc_TryGetPawnOwner_ReturnValue
	ABP_Player_01_C /Engine/Transient.World_14:PersistentLevel.AnimationEditorPreviewActor_0.DebugSkelMeshComponent_0.ABP_Player_01_C_1
	Function /Game/Project_C/Blueprints/Characters/ABP_Player_01.ABP_Player_01_C:ExecuteUbergraph_ABP_Player_01:00BF
[2020.04.21-18.37.04:558][790]LogScript: Warning: Accessed None trying to read property CallFunc_TryGetPawnOwner_ReturnValue
	ABP_Player_01_C /Engine/Transient.World_14:PersistentLevel.AnimationEditorPreviewActor_0.DebugSkelMeshComponent_0.ABP_Player_01_C_1
	Function /Game/Project_C/Blueprints/Characters/ABP_Player_01.ABP_Player_01_C:ExecuteUbergraph_ABP_Player_01:00BF
[2020.04.21-18.37.04:606][791]LogScript: Warning: Accessed None trying to read property CallFunc_TryGetPawnOwner_ReturnValue
	ABP_Player_01_C /Engine/Transient.World_14:PersistentLevel.AnimationEditorPreviewActor_0.DebugSkelMeshComponent_0.ABP_Player_01_C_1
	Function /Game/Project_C/Blueprints/Characters/ABP_Player_01.ABP_Player_01_C:ExecuteUbergraph_ABP_Player_01:00BF
[2020.04.21-18.37.04:616][792]LogScript: Warning: Accessed None trying to read property CallFunc_TryGetPawnOwner_ReturnValue
	ABP_Player_01_C /Engine/Transient.World_14:PersistentLevel.AnimationEditorPreviewActor_0.DebugSkelMeshComponent_0.ABP_Player_01_C_1
	Function /Game/Project_C/Blueprints/Characters/ABP_Player_01.ABP_Player_01_C:ExecuteUbergraph_ABP_Player_01:00BF
[2020.04.21-18.37.04:631][793]LogScript: Warning: Accessed None trying to read property CallFunc_TryGetPawnOwner_ReturnValue
	ABP_Player_01_C /Engine/Transient.World_14:PersistentLevel.AnimationEditorPreviewActor_0.DebugSkelMeshComponent_0.ABP_Player_01_C_1
	Function /Game/Project_C/Blueprints/Characters/ABP_Player_01.ABP_Player_01_C:ExecuteUbergraph_ABP_Player_01:00BF
[2020.04.21-18.37.04:640][794]LogScript: Warning: Accessed None trying to read property CallFunc_TryGetPawnOwner_ReturnValue
	ABP_Player_01_C /Engine/Transient.World_14:PersistentLevel.AnimationEditorPreviewActor_0.DebugSkelMeshComponent_0.ABP_Player_01_C_1
	Function /Game/Project_C/Blueprints/Characters/ABP_Player_01.ABP_Player_01_C:ExecuteUbergraph_ABP_Player_01:00BF
[2020.04.21-18.37.04:649][795]LogScript: Warning: Accessed None trying to read property CallFunc_TryGetPawnOwner_ReturnValue
	ABP_Player_01_C /Engine/Transient.World_14:PersistentLevel.AnimationEditorPreviewActor_0.DebugSkelMeshComponent_0.ABP_Player_01_C_1
	Function /Game/Project_C/Blueprints/Characters/ABP_Player_01.ABP_Player_01_C:ExecuteUbergraph_ABP_Player_01:00BF
[2020.04.21-18.37.04:656][796]LogScript: Warning: Accessed None trying to read property CallFunc_TryGetPawnOwner_ReturnValue
	ABP_Player_01_C /Engine/Transient.World_14:PersistentLevel.AnimationEditorPreviewActor_0.DebugSkelMeshComponent_0.ABP_Player_01_C_1
	Function /Game/Project_C/Blueprints/Characters/ABP_Player_01.ABP_Player_01_C:ExecuteUbergraph_ABP_Player_01:00BF
[2020.04.21-18.37.04:664][797]LogScript: Warning: Accessed None trying to read property CallFunc_TryGetPawnOwner_ReturnValue
	ABP_Player_01_C /Engine/Transient.World_14:PersistentLevel.AnimationEditorPreviewActor_0.DebugSkelMeshComponent_0.ABP_Player_01_C_1
	Function /Game/Project_C/Blueprints/Characters/ABP_Player_01.ABP_Player_01_C:ExecuteUbergraph_ABP_Player_01:00BF
[2020.04.21-18.37.04:673][798]LogScript: Warning: Accessed None trying to read property CallFunc_TryGetPawnOwner_ReturnValue
	ABP_Player_01_C /Engine/Transient.World_14:PersistentLevel.AnimationEditorPreviewActor_0.DebugSkelMeshComponent_0.ABP_Player_01_C_1
	Function /Game/Project_C/Blueprints/Characters/ABP_Player_01.ABP_Player_01_C:ExecuteUbergraph_ABP_Player_01:00BF
[2020.04.21-18.37.04:681][799]LogScript: Warning: Accessed None trying to read property CallFunc_TryGetPawnOwner_ReturnValue
	ABP_Player_01_C /Engine/Transient.World_14:PersistentLevel.AnimationEditorPreviewActor_0.DebugSkelMeshComponent_0.ABP_Player_01_C_1
	Function /Game/Project_C/Blueprints/Characters/ABP_Player_01.ABP_Player_01_C:ExecuteUbergraph_ABP_Player_01:00BF
[2020.04.21-18.37.04:690][800]LogScript: Warning: Accessed None trying to read property CallFunc_TryGetPawnOwner_ReturnValue
	ABP_Player_01_C /Engine/Transient.World_14:PersistentLevel.AnimationEditorPreviewActor_0.DebugSkelMeshComponent_0.ABP_Player_01_C_1
	Function /Game/Project_C/Blueprints/Characters/ABP_Player_01.ABP_Player_01_C:ExecuteUbergraph_ABP_Player_01:00BF
[2020.04.21-18.37.04:698][801]LogScript: Warning: Accessed None trying to read property CallFunc_TryGetPawnOwner_ReturnValue
	ABP_Player_01_C /Engine/Transient.World_14:PersistentLevel.AnimationEditorPreviewActor_0.DebugSkelMeshComponent_0.ABP_Player_01_C_1
	Function /Game/Project_C/Blueprints/Characters/ABP_Player_01.ABP_Player_01_C:ExecuteUbergraph_ABP_Player_01:00BF
[2020.04.21-18.37.04:706][802]LogScript: Warning: Accessed None trying to read property CallFunc_TryGetPawnOwner_ReturnValue
	ABP_Player_01_C /Engine/Transient.World_14:PersistentLevel.AnimationEditorPreviewActor_0.DebugSkelMeshComponent_0.ABP_Player_01_C_1
	Function /Game/Project_C/Blueprints/Characters/ABP_Player_01.ABP_Player_01_C:ExecuteUbergraph_ABP_Player_01:00BF
[2020.04.21-18.37.04:714][803]LogScript: Warning: Accessed None trying to read property CallFunc_TryGetPawnOwner_ReturnValue
	ABP_Player_01_C /Engine/Transient.World_14:PersistentLevel.AnimationEditorPreviewActor_0.DebugSkelMeshComponent_0.ABP_Player_01_C_1
	Function /Game/Project_C/Blueprints/Characters/ABP_Player_01.ABP_Player_01_C:ExecuteUbergraph_ABP_Player_01:00BF
[2020.04.21-18.37.04:928][823]LogSavePackage: Moving 'D:/Users/Randy/Desktop/Project_C/Project_C_UE4/Saved/ABP_Player_013B4C419644D194A08DC17C8F0958010D.tmp' to 'D:/Users/Randy/Desktop/Project_C/Project_C_UE4/Content/Project_C/Blueprints/Characters/ABP_Player_01.uasset'
[2020.04.21-18.37.04:941][823]AssetCheck: New page: Asset Save: ABP_Player_01
[2020.04.21-18.37.04:941][823]LogContentValidation: Display: Validating AnimBlueprint /Game/Project_C/Blueprints/Characters/ABP_Player_01.ABP_Player_01
[2020.04.21-18.37.08:482][222]LogSavePackage: Moving 'D:/Users/Randy/Desktop/Project_C/Project_C_UE4/Saved/montage_BowStick_attack8AD5DB89411D831B0B48B78BDA4A534B.tmp' to 'D:/Users/Randy/Desktop/Project_C/Project_C_UE4/Content/Project_C/CuteCharacter/Animations/BowStick_Attack/montage_BowStick_attack.uasset'
[2020.04.21-18.37.08:539][222]AssetCheck: New page: Asset Save: montage_BowStick_attack
[2020.04.21-18.37.08:539][222]LogContentValidation: Display: Validating AnimMontage /Game/Project_C/CuteCharacter/Animations/BowStick_Attack/montage_BowStick_attack.montage_BowStick_attack
[2020.04.21-18.37.16:175][990]LogAIModule: Creating AISystem for world TestingGround
[2020.04.21-18.37.16:187][990]LogAssetEditorSubsystem: Opening Asset editor for World /Game/Project_C/Maps/TestingGround.TestingGround
[2020.04.21-18.37.16:222][990]LogUObjectHash: Compacting FUObjectHashTables data took   3.40ms
[2020.04.21-18.37.17:412][990]LogSlate: Window 'Save Content' being destroyed
[2020.04.21-18.37.17:419][990]Cmd: OBJ SAVEPACKAGE PACKAGE="/Game/Project_C/Character/character_Skeleton" FILE="D:/Users/Randy/Desktop/Project_C/Project_C_UE4/Content/Project_C/Character/character_Skeleton.uasset" SILENT=true
[2020.04.21-18.37.17:476][990]LogSavePackage: Moving 'D:/Users/Randy/Desktop/Project_C/Project_C_UE4/Saved/character_Skeleton21CC339F470CABD9E3609BA64E831761.tmp' to 'D:/Users/Randy/Desktop/Project_C/Project_C_UE4/Content/Project_C/Character/character_Skeleton.uasset'
[2020.04.21-18.37.17:503][990]LogUObjectHash: Compacting FUObjectHashTables data took   0.76ms
[2020.04.21-18.37.17:711][990]LogSavePackage: Moving 'D:/Users/Randy/Desktop/Project_C/Project_C_UE4/Saved/ThirdPersonExampleMap00A847CF47A5625E163C5BB40EAB3C32.tmp' to 'D:/Users/Randy/Desktop/Project_C/Project_C_UE4/Content/ThirdPersonBP/Maps/ThirdPersonExampleMap.umap'
[2020.04.21-18.37.17:737][990]LogFileHelpers: Saving map 'ThirdPersonExampleMap' took 0.259
[2020.04.21-18.37.17:738][990]Cmd: MAP LOAD FILE="D:/Users/Randy/Desktop/Project_C/Project_C_UE4/Content/Project_C/Maps/TestingGround.umap" TEMPLATE=0 SHOWPROGRESS=1 FEATURELEVEL=3
[2020.04.21-18.37.17:738][990]LightingResults: New page: Lighting Build
[2020.04.21-18.37.17:738][990]LoadErrors: New page: Loading map: TestingGround.umap
[2020.04.21-18.37.17:738][990]LogWorld: UWorld::CleanupWorld for ThirdPersonExampleMap, bSessionEnded=true, bCleanupResources=true
[2020.04.21-18.37.17:739][990]LogSlate: InvalidateAllWidgets triggered.  All widgets were invalidated
[2020.04.21-18.37.17:739][990]MapCheck: New page: Map Check
[2020.04.21-18.37.17:739][990]LightingResults: New page: Lighting Build
[2020.04.21-18.37.17:774][990]LogUObjectHash: Compacting FUObjectHashTables data took   2.92ms
[2020.04.21-18.37.17:896][990]LogEditorServer: Finished looking for orphan Actors (0.000 secs)
[2020.04.21-18.37.17:931][990]LogUObjectHash: Compacting FUObjectHashTables data took   2.77ms
[2020.04.21-18.37.17:955][990]Cmd: MAP CHECKDEP NOCLEARLOG
[2020.04.21-18.37.17:955][990]MapCheck: Map check complete: 0 Error(s), 0 Warning(s), took 0.052ms to complete.
[2020.04.21-18.37.17:955][990]LogFileHelpers: Loading map 'TestingGround' took 0.218
[2020.04.21-18.37.18:010][990]AssetCheck: New page: Asset Save: multiple assets
[2020.04.21-18.37.18:010][990]LogContentValidation: Display: Validating Skeleton /Game/Project_C/Character/character_Skeleton.character_Skeleton
[2020.04.21-18.37.18:010][990]LogContentValidation: Display: Validating World /Game/ThirdPersonBP/Maps/ThirdPersonExampleMap.ThirdPersonExampleMap
[2020.04.21-18.37.18:026][990]LogAIModule: Creating AISystem for world ThirdPersonExampleMap
[2020.04.21-18.37.21:198][351]LogEditorViewport: Clicking on Actor (LMB): StaticMeshActor (Pl_16m_Platform)
[2020.04.21-18.37.21:867][422]LogEditorViewport: Clicking on Actor (LMB): BP_Player_C (BP_Player)
[2020.04.21-18.37.23:374][593]Cmd: DELETE
[2020.04.21-18.37.23:374][593]Cmd: ACTOR DELETE
[2020.04.21-18.37.23:376][593]LogEditorActor: Deleted Actor: BP_Player_C
[2020.04.21-18.37.23:430][593]LogUObjectHash: Compacting FUObjectHashTables data took   2.16ms
[2020.04.21-18.37.23:431][593]LogEditorActor: Deleted 1 Actors (0.057 secs)
[2020.04.21-18.37.24:334][701]LogEditorViewport: Clicking on Actor (LMB): StaticMeshActor (Pl_16m_Platform)
[2020.04.21-18.37.25:005][777]LogEditorViewport: Clicking on Actor (LMB): PlayerStart (PlayerStart)
[2020.04.21-18.37.28:588][180]LogUObjectHash: Compacting FUObjectHashTables data took   0.79ms
[2020.04.21-18.37.28:607][180]LogSavePackage: Moving 'D:/Users/Randy/Desktop/Project_C/Project_C_UE4/Saved/TestingGround972DB57D47A0BE506480899CB84FA163.tmp' to 'D:/Users/Randy/Desktop/Project_C/Project_C_UE4/Content/Project_C/Maps/TestingGround.umap'
[2020.04.21-18.37.28:633][180]Cmd: OBJ SAVEPACKAGE PACKAGE="/Game/Project_C/Maps/TestingGround_BuiltData" FILE="D:/Users/Randy/Desktop/Project_C/Project_C_UE4/Content/Project_C/Maps/TestingGround_BuiltData.uasset" SILENT=true
[2020.04.21-18.37.28:699][180]LogSavePackage: Moving 'D:/Users/Randy/Desktop/Project_C/Project_C_UE4/Saved/TestingGround_BuiltDataB1B20DDB489F9CF251C226A38FB7DB1F.tmp' to 'D:/Users/Randy/Desktop/Project_C/Project_C_UE4/Content/Project_C/Maps/TestingGround_BuiltData.uasset'
[2020.04.21-18.37.28:712][180]AssetCheck: New page: Asset Save: multiple assets
[2020.04.21-18.37.28:712][180]LogContentValidation: Display: Validating World /Game/Project_C/Maps/TestingGround.TestingGround
[2020.04.21-18.37.28:712][180]LogContentValidation: Display: Validating MapBuildDataRegistry /Game/Project_C/Maps/TestingGround_BuiltData.TestingGround_BuiltData
[2020.04.21-18.37.33:001][681]LogSlate: Prevented a slow task dialog from being summoned while a context menu was open
[2020.04.21-18.37.34:181][818]LogSlate: Prevented a slow task dialog from being summoned while a context menu was open
[2020.04.21-18.37.34:848][891]LogSlate: Prevented a slow task dialog from being summoned while a context menu was open
[2020.04.21-18.37.38:486][311]LogUObjectHash: Compacting FUObjectHashTables data took   2.93ms
[2020.04.21-18.37.38:499][311]LogSavePackage: Moving 'D:/Users/Randy/Desktop/Project_C/Project_C_UE4/Saved/TestingGroundE29F2F084D6D3F8F03F728BE1D73ACE2.tmp' to 'D:/Users/Randy/Desktop/Project_C/Project_C_UE4/Content/Project_C/Maps/TestingGround.umap'
[2020.04.21-18.37.38:525][311]Cmd: OBJ SAVEPACKAGE PACKAGE="/Game/Project_C/Maps/TestingGround_BuiltData" FILE="D:/Users/Randy/Desktop/Project_C/Project_C_UE4/Content/Project_C/Maps/TestingGround_BuiltData.uasset" SILENT=true
[2020.04.21-18.37.38:541][311]LogSavePackage: Moving 'D:/Users/Randy/Desktop/Project_C/Project_C_UE4/Saved/TestingGround_BuiltDataCD5DE11C47110C1EF821E2941E8A3983.tmp' to 'D:/Users/Randy/Desktop/Project_C/Project_C_UE4/Content/Project_C/Maps/TestingGround_BuiltData.uasset'
[2020.04.21-18.37.38:555][311]AssetCheck: New page: Asset Save: multiple assets
[2020.04.21-18.37.38:555][311]LogContentValidation: Display: Validating World /Game/Project_C/Maps/TestingGround.TestingGround
[2020.04.21-18.37.38:555][311]LogContentValidation: Display: Validating MapBuildDataRegistry /Game/Project_C/Maps/TestingGround_BuiltData.TestingGround_BuiltData
[2020.04.21-18.37.39:718][444]LogTemp: Repeating last play command: New Editor Window (PIE)
[2020.04.21-18.37.39:733][444]BlueprintLog: New page: Pre-Play auto-recompile
[2020.04.21-18.37.39:735][444]LogPlayLevel: [PlayLevel] Compiling GM_Project_C before play...
[2020.04.21-18.37.39:771][444]LogUObjectHash: Compacting FUObjectHashTables data took   3.27ms
[2020.04.21-18.37.39:771][444]LogPlayLevel: PlayLevel: Blueprint regeneration took 37 ms (1 blueprints)
[2020.04.21-18.37.39:771][444]PIE: New page: PIE session: TestingGround (Apr 21, 2020, 4:37:39 AM)
[2020.04.21-18.37.39:772][444]LogOnline: OSS: Creating online subsystem instance for: NULL
[2020.04.21-18.37.39:773][444]LogOnline: OSS: TryLoadSubsystemAndSetDefault: Loaded subsystem for module [NULL]
[2020.04.21-18.37.39:773][444]LogPlayLevel: Creating play world package: /Game/Project_C/Maps/UEDPIE_0_TestingGround
[2020.04.21-18.37.39:775][444]LogPlayLevel: PIE: StaticDuplicateObject took: (0.001662s)
[2020.04.21-18.37.39:775][444]LogAIModule: Creating AISystem for world TestingGround
[2020.04.21-18.37.39:775][444]LogPlayLevel: PIE: World Init took: (0.000656s)
[2020.04.21-18.37.39:775][444]LogPlayLevel: PIE: Created PIE world by copying editor world from /Game/Project_C/Maps/TestingGround.TestingGround to /Game/Project_C/Maps/UEDPIE_0_TestingGround.TestingGround (0.002455s)
[2020.04.21-18.37.39:802][444]LogUObjectHash: Compacting FUObjectHashTables data took   2.28ms
[2020.04.21-18.37.39:803][444]LogAudioMixer: Display: Audio Mixer Platform Settings:
[2020.04.21-18.37.39:803][444]LogAudioMixer: Display: 	Sample Rate:						  48000
[2020.04.21-18.37.39:803][444]LogAudioMixer: Display: 	Callback Buffer Frame Size Requested: 1024
[2020.04.21-18.37.39:803][444]LogAudioMixer: Display: 	Callback Buffer Frame Size To Use:	  1024
[2020.04.21-18.37.39:803][444]LogAudioMixer: Display: 	Number of buffers to queue:			  2
[2020.04.21-18.37.39:803][444]LogAudioMixer: Display: 	Max Channels (voices):				  32
[2020.04.21-18.37.39:803][444]LogAudioMixer: Display: 	Number of Async Source Workers:		  0
[2020.04.21-18.37.39:803][444]LogAudio: Display: AudioDevice MaxSources: 32
[2020.04.21-18.37.39:803][444]LogAudio: Display: Using built-in audio occlusion.
[2020.04.21-18.37.39:803][444]LogAudioMixer: Display: Initializing audio mixer.
[2020.04.21-18.37.39:850][444]LogAudioMixer: Display: Audio Device Output Speaker Info:
[2020.04.21-18.37.39:850][444]LogAudioMixer: Display: Name: Logitech Speakers (Realtek High Definition Audio)
[2020.04.21-18.37.39:850][444]LogAudioMixer: Display: Is Default: Yes
[2020.04.21-18.37.39:850][444]LogAudioMixer: Display: Sample Rate: 48000
[2020.04.21-18.37.39:850][444]LogAudioMixer: Display: Channel Count Used: 2
[2020.04.21-18.37.39:850][444]LogAudioMixer: Display: Device Channel Count: 2
[2020.04.21-18.37.39:850][444]LogAudioMixer: Display: Channel Order:
[2020.04.21-18.37.39:850][444]LogAudioMixer: Display: 0: FrontLeft
[2020.04.21-18.37.39:850][444]LogAudioMixer: Display: 1: FrontRight
[2020.04.21-18.37.39:879][444]LogAudioMixer: Display: Using Audio Device Logitech Speakers (Realtek High Definition Audio)
[2020.04.21-18.37.39:880][444]LogInit: FAudioDevice initialized.
[2020.04.21-18.37.39:901][444]LogSlate: Updating window title bar state: overlay mode, drag disabled, window buttons hidden, title bar hidden
[2020.04.21-18.37.39:902][444]LogLoad: Game class is 'GM_Project_C_C'
[2020.04.21-18.37.39:903][444]LogWorld: Bringing World /Game/Project_C/Maps/UEDPIE_0_TestingGround.TestingGround up for play (max tick rate 0) at 2020.04.21-11.37.39
[2020.04.21-18.37.39:903][444]LogWorld: Bringing up level for play took: 0.000922
[2020.04.21-18.37.39:904][444]LogOnline: OSS: Creating online subsystem instance for: :Context_18
[2020.04.21-18.37.39:909][444]LogContentBrowser: Native class hierarchy updated for 'MovieSceneCapture' in 0.0004 seconds. Added 20 classes and 0 folders.
[2020.04.21-18.37.41:212][444]LogWindows: Error: === Critical error: ===
[2020.04.21-18.37.41:212][444]LogWindows: Error: 
[2020.04.21-18.37.41:212][444]LogWindows: Error: Fatal error!
[2020.04.21-18.37.41:212][444]LogWindows: Error: 
[2020.04.21-18.37.41:212][444]LogWindows: Error: Unhandled Exception: EXCEPTION_ACCESS_VIOLATION reading address 0x000000a8
[2020.04.21-18.37.41:212][444]LogWindows: Error: 
[2020.04.21-18.37.41:212][444]LogWindows: Error: [Callstack] 0x00007ff9b1633dc1 UE4Editor-Project_C-9916.dll!TMulticastScriptDelegate<FWeakObjectPtr>::Add() [E:\Program Files\Epic Games\UE_4.24\Engine\Source\Runtime\Core\Public\UObject\ScriptDelegates.h:324]
[2020.04.21-18.37.41:212][444]LogWindows: Error: [Callstack] 0x00007ff9b16336e0 UE4Editor-Project_C-9916.dll!TBaseDynamicMulticastDelegate<FWeakObjectPtr,void,float,float>::__Internal_AddDynamic<APlayerCharacter>() [E:\Program Files\Epic Games\UE_4.24\Engine\Source\Runtime\Core\Public\Delegates\DelegateSignatureImpl.inl:1215]
[2020.04.21-18.37.41:212][444]LogWindows: Error: [Callstack] 0x00007ff9b1634118 UE4Editor-Project_C-9916.dll!APlayerCharacter::BeginPlay() [D:\Users\Randy\Desktop\Project_C\Project_C_UE4\Source\Project_C\Private\PlayerCharacter.cpp:27]
[2020.04.21-18.37.41:212][444]LogWindows: Error: [Callstack] 0x00007ff9c6d4c7dd UE4Editor-Engine.dll!UnknownFunction []
[2020.04.21-18.37.41:212][444]LogWindows: Error: [Callstack] 0x00007ff9c804e2e2 UE4Editor-Engine.dll!UnknownFunction []
[2020.04.21-18.37.41:212][444]LogWindows: Error: [Callstack] 0x00007ff9c745e3b1 UE4Editor-Engine.dll!UnknownFunction []
[2020.04.21-18.37.41:212][444]LogWindows: Error: [Callstack] 0x00007ff9c7ff942e UE4Editor-Engine.dll!UnknownFunction []
[2020.04.21-18.37.41:212][444]LogWindows: Error: [Callstack] 0x00007ff9c747f1d5 UE4Editor-Engine.dll!UnknownFunction []
[2020.04.21-18.37.41:212][444]LogWindows: Error: [Callstack] 0x00007ff9c5ce245c UE4Editor-UnrealEd.dll!UnknownFunction []
[2020.04.21-18.37.41:212][444]LogWindows: Error: [Callstack] 0x00007ff9c5d02806 UE4Editor-UnrealEd.dll!UnknownFunction []
[2020.04.21-18.37.41:212][444]LogWindows: Error: [Callstack] 0x00007ff9c5d1d285 UE4Editor-UnrealEd.dll!UnknownFunction []
[2020.04.21-18.37.41:212][444]LogWindows: Error: [Callstack] 0x00007ff9c57ea5f5 UE4Editor-UnrealEd.dll!UnknownFunction []
[2020.04.21-18.37.41:212][444]LogWindows: Error: [Callstack] 0x00007ff9c604e476 UE4Editor-UnrealEd.dll!UnknownFunction []
[2020.04.21-18.37.41:212][444]LogWindows: Error: [Callstack] 0x00007ff65d4a7f62 UE4Editor.exe!UnknownFunction []
[2020.04.21-18.37.41:212][444]LogWindows: Error: [Callstack] 0x00007ff65d4bc3ec UE4Editor.exe!UnknownFunction []
[2020.04.21-18.37.41:212][444]LogWindows: Error: [Callstack] 0x00007ff65d4bc4ca UE4Editor.exe!UnknownFunction []
[2020.04.21-18.37.41:212][444]LogWindows: Error: [Callstack] 0x00007ff65d4cceae UE4Editor.exe!UnknownFunction []
[2020.04.21-18.37.41:212][444]LogWindows: Error: [Callstack] 0x00007ff65d4cfcbe UE4Editor.exe!UnknownFunction []
[2020.04.21-18.37.41:212][444]LogWindows: Error: [Callstack] 0x00007ffa45587974 KERNEL32.DLL!UnknownFunction []
[2020.04.21-18.37.41:212][444]LogWindows: Error: [Callstack] 0x00007ffa46b6a271 ntdll.dll!UnknownFunction []
[2020.04.21-18.37.41:212][444]LogWindows: Error: 
[2020.04.21-18.37.41:266][444]LogExit: Executing StaticShutdownAfterError
[2020.04.21-18.37.41:269][444]LogWindows: FPlatformMisc::RequestExit(1)
[2020.04.21-18.37.41:269][444]LogCore: Engine exit requested (reason: Win RequestExit)
[2020.04.21-18.37.41:278][444]Log file closed, 04/21/20 11:37:41
