Log file open, 03/31/20 14:43:37
LogWindows: Failed to load 'aqProf.dll' (GetLastError=126)
LogWindows: File 'aqProf.dll' does not exist
LogWindows: Failed to load 'VtuneApi.dll' (GetLastError=126)
LogWindows: File 'VtuneApi.dll' does not exist
LogWindows: Failed to load 'VtuneApi32e.dll' (GetLastError=126)
LogWindows: File 'VtuneApi32e.dll' does not exist
LogConsoleResponse: Display: Failed to find resolution value strings in scalability ini. Falling back to default.
LogInit: Display: Running engine for game: Project_C
LogPlatformFile: Not using cached read wrapper
LogTaskGraph: Started task graph with 5 named threads and 23 total threads with 3 sets of task threads.
LogStats: Stats thread started at 0.188341
LogD3D11RHI: Loaded GFSDK_Aftermath_Lib.x64.dll
LogICUInternationalization: ICU TimeZone Detection - Raw Offset: -8:00, Platform Override: ''
LogPluginManager: Mounting plugin Paper2D
LogPluginManager: Mounting plugin AISupport
LogPluginManager: Mounting plugin LightPropagationVolume
LogPluginManager: Mounting plugin ActorLayerUtilities
LogPluginManager: Mounting plugin AnimationSharing
LogPluginManager: Mounting plugin CLionSourceCodeAccess
LogPluginManager: Mounting plugin CodeLiteSourceCodeAccess
LogPluginManager: Mounting plugin GitSourceControl
LogPluginManager: Mounting plugin KDevelopSourceCodeAccess
LogPluginManager: Mounting plugin NullSourceCodeAccess
LogPluginManager: Mounting plugin PerforceSourceControl
LogPluginManager: Mounting plugin PlasticSourceControl
LogPluginManager: Mounting plugin SubversionSourceControl
LogPluginManager: Mounting plugin UObjectPlugin
LogPluginManager: Mounting plugin VisualStudioCodeSourceCodeAccess
LogPluginManager: Mounting plugin VisualStudioSourceCodeAccess
LogPluginManager: Mounting plugin XCodeSourceCodeAccess
LogPluginManager: Mounting plugin AssetManagerEditor
LogPluginManager: Mounting plugin CryptoKeys
LogPluginManager: Mounting plugin CurveEditorTools
LogPluginManager: Mounting plugin DataValidation
LogPluginManager: Mounting plugin FacialAnimation
LogPluginManager: Mounting plugin GameplayTagsEditor
LogPluginManager: Mounting plugin MacGraphicsSwitching
LogPluginManager: Mounting plugin MaterialAnalyzer
LogPluginManager: Mounting plugin MobileLauncherProfileWizard
LogPluginManager: Mounting plugin PluginBrowser
LogPluginManager: Mounting plugin SpeedTreeImporter
LogPluginManager: Mounting plugin DatasmithContent
LogPluginManager: Mounting plugin VariantManagerContent
LogPluginManager: Mounting plugin AlembicImporter
LogPluginManager: Mounting plugin AutomationUtils
LogPluginManager: Mounting plugin BackChannel
LogPluginManager: Mounting plugin CharacterAI
LogPluginManager: Mounting plugin GeometryCache
LogPluginManager: Mounting plugin PlatformCrypto
LogPluginManager: Mounting plugin ProxyLODPlugin
LogPluginManager: Mounting plugin SkeletalReduction
LogPluginManager: Mounting plugin MagicLeap
LogPluginManager: Mounting plugin MagicLeapMedia
LogPluginManager: Mounting plugin MLSDK
LogPluginManager: Mounting plugin AndroidMedia
LogPluginManager: Mounting plugin AvfMedia
LogPluginManager: Mounting plugin ImgMedia
LogPluginManager: Mounting plugin MediaCompositing
LogPluginManager: Mounting plugin MediaPlayerEditor
LogPluginManager: Mounting plugin WebMMedia
LogPluginManager: Mounting plugin WmfMedia
LogPluginManager: Mounting plugin TcpMessaging
LogPluginManager: Mounting plugin UdpMessaging
LogPluginManager: Mounting plugin ActorSequence
LogPluginManager: Mounting plugin LevelSequenceEditor
LogPluginManager: Mounting plugin MatineeToLevelSequence
LogPluginManager: Mounting plugin NetcodeUnitTest
LogPluginManager: Mounting plugin NUTUnrealEngine4
LogPluginManager: Mounting plugin OnlineSubsystemGooglePlay
LogPluginManager: Mounting plugin OnlineSubsystemIOS
LogPluginManager: Mounting plugin OnlineSubsystem
LogPluginManager: Mounting plugin OnlineSubsystemNull
LogPluginManager: Mounting plugin OnlineSubsystemUtils
LogPluginManager: Mounting plugin LauncherChunkInstaller
LogPluginManager: Mounting plugin AndroidDeviceProfileSelector
LogPluginManager: Mounting plugin AndroidMoviePlayer
LogPluginManager: Mounting plugin AndroidPermission
LogPluginManager: Mounting plugin AppleImageUtils
LogPluginManager: Mounting plugin AppleMoviePlayer
LogPluginManager: Mounting plugin ArchVisCharacter
LogPluginManager: Mounting plugin AssetTags
LogPluginManager: Mounting plugin AudioCapture
LogPluginManager: Mounting plugin CableComponent
LogPluginManager: Mounting plugin CustomMeshComponent
LogPluginManager: Mounting plugin EditableMesh
LogPluginManager: Mounting plugin ExampleDeviceProfileSelector
LogPluginManager: Mounting plugin GoogleCloudMessaging
LogPluginManager: Mounting plugin IOSDeviceProfileSelector
LogPluginManager: Mounting plugin LinuxDeviceProfileSelector
LogPluginManager: Mounting plugin LocationServicesBPLibrary
LogPluginManager: Mounting plugin MobilePatchingUtils
LogPluginManager: Mounting plugin OculusVR
LogPluginManager: Mounting plugin PhysXVehicles
LogPluginManager: Mounting plugin PostSplashScreen
LogPluginManager: Mounting plugin ProceduralMeshComponent
LogPluginManager: Mounting plugin RuntimePhysXCooking
LogPluginManager: Mounting plugin SignificanceManager
LogPluginManager: Mounting plugin SteamVR
LogPluginManager: Mounting plugin WebMMoviePlayer
LogPluginManager: Mounting plugin WindowsMoviePlayer
LogPluginManager: Mounting plugin ScreenshotTools
LogInit: Using libcurl 7.55.1-DEV
LogInit:  - built for x86_64-pc-win32
LogInit:  - supports SSL with OpenSSL/1.1.1
LogInit:  - supports HTTP deflate (compression) using libz 1.2.8
LogInit:  - other features:
LogInit:      CURL_VERSION_SSL
LogInit:      CURL_VERSION_LIBZ
LogInit:      CURL_VERSION_IPV6
LogInit:      CURL_VERSION_ASYNCHDNS
LogInit:      CURL_VERSION_LARGEFILE
LogInit:      CURL_VERSION_IDN
LogInit:  CurlRequestOptions (configurable via config and command line):
LogInit:  - bVerifyPeer = true  - Libcurl will verify peer certificate
LogInit:  - bUseHttpProxy = false  - Libcurl will NOT use HTTP proxy
LogInit:  - bDontReuseConnections = false  - Libcurl will reuse connections
LogInit:  - MaxHostConnections = 16  - Libcurl will limit the number of connections to a host
LogInit:  - LocalHostAddr = Default
LogInit:  - BufferSize = 65536
LogOnline: OSS: Creating online subsystem instance for: NULL
LogInit: WinSock: version 1.1 (2.2), MaxSocks=32767, MaxUdp=65467
LogOnline: OSS: TryLoadSubsystemAndSetDefault: Loaded subsystem for module [NULL]
LogInit: Build: ++UE4+Release-4.24-CL-11590370
LogInit: Engine Version: 4.24.3-11590370+++UE4+Release-4.24
LogInit: Compatible Engine Version: 4.24.0-10570792+++UE4+Release-4.24
LogInit: Net CL: 10570792
LogInit: OS: Windows 10 (Release 1809) (), CPU: Intel(R) Core(TM) i7-6700K CPU @ 4.00GHz, GPU: Intel(R) HD Graphics 530
LogInit: Compiled (64-bit): Feb 24 2020 15:39:18
LogInit: Compiled with Visual C++: 19.16.27032.01
LogInit: Build Configuration: Development
LogInit: Branch Name: ++UE4+Release-4.24
LogInit: Command Line: 
LogInit: Base Directory: E:/Program Files/Epic Games/UE_4.24/Engine/Binaries/Win64/
LogInit: Installed Engine Build: 1
LogDevObjectVersion: Number of dev versions registered: 25
LogDevObjectVersion:   Dev-Blueprints (B0D832E4-1F89-4F0D-ACCF-7EB736FD4AA2): 10
LogDevObjectVersion:   Dev-Build (E1C64328-A22C-4D53-A36C-8E866417BD8C): 0
LogDevObjectVersion:   Dev-Core (375EC13C-06E4-48FB-B500-84F0262A717E): 3
LogDevObjectVersion:   Dev-Editor (E4B068ED-F494-42E9-A231-DA0B2E46BB41): 37
LogDevObjectVersion:   Dev-Framework (CFFC743F-43B0-4480-9391-14DF171D2073): 36
LogDevObjectVersion:   Dev-Mobile (B02B49B5-BB20-44E9-A304-32B752E40360): 2
LogDevObjectVersion:   Dev-Networking (A4E4105C-59A1-49B5-A7C5-40C4547EDFEE): 0
LogDevObjectVersion:   Dev-Online (39C831C9-5AE6-47DC-9A44-9C173E1C8E7C): 0
LogDevObjectVersion:   Dev-Physics (78F01B33-EBEA-4F98-B9B4-84EACCB95AA2): 2
LogDevObjectVersion:   Dev-Platform (6631380F-2D4D-43E0-8009-CF276956A95A): 0
LogDevObjectVersion:   Dev-Rendering (12F88B9F-8875-4AFC-A67C-D90C383ABD29): 36
LogDevObjectVersion:   Dev-Sequencer (7B5AE74C-D270-4C10-A958-57980B212A5A): 11
LogDevObjectVersion:   Dev-VR (D7296918-1DD6-4BDD-9DE2-64A83CC13884): 2
LogDevObjectVersion:   Dev-LoadTimes (C2A15278-BFE7-4AFE-6C17-90FF531DF755): 1
LogDevObjectVersion:   Private-Geometry (6EACA3D4-40EC-4CC1-B786-8BED09428FC5): 3
LogDevObjectVersion:   Dev-AnimPhys (29E575DD-E0A3-4627-9D10-D276232CDCEA): 17
LogDevObjectVersion:   Dev-Anim (AF43A65D-7FD3-4947-9873-3E8ED9C1BB05): 2
LogDevObjectVersion:   Dev-ReflectionCapture (6B266CEC-1EC7-4B8F-A30B-E4D90942FC07): 1
LogDevObjectVersion:   Dev-Automation (0DF73D61-A23F-47EA-B727-89E90C41499A): 1
LogDevObjectVersion:   FortniteMain (601D1886-AC64-4F84-AA16-D3DE0DEAC7D6): 31
LogDevObjectVersion:   Dev-Enterprise (9DFFBCD6-494F-0158-E221-12823C92A888): 8
LogDevObjectVersion:   Dev-Niagara (F2AED0AC-9AFE-416F-8664-AA7FFA26D6FC): 1
LogDevObjectVersion:   Dev-Destruction (174F1F0B-B4C6-45A5-B13F-2EE8D0FB917D): 9
LogDevObjectVersion:   Dev-Physics-Ext (35F94A83-E258-406C-A318-09F59610247C): 8
LogDevObjectVersion:   Dev-CineCamera (B2E18506-4273-CFC2-A54E-F4BB758BBA07): 1
LogInit: Presizing for max 25165824 objects, including 0 objects not considered by GC, pre-allocating 0 bytes for permanent pool.
LogInit: Object subsystem initialized
LogConfig: Setting CVar [[con.DebugEarlyDefault:1]]
LogConfig: Setting CVar [[r.setres:1280x720]]
[2020.03.31-21.43.38:477][  0]LogConfig: Setting CVar [[r.VSync:0]]
[2020.03.31-21.43.38:477][  0]LogConfig: Setting CVar [[r.RHICmdBypass:0]]
[2020.03.31-21.43.38:477][  0]LogConfig: Applying CVar settings from Section [/Script/Engine.RendererSettings] File [D:/Users/Randy/Desktop/Project_C/Project_C_UE4/Saved/Config/Windows/Engine.ini]
[2020.03.31-21.43.38:477][  0]LogConfig: Setting CVar [[r.GPUCrashDebugging:0]]
[2020.03.31-21.43.38:477][  0]LogConfig: Applying CVar settings from Section [/Script/Engine.RendererOverrideSettings] File [D:/Users/Randy/Desktop/Project_C/Project_C_UE4/Saved/Config/Windows/Engine.ini]
[2020.03.31-21.43.38:477][  0]LogConfig: Applying CVar settings from Section [/Script/Engine.StreamingSettings] File [D:/Users/Randy/Desktop/Project_C/Project_C_UE4/Saved/Config/Windows/Engine.ini]
[2020.03.31-21.43.38:477][  0]LogConfig: Setting CVar [[s.MinBulkDataSizeForAsyncLoading:131072]]
[2020.03.31-21.43.38:477][  0]LogConfig: Setting CVar [[s.AsyncLoadingThreadEnabled:0]]
[2020.03.31-21.43.38:478][  0]LogConfig: Setting CVar [[s.EventDrivenLoaderEnabled:1]]
[2020.03.31-21.43.38:478][  0]LogConfig: Setting CVar [[s.WarnIfTimeLimitExceeded:0]]
[2020.03.31-21.43.38:478][  0]LogConfig: Setting CVar [[s.TimeLimitExceededMultiplier:1.5]]
[2020.03.31-21.43.38:478][  0]LogConfig: Setting CVar [[s.TimeLimitExceededMinTime:0.005]]
[2020.03.31-21.43.38:478][  0]LogConfig: Setting CVar [[s.UseBackgroundLevelStreaming:1]]
[2020.03.31-21.43.38:478][  0]LogConfig: Setting CVar [[s.PriorityAsyncLoadingExtraTime:15.0]]
[2020.03.31-21.43.38:478][  0]LogConfig: Setting CVar [[s.LevelStreamingActorsUpdateTimeLimit:5.0]]
[2020.03.31-21.43.38:478][  0]LogConfig: Setting CVar [[s.PriorityLevelStreamingActorsUpdateExtraTime:5.0]]
[2020.03.31-21.43.38:478][  0]LogConfig: Setting CVar [[s.LevelStreamingComponentsRegistrationGranularity:10]]
[2020.03.31-21.43.38:478][  0]LogConfig: Setting CVar [[s.UnregisterComponentsTimeLimit:1.0]]
[2020.03.31-21.43.38:478][  0]LogConfig: Setting CVar [[s.LevelStreamingComponentsUnregistrationGranularity:5]]
[2020.03.31-21.43.38:478][  0]LogConfig: Setting CVar [[s.FlushStreamingOnExit:1]]
[2020.03.31-21.43.38:478][  0]LogConfig: Applying CVar settings from Section [/Script/Engine.GarbageCollectionSettings] File [D:/Users/Randy/Desktop/Project_C/Project_C_UE4/Saved/Config/Windows/Engine.ini]
[2020.03.31-21.43.38:478][  0]LogConfig: Setting CVar [[gc.MaxObjectsNotConsideredByGC:1]]
[2020.03.31-21.43.38:478][  0]LogConfig: Setting CVar [[gc.SizeOfPermanentObjectPool:0]]
[2020.03.31-21.43.38:478][  0]LogConfig: Setting CVar [[gc.FlushStreamingOnGC:0]]
[2020.03.31-21.43.38:478][  0]LogConfig: Setting CVar [[gc.NumRetriesBeforeForcingGC:10]]
[2020.03.31-21.43.38:478][  0]LogConfig: Setting CVar [[gc.AllowParallelGC:1]]
[2020.03.31-21.43.38:478][  0]LogConfig: Setting CVar [[gc.TimeBetweenPurgingPendingKillObjects:61.1]]
[2020.03.31-21.43.38:478][  0]LogConfig: Setting CVar [[gc.MaxObjectsInEditor:25165824]]
[2020.03.31-21.43.38:478][  0]LogConfig: Setting CVar [[gc.IncrementalBeginDestroyEnabled:1]]
[2020.03.31-21.43.38:478][  0]LogConfig: Setting CVar [[gc.CreateGCClusters:1]]
[2020.03.31-21.43.38:478][  0]LogConfig: Setting CVar [[gc.MinGCClusterSize:5]]
[2020.03.31-21.43.38:478][  0]LogConfig: Setting CVar [[gc.ActorClusteringEnabled:0]]
[2020.03.31-21.43.38:478][  0]LogConfig: Setting CVar [[gc.BlueprintClusteringEnabled:0]]
[2020.03.31-21.43.38:478][  0]LogConfig: Setting CVar [[gc.UseDisregardForGCOnDedicatedServers:0]]
[2020.03.31-21.43.38:478][  0]LogConfig: Applying CVar settings from Section [/Script/Engine.NetworkSettings] File [D:/Users/Randy/Desktop/Project_C/Project_C_UE4/Saved/Config/Windows/Engine.ini]
[2020.03.31-21.43.38:478][  0]LogConfig: Applying CVar settings from Section [/Script/UnrealEd.CookerSettings] File [D:/Users/Randy/Desktop/Project_C/Project_C_UE4/Saved/Config/Windows/Engine.ini]
[2020.03.31-21.43.38:481][  0]LogConfig: Applying CVar settings from Section [ViewDistanceQuality@3] File [D:/Users/Randy/Desktop/Project_C/Project_C_UE4/Saved/Config/Windows/Scalability.ini]
[2020.03.31-21.43.38:481][  0]LogConfig: Setting CVar [[r.SkeletalMeshLODBias:0]]
[2020.03.31-21.43.38:481][  0]LogConfig: Setting CVar [[r.ViewDistanceScale:1.0]]
[2020.03.31-21.43.38:481][  0]LogConfig: Applying CVar settings from Section [AntiAliasingQuality@3] File [D:/Users/Randy/Desktop/Project_C/Project_C_UE4/Saved/Config/Windows/Scalability.ini]
[2020.03.31-21.43.38:481][  0]LogConfig: Setting CVar [[r.PostProcessAAQuality:4]]
[2020.03.31-21.43.38:481][  0]LogConfig: Applying CVar settings from Section [ShadowQuality@3] File [D:/Users/Randy/Desktop/Project_C/Project_C_UE4/Saved/Config/Windows/Scalability.ini]
[2020.03.31-21.43.38:481][  0]LogConfig: Setting CVar [[r.LightFunctionQuality:1]]
[2020.03.31-21.43.38:481][  0]LogConfig: Setting CVar [[r.ShadowQuality:5]]
[2020.03.31-21.43.38:481][  0]LogConfig: Setting CVar [[r.Shadow.CSM.MaxCascades:10]]
[2020.03.31-21.43.38:481][  0]LogConfig: Setting CVar [[r.Shadow.MaxResolution:2048]]
[2020.03.31-21.43.38:481][  0]LogConfig: Setting CVar [[r.Shadow.MaxCSMResolution:2048]]
[2020.03.31-21.43.38:481][  0]LogConfig: Setting CVar [[r.Shadow.RadiusThreshold:0.01]]
[2020.03.31-21.43.38:481][  0]LogConfig: Setting CVar [[r.Shadow.DistanceScale:1.0]]
[2020.03.31-21.43.38:481][  0]LogConfig: Setting CVar [[r.Shadow.CSM.TransitionScale:1.0]]
[2020.03.31-21.43.38:481][  0]LogConfig: Setting CVar [[r.Shadow.PreShadowResolutionFactor:1.0]]
[2020.03.31-21.43.38:481][  0]LogConfig: Setting CVar [[r.DistanceFieldShadowing:1]]
[2020.03.31-21.43.38:481][  0]LogConfig: Setting CVar [[r.DistanceFieldAO:1]]
[2020.03.31-21.43.38:481][  0]LogConfig: Setting CVar [[r.AOQuality:2]]
[2020.03.31-21.43.38:481][  0]LogConfig: Setting CVar [[r.VolumetricFog:1]]
[2020.03.31-21.43.38:481][  0]LogConfig: Setting CVar [[r.VolumetricFog.GridPixelSize:8]]
[2020.03.31-21.43.38:481][  0]LogConfig: Setting CVar [[r.VolumetricFog.GridSizeZ:128]]
[2020.03.31-21.43.38:481][  0]LogConfig: Setting CVar [[r.VolumetricFog.HistoryMissSupersampleCount:4]]
[2020.03.31-21.43.38:481][  0]LogConfig: Setting CVar [[r.LightMaxDrawDistanceScale:1]]
[2020.03.31-21.43.38:481][  0]LogConfig: Setting CVar [[r.CapsuleShadows:1]]
[2020.03.31-21.43.38:481][  0]LogConfig: Applying CVar settings from Section [PostProcessQuality@3] File [D:/Users/Randy/Desktop/Project_C/Project_C_UE4/Saved/Config/Windows/Scalability.ini]
[2020.03.31-21.43.38:481][  0]LogConfig: Setting CVar [[r.MotionBlurQuality:4]]
[2020.03.31-21.43.38:481][  0]LogConfig: Setting CVar [[r.AmbientOcclusionMipLevelFactor:0.4]]
[2020.03.31-21.43.38:481][  0]LogConfig: Setting CVar [[r.AmbientOcclusionMaxQuality:100]]
[2020.03.31-21.43.38:481][  0]LogConfig: Setting CVar [[r.AmbientOcclusionLevels:-1]]
[2020.03.31-21.43.38:481][  0]LogConfig: Setting CVar [[r.AmbientOcclusionRadiusScale:1.0]]
[2020.03.31-21.43.38:481][  0]LogConfig: Setting CVar [[r.DepthOfFieldQuality:2]]
[2020.03.31-21.43.38:481][  0]LogConfig: Setting CVar [[r.RenderTargetPoolMin:400]]
[2020.03.31-21.43.38:481][  0]LogConfig: Setting CVar [[r.LensFlareQuality:2]]
[2020.03.31-21.43.38:481][  0]LogConfig: Setting CVar [[r.SceneColorFringeQuality:1]]
[2020.03.31-21.43.38:481][  0]LogConfig: Setting CVar [[r.EyeAdaptationQuality:2]]
[2020.03.31-21.43.38:481][  0]LogConfig: Setting CVar [[r.BloomQuality:5]]
[2020.03.31-21.43.38:481][  0]LogConfig: Setting CVar [[r.FastBlurThreshold:100]]
[2020.03.31-21.43.38:481][  0]LogConfig: Setting CVar [[r.Upscale.Quality:3]]
[2020.03.31-21.43.38:481][  0]LogConfig: Setting CVar [[r.Tonemapper.GrainQuantization:1]]
[2020.03.31-21.43.38:481][  0]LogConfig: Setting CVar [[r.LightShaftQuality:1]]
[2020.03.31-21.43.38:481][  0]LogConfig: Setting CVar [[r.Filter.SizeScale:1]]
[2020.03.31-21.43.38:481][  0]LogConfig: Setting CVar [[r.Tonemapper.Quality:5]]
[2020.03.31-21.43.38:481][  0]LogConfig: Setting CVar [[r.DOF.Gather.AccumulatorQuality:1        ; higher gathering accumulator quality]]
[2020.03.31-21.43.38:481][  0]LogConfig: Setting CVar [[r.DOF.Gather.PostfilterMethod:1          ; Median3x3 postfilering method]]
[2020.03.31-21.43.38:481][  0]LogConfig: Setting CVar [[r.DOF.Gather.EnableBokehSettings:0       ; no bokeh simulation when gathering]]
[2020.03.31-21.43.38:481][  0]LogConfig: Setting CVar [[r.DOF.Gather.RingCount:4                 ; medium number of samples when gathering]]
[2020.03.31-21.43.38:481][  0]LogConfig: Setting CVar [[r.DOF.Scatter.ForegroundCompositing:1    ; additive foreground scattering]]
[2020.03.31-21.43.38:481][  0]LogConfig: Setting CVar [[r.DOF.Scatter.BackgroundCompositing:2    ; additive background scattering]]
[2020.03.31-21.43.38:481][  0]LogConfig: Setting CVar [[r.DOF.Scatter.EnableBokehSettings:1      ; bokeh simulation when scattering]]
[2020.03.31-21.43.38:481][  0]LogConfig: Setting CVar [[r.DOF.Scatter.MaxSpriteRatio:0.1         ; only a maximum of 10% of scattered bokeh]]
[2020.03.31-21.43.38:481][  0]LogConfig: Setting CVar [[r.DOF.Recombine.Quality:1                ; cheap slight out of focus]]
[2020.03.31-21.43.38:481][  0]LogConfig: Setting CVar [[r.DOF.Recombine.EnableBokehSettings:0    ; no bokeh simulation on slight out of focus]]
[2020.03.31-21.43.38:481][  0]LogConfig: Setting CVar [[r.DOF.TemporalAAQuality:1                ; more stable temporal accumulation]]
[2020.03.31-21.43.38:481][  0]LogConfig: Setting CVar [[r.DOF.Kernel.MaxForegroundRadius:0.025]]
[2020.03.31-21.43.38:481][  0]LogConfig: Setting CVar [[r.DOF.Kernel.MaxBackgroundRadius:0.025]]
[2020.03.31-21.43.38:482][  0]LogConfig: Applying CVar settings from Section [TextureQuality@3] File [D:/Users/Randy/Desktop/Project_C/Project_C_UE4/Saved/Config/Windows/Scalability.ini]
[2020.03.31-21.43.38:482][  0]LogConfig: Setting CVar [[r.Streaming.MipBias:0]]
[2020.03.31-21.43.38:482][  0]LogConfig: Setting CVar [[r.Streaming.AmortizeCPUToGPUCopy:0]]
[2020.03.31-21.43.38:482][  0]LogConfig: Setting CVar [[r.Streaming.MaxNumTexturesToStreamPerFrame:0]]
[2020.03.31-21.43.38:482][  0]LogConfig: Setting CVar [[r.Streaming.Boost:1]]
[2020.03.31-21.43.38:482][  0]LogConfig: Setting CVar [[r.MaxAnisotropy:8]]
[2020.03.31-21.43.38:482][  0]LogConfig: Setting CVar [[r.VT.MaxAnisotropy:8]]
[2020.03.31-21.43.38:482][  0]LogConfig: Setting CVar [[r.Streaming.LimitPoolSizeToVRAM:0]]
[2020.03.31-21.43.38:482][  0]LogConfig: Setting CVar [[r.Streaming.PoolSize:1000]]
[2020.03.31-21.43.38:482][  0]LogConfig: Setting CVar [[r.Streaming.MaxEffectiveScreenSize:0]]
[2020.03.31-21.43.38:482][  0]LogConfig: Applying CVar settings from Section [EffectsQuality@3] File [D:/Users/Randy/Desktop/Project_C/Project_C_UE4/Saved/Config/Windows/Scalability.ini]
[2020.03.31-21.43.38:482][  0]LogConfig: Setting CVar [[r.TranslucencyLightingVolumeDim:64]]
[2020.03.31-21.43.38:482][  0]LogConfig: Setting CVar [[r.RefractionQuality:2]]
[2020.03.31-21.43.38:482][  0]LogConfig: Setting CVar [[r.SSR.Quality:3]]
[2020.03.31-21.43.38:482][  0]LogConfig: Setting CVar [[r.SSR.HalfResSceneColor:0]]
[2020.03.31-21.43.38:482][  0]LogConfig: Setting CVar [[r.SceneColorFormat:4]]
[2020.03.31-21.43.38:482][  0]LogConfig: Setting CVar [[r.DetailMode:2]]
[2020.03.31-21.43.38:482][  0]LogConfig: Setting CVar [[r.TranslucencyVolumeBlur:1]]
[2020.03.31-21.43.38:482][  0]LogConfig: Setting CVar [[r.MaterialQualityLevel:1 ; High quality]]
[2020.03.31-21.43.38:482][  0]LogConfig: Setting CVar [[r.SSS.Scale:1]]
[2020.03.31-21.43.38:482][  0]LogConfig: Setting CVar [[r.SSS.SampleSet:2]]
[2020.03.31-21.43.38:482][  0]LogConfig: Setting CVar [[r.SSS.Quality:1]]
[2020.03.31-21.43.38:482][  0]LogConfig: Setting CVar [[r.SSS.HalfRes:1]]
[2020.03.31-21.43.38:482][  0]LogConfig: Setting CVar [[r.SSGI.Quality:3]]
[2020.03.31-21.43.38:482][  0]LogConfig: Setting CVar [[r.EmitterSpawnRateScale:1.0]]
[2020.03.31-21.43.38:482][  0]LogConfig: Setting CVar [[r.ParticleLightQuality:2]]
[2020.03.31-21.43.38:482][  0]LogConfig: Setting CVar [[r.SkyAtmosphere.AerialPerspectiveLUT.FastApplyOnOpaque:1 ; Always have FastSkyLUT 1 in this case to avoid wrong sky]]
[2020.03.31-21.43.38:482][  0]LogConfig: Setting CVar [[r.SkyAtmosphere.AerialPerspectiveLUT.SampleCountPerSlice:1]]
[2020.03.31-21.43.38:482][  0]LogConfig: Setting CVar [[r.SkyAtmosphere.AerialPerspectiveLUT.DepthResolution:16.0]]
[2020.03.31-21.43.38:482][  0]LogConfig: Setting CVar [[r.SkyAtmosphere.FastSkyLUT:1]]
[2020.03.31-21.43.38:482][  0]LogConfig: Setting CVar [[r.SkyAtmosphere.FastSkyLUT.SampleCountMin:4.0]]
[2020.03.31-21.43.38:482][  0]LogConfig: Setting CVar [[r.SkyAtmosphere.FastSkyLUT.SampleCountMax:32.0]]
[2020.03.31-21.43.38:482][  0]LogConfig: Setting CVar [[r.SkyAtmosphere.SampleCountMin:4.0]]
[2020.03.31-21.43.38:482][  0]LogConfig: Setting CVar [[r.SkyAtmosphere.SampleCountMax:32.0]]
[2020.03.31-21.43.38:482][  0]LogConfig: Setting CVar [[r.SkyAtmosphere.TransmittanceLUT.UseSmallFormat:0]]
[2020.03.31-21.43.38:482][  0]LogConfig: Setting CVar [[r.SkyAtmosphere.TransmittanceLUT.SampleCount:10.0]]
[2020.03.31-21.43.38:482][  0]LogConfig: Setting CVar [[r.SkyAtmosphere.MultiScatteringLUT.SampleCount:15.0]]
[2020.03.31-21.43.38:482][  0]LogConfig: Applying CVar settings from Section [FoliageQuality@3] File [D:/Users/Randy/Desktop/Project_C/Project_C_UE4/Saved/Config/Windows/Scalability.ini]
[2020.03.31-21.43.38:482][  0]LogConfig: Setting CVar [[foliage.DensityScale:1.0]]
[2020.03.31-21.43.38:482][  0]LogConfig: Setting CVar [[grass.DensityScale:1.0]]
[2020.03.31-21.43.38:482][  0]LogConfig: Applying CVar settings from Section [ShadingQuality@3] File [D:/Users/Randy/Desktop/Project_C/Project_C_UE4/Saved/Config/Windows/Scalability.ini]
[2020.03.31-21.43.38:482][  0]LogConfig: Setting CVar [[r.HairStrands.SkyLighting.SampleCount:16]]
[2020.03.31-21.43.38:482][  0]LogConfig: Setting CVar [[r.HairStrands.SkyLighting.JitterIntegration:0]]
[2020.03.31-21.43.38:482][  0]LogConfig: Setting CVar [[r.HairStrands.SkyAO.SampleCount:16]]
[2020.03.31-21.43.38:482][  0]LogInit: Selected Device Profile: [Windows]
[2020.03.31-21.43.38:482][  0]LogInit: Applying CVar settings loaded from the selected device profile: [Windows]
[2020.03.31-21.43.38:488][  0]LogHAL: Display: Platform has ~ 16 GB [17041510400 / 17179869184 / 16], which maps to Larger [LargestMinGB=32, LargerMinGB=12, DefaultMinGB=8, SmallerMinGB=6, SmallestMinGB=0)
[2020.03.31-21.43.38:488][  0]LogInit: Going up to parent DeviceProfile []
[2020.03.31-21.43.38:489][  0]LogConfig: Applying CVar settings from Section [ViewDistanceQuality@3] File [D:/Users/Randy/Desktop/Project_C/Project_C_UE4/Saved/Config/Windows/Scalability.ini]
[2020.03.31-21.43.38:489][  0]LogConfig: Setting CVar [[r.SkeletalMeshLODBias:0]]
[2020.03.31-21.43.38:489][  0]LogConfig: Setting CVar [[r.ViewDistanceScale:1.0]]
[2020.03.31-21.43.38:489][  0]LogConfig: Applying CVar settings from Section [AntiAliasingQuality@3] File [D:/Users/Randy/Desktop/Project_C/Project_C_UE4/Saved/Config/Windows/Scalability.ini]
[2020.03.31-21.43.38:489][  0]LogConfig: Setting CVar [[r.PostProcessAAQuality:4]]
[2020.03.31-21.43.38:489][  0]LogConfig: Applying CVar settings from Section [ShadowQuality@3] File [D:/Users/Randy/Desktop/Project_C/Project_C_UE4/Saved/Config/Windows/Scalability.ini]
[2020.03.31-21.43.38:489][  0]LogConfig: Setting CVar [[r.LightFunctionQuality:1]]
[2020.03.31-21.43.38:489][  0]LogConfig: Setting CVar [[r.ShadowQuality:5]]
[2020.03.31-21.43.38:489][  0]LogConfig: Setting CVar [[r.Shadow.CSM.MaxCascades:10]]
[2020.03.31-21.43.38:489][  0]LogConfig: Setting CVar [[r.Shadow.MaxResolution:2048]]
[2020.03.31-21.43.38:489][  0]LogConfig: Setting CVar [[r.Shadow.MaxCSMResolution:2048]]
[2020.03.31-21.43.38:489][  0]LogConfig: Setting CVar [[r.Shadow.RadiusThreshold:0.01]]
[2020.03.31-21.43.38:489][  0]LogConfig: Setting CVar [[r.Shadow.DistanceScale:1.0]]
[2020.03.31-21.43.38:489][  0]LogConfig: Setting CVar [[r.Shadow.CSM.TransitionScale:1.0]]
[2020.03.31-21.43.38:489][  0]LogConfig: Setting CVar [[r.Shadow.PreShadowResolutionFactor:1.0]]
[2020.03.31-21.43.38:489][  0]LogConfig: Setting CVar [[r.DistanceFieldShadowing:1]]
[2020.03.31-21.43.38:489][  0]LogConfig: Setting CVar [[r.DistanceFieldAO:1]]
[2020.03.31-21.43.38:489][  0]LogConfig: Setting CVar [[r.AOQuality:2]]
[2020.03.31-21.43.38:489][  0]LogConfig: Setting CVar [[r.VolumetricFog:1]]
[2020.03.31-21.43.38:489][  0]LogConfig: Setting CVar [[r.VolumetricFog.GridPixelSize:8]]
[2020.03.31-21.43.38:489][  0]LogConfig: Setting CVar [[r.VolumetricFog.GridSizeZ:128]]
[2020.03.31-21.43.38:489][  0]LogConfig: Setting CVar [[r.VolumetricFog.HistoryMissSupersampleCount:4]]
[2020.03.31-21.43.38:489][  0]LogConfig: Setting CVar [[r.LightMaxDrawDistanceScale:1]]
[2020.03.31-21.43.38:489][  0]LogConfig: Setting CVar [[r.CapsuleShadows:1]]
[2020.03.31-21.43.38:489][  0]LogConfig: Applying CVar settings from Section [PostProcessQuality@3] File [D:/Users/Randy/Desktop/Project_C/Project_C_UE4/Saved/Config/Windows/Scalability.ini]
[2020.03.31-21.43.38:489][  0]LogConfig: Setting CVar [[r.MotionBlurQuality:4]]
[2020.03.31-21.43.38:489][  0]LogConfig: Setting CVar [[r.AmbientOcclusionMipLevelFactor:0.4]]
[2020.03.31-21.43.38:489][  0]LogConfig: Setting CVar [[r.AmbientOcclusionMaxQuality:100]]
[2020.03.31-21.43.38:489][  0]LogConfig: Setting CVar [[r.AmbientOcclusionLevels:-1]]
[2020.03.31-21.43.38:489][  0]LogConfig: Setting CVar [[r.AmbientOcclusionRadiusScale:1.0]]
[2020.03.31-21.43.38:489][  0]LogConfig: Setting CVar [[r.DepthOfFieldQuality:2]]
[2020.03.31-21.43.38:489][  0]LogConfig: Setting CVar [[r.RenderTargetPoolMin:400]]
[2020.03.31-21.43.38:489][  0]LogConfig: Setting CVar [[r.LensFlareQuality:2]]
[2020.03.31-21.43.38:489][  0]LogConfig: Setting CVar [[r.SceneColorFringeQuality:1]]
[2020.03.31-21.43.38:489][  0]LogConfig: Setting CVar [[r.EyeAdaptationQuality:2]]
[2020.03.31-21.43.38:489][  0]LogConfig: Setting CVar [[r.BloomQuality:5]]
[2020.03.31-21.43.38:489][  0]LogConfig: Setting CVar [[r.FastBlurThreshold:100]]
[2020.03.31-21.43.38:489][  0]LogConfig: Setting CVar [[r.Upscale.Quality:3]]
[2020.03.31-21.43.38:489][  0]LogConfig: Setting CVar [[r.Tonemapper.GrainQuantization:1]]
[2020.03.31-21.43.38:489][  0]LogConfig: Setting CVar [[r.LightShaftQuality:1]]
[2020.03.31-21.43.38:489][  0]LogConfig: Setting CVar [[r.Filter.SizeScale:1]]
[2020.03.31-21.43.38:489][  0]LogConfig: Setting CVar [[r.Tonemapper.Quality:5]]
[2020.03.31-21.43.38:489][  0]LogConfig: Setting CVar [[r.DOF.Gather.AccumulatorQuality:1        ; higher gathering accumulator quality]]
[2020.03.31-21.43.38:489][  0]LogConfig: Setting CVar [[r.DOF.Gather.PostfilterMethod:1          ; Median3x3 postfilering method]]
[2020.03.31-21.43.38:489][  0]LogConfig: Setting CVar [[r.DOF.Gather.EnableBokehSettings:0       ; no bokeh simulation when gathering]]
[2020.03.31-21.43.38:489][  0]LogConfig: Setting CVar [[r.DOF.Gather.RingCount:4                 ; medium number of samples when gathering]]
[2020.03.31-21.43.38:489][  0]LogConfig: Setting CVar [[r.DOF.Scatter.ForegroundCompositing:1    ; additive foreground scattering]]
[2020.03.31-21.43.38:489][  0]LogConfig: Setting CVar [[r.DOF.Scatter.BackgroundCompositing:2    ; additive background scattering]]
[2020.03.31-21.43.38:489][  0]LogConfig: Setting CVar [[r.DOF.Scatter.EnableBokehSettings:1      ; bokeh simulation when scattering]]
[2020.03.31-21.43.38:489][  0]LogConfig: Setting CVar [[r.DOF.Scatter.MaxSpriteRatio:0.1         ; only a maximum of 10% of scattered bokeh]]
[2020.03.31-21.43.38:489][  0]LogConfig: Setting CVar [[r.DOF.Recombine.Quality:1                ; cheap slight out of focus]]
[2020.03.31-21.43.38:489][  0]LogConfig: Setting CVar [[r.DOF.Recombine.EnableBokehSettings:0    ; no bokeh simulation on slight out of focus]]
[2020.03.31-21.43.38:489][  0]LogConfig: Setting CVar [[r.DOF.TemporalAAQuality:1                ; more stable temporal accumulation]]
[2020.03.31-21.43.38:489][  0]LogConfig: Setting CVar [[r.DOF.Kernel.MaxForegroundRadius:0.025]]
[2020.03.31-21.43.38:489][  0]LogConfig: Setting CVar [[r.DOF.Kernel.MaxBackgroundRadius:0.025]]
[2020.03.31-21.43.38:489][  0]LogConfig: Applying CVar settings from Section [TextureQuality@3] File [D:/Users/Randy/Desktop/Project_C/Project_C_UE4/Saved/Config/Windows/Scalability.ini]
[2020.03.31-21.43.38:489][  0]LogConfig: Setting CVar [[r.Streaming.MipBias:0]]
[2020.03.31-21.43.38:489][  0]LogConfig: Setting CVar [[r.Streaming.AmortizeCPUToGPUCopy:0]]
[2020.03.31-21.43.38:489][  0]LogConfig: Setting CVar [[r.Streaming.MaxNumTexturesToStreamPerFrame:0]]
[2020.03.31-21.43.38:489][  0]LogConfig: Setting CVar [[r.Streaming.Boost:1]]
[2020.03.31-21.43.38:489][  0]LogConfig: Setting CVar [[r.MaxAnisotropy:8]]
[2020.03.31-21.43.38:489][  0]LogConfig: Setting CVar [[r.VT.MaxAnisotropy:8]]
[2020.03.31-21.43.38:489][  0]LogConfig: Setting CVar [[r.Streaming.LimitPoolSizeToVRAM:0]]
[2020.03.31-21.43.38:489][  0]LogConfig: Setting CVar [[r.Streaming.PoolSize:1000]]
[2020.03.31-21.43.38:489][  0]LogConfig: Setting CVar [[r.Streaming.MaxEffectiveScreenSize:0]]
[2020.03.31-21.43.38:489][  0]LogConfig: Applying CVar settings from Section [EffectsQuality@3] File [D:/Users/Randy/Desktop/Project_C/Project_C_UE4/Saved/Config/Windows/Scalability.ini]
[2020.03.31-21.43.38:489][  0]LogConfig: Setting CVar [[r.TranslucencyLightingVolumeDim:64]]
[2020.03.31-21.43.38:489][  0]LogConfig: Setting CVar [[r.RefractionQuality:2]]
[2020.03.31-21.43.38:489][  0]LogConfig: Setting CVar [[r.SSR.Quality:3]]
[2020.03.31-21.43.38:489][  0]LogConfig: Setting CVar [[r.SSR.HalfResSceneColor:0]]
[2020.03.31-21.43.38:489][  0]LogConfig: Setting CVar [[r.SceneColorFormat:4]]
[2020.03.31-21.43.38:489][  0]LogConfig: Setting CVar [[r.DetailMode:2]]
[2020.03.31-21.43.38:489][  0]LogConfig: Setting CVar [[r.TranslucencyVolumeBlur:1]]
[2020.03.31-21.43.38:489][  0]LogConfig: Setting CVar [[r.MaterialQualityLevel:1 ; High quality]]
[2020.03.31-21.43.38:489][  0]LogConfig: Setting CVar [[r.SSS.Scale:1]]
[2020.03.31-21.43.38:489][  0]LogConfig: Setting CVar [[r.SSS.SampleSet:2]]
[2020.03.31-21.43.38:489][  0]LogConfig: Setting CVar [[r.SSS.Quality:1]]
[2020.03.31-21.43.38:489][  0]LogConfig: Setting CVar [[r.SSS.HalfRes:1]]
[2020.03.31-21.43.38:490][  0]LogConfig: Setting CVar [[r.SSGI.Quality:3]]
[2020.03.31-21.43.38:490][  0]LogConfig: Setting CVar [[r.EmitterSpawnRateScale:1.0]]
[2020.03.31-21.43.38:490][  0]LogConfig: Setting CVar [[r.ParticleLightQuality:2]]
[2020.03.31-21.43.38:490][  0]LogConfig: Setting CVar [[r.SkyAtmosphere.AerialPerspectiveLUT.FastApplyOnOpaque:1 ; Always have FastSkyLUT 1 in this case to avoid wrong sky]]
[2020.03.31-21.43.38:490][  0]LogConfig: Setting CVar [[r.SkyAtmosphere.AerialPerspectiveLUT.SampleCountPerSlice:1]]
[2020.03.31-21.43.38:490][  0]LogConfig: Setting CVar [[r.SkyAtmosphere.AerialPerspectiveLUT.DepthResolution:16.0]]
[2020.03.31-21.43.38:490][  0]LogConfig: Setting CVar [[r.SkyAtmosphere.FastSkyLUT:1]]
[2020.03.31-21.43.38:490][  0]LogConfig: Setting CVar [[r.SkyAtmosphere.FastSkyLUT.SampleCountMin:4.0]]
[2020.03.31-21.43.38:490][  0]LogConfig: Setting CVar [[r.SkyAtmosphere.FastSkyLUT.SampleCountMax:32.0]]
[2020.03.31-21.43.38:490][  0]LogConfig: Setting CVar [[r.SkyAtmosphere.SampleCountMin:4.0]]
[2020.03.31-21.43.38:490][  0]LogConfig: Setting CVar [[r.SkyAtmosphere.SampleCountMax:32.0]]
[2020.03.31-21.43.38:490][  0]LogConfig: Setting CVar [[r.SkyAtmosphere.TransmittanceLUT.UseSmallFormat:0]]
[2020.03.31-21.43.38:490][  0]LogConfig: Setting CVar [[r.SkyAtmosphere.TransmittanceLUT.SampleCount:10.0]]
[2020.03.31-21.43.38:490][  0]LogConfig: Setting CVar [[r.SkyAtmosphere.MultiScatteringLUT.SampleCount:15.0]]
[2020.03.31-21.43.38:490][  0]LogConfig: Applying CVar settings from Section [FoliageQuality@3] File [D:/Users/Randy/Desktop/Project_C/Project_C_UE4/Saved/Config/Windows/Scalability.ini]
[2020.03.31-21.43.38:490][  0]LogConfig: Setting CVar [[foliage.DensityScale:1.0]]
[2020.03.31-21.43.38:490][  0]LogConfig: Setting CVar [[grass.DensityScale:1.0]]
[2020.03.31-21.43.38:490][  0]LogConfig: Applying CVar settings from Section [ShadingQuality@3] File [D:/Users/Randy/Desktop/Project_C/Project_C_UE4/Saved/Config/Windows/Scalability.ini]
[2020.03.31-21.43.38:490][  0]LogConfig: Setting CVar [[r.HairStrands.SkyLighting.SampleCount:16]]
[2020.03.31-21.43.38:490][  0]LogConfig: Setting CVar [[r.HairStrands.SkyLighting.JitterIntegration:0]]
[2020.03.31-21.43.38:490][  0]LogConfig: Setting CVar [[r.HairStrands.SkyAO.SampleCount:16]]
[2020.03.31-21.43.38:490][  0]LogConfig: Applying CVar settings from Section [Startup] File [../../../Engine/Config/ConsoleVariables.ini]
[2020.03.31-21.43.38:495][  0]LogConfig: Setting CVar [[net.UseAdaptiveNetUpdateFrequency:0]]
[2020.03.31-21.43.38:495][  0]LogConfig: Setting CVar [[p.chaos.AllowCreatePhysxBodies:1]]
[2020.03.31-21.43.38:495][  0]LogConfig: Applying CVar settings from Section [ConsoleVariables] File [D:/Users/Randy/Desktop/Project_C/Project_C_UE4/Saved/Config/Windows/Engine.ini]
[2020.03.31-21.43.38:495][  0]LogInit: Computer: DESKTOP-RDHKLDC
[2020.03.31-21.43.38:496][  0]LogInit: User: Randy
[2020.03.31-21.43.38:496][  0]LogInit: CPU Page size=4096, Cores=4
[2020.03.31-21.43.38:496][  0]LogInit: High frequency timer resolution =10.000000 MHz
[2020.03.31-21.43.38:496][  0]LogMemory: Memory total: Physical=15.9GB (16GB approx)
[2020.03.31-21.43.38:496][  0]LogMemory: Platform Memory Stats for Windows
[2020.03.31-21.43.38:496][  0]LogMemory: Process Physical Memory: 105.36 MB used, 105.37 MB peak
[2020.03.31-21.43.38:496][  0]LogMemory: Process Virtual Memory: 100.36 MB used, 100.36 MB peak
[2020.03.31-21.43.38:496][  0]LogMemory: Physical Memory: 7984.72 MB used,  8267.33 MB free, 16252.05 MB total
[2020.03.31-21.43.38:496][  0]LogMemory: Virtual Memory: 5152.00 MB used,  134212576.00 MB free, 134217728.00 MB total
[2020.03.31-21.43.38:498][  0]LogWindows: WindowsPlatformFeatures enabled
[2020.03.31-21.43.38:698][  0]LogInit: Using OS detected language (en-US).
[2020.03.31-21.43.38:698][  0]LogInit: Using OS detected locale (en-US).
[2020.03.31-21.43.38:699][  0]LogTextLocalizationManager: No specific localization for 'en-US' exists, so the 'en' localization will be used.
[2020.03.31-21.43.38:903][  0]LogInit: Setting process to per monitor DPI aware
[2020.03.31-21.43.38:983][  0]LogSlate: New Slate User Created.  User Index 0, Is Virtual User: 0
[2020.03.31-21.43.38:983][  0]LogSlate: Slate User Registered.  User Index 0, Is Virtual User: 0
[2020.03.31-21.43.41:520][  0]LogHMD: Failed to initialize OpenVR with code 110
[2020.03.31-21.43.41:520][  0]LogD3D11RHI: D3D11 min allowed feature level: 11_0
[2020.03.31-21.43.41:520][  0]LogD3D11RHI: D3D11 max allowed feature level: 11_0
[2020.03.31-21.43.41:520][  0]LogD3D11RHI: D3D11 adapters:
[2020.03.31-21.43.41:572][  0]LogD3D11RHI:    0. 'NVIDIA GeForce GTX 1060 6GB' (Feature Level 11_0)
[2020.03.31-21.43.41:572][  0]LogD3D11RHI:       6052/0/8126 MB DedicatedVideo/DedicatedSystem/SharedSystem, Outputs:1, VendorId:0x10de
[2020.03.31-21.43.41:594][  0]LogD3D11RHI:    1. 'Intel(R) HD Graphics 530' (Feature Level 11_0)
[2020.03.31-21.43.41:594][  0]LogD3D11RHI:       128/0/8126 MB DedicatedVideo/DedicatedSystem/SharedSystem, Outputs:1, VendorId:0x8086
[2020.03.31-21.43.41:595][  0]LogD3D11RHI:    2. 'Microsoft Basic Render Driver' (Feature Level 11_0)
[2020.03.31-21.43.41:596][  0]LogD3D11RHI:       0/0/8126 MB DedicatedVideo/DedicatedSystem/SharedSystem, Outputs:0, VendorId:0x1414
[2020.03.31-21.43.41:596][  0]LogD3D11RHI: Chosen D3D11 Adapter: 0
[2020.03.31-21.43.41:603][  0]LogD3D11RHI: Creating new Direct3DDevice
[2020.03.31-21.43.41:603][  0]LogD3D11RHI:     GPU DeviceId: 0x1c03 (for the marketing name, search the web for "GPU Device Id")
[2020.03.31-21.43.41:603][  0]LogWindows: EnumDisplayDevices:
[2020.03.31-21.43.41:604][  0]LogWindows:    0. 'Intel(R) HD Graphics 530' (P:0 D:1)
[2020.03.31-21.43.41:604][  0]LogWindows:    1. 'Intel(R) HD Graphics 530' (P:0 D:0)
[2020.03.31-21.43.41:604][  0]LogWindows:    2. 'Intel(R) HD Graphics 530' (P:0 D:0)
[2020.03.31-21.43.41:604][  0]LogWindows:    3. 'NVIDIA GeForce GTX 1060 6GB' (P:1 D:1)
[2020.03.31-21.43.41:604][  0]LogWindows:    4. 'NVIDIA GeForce GTX 1060 6GB' (P:0 D:0)
[2020.03.31-21.43.41:605][  0]LogWindows:    5. 'NVIDIA GeForce GTX 1060 6GB' (P:0 D:0)
[2020.03.31-21.43.41:605][  0]LogWindows:    6. 'NVIDIA GeForce GTX 1060 6GB' (P:0 D:0)
[2020.03.31-21.43.41:605][  0]LogWindows: DebugString: PrimaryIsNotTheChoosenAdapter PrimaryIsNotTheChoosenAdapter PrimaryIsNotTheChoosenAdapter FoundDriverCount:4 
[2020.03.31-21.43.41:605][  0]LogD3D11RHI:     Adapter Name: NVIDIA GeForce GTX 1060 6GB
[2020.03.31-21.43.41:605][  0]LogD3D11RHI:   Driver Version: 432.00 (internal:26.21.14.3200, unified:432.00)
[2020.03.31-21.43.41:605][  0]LogD3D11RHI:      Driver Date: 7-24-2019
[2020.03.31-21.43.41:605][  0]LogRHI: Texture pool is 4236 MB (70% of 6052 MB)
[2020.03.31-21.43.41:645][  0]LogD3D11RHI: RHI has support for 64 bit atomics
[2020.03.31-21.43.41:645][  0]LogD3D11RHI: Async texture creation enabled
[2020.03.31-21.43.41:706][  0]LogD3D11RHI: GPU Timing Frequency: 1000.000000 (Debug: 2 1)
[2020.03.31-21.43.42:165][  0]LogTargetPlatformManager: Display: Loaded TargetPlatform 'AllDesktop'
[2020.03.31-21.43.42:208][  0]LogTargetPlatformManager: Display: Loaded TargetPlatform 'Android'
[2020.03.31-21.43.42:208][  0]LogTargetPlatformManager: Display: Loaded TargetPlatform 'Android_ASTC'
[2020.03.31-21.43.42:208][  0]LogTargetPlatformManager: Display: Loaded TargetPlatform 'Android_ATC'
[2020.03.31-21.43.42:208][  0]LogTargetPlatformManager: Display: Loaded TargetPlatform 'Android_DXT'
[2020.03.31-21.43.42:208][  0]LogTargetPlatformManager: Display: Loaded TargetPlatform 'Android_ETC1'
[2020.03.31-21.43.42:208][  0]LogTargetPlatformManager: Display: Loaded TargetPlatform 'Android_ETC1a'
[2020.03.31-21.43.42:208][  0]LogTargetPlatformManager: Display: Loaded TargetPlatform 'Android_ETC2'
[2020.03.31-21.43.42:208][  0]LogTargetPlatformManager: Display: Loaded TargetPlatform 'Android_PVRTC'
[2020.03.31-21.43.42:208][  0]LogTargetPlatformManager: Display: Loaded TargetPlatform 'AndroidClient'
[2020.03.31-21.43.42:208][  0]LogTargetPlatformManager: Display: Loaded TargetPlatform 'Android_ASTCClient'
[2020.03.31-21.43.42:208][  0]LogTargetPlatformManager: Display: Loaded TargetPlatform 'Android_ATCClient'
[2020.03.31-21.43.42:208][  0]LogTargetPlatformManager: Display: Loaded TargetPlatform 'Android_DXTClient'
[2020.03.31-21.43.42:208][  0]LogTargetPlatformManager: Display: Loaded TargetPlatform 'Android_ETC1Client'
[2020.03.31-21.43.42:208][  0]LogTargetPlatformManager: Display: Loaded TargetPlatform 'Android_ETC1aClient'
[2020.03.31-21.43.42:208][  0]LogTargetPlatformManager: Display: Loaded TargetPlatform 'Android_ETC2Client'
[2020.03.31-21.43.42:208][  0]LogTargetPlatformManager: Display: Loaded TargetPlatform 'Android_PVRTCClient'
[2020.03.31-21.43.42:208][  0]LogTargetPlatformManager: Display: Loaded TargetPlatform 'Android_Multi'
[2020.03.31-21.43.42:208][  0]LogTargetPlatformManager: Display: Loaded TargetPlatform 'Android_MultiClient'
[2020.03.31-21.43.42:265][  0]LogTargetPlatformManager: Display: Loaded TargetPlatform 'IOSClient'
[2020.03.31-21.43.42:265][  0]LogTargetPlatformManager: Display: Loaded TargetPlatform 'IOS'
[2020.03.31-21.43.42:282][  0]LogTargetPlatformManager: Display: Loaded TargetPlatform 'LinuxNoEditor'
[2020.03.31-21.43.42:299][  0]LogTargetPlatformManager: Display: Loaded TargetPlatform 'LinuxClient'
[2020.03.31-21.43.42:316][  0]LogTargetPlatformManager: Display: Loaded TargetPlatform 'LinuxServer'
[2020.03.31-21.43.42:332][  0]LogTargetPlatformManager: Display: Loaded TargetPlatform 'LinuxAArch64NoEditor'
[2020.03.31-21.43.42:348][  0]LogTargetPlatformManager: Display: Loaded TargetPlatform 'LinuxAArch64Client'
[2020.03.31-21.43.42:376][  0]LogTargetPlatformManager: Display: Loaded TargetPlatform 'LinuxAArch64Server'
[2020.03.31-21.43.42:420][  0]LogTargetPlatformManager: Display: Loaded TargetPlatform 'Lumin'
[2020.03.31-21.43.42:420][  0]LogTargetPlatformManager: Display: Loaded TargetPlatform 'LuminClient'
[2020.03.31-21.43.42:455][  0]LogTargetPlatformManager: Display: Loaded TargetPlatform 'TVOSClient'
[2020.03.31-21.43.42:455][  0]LogTargetPlatformManager: Display: Loaded TargetPlatform 'TVOS'
[2020.03.31-21.43.42:481][  0]LogTargetPlatformManager: Display: Loaded TargetPlatform 'WindowsNoEditor'
[2020.03.31-21.43.42:502][  0]LogTargetPlatformManager: Display: Loaded TargetPlatform 'Windows'
[2020.03.31-21.43.42:522][  0]LogTargetPlatformManager: Display: Loaded TargetPlatform 'WindowsClient'
[2020.03.31-21.43.42:545][  0]LogTargetPlatformManager: Display: Loaded TargetPlatform 'WindowsServer'
[2020.03.31-21.43.42:545][  0]LogTargetPlatformManager: Display: Building Assets For Windows
[2020.03.31-21.43.42:602][  0]LogAudioDebug: Display: Lib vorbis DLL was dynamically loaded.
[2020.03.31-21.43.42:873][  0]LogShaderCompilers: Guid format shader working directory is -1 characters bigger than the processId version (D:/Users/Randy/Desktop/Project_C/Project_C_UE4/Intermediate/Shaders/WorkingDirectory/10680/).
[2020.03.31-21.43.42:873][  0]LogShaderCompilers: Cleaned the shader compiler working directory 'C:/Users/Randy/AppData/Local/Temp/UnrealShaderWorkingDir/B171857E4615824454E6FDB7D10BE04C/'.
[2020.03.31-21.43.42:874][  0]LogXGEController: Cleaning working directory: C:/Users/Randy/AppData/Local/Temp/UnrealXGEWorkingDir/
[2020.03.31-21.43.42:874][  0]LogXGEController: Cannot use XGE Controller as Incredibuild is not installed on this machine.
[2020.03.31-21.43.42:874][  0]LogShaderCompilers: Cannot use XGE Shader Compiler as Incredibuild is not installed on this machine.
[2020.03.31-21.43.42:874][  0]LogShaderCompilers: Display: Using Local Shader Compiler.
[2020.03.31-21.43.45:147][  0]LogDerivedDataCache: Display: Max Cache Size: 512 MB
[2020.03.31-21.43.45:199][  0]LogDerivedDataCache: Loaded boot cache 0.05s 78MB C:/Users/Randy/AppData/Local/UnrealEngine/4.24/DerivedDataCache/Boot.ddc.
[2020.03.31-21.43.45:200][  0]LogDerivedDataCache: Display: Loaded Boot cache: C:/Users/Randy/AppData/Local/UnrealEngine/4.24/DerivedDataCache/Boot.ddc
[2020.03.31-21.43.45:200][  0]LogDerivedDataCache: FDerivedDataBackendGraph:  Pak pak cache file D:/Users/Randy/Desktop/Project_C/Project_C_UE4/DerivedDataCache/DDC.ddp not found, will not use a pak cache.
[2020.03.31-21.43.45:200][  0]LogDerivedDataCache: Unable to find inner node Pak for hierarchical cache Hierarchy.
[2020.03.31-21.43.45:200][  0]LogDerivedDataCache: FDerivedDataBackendGraph:  CompressedPak pak cache file D:/Users/Randy/Desktop/Project_C/Project_C_UE4/DerivedDataCache/Compressed.ddp not found, will not use a pak cache.
[2020.03.31-21.43.45:200][  0]LogDerivedDataCache: Unable to find inner node CompressedPak for hierarchical cache Hierarchy.
[2020.03.31-21.43.45:217][  0]LogDerivedDataCache: Display: Pak cache opened for reading ../../../Engine/DerivedDataCache/Compressed.ddp.
[2020.03.31-21.43.45:217][  0]LogDerivedDataCache: FDerivedDataBackendGraph:  EnterprisePak pak cache file ../../../Enterprise/DerivedDataCache/Compressed.ddp not found, will not use a pak cache.
[2020.03.31-21.43.45:217][  0]LogDerivedDataCache: Unable to find inner node EnterprisePak for hierarchical cache Hierarchy.
[2020.03.31-21.43.45:218][  0]LogDerivedDataCache: Using Local data cache path C:/Users/Randy/AppData/Local/UnrealEngine/Common/DerivedDataCache: Writable
[2020.03.31-21.43.45:218][  0]LogDerivedDataCache: Shared data cache path not found in *engine.ini, will not use an Shared cache.
[2020.03.31-21.43.45:218][  0]LogDerivedDataCache: Unable to find inner node Shared for hierarchical cache Hierarchy.
[2020.03.31-21.43.45:241][  0]LogMaterial: Verifying Global Shaders for PCD3D_SM5
[2020.03.31-21.43.45:243][  0]LogSlate: Using FreeType 2.10.0
[2020.03.31-21.43.45:255][  0]LogSlate: SlateFontServices - WITH_FREETYPE: 1, WITH_HARFBUZZ: 1
[2020.03.31-21.43.45:417][  0]LogAssetRegistry: FAssetRegistry took 0.0020 seconds to start up
[2020.03.31-21.43.45:660][  0]LogInit: Selected Device Profile: [Windows]
[2020.03.31-21.43.45:986][  0]LogMeshReduction: Using QuadricMeshReduction for automatic static mesh reduction
[2020.03.31-21.43.45:986][  0]LogMeshReduction: Using SimplygonMeshReduction for automatic skeletal mesh reduction
[2020.03.31-21.43.45:986][  0]LogMeshReduction: Using ProxyLODMeshReduction for automatic mesh merging
[2020.03.31-21.43.45:986][  0]LogMeshReduction: No distributed automatic mesh merging module available
[2020.03.31-21.43.45:986][  0]LogMeshMerging: No distributed automatic mesh merging module available
[2020.03.31-21.43.46:013][  0]LogNetVersion: Project_C 1.0.0, NetCL: 10570792, EngineNetVer: 13, GameNetVer: 0 (Checksum: 3451845409)
[2020.03.31-21.43.48:981][  0]LogPackageLocalizationCache: Processed 10 localized package path(s) for 1 prioritized culture(s) in 0.038920 seconds
[2020.03.31-21.43.48:987][  0]LogUObjectArray: 46750 objects as part of root set at end of initial load.
[2020.03.31-21.43.48:987][  0]LogUObjectAllocator: 8137160 out of 0 bytes used by permanent object pool.
[2020.03.31-21.43.48:987][  0]LogUObjectArray: CloseDisregardForGC: 0/0 objects in disregard for GC pool
[2020.03.31-21.43.52:134][  0]LogTcpMessaging: Initializing TcpMessaging bridge
[2020.03.31-21.43.52:165][  0]LogUdpMessaging: Initializing bridge on interface 0.0.0.0:0 to multicast group 230.0.0.1:6666.
[2020.03.31-21.43.52:736][  0]SourceControl: Source control is disabled
[2020.03.31-21.43.52:736][  0]SourceControl: Source control is disabled
[2020.03.31-21.43.52:797][  0]SourceControl: Source control is disabled
[2020.03.31-21.43.52:852][  0]SourceControl: Source control is disabled
[2020.03.31-21.43.52:891][  0]SourceControl: Source control is disabled
[2020.03.31-21.43.53:949][  0]LogAndroidPermission: UAndroidPermissionCallbackProxy::GetInstance
[2020.03.31-21.43.54:139][  0]LogAudioCaptureCore: Display: No Audio Capture implementations found. Audio input will be silent.
[2020.03.31-21.43.54:139][  0]LogAudioCaptureCore: Display: No Audio Capture implementations found. Audio input will be silent.
[2020.03.31-21.43.54:555][  0]LogOcInput: OculusInput pre-init called
[2020.03.31-21.43.54:619][  0]LogWindows: Failed to load 'OVRPlugin.dll' (GetLastError=126)
[2020.03.31-21.43.54:619][  0]LogWindows: File 'OVRPlugin.dll' does not exist
[2020.03.31-21.43.54:864][  0]LogEngine: Initializing Engine...
[2020.03.31-21.43.54:864][  0]LogHMD: Failed to initialize OpenVR with code 110
[2020.03.31-21.43.54:865][  0]LogStats: UGameplayTagsManager::InitializeManager -  0.000 s
[2020.03.31-21.43.55:617][  0]LogInit: Initializing FReadOnlyCVARCache
[2020.03.31-21.43.55:654][  0]LogAIModule: Creating AISystem for world Untitled
[2020.03.31-21.43.55:689][  0]LogAudioMixer: Display: Audio Mixer Platform Settings:
[2020.03.31-21.43.55:689][  0]LogAudioMixer: Display: 	Sample Rate:						  48000
[2020.03.31-21.43.55:689][  0]LogAudioMixer: Display: 	Callback Buffer Frame Size Requested: 1024
[2020.03.31-21.43.55:689][  0]LogAudioMixer: Display: 	Callback Buffer Frame Size To Use:	  1024
[2020.03.31-21.43.55:689][  0]LogAudioMixer: Display: 	Number of buffers to queue:			  2
[2020.03.31-21.43.55:689][  0]LogAudioMixer: Display: 	Max Channels (voices):				  32
[2020.03.31-21.43.55:689][  0]LogAudioMixer: Display: 	Number of Async Source Workers:		  0
[2020.03.31-21.43.55:689][  0]LogAudio: Display: AudioDevice MaxSources: 32
[2020.03.31-21.43.55:689][  0]LogAudio: Display: Using built-in audio occlusion.
[2020.03.31-21.43.55:689][  0]LogAudioMixer: Display: Initializing audio mixer.
[2020.03.31-21.43.55:753][  0]LogAudioMixer: Display: Audio Device Output Speaker Info:
[2020.03.31-21.43.55:753][  0]LogAudioMixer: Display: Name: Logitech Speakers (Realtek High Definition Audio)
[2020.03.31-21.43.55:753][  0]LogAudioMixer: Display: Is Default: Yes
[2020.03.31-21.43.55:753][  0]LogAudioMixer: Display: Sample Rate: 48000
[2020.03.31-21.43.55:753][  0]LogAudioMixer: Display: Channel Count Used: 2
[2020.03.31-21.43.55:753][  0]LogAudioMixer: Display: Device Channel Count: 2
[2020.03.31-21.43.55:753][  0]LogAudioMixer: Display: Channel Order:
[2020.03.31-21.43.55:753][  0]LogAudioMixer: Display: 0: FrontLeft
[2020.03.31-21.43.55:753][  0]LogAudioMixer: Display: 1: FrontRight
[2020.03.31-21.43.55:792][  0]LogAudioMixer: Display: Using Audio Device Logitech Speakers (Realtek High Definition Audio)
[2020.03.31-21.43.55:797][  0]LogInit: FAudioDevice initialized.
[2020.03.31-21.43.55:797][  0]LogNetVersion: Set ProjectVersion to 1.0.0.0. Version Checksum will be recalculated on next use.
[2020.03.31-21.43.55:920][  0]LogDerivedDataCache: Saved boot cache 0.12s 78MB C:/Users/Randy/AppData/Local/UnrealEngine/4.24/DerivedDataCache/Boot.ddc.
[2020.03.31-21.43.55:923][  0]LogInit: Texture streaming: Enabled
[2020.03.31-21.43.56:028][  0]LogEngineSessionManager: EngineSessionManager initialized
[2020.03.31-21.43.56:028][  0]LogEditorSessionSummary: Verbose: Initializing EditorSessionSummaryWriter for editor session tracking
[2020.03.31-21.43.56:030][  0]LogEditorSessionSummary: EditorSessionSummaryWriter initialized
[2020.03.31-21.43.56:146][  0]LogInit: Transaction tracking system initialized
[2020.03.31-21.43.56:329][  0]BlueprintLog: New page: Editor Load
[2020.03.31-21.43.56:936][  0]LocalizationService: Localization service is disabled
[2020.03.31-21.43.58:161][  0]LogFileCache: Scanning file cache for directory 'D:/Users/Randy/Desktop/Project_C/Project_C_UE4/Content/' took 0.00s
[2020.03.31-21.43.58:161][  0]LogCook: Display: Max memory allowance for cook 16384mb min free memory 0mb
[2020.03.31-21.43.58:161][  0]LogCook: Display: Mobile HDR setting 1
[2020.03.31-21.43.59:835][  0]SourceControl: Source control is disabled
[2020.03.31-21.43.59:835][  0]Cmd: MAP LOAD FILE="D:/Users/Randy/Desktop/Project_C/Project_C_UE4/Content/ThirdPersonBP/Maps/ThirdPersonExampleMap.umap" TEMPLATE=0 SHOWPROGRESS=1 FEATURELEVEL=3
[2020.03.31-21.43.59:835][  0]LightingResults: New page: Lighting Build
[2020.03.31-21.43.59:835][  0]LogWorld: UWorld::CleanupWorld for Untitled, bSessionEnded=true, bCleanupResources=true
[2020.03.31-21.43.59:835][  0]LogSlate: InvalidateAllWidgets triggered.  All widgets were invalidated
[2020.03.31-21.43.59:835][  0]MapCheck: New page: Map Check
[2020.03.31-21.43.59:836][  0]LightingResults: New page: Lighting Build
[2020.03.31-21.43.59:858][  0]LogUObjectHash: Compacting FUObjectHashTables data took   1.37ms
[2020.03.31-21.44.00:939][  0]LogAIModule: Creating AISystem for world ThirdPersonExampleMap
[2020.03.31-21.44.00:965][  0]LogEditorServer: Finished looking for orphan Actors (0.000 secs)
[2020.03.31-21.44.00:990][  0]LogUObjectHash: Compacting FUObjectHashTables data took   1.62ms
[2020.03.31-21.44.00:990][  0]Cmd: MAP CHECKDEP NOCLEARLOG
[2020.03.31-21.44.00:991][  0]MapCheck: Map check complete: 0 Error(s), 0 Warning(s), took 0.068ms to complete.
[2020.03.31-21.44.00:991][  0]LogFileHelpers: Loading map 'ThirdPersonExampleMap' took 1.155
[2020.03.31-21.44.01:138][  0]LogSlate: Updating window title bar state: overlay mode, drag disabled, window buttons hidden, title bar hidden
[2020.03.31-21.44.01:144][  0]LogSlate: Updating window title bar state: overlay mode, drag disabled, window buttons hidden, title bar hidden
[2020.03.31-21.44.01:149][  0]LogSlate: Updating window title bar state: overlay mode, drag disabled, window buttons hidden, title bar hidden
[2020.03.31-21.44.01:155][  0]LogSlate: Updating window title bar state: overlay mode, drag disabled, window buttons hidden, title bar hidden
[2020.03.31-21.44.01:192][  0]LogCollectionManager: Loaded 0 collections in 0.000608 seconds
[2020.03.31-21.44.01:201][  0]LogFileCache: Scanning file cache for directory 'D:/Users/Randy/Desktop/Project_C/Project_C_UE4/Saved/Collections/' took 0.00s
[2020.03.31-21.44.01:201][  0]LogFileCache: Scanning file cache for directory 'D:/Users/Randy/Desktop/Project_C/Project_C_UE4/Content/Developers/Randy/Collections/' took 0.00s
[2020.03.31-21.44.01:201][  0]LogFileCache: Scanning file cache for directory 'D:/Users/Randy/Desktop/Project_C/Project_C_UE4/Content/Collections/' took 0.00s
[2020.03.31-21.44.01:201][  0]LogContentBrowser: Native class hierarchy populated in 0.0063 seconds. Added 3015 classes and 717 folders.
[2020.03.31-21.44.01:203][  0]LogContentBrowser: Native class hierarchy updated for 'WidgetCarousel' in 0.0002 seconds. Added 0 classes and 0 folders.
[2020.03.31-21.44.02:064][  0]LogContentBrowser: Native class hierarchy updated for 'AddContentDialog' in 0.0002 seconds. Added 0 classes and 0 folders.
[2020.03.31-21.44.02:104][  0]LogContentBrowser: Native class hierarchy updated for 'SceneOutliner' in 0.0002 seconds. Added 2 classes and 3 folders.
[2020.03.31-21.44.02:215][  0]LogSlate: Took 0.005143 seconds to synchronously load lazily loaded font '../../../Engine/Content/Slate/Fonts/Roboto-Regular.ttf' (155K)
[2020.03.31-21.44.02:220][  0]LogSlate: Took 0.003330 seconds to synchronously load lazily loaded font '../../../Engine/Content/Slate/Fonts/Roboto-Bold.ttf' (160K)
[2020.03.31-21.44.02:227][  0]LogSlate: Took 0.003731 seconds to synchronously load lazily loaded font '../../../Engine/Content/Editor/Slate/Fonts/FontAwesome.ttf' (139K)
[2020.03.31-21.44.02:379][  0]LogRenderer: Reallocating scene render targets to support 976x576 Format 10 NumSamples 1 (Frame:1).
[2020.03.31-21.44.02:548][  0]LogContentBrowser: Native class hierarchy updated for 'HierarchicalLODOutliner' in 0.0002 seconds. Added 0 classes and 0 folders.
[2020.03.31-21.44.02:548][  0]LogLoad: (Engine Initialization) Total time: 27.42 seconds
[2020.03.31-21.44.02:548][  0]LogLoad: (Engine Initialization) Total Blueprint compile time: 0.00 seconds
[2020.03.31-21.44.02:612][  0]LogContentStreaming: Texture pool size now 1000 MB
[2020.03.31-21.44.02:637][  0]LogSlate: Took 0.003727 seconds to synchronously load lazily loaded font '../../../Engine/Content/Slate/Fonts/Roboto-Light.ttf' (167K)
[2020.03.31-21.44.03:971][ 22]LogAssetRegistry: Asset discovery search completed in 18.5549 seconds
[2020.03.31-21.44.03:976][ 22]LogCollectionManager: Fixed up redirectors for 0 collections in 0.000014 seconds (updated 0 objects)
[2020.03.31-21.45.49:871][420]LogSlate: Took 0.000179 seconds to synchronously load lazily loaded font '../../../Engine/Content/Slate/Fonts/Roboto-Light.ttf' (167K)
[2020.03.31-21.45.49:920][420]LogFactory: FactoryCreateFile: StaticMesh with FbxFactory (0 0 D:/Users/Randy/Desktop/Project_C/fbx/player/character2_skeleton.fbx)
[2020.03.31-21.45.50:055][420]LogFbx: Loading FBX Scene from D:/Users/Randy/Desktop/Project_C/fbx/player/character2_skeleton.fbx
[2020.03.31-21.45.50:101][420]LogFbx: FBX Scene Loaded Succesfully
[2020.03.31-21.46.02:416][420]LogSlate: Window 'FBX Import Options' being destroyed
[2020.03.31-21.46.02:466][420]LogFbx: Valid bind pose for Pose (Mesh) - character
[2020.03.31-21.46.02:481][420]FBXImport: Error: Error, Could not import character.
Duplicate bone name found ('player_character'). Each bone must have a unique name. 
[2020.03.31-21.46.02:481][420]FBXImport: Warning: Get Import Data has failed. 
[2020.03.31-21.46.02:481][420]FBXImport: Error: Import failed. 
[2020.03.31-21.46.05:170][420]LogSlate: Window 'Message' being destroyed
[2020.03.31-21.46.05:173][420]LogAssetTools: Warning: Failed to import 'D:/Users/Randy/Desktop/Project_C/fbx/player/character2_skeleton.fbx'. Failed to create asset '/Game/Project_C/PlayerCharacter/character2_skeleton'.
Please see Output Log for details.
[2020.03.31-21.46.11:077][124]LogSlate: Window 'Message Log' being destroyed
[2020.03.31-21.46.11:079][124]LogSlate: Window 'Message Log' being destroyed
[2020.03.31-21.46.54:431][528]LogFactory: FactoryCreateFile: StaticMesh with FbxFactory (0 0 D:/Users/Randy/Desktop/Project_C/fbx/player/character2_skeleton.fbx)
[2020.03.31-21.46.54:439][528]LogFbx: Loading FBX Scene from D:/Users/Randy/Desktop/Project_C/fbx/player/character2_skeleton.fbx
[2020.03.31-21.46.54:459][528]LogFbx: FBX Scene Loaded Succesfully
[2020.03.31-21.46.57:483][528]LogSlate: Window 'FBX Import Options' being destroyed
[2020.03.31-21.46.57:501][528]LogFbx: Valid bind pose for Pose (Mesh) - character
[2020.03.31-21.46.57:587][528]LogMaterial: Display: Material /Game/Project_C/PlayerCharacter/lambert1.lambert1 needed to have new flag set bUsedWithSkeletalMesh !
[2020.03.31-21.46.57:591][528]LogMaterial: Display: Missing cached shader map for material lambert1, compiling. 
[2020.03.31-21.46.57:693][528]LogMaterial: Display: Missing cached shader map for material lambert1, compiling. 
[2020.03.31-21.46.57:725][528]LogShaderCompilers: Display: Worker (1/5): shaders left to compile 39
[2020.03.31-21.46.57:726][528]LogShaderCompilers: Display: Worker (2/5): shaders left to compile 29
[2020.03.31-21.46.57:726][528]LogShaderCompilers: Display: Worker (3/5): shaders left to compile 19
[2020.03.31-21.46.57:726][528]LogShaderCompilers: Display: Worker (4/5): shaders left to compile 9
[2020.03.31-21.46.57:726][528]LogFbx: Triangulating skeletal mesh character
[2020.03.31-21.46.57:812][528]LogFbx: Warning: Bones digested - 28  Depth of hierarchy - 9
[2020.03.31-21.46.58:044][528]LogSkeletalMesh: Section 0: 3530 vertices, 25 active bones
[2020.03.31-21.46.58:045][528]LogSkeletalMesh: Section 0: Material=0, 1234 triangles
[2020.03.31-21.46.58:047][528]LogSkeletalMesh: Building Skeletal Mesh character2_skeleton...
[2020.03.31-21.46.58:063][528]LogSkeletalMesh: Section 0: 3530 vertices, 25 active bones
[2020.03.31-21.46.58:064][528]LogSkeletalMesh: Section 0: Material=0, 1234 triangles
[2020.03.31-21.46.58:082][528]LogSkeletalMesh: Built Skeletal Mesh [0.03s] /Game/Project_C/PlayerCharacter/character2_skeleton.character2_skeleton
[2020.03.31-21.46.58:082][528]LogLinker: Failed to load '/Game/Project_C/PlayerCharacter/character2_skeleton_Skeleton': Can't find file.
[2020.03.31-21.46.58:082][528]LogLinker: Failed to load '/Game/Project_C/PlayerCharacter/character2_skeleton_Skeleton': Can't find file.
[2020.03.31-21.46.58:084][528]LogLinker: Failed to load '/Game/Project_C/PlayerCharacter/character2_skeleton_PhysicsAsset': Can't find file.
[2020.03.31-21.46.58:084][528]LogLinker: Failed to load '/Game/Project_C/PlayerCharacter/character2_skeleton_PhysicsAsset': Can't find file.
[2020.03.31-21.46.58:125][528]LogWorld: UWorld::CleanupWorld for World_0, bSessionEnded=true, bCleanupResources=true
[2020.03.31-21.46.58:125][528]LogSlate: InvalidateAllWidgets triggered.  All widgets were invalidated
[2020.03.31-21.47.00:765][734]LogAssetEditorSubsystem: Opening Asset editor for SkeletalMesh /Game/Project_C/PlayerCharacter/character2_skeleton.character2_skeleton
[2020.03.31-21.47.00:880][734]LogContentBrowser: Native class hierarchy updated for 'SkeletonEditor' in 0.0003 seconds. Added 1 classes and 2 folders.
[2020.03.31-21.47.01:465][734]LogActorComponent: RegisterComponentWithWorld: (/Engine/Transient.World_4:PersistentLevel.AnimationEditorPreviewActor_0.DebugSkelMeshComponent_0) Already registered. Aborting.
[2020.03.31-21.47.01:529][734]LogContentBrowser: Native class hierarchy updated for 'PinnedCommandList' in 0.0003 seconds. Added 1 classes and 0 folders.
[2020.03.31-21.47.01:767][734]LogSkeletalMesh: USkeletalMeshComponent::InitArticulated : Bodies already created (/Engine/Transient.World_4:PersistentLevel.AnimationEditorPreviewActor_0.DebugSkelMeshComponent_0) - call TermArticulated first.
[2020.03.31-21.47.02:267][734]LogRenderer: Reallocating scene render targets to support 1056x884 Format 10 NumSamples 1 (Frame:1).
[2020.03.31-21.47.12:652][817]LogSlate: Window 'character2_skeleton' being destroyed
[2020.03.31-21.47.12:657][817]LogSlate: Window 'character2_skeleton' being destroyed
[2020.03.31-21.47.12:657][817]LogWorld: UWorld::CleanupWorld for World_4, bSessionEnded=true, bCleanupResources=true
[2020.03.31-21.47.12:657][817]LogSlate: InvalidateAllWidgets triggered.  All widgets were invalidated
[2020.03.31-21.48.19:269][136]LogEditorFactories: Performing atomic reimport of [D:/Users/Randy/Desktop/Project_C/fbx/player/character2_skeleton.fbx]
[2020.03.31-21.48.19:293][136]LogFbx: Loading FBX Scene from D:/Users/Randy/Desktop/Project_C/fbx/player/character2_skeleton.fbx
[2020.03.31-21.48.19:310][136]LogFbx: FBX Scene Loaded Succesfully
[2020.03.31-21.48.19:331][136]LogFbx: Warning: Not valid bind pose for Pose (Mesh) - Node character : The relative matrices do not match
[2020.03.31-21.48.19:331][136]LogFbx: Warning: Getting valid bind pose failed. Try to recreate bind pose
[2020.03.31-21.48.19:332][136]LogFbx: Valid bind pose for Pose (FbxSDKBindPose) - character
[2020.03.31-21.48.19:332][136]LogFbx: Warning: Recreating bind pose succeeded.
[2020.03.31-21.48.19:334][136]LogFbx: Triangulating skeletal mesh character
[2020.03.31-21.48.19:391][136]LogFbx: Warning: Bones digested - 28  Depth of hierarchy - 9
[2020.03.31-21.48.19:408][136]LogSkeletalMesh: Section 0: 3530 vertices, 25 active bones
[2020.03.31-21.48.19:408][136]LogSkeletalMesh: Section 0: Material=0, 1234 triangles
[2020.03.31-21.48.19:414][136]LogEditorFactories: -- imported successfully
[2020.03.31-21.48.19:417][136]LogSkeletalMesh: Building Skeletal Mesh character2_skeleton...
[2020.03.31-21.48.19:444][136]LogSkeletalMesh: Section 0: 3530 vertices, 25 active bones
[2020.03.31-21.48.19:445][136]LogSkeletalMesh: Section 0: Material=0, 1234 triangles
[2020.03.31-21.48.19:454][136]LogSkeletalMesh: Built Skeletal Mesh [0.04s] /Game/Project_C/PlayerCharacter/character2_skeleton.character2_skeleton
[2020.03.31-21.48.25:962][836]LogEditorViewport: Clicking on Actor (LMB): SkeletalMeshActor (character2_skeleton)
[2020.03.31-21.48.34:280][818]LogTemp: Repeating last play command: New Editor Window (PIE)
[2020.03.31-21.48.34:289][818]LogBlueprintUserMessages: Early PlayInEditor Detection: Level '/Game/ThirdPersonBP/Maps/ThirdPersonExampleMap.ThirdPersonExampleMap:PersistentLevel' has LevelScriptBlueprint '/Game/ThirdPersonBP/Maps/ThirdPersonExampleMap.ThirdPersonExampleMap:PersistentLevel.ThirdPersonExampleMap' with GeneratedClass '/Game/ThirdPersonBP/Maps/ThirdPersonExampleMap.ThirdPersonExampleMap_C' with ClassGeneratedBy '/Game/ThirdPersonBP/Maps/ThirdPersonExampleMap.ThirdPersonExampleMap:PersistentLevel.ThirdPersonExampleMap'
[2020.03.31-21.48.34:289][818]LogPlayLevel: PlayLevel: No blueprints needed recompiling
[2020.03.31-21.48.34:289][818]PIE: New page: PIE session: ThirdPersonExampleMap (Mar 31, 2020, 7:48:34 AM)
[2020.03.31-21.48.34:290][818]LogOnline: OSS: Creating online subsystem instance for: NULL
[2020.03.31-21.48.34:291][818]LogOnline: OSS: TryLoadSubsystemAndSetDefault: Loaded subsystem for module [NULL]
[2020.03.31-21.48.34:291][818]LogPlayLevel: Creating play world package: /Game/ThirdPersonBP/Maps/UEDPIE_0_ThirdPersonExampleMap
[2020.03.31-21.48.34:301][818]LogPlayLevel: PIE: StaticDuplicateObject took: (0.010003s)
[2020.03.31-21.48.34:302][818]LogAIModule: Creating AISystem for world ThirdPersonExampleMap
[2020.03.31-21.48.34:302][818]LogPlayLevel: PIE: World Init took: (0.001214s)
[2020.03.31-21.48.34:302][818]LogPlayLevel: PIE: Created PIE world by copying editor world from /Game/ThirdPersonBP/Maps/ThirdPersonExampleMap.ThirdPersonExampleMap to /Game/ThirdPersonBP/Maps/UEDPIE_0_ThirdPersonExampleMap.ThirdPersonExampleMap (0.011413s)
[2020.03.31-21.48.34:324][818]LogUObjectHash: Compacting FUObjectHashTables data took   1.25ms
[2020.03.31-21.48.34:327][818]LogAudioMixer: Display: Audio Mixer Platform Settings:
[2020.03.31-21.48.34:327][818]LogAudioMixer: Display: 	Sample Rate:						  48000
[2020.03.31-21.48.34:327][818]LogAudioMixer: Display: 	Callback Buffer Frame Size Requested: 1024
[2020.03.31-21.48.34:327][818]LogAudioMixer: Display: 	Callback Buffer Frame Size To Use:	  1024
[2020.03.31-21.48.34:327][818]LogAudioMixer: Display: 	Number of buffers to queue:			  2
[2020.03.31-21.48.34:327][818]LogAudioMixer: Display: 	Max Channels (voices):				  32
[2020.03.31-21.48.34:327][818]LogAudioMixer: Display: 	Number of Async Source Workers:		  0
[2020.03.31-21.48.34:327][818]LogAudio: Display: AudioDevice MaxSources: 32
[2020.03.31-21.48.34:327][818]LogAudio: Display: Using built-in audio occlusion.
[2020.03.31-21.48.34:327][818]LogAudioMixer: Display: Initializing audio mixer.
[2020.03.31-21.48.34:362][818]LogAudioMixer: Display: Audio Device Output Speaker Info:
[2020.03.31-21.48.34:362][818]LogAudioMixer: Display: Name: Logitech Speakers (Realtek High Definition Audio)
[2020.03.31-21.48.34:362][818]LogAudioMixer: Display: Is Default: Yes
[2020.03.31-21.48.34:363][818]LogAudioMixer: Display: Sample Rate: 48000
[2020.03.31-21.48.34:363][818]LogAudioMixer: Display: Channel Count Used: 2
[2020.03.31-21.48.34:363][818]LogAudioMixer: Display: Device Channel Count: 2
[2020.03.31-21.48.34:363][818]LogAudioMixer: Display: Channel Order:
[2020.03.31-21.48.34:363][818]LogAudioMixer: Display: 0: FrontLeft
[2020.03.31-21.48.34:363][818]LogAudioMixer: Display: 1: FrontRight
[2020.03.31-21.48.34:393][818]LogAudioMixer: Display: Using Audio Device Logitech Speakers (Realtek High Definition Audio)
[2020.03.31-21.48.34:394][818]LogInit: FAudioDevice initialized.
[2020.03.31-21.48.34:429][818]LogSlate: Updating window title bar state: overlay mode, drag disabled, window buttons hidden, title bar hidden
[2020.03.31-21.48.34:430][818]LogLoad: Game class is 'GM_Project_C_C'
[2020.03.31-21.48.34:432][818]LogWorld: Bringing World /Game/ThirdPersonBP/Maps/UEDPIE_0_ThirdPersonExampleMap.ThirdPersonExampleMap up for play (max tick rate 0) at 2020.03.31-14.48.34
[2020.03.31-21.48.34:432][818]LogWorld: Bringing up level for play took: 0.001811
[2020.03.31-21.48.34:433][818]LogOnline: OSS: Creating online subsystem instance for: :Context_6
[2020.03.31-21.48.34:435][818]LogContentBrowser: Native class hierarchy updated for 'MovieSceneCapture' in 0.0002 seconds. Added 20 classes and 0 folders.
[2020.03.31-21.48.34:438][818]PIE: Play in editor start time for /Game/ThirdPersonBP/Maps/UEDPIE_0_ThirdPersonExampleMap 1.131
[2020.03.31-21.48.34:438][818]LogBlueprintUserMessages: Late PlayInEditor Detection: Level '/Game/ThirdPersonBP/Maps/ThirdPersonExampleMap.ThirdPersonExampleMap:PersistentLevel' has LevelScriptBlueprint '/Game/ThirdPersonBP/Maps/ThirdPersonExampleMap.ThirdPersonExampleMap:PersistentLevel.ThirdPersonExampleMap' with GeneratedClass '/Game/ThirdPersonBP/Maps/ThirdPersonExampleMap.ThirdPersonExampleMap_C' with ClassGeneratedBy '/Game/ThirdPersonBP/Maps/ThirdPersonExampleMap.ThirdPersonExampleMap:PersistentLevel.ThirdPersonExampleMap'
[2020.03.31-21.48.34:482][819]LogRenderer: Reallocating scene render targets to support 1280x884 Format 10 NumSamples 1 (Frame:1).
[2020.03.31-21.48.52:747][  6]LogAudioMixer: Display: No commands were queued while flushing the source manager.
[2020.03.31-21.48.52:747][  6]LogAudioMixer: Display: No commands were queued while flushing the source manager.
[2020.03.31-21.48.52:747][  6]LogBlueprintUserMessages: Early EndPlayMap Detection: Level '/Game/ThirdPersonBP/Maps/ThirdPersonExampleMap.ThirdPersonExampleMap:PersistentLevel' has LevelScriptBlueprint '/Game/ThirdPersonBP/Maps/ThirdPersonExampleMap.ThirdPersonExampleMap:PersistentLevel.ThirdPersonExampleMap' with GeneratedClass '/Game/ThirdPersonBP/Maps/ThirdPersonExampleMap.ThirdPersonExampleMap_C' with ClassGeneratedBy '/Game/ThirdPersonBP/Maps/ThirdPersonExampleMap.ThirdPersonExampleMap:PersistentLevel.ThirdPersonExampleMap'
[2020.03.31-21.48.52:747][  6]LogSlate: Updating window title bar state: overlay mode, drag disabled, window buttons hidden, title bar hidden
[2020.03.31-21.48.52:747][  6]LogWorld: BeginTearingDown for /Game/ThirdPersonBP/Maps/UEDPIE_0_ThirdPersonExampleMap
[2020.03.31-21.48.52:756][  6]LogSlate: Window 'Project_C Game Preview Standalone (64-bit/PCD3D_SM5)' being destroyed
[2020.03.31-21.48.52:760][  6]LogAudioMixer: Display: No commands were queued while flushing the source manager.
[2020.03.31-21.48.52:760][  6]LogWorld: UWorld::CleanupWorld for ThirdPersonExampleMap, bSessionEnded=true, bCleanupResources=true
[2020.03.31-21.48.52:760][  6]LogSlate: InvalidateAllWidgets triggered.  All widgets were invalidated
[2020.03.31-21.48.52:768][  6]LogPlayLevel: Display: Shutting down PIE online subsystems
[2020.03.31-21.48.52:768][  6]LogBlueprintUserMessages: Late EndPlayMap Detection: Level '/Game/ThirdPersonBP/Maps/ThirdPersonExampleMap.ThirdPersonExampleMap:PersistentLevel' has LevelScriptBlueprint '/Game/ThirdPersonBP/Maps/ThirdPersonExampleMap.ThirdPersonExampleMap:PersistentLevel.ThirdPersonExampleMap' with GeneratedClass '/Game/ThirdPersonBP/Maps/ThirdPersonExampleMap.ThirdPersonExampleMap_C' with ClassGeneratedBy '/Game/ThirdPersonBP/Maps/ThirdPersonExampleMap.ThirdPersonExampleMap:PersistentLevel.ThirdPersonExampleMap'
[2020.03.31-21.48.52:770][  6]LogSlate: InvalidateAllWidgets triggered.  All widgets were invalidated
[2020.03.31-21.48.52:789][  6]LogAudioMixer: Display: No commands were queued while flushing the source manager.
[2020.03.31-21.48.52:793][  6]LogUObjectHash: Compacting FUObjectHashTables data took   1.22ms
[2020.03.31-21.48.52:851][ 11]LogPlayLevel: Display: Destroying online subsystem :Context_6
[2020.03.31-21.49.18:944][374]LogEditorFactories: Performing atomic reimport of [D:/Users/Randy/Desktop/Project_C/fbx/player/character2_skeleton.fbx]
[2020.03.31-21.49.18:980][374]LogFbx: Loading FBX Scene from D:/Users/Randy/Desktop/Project_C/fbx/player/character2_skeleton.fbx
[2020.03.31-21.49.18:994][374]LogFbx: FBX Scene Loaded Succesfully
[2020.03.31-21.49.19:018][374]LogFbx: Warning: Not valid bind pose for Pose (Mesh) - Node character : The relative matrices do not match
[2020.03.31-21.49.19:018][374]LogFbx: Warning: Getting valid bind pose failed. Try to recreate bind pose
[2020.03.31-21.49.19:018][374]LogFbx: Valid bind pose for Pose (FbxSDKBindPose) - character
[2020.03.31-21.49.19:018][374]LogFbx: Warning: Recreating bind pose succeeded.
[2020.03.31-21.49.19:020][374]LogFbx: Triangulating skeletal mesh character
[2020.03.31-21.49.19:063][374]LogFbx: Warning: Bones digested - 28  Depth of hierarchy - 9
[2020.03.31-21.49.19:078][374]LogSkeletalMesh: Section 0: 3530 vertices, 25 active bones
[2020.03.31-21.49.19:079][374]LogSkeletalMesh: Section 0: Material=0, 1234 triangles
[2020.03.31-21.49.19:083][374]LogEditorFactories: -- imported successfully
[2020.03.31-21.49.19:088][374]LogSkeletalMesh: Building Skeletal Mesh character2_skeleton...
[2020.03.31-21.49.19:113][374]LogSkeletalMesh: Section 0: 3530 vertices, 25 active bones
[2020.03.31-21.49.19:114][374]LogSkeletalMesh: Section 0: Material=0, 1234 triangles
[2020.03.31-21.49.19:123][374]LogSkeletalMesh: Built Skeletal Mesh [0.04s] /Game/Project_C/PlayerCharacter/character2_skeleton.character2_skeleton
[2020.03.31-21.50.08:330][923]LogUObjectHash: Compacting FUObjectHashTables data took   1.22ms
[2020.03.31-21.50.09:476][923]LogSlate: Window 'Save Content' being destroyed
[2020.03.31-21.50.09:558][923]LogSavePackage: Moving 'D:/Users/Randy/Desktop/Project_C/Project_C_UE4/Saved/character2_skeleton6AD546CB4ADF1EC32C4DC98F2F058446.tmp' to 'D:/Users/Randy/Desktop/Project_C/Project_C_UE4/Content/Project_C/PlayerCharacter/character2_skeleton.uasset'
[2020.03.31-21.50.09:591][923]LogSavePackage: Moving 'D:/Users/Randy/Desktop/Project_C/Project_C_UE4/Saved/character2_skeleton_PhysicsAssetB0FDE26C48FF0861DD522B925843A581.tmp' to 'D:/Users/Randy/Desktop/Project_C/Project_C_UE4/Content/Project_C/PlayerCharacter/character2_skeleton_PhysicsAsset.uasset'
[2020.03.31-21.50.09:599][923]LogSavePackage: Moving 'D:/Users/Randy/Desktop/Project_C/Project_C_UE4/Saved/character2_skeleton_SkeletonBCD04EAE4B4726BD2E8BE8B1A7972880.tmp' to 'D:/Users/Randy/Desktop/Project_C/Project_C_UE4/Content/Project_C/PlayerCharacter/character2_skeleton_Skeleton.uasset'
[2020.03.31-21.50.09:615][923]Cmd: OBJ SAVEPACKAGE PACKAGE="/Game/Project_C/PlayerCharacter/lambert1" FILE="D:/Users/Randy/Desktop/Project_C/Project_C_UE4/Content/Project_C/PlayerCharacter/lambert1.uasset" SILENT=true
[2020.03.31-21.50.09:627][923]LogSavePackage: Moving 'D:/Users/Randy/Desktop/Project_C/Project_C_UE4/Saved/lambert154CD21F24EFD334BF45547BEC976639B.tmp' to 'D:/Users/Randy/Desktop/Project_C/Project_C_UE4/Content/Project_C/PlayerCharacter/lambert1.uasset'
[2020.03.31-21.50.09:653][923]LogUObjectHash: Compacting FUObjectHashTables data took   1.16ms
[2020.03.31-21.50.09:781][923]LogSavePackage: Moving 'D:/Users/Randy/Desktop/Project_C/Project_C_UE4/Saved/ThirdPersonExampleMap524B94A44D7FEEBB233FBFAB6B3847EE.tmp' to 'D:/Users/Randy/Desktop/Project_C/Project_C_UE4/Content/ThirdPersonBP/Maps/ThirdPersonExampleMap.umap'
[2020.03.31-21.50.09:804][923]LogFileHelpers: Saving map 'ThirdPersonExampleMap' took 0.176
[2020.03.31-21.50.09:822][923]AssetCheck: New page: Asset Save: multiple assets
[2020.03.31-21.50.09:822][923]LogContentValidation: Display: Validating SkeletalMesh /Game/Project_C/PlayerCharacter/character2_skeleton.character2_skeleton
[2020.03.31-21.50.09:822][923]LogContentValidation: Display: Validating PhysicsAsset /Game/Project_C/PlayerCharacter/character2_skeleton_PhysicsAsset.character2_skeleton_PhysicsAsset
[2020.03.31-21.50.09:822][923]LogContentValidation: Display: Validating Skeleton /Game/Project_C/PlayerCharacter/character2_skeleton_Skeleton.character2_skeleton_Skeleton
[2020.03.31-21.50.09:822][923]LogContentValidation: Display: Validating Material /Game/Project_C/PlayerCharacter/lambert1.lambert1
[2020.03.31-21.50.09:822][923]LogContentValidation: Display: Validating World /Game/ThirdPersonBP/Maps/ThirdPersonExampleMap.ThirdPersonExampleMap
