Log file open, 04/25/20 12:33:47
LogWindows: Failed to load 'aqProf.dll' (GetLastError=126)
LogWindows: File 'aqProf.dll' does not exist
LogWindows: Failed to load 'VtuneApi.dll' (GetLastError=126)
LogWindows: File 'VtuneApi.dll' does not exist
LogWindows: Failed to load 'VtuneApi32e.dll' (GetLastError=126)
LogWindows: File 'VtuneApi32e.dll' does not exist
LogConsoleResponse: Display: Failed to find resolution value strings in scalability ini. Falling back to default.
LogInit: Display: Running engine for game: Project_C
LogPlatformFile: Not using cached read wrapper
LogTaskGraph: Started task graph with 5 named threads and 23 total threads with 3 sets of task threads.
LogStats: Stats thread started at 8.707682
LogD3D11RHI: Loaded GFSDK_Aftermath_Lib.x64.dll
LogICUInternationalization: ICU TimeZone Detection - Raw Offset: -8:00, Platform Override: ''
LogPluginManager: Mounting plugin Paper2D
LogPluginManager: Mounting plugin AISupport
LogPluginManager: Mounting plugin LightPropagationVolume
LogPluginManager: Mounting plugin ActorLayerUtilities
LogPluginManager: Mounting plugin AnimationSharing
LogPluginManager: Mounting plugin CLionSourceCodeAccess
LogPluginManager: Mounting plugin CodeLiteSourceCodeAccess
LogPluginManager: Mounting plugin GitSourceControl
LogPluginManager: Mounting plugin KDevelopSourceCodeAccess
LogPluginManager: Mounting plugin NullSourceCodeAccess
LogPluginManager: Mounting plugin PerforceSourceControl
LogPluginManager: Mounting plugin PlasticSourceControl
LogPluginManager: Mounting plugin SubversionSourceControl
LogPluginManager: Mounting plugin UObjectPlugin
LogPluginManager: Mounting plugin VisualStudioCodeSourceCodeAccess
LogPluginManager: Mounting plugin VisualStudioSourceCodeAccess
LogPluginManager: Mounting plugin XCodeSourceCodeAccess
LogPluginManager: Mounting plugin AssetManagerEditor
LogPluginManager: Mounting plugin CryptoKeys
LogPluginManager: Mounting plugin CurveEditorTools
LogPluginManager: Mounting plugin DataValidation
LogPluginManager: Mounting plugin FacialAnimation
LogPluginManager: Mounting plugin GameplayTagsEditor
LogPluginManager: Mounting plugin MacGraphicsSwitching
LogPluginManager: Mounting plugin MaterialAnalyzer
LogPluginManager: Mounting plugin MobileLauncherProfileWizard
LogPluginManager: Mounting plugin PluginBrowser
LogPluginManager: Mounting plugin SpeedTreeImporter
LogPluginManager: Mounting plugin DatasmithContent
LogPluginManager: Mounting plugin VariantManagerContent
LogPluginManager: Mounting plugin AlembicImporter
LogPluginManager: Mounting plugin AutomationUtils
LogPluginManager: Mounting plugin BackChannel
LogPluginManager: Mounting plugin CharacterAI
LogPluginManager: Mounting plugin GeometryCache
LogPluginManager: Mounting plugin PlatformCrypto
LogPluginManager: Mounting plugin ProxyLODPlugin
LogPluginManager: Mounting plugin SkeletalReduction
LogPluginManager: Mounting plugin MagicLeap
LogPluginManager: Mounting plugin MagicLeapMedia
LogPluginManager: Mounting plugin MLSDK
LogPluginManager: Mounting plugin AndroidMedia
LogPluginManager: Mounting plugin AvfMedia
LogPluginManager: Mounting plugin ImgMedia
LogPluginManager: Mounting plugin MediaCompositing
LogPluginManager: Mounting plugin MediaPlayerEditor
LogPluginManager: Mounting plugin WebMMedia
LogPluginManager: Mounting plugin WmfMedia
LogPluginManager: Mounting plugin TcpMessaging
LogPluginManager: Mounting plugin UdpMessaging
LogPluginManager: Mounting plugin ActorSequence
LogPluginManager: Mounting plugin LevelSequenceEditor
LogPluginManager: Mounting plugin MatineeToLevelSequence
LogPluginManager: Mounting plugin NetcodeUnitTest
LogPluginManager: Mounting plugin NUTUnrealEngine4
LogPluginManager: Mounting plugin OnlineSubsystemGooglePlay
LogPluginManager: Mounting plugin OnlineSubsystemIOS
LogPluginManager: Mounting plugin OnlineSubsystem
LogPluginManager: Mounting plugin OnlineSubsystemNull
LogPluginManager: Mounting plugin OnlineSubsystemUtils
LogPluginManager: Mounting plugin LauncherChunkInstaller
LogPluginManager: Mounting plugin AndroidDeviceProfileSelector
LogPluginManager: Mounting plugin AndroidMoviePlayer
LogPluginManager: Mounting plugin AndroidPermission
LogPluginManager: Mounting plugin AppleImageUtils
LogPluginManager: Mounting plugin AppleMoviePlayer
LogPluginManager: Mounting plugin ArchVisCharacter
LogPluginManager: Mounting plugin AssetTags
LogPluginManager: Mounting plugin AudioCapture
LogPluginManager: Mounting plugin CableComponent
LogPluginManager: Mounting plugin CustomMeshComponent
LogPluginManager: Mounting plugin EditableMesh
LogPluginManager: Mounting plugin ExampleDeviceProfileSelector
LogPluginManager: Mounting plugin GameplayAbilities
LogPluginManager: Mounting plugin GoogleCloudMessaging
LogPluginManager: Mounting plugin IOSDeviceProfileSelector
LogPluginManager: Mounting plugin LinuxDeviceProfileSelector
LogPluginManager: Mounting plugin LocationServicesBPLibrary
LogPluginManager: Mounting plugin MobilePatchingUtils
LogPluginManager: Mounting plugin OculusVR
LogPluginManager: Mounting plugin PhysXVehicles
LogPluginManager: Mounting plugin PostSplashScreen
LogPluginManager: Mounting plugin ProceduralMeshComponent
LogPluginManager: Mounting plugin RuntimePhysXCooking
LogPluginManager: Mounting plugin SignificanceManager
LogPluginManager: Mounting plugin SteamVR
LogPluginManager: Mounting plugin WebMMoviePlayer
LogPluginManager: Mounting plugin WindowsMoviePlayer
LogPluginManager: Mounting plugin ScreenshotTools
LogInit: Using libcurl 7.55.1-DEV
LogInit:  - built for x86_64-pc-win32
LogInit:  - supports SSL with OpenSSL/1.1.1
LogInit:  - supports HTTP deflate (compression) using libz 1.2.8
LogInit:  - other features:
LogInit:      CURL_VERSION_SSL
LogInit:      CURL_VERSION_LIBZ
LogInit:      CURL_VERSION_IPV6
LogInit:      CURL_VERSION_ASYNCHDNS
LogInit:      CURL_VERSION_LARGEFILE
LogInit:      CURL_VERSION_IDN
LogInit:  CurlRequestOptions (configurable via config and command line):
LogInit:  - bVerifyPeer = true  - Libcurl will verify peer certificate
LogInit:  - bUseHttpProxy = false  - Libcurl will NOT use HTTP proxy
LogInit:  - bDontReuseConnections = false  - Libcurl will reuse connections
LogInit:  - MaxHostConnections = 16  - Libcurl will limit the number of connections to a host
LogInit:  - LocalHostAddr = Default
LogInit:  - BufferSize = 65536
LogOnline: OSS: Creating online subsystem instance for: NULL
LogInit: WinSock: version 1.1 (2.2), MaxSocks=32767, MaxUdp=65467
LogOnline: OSS: TryLoadSubsystemAndSetDefault: Loaded subsystem for module [NULL]
LogInit: Build: ++UE4+Release-4.24-CL-11590370
LogInit: Engine Version: 4.24.3-11590370+++UE4+Release-4.24
LogInit: Compatible Engine Version: 4.24.0-10570792+++UE4+Release-4.24
LogInit: Net CL: 10570792
LogInit: OS: Windows 10 (Release 1809) (), CPU: Intel(R) Core(TM) i7-6700K CPU @ 4.00GHz, GPU: Intel(R) HD Graphics 530
LogInit: Compiled (64-bit): Feb 24 2020 15:39:18
LogInit: Compiled with Visual C++: 19.16.27032.01
LogInit: Build Configuration: Development
LogInit: Branch Name: ++UE4+Release-4.24
LogInit: Command Line: 
LogInit: Base Directory: E:/Program Files/Epic Games/UE_4.24/Engine/Binaries/Win64/
LogInit: Installed Engine Build: 1
LogDevObjectVersion: Number of dev versions registered: 25
LogDevObjectVersion:   Dev-Blueprints (B0D832E4-1F89-4F0D-ACCF-7EB736FD4AA2): 10
LogDevObjectVersion:   Dev-Build (E1C64328-A22C-4D53-A36C-8E866417BD8C): 0
LogDevObjectVersion:   Dev-Core (375EC13C-06E4-48FB-B500-84F0262A717E): 3
LogDevObjectVersion:   Dev-Editor (E4B068ED-F494-42E9-A231-DA0B2E46BB41): 37
LogDevObjectVersion:   Dev-Framework (CFFC743F-43B0-4480-9391-14DF171D2073): 36
LogDevObjectVersion:   Dev-Mobile (B02B49B5-BB20-44E9-A304-32B752E40360): 2
LogDevObjectVersion:   Dev-Networking (A4E4105C-59A1-49B5-A7C5-40C4547EDFEE): 0
LogDevObjectVersion:   Dev-Online (39C831C9-5AE6-47DC-9A44-9C173E1C8E7C): 0
LogDevObjectVersion:   Dev-Physics (78F01B33-EBEA-4F98-B9B4-84EACCB95AA2): 2
LogDevObjectVersion:   Dev-Platform (6631380F-2D4D-43E0-8009-CF276956A95A): 0
LogDevObjectVersion:   Dev-Rendering (12F88B9F-8875-4AFC-A67C-D90C383ABD29): 36
LogDevObjectVersion:   Dev-Sequencer (7B5AE74C-D270-4C10-A958-57980B212A5A): 11
LogDevObjectVersion:   Dev-VR (D7296918-1DD6-4BDD-9DE2-64A83CC13884): 2
LogDevObjectVersion:   Dev-LoadTimes (C2A15278-BFE7-4AFE-6C17-90FF531DF755): 1
LogDevObjectVersion:   Private-Geometry (6EACA3D4-40EC-4CC1-B786-8BED09428FC5): 3
LogDevObjectVersion:   Dev-AnimPhys (29E575DD-E0A3-4627-9D10-D276232CDCEA): 17
LogDevObjectVersion:   Dev-Anim (AF43A65D-7FD3-4947-9873-3E8ED9C1BB05): 2
LogDevObjectVersion:   Dev-ReflectionCapture (6B266CEC-1EC7-4B8F-A30B-E4D90942FC07): 1
LogDevObjectVersion:   Dev-Automation (0DF73D61-A23F-47EA-B727-89E90C41499A): 1
LogDevObjectVersion:   FortniteMain (601D1886-AC64-4F84-AA16-D3DE0DEAC7D6): 31
LogDevObjectVersion:   Dev-Enterprise (9DFFBCD6-494F-0158-E221-12823C92A888): 8
LogDevObjectVersion:   Dev-Niagara (F2AED0AC-9AFE-416F-8664-AA7FFA26D6FC): 1
LogDevObjectVersion:   Dev-Destruction (174F1F0B-B4C6-45A5-B13F-2EE8D0FB917D): 9
LogDevObjectVersion:   Dev-Physics-Ext (35F94A83-E258-406C-A318-09F59610247C): 8
LogDevObjectVersion:   Dev-CineCamera (B2E18506-4273-CFC2-A54E-F4BB758BBA07): 1
LogInit: Presizing for max 25165824 objects, including 0 objects not considered by GC, pre-allocating 0 bytes for permanent pool.
LogInit: Object subsystem initialized
LogConfig: Setting CVar [[con.DebugEarlyDefault:1]]
LogConfig: Setting CVar [[r.setres:1280x720]]
[2020.04.25-19.33.50:456][  0]LogConfig: Setting CVar [[r.VSync:0]]
[2020.04.25-19.33.50:456][  0]LogConfig: Setting CVar [[r.RHICmdBypass:0]]
[2020.04.25-19.33.50:456][  0]LogConfig: Applying CVar settings from Section [/Script/Engine.RendererSettings] File [D:/Users/Randy/Desktop/Project_C/Project_C_UE4/Saved/Config/Windows/Engine.ini]
[2020.04.25-19.33.50:456][  0]LogConfig: Setting CVar [[r.GPUCrashDebugging:0]]
[2020.04.25-19.33.50:457][  0]LogConfig: Applying CVar settings from Section [/Script/Engine.RendererOverrideSettings] File [D:/Users/Randy/Desktop/Project_C/Project_C_UE4/Saved/Config/Windows/Engine.ini]
[2020.04.25-19.33.50:457][  0]LogConfig: Applying CVar settings from Section [/Script/Engine.StreamingSettings] File [D:/Users/Randy/Desktop/Project_C/Project_C_UE4/Saved/Config/Windows/Engine.ini]
[2020.04.25-19.33.50:457][  0]LogConfig: Setting CVar [[s.MinBulkDataSizeForAsyncLoading:131072]]
[2020.04.25-19.33.50:457][  0]LogConfig: Setting CVar [[s.AsyncLoadingThreadEnabled:0]]
[2020.04.25-19.33.50:457][  0]LogConfig: Setting CVar [[s.EventDrivenLoaderEnabled:1]]
[2020.04.25-19.33.50:457][  0]LogConfig: Setting CVar [[s.WarnIfTimeLimitExceeded:0]]
[2020.04.25-19.33.50:457][  0]LogConfig: Setting CVar [[s.TimeLimitExceededMultiplier:1.5]]
[2020.04.25-19.33.50:457][  0]LogConfig: Setting CVar [[s.TimeLimitExceededMinTime:0.005]]
[2020.04.25-19.33.50:457][  0]LogConfig: Setting CVar [[s.UseBackgroundLevelStreaming:1]]
[2020.04.25-19.33.50:457][  0]LogConfig: Setting CVar [[s.PriorityAsyncLoadingExtraTime:15.0]]
[2020.04.25-19.33.50:457][  0]LogConfig: Setting CVar [[s.LevelStreamingActorsUpdateTimeLimit:5.0]]
[2020.04.25-19.33.50:457][  0]LogConfig: Setting CVar [[s.PriorityLevelStreamingActorsUpdateExtraTime:5.0]]
[2020.04.25-19.33.50:457][  0]LogConfig: Setting CVar [[s.LevelStreamingComponentsRegistrationGranularity:10]]
[2020.04.25-19.33.50:457][  0]LogConfig: Setting CVar [[s.UnregisterComponentsTimeLimit:1.0]]
[2020.04.25-19.33.50:457][  0]LogConfig: Setting CVar [[s.LevelStreamingComponentsUnregistrationGranularity:5]]
[2020.04.25-19.33.50:457][  0]LogConfig: Setting CVar [[s.FlushStreamingOnExit:1]]
[2020.04.25-19.33.50:457][  0]LogConfig: Applying CVar settings from Section [/Script/Engine.GarbageCollectionSettings] File [D:/Users/Randy/Desktop/Project_C/Project_C_UE4/Saved/Config/Windows/Engine.ini]
[2020.04.25-19.33.50:457][  0]LogConfig: Setting CVar [[gc.MaxObjectsNotConsideredByGC:1]]
[2020.04.25-19.33.50:457][  0]LogConfig: Setting CVar [[gc.SizeOfPermanentObjectPool:0]]
[2020.04.25-19.33.50:457][  0]LogConfig: Setting CVar [[gc.FlushStreamingOnGC:0]]
[2020.04.25-19.33.50:457][  0]LogConfig: Setting CVar [[gc.NumRetriesBeforeForcingGC:10]]
[2020.04.25-19.33.50:457][  0]LogConfig: Setting CVar [[gc.AllowParallelGC:1]]
[2020.04.25-19.33.50:457][  0]LogConfig: Setting CVar [[gc.TimeBetweenPurgingPendingKillObjects:61.1]]
[2020.04.25-19.33.50:457][  0]LogConfig: Setting CVar [[gc.MaxObjectsInEditor:25165824]]
[2020.04.25-19.33.50:457][  0]LogConfig: Setting CVar [[gc.IncrementalBeginDestroyEnabled:1]]
[2020.04.25-19.33.50:457][  0]LogConfig: Setting CVar [[gc.CreateGCClusters:1]]
[2020.04.25-19.33.50:457][  0]LogConfig: Setting CVar [[gc.MinGCClusterSize:5]]
[2020.04.25-19.33.50:457][  0]LogConfig: Setting CVar [[gc.ActorClusteringEnabled:0]]
[2020.04.25-19.33.50:457][  0]LogConfig: Setting CVar [[gc.BlueprintClusteringEnabled:0]]
[2020.04.25-19.33.50:457][  0]LogConfig: Setting CVar [[gc.UseDisregardForGCOnDedicatedServers:0]]
[2020.04.25-19.33.50:457][  0]LogConfig: Applying CVar settings from Section [/Script/Engine.NetworkSettings] File [D:/Users/Randy/Desktop/Project_C/Project_C_UE4/Saved/Config/Windows/Engine.ini]
[2020.04.25-19.33.50:457][  0]LogConfig: Applying CVar settings from Section [/Script/UnrealEd.CookerSettings] File [D:/Users/Randy/Desktop/Project_C/Project_C_UE4/Saved/Config/Windows/Engine.ini]
[2020.04.25-19.33.50:512][  0]LogConfig: Applying CVar settings from Section [ViewDistanceQuality@3] File [D:/Users/Randy/Desktop/Project_C/Project_C_UE4/Saved/Config/Windows/Scalability.ini]
[2020.04.25-19.33.50:512][  0]LogConfig: Setting CVar [[r.SkeletalMeshLODBias:0]]
[2020.04.25-19.33.50:512][  0]LogConfig: Setting CVar [[r.ViewDistanceScale:1.0]]
[2020.04.25-19.33.50:512][  0]LogConfig: Applying CVar settings from Section [AntiAliasingQuality@3] File [D:/Users/Randy/Desktop/Project_C/Project_C_UE4/Saved/Config/Windows/Scalability.ini]
[2020.04.25-19.33.50:512][  0]LogConfig: Setting CVar [[r.PostProcessAAQuality:4]]
[2020.04.25-19.33.50:512][  0]LogConfig: Applying CVar settings from Section [ShadowQuality@3] File [D:/Users/Randy/Desktop/Project_C/Project_C_UE4/Saved/Config/Windows/Scalability.ini]
[2020.04.25-19.33.50:512][  0]LogConfig: Setting CVar [[r.LightFunctionQuality:1]]
[2020.04.25-19.33.50:512][  0]LogConfig: Setting CVar [[r.ShadowQuality:5]]
[2020.04.25-19.33.50:512][  0]LogConfig: Setting CVar [[r.Shadow.CSM.MaxCascades:10]]
[2020.04.25-19.33.50:512][  0]LogConfig: Setting CVar [[r.Shadow.MaxResolution:2048]]
[2020.04.25-19.33.50:512][  0]LogConfig: Setting CVar [[r.Shadow.MaxCSMResolution:2048]]
[2020.04.25-19.33.50:512][  0]LogConfig: Setting CVar [[r.Shadow.RadiusThreshold:0.01]]
[2020.04.25-19.33.50:512][  0]LogConfig: Setting CVar [[r.Shadow.DistanceScale:1.0]]
[2020.04.25-19.33.50:512][  0]LogConfig: Setting CVar [[r.Shadow.CSM.TransitionScale:1.0]]
[2020.04.25-19.33.50:512][  0]LogConfig: Setting CVar [[r.Shadow.PreShadowResolutionFactor:1.0]]
[2020.04.25-19.33.50:512][  0]LogConfig: Setting CVar [[r.DistanceFieldShadowing:1]]
[2020.04.25-19.33.50:512][  0]LogConfig: Setting CVar [[r.DistanceFieldAO:1]]
[2020.04.25-19.33.50:512][  0]LogConfig: Setting CVar [[r.AOQuality:2]]
[2020.04.25-19.33.50:512][  0]LogConfig: Setting CVar [[r.VolumetricFog:1]]
[2020.04.25-19.33.50:512][  0]LogConfig: Setting CVar [[r.VolumetricFog.GridPixelSize:8]]
[2020.04.25-19.33.50:512][  0]LogConfig: Setting CVar [[r.VolumetricFog.GridSizeZ:128]]
[2020.04.25-19.33.50:512][  0]LogConfig: Setting CVar [[r.VolumetricFog.HistoryMissSupersampleCount:4]]
[2020.04.25-19.33.50:512][  0]LogConfig: Setting CVar [[r.LightMaxDrawDistanceScale:1]]
[2020.04.25-19.33.50:512][  0]LogConfig: Setting CVar [[r.CapsuleShadows:1]]
[2020.04.25-19.33.50:512][  0]LogConfig: Applying CVar settings from Section [PostProcessQuality@3] File [D:/Users/Randy/Desktop/Project_C/Project_C_UE4/Saved/Config/Windows/Scalability.ini]
[2020.04.25-19.33.50:512][  0]LogConfig: Setting CVar [[r.MotionBlurQuality:4]]
[2020.04.25-19.33.50:512][  0]LogConfig: Setting CVar [[r.AmbientOcclusionMipLevelFactor:0.4]]
[2020.04.25-19.33.50:512][  0]LogConfig: Setting CVar [[r.AmbientOcclusionMaxQuality:100]]
[2020.04.25-19.33.50:512][  0]LogConfig: Setting CVar [[r.AmbientOcclusionLevels:-1]]
[2020.04.25-19.33.50:512][  0]LogConfig: Setting CVar [[r.AmbientOcclusionRadiusScale:1.0]]
[2020.04.25-19.33.50:512][  0]LogConfig: Setting CVar [[r.DepthOfFieldQuality:2]]
[2020.04.25-19.33.50:512][  0]LogConfig: Setting CVar [[r.RenderTargetPoolMin:400]]
[2020.04.25-19.33.50:512][  0]LogConfig: Setting CVar [[r.LensFlareQuality:2]]
[2020.04.25-19.33.50:512][  0]LogConfig: Setting CVar [[r.SceneColorFringeQuality:1]]
[2020.04.25-19.33.50:513][  0]LogConfig: Setting CVar [[r.EyeAdaptationQuality:2]]
[2020.04.25-19.33.50:513][  0]LogConfig: Setting CVar [[r.BloomQuality:5]]
[2020.04.25-19.33.50:513][  0]LogConfig: Setting CVar [[r.FastBlurThreshold:100]]
[2020.04.25-19.33.50:513][  0]LogConfig: Setting CVar [[r.Upscale.Quality:3]]
[2020.04.25-19.33.50:513][  0]LogConfig: Setting CVar [[r.Tonemapper.GrainQuantization:1]]
[2020.04.25-19.33.50:513][  0]LogConfig: Setting CVar [[r.LightShaftQuality:1]]
[2020.04.25-19.33.50:513][  0]LogConfig: Setting CVar [[r.Filter.SizeScale:1]]
[2020.04.25-19.33.50:513][  0]LogConfig: Setting CVar [[r.Tonemapper.Quality:5]]
[2020.04.25-19.33.50:513][  0]LogConfig: Setting CVar [[r.DOF.Gather.AccumulatorQuality:1        ; higher gathering accumulator quality]]
[2020.04.25-19.33.50:513][  0]LogConfig: Setting CVar [[r.DOF.Gather.PostfilterMethod:1          ; Median3x3 postfilering method]]
[2020.04.25-19.33.50:513][  0]LogConfig: Setting CVar [[r.DOF.Gather.EnableBokehSettings:0       ; no bokeh simulation when gathering]]
[2020.04.25-19.33.50:513][  0]LogConfig: Setting CVar [[r.DOF.Gather.RingCount:4                 ; medium number of samples when gathering]]
[2020.04.25-19.33.50:513][  0]LogConfig: Setting CVar [[r.DOF.Scatter.ForegroundCompositing:1    ; additive foreground scattering]]
[2020.04.25-19.33.50:513][  0]LogConfig: Setting CVar [[r.DOF.Scatter.BackgroundCompositing:2    ; additive background scattering]]
[2020.04.25-19.33.50:513][  0]LogConfig: Setting CVar [[r.DOF.Scatter.EnableBokehSettings:1      ; bokeh simulation when scattering]]
[2020.04.25-19.33.50:513][  0]LogConfig: Setting CVar [[r.DOF.Scatter.MaxSpriteRatio:0.1         ; only a maximum of 10% of scattered bokeh]]
[2020.04.25-19.33.50:513][  0]LogConfig: Setting CVar [[r.DOF.Recombine.Quality:1                ; cheap slight out of focus]]
[2020.04.25-19.33.50:513][  0]LogConfig: Setting CVar [[r.DOF.Recombine.EnableBokehSettings:0    ; no bokeh simulation on slight out of focus]]
[2020.04.25-19.33.50:513][  0]LogConfig: Setting CVar [[r.DOF.TemporalAAQuality:1                ; more stable temporal accumulation]]
[2020.04.25-19.33.50:513][  0]LogConfig: Setting CVar [[r.DOF.Kernel.MaxForegroundRadius:0.025]]
[2020.04.25-19.33.50:513][  0]LogConfig: Setting CVar [[r.DOF.Kernel.MaxBackgroundRadius:0.025]]
[2020.04.25-19.33.50:513][  0]LogConfig: Applying CVar settings from Section [TextureQuality@3] File [D:/Users/Randy/Desktop/Project_C/Project_C_UE4/Saved/Config/Windows/Scalability.ini]
[2020.04.25-19.33.50:513][  0]LogConfig: Setting CVar [[r.Streaming.MipBias:0]]
[2020.04.25-19.33.50:513][  0]LogConfig: Setting CVar [[r.Streaming.AmortizeCPUToGPUCopy:0]]
[2020.04.25-19.33.50:513][  0]LogConfig: Setting CVar [[r.Streaming.MaxNumTexturesToStreamPerFrame:0]]
[2020.04.25-19.33.50:513][  0]LogConfig: Setting CVar [[r.Streaming.Boost:1]]
[2020.04.25-19.33.50:513][  0]LogConfig: Setting CVar [[r.MaxAnisotropy:8]]
[2020.04.25-19.33.50:513][  0]LogConfig: Setting CVar [[r.VT.MaxAnisotropy:8]]
[2020.04.25-19.33.50:513][  0]LogConfig: Setting CVar [[r.Streaming.LimitPoolSizeToVRAM:0]]
[2020.04.25-19.33.50:513][  0]LogConfig: Setting CVar [[r.Streaming.PoolSize:1000]]
[2020.04.25-19.33.50:513][  0]LogConfig: Setting CVar [[r.Streaming.MaxEffectiveScreenSize:0]]
[2020.04.25-19.33.50:513][  0]LogConfig: Applying CVar settings from Section [EffectsQuality@3] File [D:/Users/Randy/Desktop/Project_C/Project_C_UE4/Saved/Config/Windows/Scalability.ini]
[2020.04.25-19.33.50:513][  0]LogConfig: Setting CVar [[r.TranslucencyLightingVolumeDim:64]]
[2020.04.25-19.33.50:513][  0]LogConfig: Setting CVar [[r.RefractionQuality:2]]
[2020.04.25-19.33.50:513][  0]LogConfig: Setting CVar [[r.SSR.Quality:3]]
[2020.04.25-19.33.50:513][  0]LogConfig: Setting CVar [[r.SSR.HalfResSceneColor:0]]
[2020.04.25-19.33.50:513][  0]LogConfig: Setting CVar [[r.SceneColorFormat:4]]
[2020.04.25-19.33.50:513][  0]LogConfig: Setting CVar [[r.DetailMode:2]]
[2020.04.25-19.33.50:513][  0]LogConfig: Setting CVar [[r.TranslucencyVolumeBlur:1]]
[2020.04.25-19.33.50:513][  0]LogConfig: Setting CVar [[r.MaterialQualityLevel:1 ; High quality]]
[2020.04.25-19.33.50:513][  0]LogConfig: Setting CVar [[r.SSS.Scale:1]]
[2020.04.25-19.33.50:513][  0]LogConfig: Setting CVar [[r.SSS.SampleSet:2]]
[2020.04.25-19.33.50:513][  0]LogConfig: Setting CVar [[r.SSS.Quality:1]]
[2020.04.25-19.33.50:513][  0]LogConfig: Setting CVar [[r.SSS.HalfRes:1]]
[2020.04.25-19.33.50:513][  0]LogConfig: Setting CVar [[r.SSGI.Quality:3]]
[2020.04.25-19.33.50:513][  0]LogConfig: Setting CVar [[r.EmitterSpawnRateScale:1.0]]
[2020.04.25-19.33.50:513][  0]LogConfig: Setting CVar [[r.ParticleLightQuality:2]]
[2020.04.25-19.33.50:513][  0]LogConfig: Setting CVar [[r.SkyAtmosphere.AerialPerspectiveLUT.FastApplyOnOpaque:1 ; Always have FastSkyLUT 1 in this case to avoid wrong sky]]
[2020.04.25-19.33.50:513][  0]LogConfig: Setting CVar [[r.SkyAtmosphere.AerialPerspectiveLUT.SampleCountPerSlice:1]]
[2020.04.25-19.33.50:513][  0]LogConfig: Setting CVar [[r.SkyAtmosphere.AerialPerspectiveLUT.DepthResolution:16.0]]
[2020.04.25-19.33.50:513][  0]LogConfig: Setting CVar [[r.SkyAtmosphere.FastSkyLUT:1]]
[2020.04.25-19.33.50:513][  0]LogConfig: Setting CVar [[r.SkyAtmosphere.FastSkyLUT.SampleCountMin:4.0]]
[2020.04.25-19.33.50:513][  0]LogConfig: Setting CVar [[r.SkyAtmosphere.FastSkyLUT.SampleCountMax:32.0]]
[2020.04.25-19.33.50:513][  0]LogConfig: Setting CVar [[r.SkyAtmosphere.SampleCountMin:4.0]]
[2020.04.25-19.33.50:513][  0]LogConfig: Setting CVar [[r.SkyAtmosphere.SampleCountMax:32.0]]
[2020.04.25-19.33.50:513][  0]LogConfig: Setting CVar [[r.SkyAtmosphere.TransmittanceLUT.UseSmallFormat:0]]
[2020.04.25-19.33.50:513][  0]LogConfig: Setting CVar [[r.SkyAtmosphere.TransmittanceLUT.SampleCount:10.0]]
[2020.04.25-19.33.50:513][  0]LogConfig: Setting CVar [[r.SkyAtmosphere.MultiScatteringLUT.SampleCount:15.0]]
[2020.04.25-19.33.50:513][  0]LogConfig: Applying CVar settings from Section [FoliageQuality@3] File [D:/Users/Randy/Desktop/Project_C/Project_C_UE4/Saved/Config/Windows/Scalability.ini]
[2020.04.25-19.33.50:513][  0]LogConfig: Setting CVar [[foliage.DensityScale:1.0]]
[2020.04.25-19.33.50:513][  0]LogConfig: Setting CVar [[grass.DensityScale:1.0]]
[2020.04.25-19.33.50:513][  0]LogConfig: Applying CVar settings from Section [ShadingQuality@3] File [D:/Users/Randy/Desktop/Project_C/Project_C_UE4/Saved/Config/Windows/Scalability.ini]
[2020.04.25-19.33.50:513][  0]LogConfig: Setting CVar [[r.HairStrands.SkyLighting.SampleCount:16]]
[2020.04.25-19.33.50:513][  0]LogConfig: Setting CVar [[r.HairStrands.SkyLighting.JitterIntegration:0]]
[2020.04.25-19.33.50:513][  0]LogConfig: Setting CVar [[r.HairStrands.SkyAO.SampleCount:16]]
[2020.04.25-19.33.50:513][  0]LogInit: Selected Device Profile: [Windows]
[2020.04.25-19.33.50:513][  0]LogInit: Applying CVar settings loaded from the selected device profile: [Windows]
[2020.04.25-19.33.50:564][  0]LogHAL: Display: Platform has ~ 16 GB [17041510400 / 17179869184 / 16], which maps to Larger [LargestMinGB=32, LargerMinGB=12, DefaultMinGB=8, SmallerMinGB=6, SmallestMinGB=0)
[2020.04.25-19.33.50:564][  0]LogInit: Going up to parent DeviceProfile []
[2020.04.25-19.33.50:564][  0]LogConfig: Applying CVar settings from Section [ViewDistanceQuality@3] File [D:/Users/Randy/Desktop/Project_C/Project_C_UE4/Saved/Config/Windows/Scalability.ini]
[2020.04.25-19.33.50:564][  0]LogConfig: Setting CVar [[r.SkeletalMeshLODBias:0]]
[2020.04.25-19.33.50:564][  0]LogConfig: Setting CVar [[r.ViewDistanceScale:1.0]]
[2020.04.25-19.33.50:564][  0]LogConfig: Applying CVar settings from Section [AntiAliasingQuality@3] File [D:/Users/Randy/Desktop/Project_C/Project_C_UE4/Saved/Config/Windows/Scalability.ini]
[2020.04.25-19.33.50:564][  0]LogConfig: Setting CVar [[r.PostProcessAAQuality:4]]
[2020.04.25-19.33.50:564][  0]LogConfig: Applying CVar settings from Section [ShadowQuality@3] File [D:/Users/Randy/Desktop/Project_C/Project_C_UE4/Saved/Config/Windows/Scalability.ini]
[2020.04.25-19.33.50:564][  0]LogConfig: Setting CVar [[r.LightFunctionQuality:1]]
[2020.04.25-19.33.50:564][  0]LogConfig: Setting CVar [[r.ShadowQuality:5]]
[2020.04.25-19.33.50:564][  0]LogConfig: Setting CVar [[r.Shadow.CSM.MaxCascades:10]]
[2020.04.25-19.33.50:564][  0]LogConfig: Setting CVar [[r.Shadow.MaxResolution:2048]]
[2020.04.25-19.33.50:564][  0]LogConfig: Setting CVar [[r.Shadow.MaxCSMResolution:2048]]
[2020.04.25-19.33.50:564][  0]LogConfig: Setting CVar [[r.Shadow.RadiusThreshold:0.01]]
[2020.04.25-19.33.50:564][  0]LogConfig: Setting CVar [[r.Shadow.DistanceScale:1.0]]
[2020.04.25-19.33.50:564][  0]LogConfig: Setting CVar [[r.Shadow.CSM.TransitionScale:1.0]]
[2020.04.25-19.33.50:564][  0]LogConfig: Setting CVar [[r.Shadow.PreShadowResolutionFactor:1.0]]
[2020.04.25-19.33.50:564][  0]LogConfig: Setting CVar [[r.DistanceFieldShadowing:1]]
[2020.04.25-19.33.50:564][  0]LogConfig: Setting CVar [[r.DistanceFieldAO:1]]
[2020.04.25-19.33.50:564][  0]LogConfig: Setting CVar [[r.AOQuality:2]]
[2020.04.25-19.33.50:564][  0]LogConfig: Setting CVar [[r.VolumetricFog:1]]
[2020.04.25-19.33.50:564][  0]LogConfig: Setting CVar [[r.VolumetricFog.GridPixelSize:8]]
[2020.04.25-19.33.50:564][  0]LogConfig: Setting CVar [[r.VolumetricFog.GridSizeZ:128]]
[2020.04.25-19.33.50:564][  0]LogConfig: Setting CVar [[r.VolumetricFog.HistoryMissSupersampleCount:4]]
[2020.04.25-19.33.50:564][  0]LogConfig: Setting CVar [[r.LightMaxDrawDistanceScale:1]]
[2020.04.25-19.33.50:564][  0]LogConfig: Setting CVar [[r.CapsuleShadows:1]]
[2020.04.25-19.33.50:564][  0]LogConfig: Applying CVar settings from Section [PostProcessQuality@3] File [D:/Users/Randy/Desktop/Project_C/Project_C_UE4/Saved/Config/Windows/Scalability.ini]
[2020.04.25-19.33.50:564][  0]LogConfig: Setting CVar [[r.MotionBlurQuality:4]]
[2020.04.25-19.33.50:564][  0]LogConfig: Setting CVar [[r.AmbientOcclusionMipLevelFactor:0.4]]
[2020.04.25-19.33.50:564][  0]LogConfig: Setting CVar [[r.AmbientOcclusionMaxQuality:100]]
[2020.04.25-19.33.50:564][  0]LogConfig: Setting CVar [[r.AmbientOcclusionLevels:-1]]
[2020.04.25-19.33.50:564][  0]LogConfig: Setting CVar [[r.AmbientOcclusionRadiusScale:1.0]]
[2020.04.25-19.33.50:564][  0]LogConfig: Setting CVar [[r.DepthOfFieldQuality:2]]
[2020.04.25-19.33.50:564][  0]LogConfig: Setting CVar [[r.RenderTargetPoolMin:400]]
[2020.04.25-19.33.50:564][  0]LogConfig: Setting CVar [[r.LensFlareQuality:2]]
[2020.04.25-19.33.50:564][  0]LogConfig: Setting CVar [[r.SceneColorFringeQuality:1]]
[2020.04.25-19.33.50:564][  0]LogConfig: Setting CVar [[r.EyeAdaptationQuality:2]]
[2020.04.25-19.33.50:565][  0]LogConfig: Setting CVar [[r.BloomQuality:5]]
[2020.04.25-19.33.50:565][  0]LogConfig: Setting CVar [[r.FastBlurThreshold:100]]
[2020.04.25-19.33.50:565][  0]LogConfig: Setting CVar [[r.Upscale.Quality:3]]
[2020.04.25-19.33.50:565][  0]LogConfig: Setting CVar [[r.Tonemapper.GrainQuantization:1]]
[2020.04.25-19.33.50:565][  0]LogConfig: Setting CVar [[r.LightShaftQuality:1]]
[2020.04.25-19.33.50:565][  0]LogConfig: Setting CVar [[r.Filter.SizeScale:1]]
[2020.04.25-19.33.50:565][  0]LogConfig: Setting CVar [[r.Tonemapper.Quality:5]]
[2020.04.25-19.33.50:565][  0]LogConfig: Setting CVar [[r.DOF.Gather.AccumulatorQuality:1        ; higher gathering accumulator quality]]
[2020.04.25-19.33.50:565][  0]LogConfig: Setting CVar [[r.DOF.Gather.PostfilterMethod:1          ; Median3x3 postfilering method]]
[2020.04.25-19.33.50:565][  0]LogConfig: Setting CVar [[r.DOF.Gather.EnableBokehSettings:0       ; no bokeh simulation when gathering]]
[2020.04.25-19.33.50:565][  0]LogConfig: Setting CVar [[r.DOF.Gather.RingCount:4                 ; medium number of samples when gathering]]
[2020.04.25-19.33.50:565][  0]LogConfig: Setting CVar [[r.DOF.Scatter.ForegroundCompositing:1    ; additive foreground scattering]]
[2020.04.25-19.33.50:565][  0]LogConfig: Setting CVar [[r.DOF.Scatter.BackgroundCompositing:2    ; additive background scattering]]
[2020.04.25-19.33.50:565][  0]LogConfig: Setting CVar [[r.DOF.Scatter.EnableBokehSettings:1      ; bokeh simulation when scattering]]
[2020.04.25-19.33.50:565][  0]LogConfig: Setting CVar [[r.DOF.Scatter.MaxSpriteRatio:0.1         ; only a maximum of 10% of scattered bokeh]]
[2020.04.25-19.33.50:565][  0]LogConfig: Setting CVar [[r.DOF.Recombine.Quality:1                ; cheap slight out of focus]]
[2020.04.25-19.33.50:565][  0]LogConfig: Setting CVar [[r.DOF.Recombine.EnableBokehSettings:0    ; no bokeh simulation on slight out of focus]]
[2020.04.25-19.33.50:565][  0]LogConfig: Setting CVar [[r.DOF.TemporalAAQuality:1                ; more stable temporal accumulation]]
[2020.04.25-19.33.50:565][  0]LogConfig: Setting CVar [[r.DOF.Kernel.MaxForegroundRadius:0.025]]
[2020.04.25-19.33.50:565][  0]LogConfig: Setting CVar [[r.DOF.Kernel.MaxBackgroundRadius:0.025]]
[2020.04.25-19.33.50:565][  0]LogConfig: Applying CVar settings from Section [TextureQuality@3] File [D:/Users/Randy/Desktop/Project_C/Project_C_UE4/Saved/Config/Windows/Scalability.ini]
[2020.04.25-19.33.50:565][  0]LogConfig: Setting CVar [[r.Streaming.MipBias:0]]
[2020.04.25-19.33.50:565][  0]LogConfig: Setting CVar [[r.Streaming.AmortizeCPUToGPUCopy:0]]
[2020.04.25-19.33.50:565][  0]LogConfig: Setting CVar [[r.Streaming.MaxNumTexturesToStreamPerFrame:0]]
[2020.04.25-19.33.50:565][  0]LogConfig: Setting CVar [[r.Streaming.Boost:1]]
[2020.04.25-19.33.50:565][  0]LogConfig: Setting CVar [[r.MaxAnisotropy:8]]
[2020.04.25-19.33.50:565][  0]LogConfig: Setting CVar [[r.VT.MaxAnisotropy:8]]
[2020.04.25-19.33.50:565][  0]LogConfig: Setting CVar [[r.Streaming.LimitPoolSizeToVRAM:0]]
[2020.04.25-19.33.50:565][  0]LogConfig: Setting CVar [[r.Streaming.PoolSize:1000]]
[2020.04.25-19.33.50:565][  0]LogConfig: Setting CVar [[r.Streaming.MaxEffectiveScreenSize:0]]
[2020.04.25-19.33.50:565][  0]LogConfig: Applying CVar settings from Section [EffectsQuality@3] File [D:/Users/Randy/Desktop/Project_C/Project_C_UE4/Saved/Config/Windows/Scalability.ini]
[2020.04.25-19.33.50:565][  0]LogConfig: Setting CVar [[r.TranslucencyLightingVolumeDim:64]]
[2020.04.25-19.33.50:565][  0]LogConfig: Setting CVar [[r.RefractionQuality:2]]
[2020.04.25-19.33.50:565][  0]LogConfig: Setting CVar [[r.SSR.Quality:3]]
[2020.04.25-19.33.50:565][  0]LogConfig: Setting CVar [[r.SSR.HalfResSceneColor:0]]
[2020.04.25-19.33.50:565][  0]LogConfig: Setting CVar [[r.SceneColorFormat:4]]
[2020.04.25-19.33.50:565][  0]LogConfig: Setting CVar [[r.DetailMode:2]]
[2020.04.25-19.33.50:565][  0]LogConfig: Setting CVar [[r.TranslucencyVolumeBlur:1]]
[2020.04.25-19.33.50:565][  0]LogConfig: Setting CVar [[r.MaterialQualityLevel:1 ; High quality]]
[2020.04.25-19.33.50:565][  0]LogConfig: Setting CVar [[r.SSS.Scale:1]]
[2020.04.25-19.33.50:565][  0]LogConfig: Setting CVar [[r.SSS.SampleSet:2]]
[2020.04.25-19.33.50:565][  0]LogConfig: Setting CVar [[r.SSS.Quality:1]]
[2020.04.25-19.33.50:565][  0]LogConfig: Setting CVar [[r.SSS.HalfRes:1]]
[2020.04.25-19.33.50:565][  0]LogConfig: Setting CVar [[r.SSGI.Quality:3]]
[2020.04.25-19.33.50:565][  0]LogConfig: Setting CVar [[r.EmitterSpawnRateScale:1.0]]
[2020.04.25-19.33.50:565][  0]LogConfig: Setting CVar [[r.ParticleLightQuality:2]]
[2020.04.25-19.33.50:565][  0]LogConfig: Setting CVar [[r.SkyAtmosphere.AerialPerspectiveLUT.FastApplyOnOpaque:1 ; Always have FastSkyLUT 1 in this case to avoid wrong sky]]
[2020.04.25-19.33.50:565][  0]LogConfig: Setting CVar [[r.SkyAtmosphere.AerialPerspectiveLUT.SampleCountPerSlice:1]]
[2020.04.25-19.33.50:565][  0]LogConfig: Setting CVar [[r.SkyAtmosphere.AerialPerspectiveLUT.DepthResolution:16.0]]
[2020.04.25-19.33.50:565][  0]LogConfig: Setting CVar [[r.SkyAtmosphere.FastSkyLUT:1]]
[2020.04.25-19.33.50:565][  0]LogConfig: Setting CVar [[r.SkyAtmosphere.FastSkyLUT.SampleCountMin:4.0]]
[2020.04.25-19.33.50:565][  0]LogConfig: Setting CVar [[r.SkyAtmosphere.FastSkyLUT.SampleCountMax:32.0]]
[2020.04.25-19.33.50:565][  0]LogConfig: Setting CVar [[r.SkyAtmosphere.SampleCountMin:4.0]]
[2020.04.25-19.33.50:565][  0]LogConfig: Setting CVar [[r.SkyAtmosphere.SampleCountMax:32.0]]
[2020.04.25-19.33.50:565][  0]LogConfig: Setting CVar [[r.SkyAtmosphere.TransmittanceLUT.UseSmallFormat:0]]
[2020.04.25-19.33.50:565][  0]LogConfig: Setting CVar [[r.SkyAtmosphere.TransmittanceLUT.SampleCount:10.0]]
[2020.04.25-19.33.50:565][  0]LogConfig: Setting CVar [[r.SkyAtmosphere.MultiScatteringLUT.SampleCount:15.0]]
[2020.04.25-19.33.50:565][  0]LogConfig: Applying CVar settings from Section [FoliageQuality@3] File [D:/Users/Randy/Desktop/Project_C/Project_C_UE4/Saved/Config/Windows/Scalability.ini]
[2020.04.25-19.33.50:565][  0]LogConfig: Setting CVar [[foliage.DensityScale:1.0]]
[2020.04.25-19.33.50:565][  0]LogConfig: Setting CVar [[grass.DensityScale:1.0]]
[2020.04.25-19.33.50:565][  0]LogConfig: Applying CVar settings from Section [ShadingQuality@3] File [D:/Users/Randy/Desktop/Project_C/Project_C_UE4/Saved/Config/Windows/Scalability.ini]
[2020.04.25-19.33.50:565][  0]LogConfig: Setting CVar [[r.HairStrands.SkyLighting.SampleCount:16]]
[2020.04.25-19.33.50:565][  0]LogConfig: Setting CVar [[r.HairStrands.SkyLighting.JitterIntegration:0]]
[2020.04.25-19.33.50:565][  0]LogConfig: Setting CVar [[r.HairStrands.SkyAO.SampleCount:16]]
[2020.04.25-19.33.50:565][  0]LogConfig: Applying CVar settings from Section [Startup] File [../../../Engine/Config/ConsoleVariables.ini]
[2020.04.25-19.33.50:578][  0]LogConfig: Setting CVar [[net.UseAdaptiveNetUpdateFrequency:0]]
[2020.04.25-19.33.50:578][  0]LogConfig: Setting CVar [[p.chaos.AllowCreatePhysxBodies:1]]
[2020.04.25-19.33.50:578][  0]LogConfig: Applying CVar settings from Section [ConsoleVariables] File [D:/Users/Randy/Desktop/Project_C/Project_C_UE4/Saved/Config/Windows/Engine.ini]
[2020.04.25-19.33.50:596][  0]LogInit: Computer: DESKTOP-RDHKLDC
[2020.04.25-19.33.50:596][  0]LogInit: User: Randy
[2020.04.25-19.33.50:596][  0]LogInit: CPU Page size=4096, Cores=4
[2020.04.25-19.33.50:596][  0]LogInit: High frequency timer resolution =10.000000 MHz
[2020.04.25-19.33.50:596][  0]LogMemory: Memory total: Physical=15.9GB (16GB approx)
[2020.04.25-19.33.50:596][  0]LogMemory: Platform Memory Stats for Windows
[2020.04.25-19.33.50:596][  0]LogMemory: Process Physical Memory: 105.70 MB used, 105.71 MB peak
[2020.04.25-19.33.50:596][  0]LogMemory: Process Virtual Memory: 100.55 MB used, 100.55 MB peak
[2020.04.25-19.33.50:596][  0]LogMemory: Physical Memory: 7610.10 MB used,  8641.95 MB free, 16252.05 MB total
[2020.04.25-19.33.50:596][  0]LogMemory: Virtual Memory: 5152.02 MB used,  134212576.00 MB free, 134217728.00 MB total
[2020.04.25-19.33.50:600][  0]LogWindows: WindowsPlatformFeatures enabled
[2020.04.25-19.33.51:364][  0]LogInit: Using OS detected language (en-US).
[2020.04.25-19.33.51:364][  0]LogInit: Using OS detected locale (en-US).
[2020.04.25-19.33.51:432][  0]LogTextLocalizationManager: No specific localization for 'en-US' exists, so the 'en' localization will be used.
[2020.04.25-19.33.52:098][  0]LogInit: Setting process to per monitor DPI aware
[2020.04.25-19.33.52:956][  0]LogSlate: New Slate User Created.  User Index 0, Is Virtual User: 0
[2020.04.25-19.33.52:957][  0]LogSlate: Slate User Registered.  User Index 0, Is Virtual User: 0
[2020.04.25-19.33.58:765][  0]LogHMD: Failed to initialize OpenVR with code 110
[2020.04.25-19.33.58:765][  0]LogD3D11RHI: D3D11 min allowed feature level: 11_0
[2020.04.25-19.33.58:765][  0]LogD3D11RHI: D3D11 max allowed feature level: 11_0
[2020.04.25-19.33.58:765][  0]LogD3D11RHI: D3D11 adapters:
[2020.04.25-19.33.58:845][  0]LogD3D11RHI:    0. 'NVIDIA GeForce GTX 1060 6GB' (Feature Level 11_0)
[2020.04.25-19.33.58:845][  0]LogD3D11RHI:       6052/0/8126 MB DedicatedVideo/DedicatedSystem/SharedSystem, Outputs:1, VendorId:0x10de
[2020.04.25-19.33.58:864][  0]LogD3D11RHI:    1. 'Intel(R) HD Graphics 530' (Feature Level 11_0)
[2020.04.25-19.33.58:864][  0]LogD3D11RHI:       128/0/8126 MB DedicatedVideo/DedicatedSystem/SharedSystem, Outputs:1, VendorId:0x8086
[2020.04.25-19.33.58:866][  0]LogD3D11RHI:    2. 'Microsoft Basic Render Driver' (Feature Level 11_0)
[2020.04.25-19.33.58:866][  0]LogD3D11RHI:       0/0/8126 MB DedicatedVideo/DedicatedSystem/SharedSystem, Outputs:0, VendorId:0x1414
[2020.04.25-19.33.58:866][  0]LogD3D11RHI: Chosen D3D11 Adapter: 0
[2020.04.25-19.33.58:890][  0]LogD3D11RHI: Creating new Direct3DDevice
[2020.04.25-19.33.58:890][  0]LogD3D11RHI:     GPU DeviceId: 0x1c03 (for the marketing name, search the web for "GPU Device Id")
[2020.04.25-19.33.58:891][  0]LogWindows: EnumDisplayDevices:
[2020.04.25-19.33.58:891][  0]LogWindows:    0. 'Intel(R) HD Graphics 530' (P:0 D:1)
[2020.04.25-19.33.58:891][  0]LogWindows:    1. 'Intel(R) HD Graphics 530' (P:0 D:0)
[2020.04.25-19.33.58:892][  0]LogWindows:    2. 'Intel(R) HD Graphics 530' (P:0 D:0)
[2020.04.25-19.33.58:892][  0]LogWindows:    3. 'NVIDIA GeForce GTX 1060 6GB' (P:1 D:1)
[2020.04.25-19.33.58:892][  0]LogWindows:    4. 'NVIDIA GeForce GTX 1060 6GB' (P:0 D:0)
[2020.04.25-19.33.58:893][  0]LogWindows:    5. 'NVIDIA GeForce GTX 1060 6GB' (P:0 D:0)
[2020.04.25-19.33.58:893][  0]LogWindows:    6. 'NVIDIA GeForce GTX 1060 6GB' (P:0 D:0)
[2020.04.25-19.33.58:893][  0]LogWindows: DebugString: PrimaryIsNotTheChoosenAdapter PrimaryIsNotTheChoosenAdapter PrimaryIsNotTheChoosenAdapter FoundDriverCount:4 
[2020.04.25-19.33.58:893][  0]LogD3D11RHI:     Adapter Name: NVIDIA GeForce GTX 1060 6GB
[2020.04.25-19.33.58:893][  0]LogD3D11RHI:   Driver Version: 432.00 (internal:26.21.14.3200, unified:432.00)
[2020.04.25-19.33.58:893][  0]LogD3D11RHI:      Driver Date: 7-24-2019
[2020.04.25-19.33.58:893][  0]LogRHI: Texture pool is 4236 MB (70% of 6052 MB)
[2020.04.25-19.33.58:935][  0]LogD3D11RHI: RHI has support for 64 bit atomics
[2020.04.25-19.33.58:937][  0]LogD3D11RHI: Async texture creation enabled
[2020.04.25-19.33.59:132][  0]LogD3D11RHI: GPU Timing Frequency: 1000.000000 (Debug: 2 1)
[2020.04.25-19.33.59:945][  0]LogTargetPlatformManager: Display: Loaded TargetPlatform 'AllDesktop'
[2020.04.25-19.34.00:026][  0]LogTargetPlatformManager: Display: Loaded TargetPlatform 'Android'
[2020.04.25-19.34.00:026][  0]LogTargetPlatformManager: Display: Loaded TargetPlatform 'Android_ASTC'
[2020.04.25-19.34.00:026][  0]LogTargetPlatformManager: Display: Loaded TargetPlatform 'Android_ATC'
[2020.04.25-19.34.00:026][  0]LogTargetPlatformManager: Display: Loaded TargetPlatform 'Android_DXT'
[2020.04.25-19.34.00:026][  0]LogTargetPlatformManager: Display: Loaded TargetPlatform 'Android_ETC1'
[2020.04.25-19.34.00:026][  0]LogTargetPlatformManager: Display: Loaded TargetPlatform 'Android_ETC1a'
[2020.04.25-19.34.00:026][  0]LogTargetPlatformManager: Display: Loaded TargetPlatform 'Android_ETC2'
[2020.04.25-19.34.00:026][  0]LogTargetPlatformManager: Display: Loaded TargetPlatform 'Android_PVRTC'
[2020.04.25-19.34.00:026][  0]LogTargetPlatformManager: Display: Loaded TargetPlatform 'AndroidClient'
[2020.04.25-19.34.00:026][  0]LogTargetPlatformManager: Display: Loaded TargetPlatform 'Android_ASTCClient'
[2020.04.25-19.34.00:027][  0]LogTargetPlatformManager: Display: Loaded TargetPlatform 'Android_ATCClient'
[2020.04.25-19.34.00:027][  0]LogTargetPlatformManager: Display: Loaded TargetPlatform 'Android_DXTClient'
[2020.04.25-19.34.00:027][  0]LogTargetPlatformManager: Display: Loaded TargetPlatform 'Android_ETC1Client'
[2020.04.25-19.34.00:027][  0]LogTargetPlatformManager: Display: Loaded TargetPlatform 'Android_ETC1aClient'
[2020.04.25-19.34.00:027][  0]LogTargetPlatformManager: Display: Loaded TargetPlatform 'Android_ETC2Client'
[2020.04.25-19.34.00:027][  0]LogTargetPlatformManager: Display: Loaded TargetPlatform 'Android_PVRTCClient'
[2020.04.25-19.34.00:027][  0]LogTargetPlatformManager: Display: Loaded TargetPlatform 'Android_Multi'
[2020.04.25-19.34.00:027][  0]LogTargetPlatformManager: Display: Loaded TargetPlatform 'Android_MultiClient'
[2020.04.25-19.34.00:155][  0]LogTargetPlatformManager: Display: Loaded TargetPlatform 'IOSClient'
[2020.04.25-19.34.00:155][  0]LogTargetPlatformManager: Display: Loaded TargetPlatform 'IOS'
[2020.04.25-19.34.00:192][  0]LogTargetPlatformManager: Display: Loaded TargetPlatform 'LinuxNoEditor'
[2020.04.25-19.34.00:214][  0]LogTargetPlatformManager: Display: Loaded TargetPlatform 'LinuxClient'
[2020.04.25-19.34.00:241][  0]LogTargetPlatformManager: Display: Loaded TargetPlatform 'LinuxServer'
[2020.04.25-19.34.00:267][  0]LogTargetPlatformManager: Display: Loaded TargetPlatform 'LinuxAArch64NoEditor'
[2020.04.25-19.34.00:291][  0]LogTargetPlatformManager: Display: Loaded TargetPlatform 'LinuxAArch64Client'
[2020.04.25-19.34.00:317][  0]LogTargetPlatformManager: Display: Loaded TargetPlatform 'LinuxAArch64Server'
[2020.04.25-19.34.00:380][  0]LogTargetPlatformManager: Display: Loaded TargetPlatform 'Lumin'
[2020.04.25-19.34.00:380][  0]LogTargetPlatformManager: Display: Loaded TargetPlatform 'LuminClient'
[2020.04.25-19.34.00:424][  0]LogTargetPlatformManager: Display: Loaded TargetPlatform 'TVOSClient'
[2020.04.25-19.34.00:424][  0]LogTargetPlatformManager: Display: Loaded TargetPlatform 'TVOS'
[2020.04.25-19.34.00:476][  0]LogTargetPlatformManager: Display: Loaded TargetPlatform 'WindowsNoEditor'
[2020.04.25-19.34.00:503][  0]LogTargetPlatformManager: Display: Loaded TargetPlatform 'Windows'
[2020.04.25-19.34.00:529][  0]LogTargetPlatformManager: Display: Loaded TargetPlatform 'WindowsClient'
[2020.04.25-19.34.00:562][  0]LogTargetPlatformManager: Display: Loaded TargetPlatform 'WindowsServer'
[2020.04.25-19.34.00:562][  0]LogTargetPlatformManager: Display: Building Assets For Windows
[2020.04.25-19.34.00:788][  0]LogAudioDebug: Display: Lib vorbis DLL was dynamically loaded.
[2020.04.25-19.34.01:501][  0]LogShaderCompilers: Guid format shader working directory is 0 characters bigger than the processId version (D:/Users/Randy/Desktop/Project_C/Project_C_UE4/Intermediate/Shaders/WorkingDirectory/5848/).
[2020.04.25-19.34.01:501][  0]LogShaderCompilers: Cleaned the shader compiler working directory 'C:/Users/Randy/AppData/Local/Temp/UnrealShaderWorkingDir/45EDC04842A06C485AE0CF89B261BB6C/'.
[2020.04.25-19.34.01:502][  0]LogXGEController: Cleaning working directory: C:/Users/Randy/AppData/Local/Temp/UnrealXGEWorkingDir/
[2020.04.25-19.34.01:502][  0]LogXGEController: Cannot use XGE Controller as Incredibuild is not installed on this machine.
[2020.04.25-19.34.01:502][  0]LogShaderCompilers: Cannot use XGE Shader Compiler as Incredibuild is not installed on this machine.
[2020.04.25-19.34.01:502][  0]LogShaderCompilers: Display: Using Local Shader Compiler.
[2020.04.25-19.34.06:782][  0]LogDerivedDataCache: Display: Max Cache Size: 512 MB
[2020.04.25-19.34.07:111][  0]LogDerivedDataCache: Loaded boot cache 0.33s 78MB C:/Users/Randy/AppData/Local/UnrealEngine/4.24/DerivedDataCache/Boot.ddc.
[2020.04.25-19.34.07:111][  0]LogDerivedDataCache: Display: Loaded Boot cache: C:/Users/Randy/AppData/Local/UnrealEngine/4.24/DerivedDataCache/Boot.ddc
[2020.04.25-19.34.07:111][  0]LogDerivedDataCache: FDerivedDataBackendGraph:  Pak pak cache file D:/Users/Randy/Desktop/Project_C/Project_C_UE4/DerivedDataCache/DDC.ddp not found, will not use a pak cache.
[2020.04.25-19.34.07:111][  0]LogDerivedDataCache: Unable to find inner node Pak for hierarchical cache Hierarchy.
[2020.04.25-19.34.07:112][  0]LogDerivedDataCache: FDerivedDataBackendGraph:  CompressedPak pak cache file D:/Users/Randy/Desktop/Project_C/Project_C_UE4/DerivedDataCache/Compressed.ddp not found, will not use a pak cache.
[2020.04.25-19.34.07:112][  0]LogDerivedDataCache: Unable to find inner node CompressedPak for hierarchical cache Hierarchy.
[2020.04.25-19.34.07:182][  0]LogDerivedDataCache: Display: Pak cache opened for reading ../../../Engine/DerivedDataCache/Compressed.ddp.
[2020.04.25-19.34.07:182][  0]LogDerivedDataCache: FDerivedDataBackendGraph:  EnterprisePak pak cache file ../../../Enterprise/DerivedDataCache/Compressed.ddp not found, will not use a pak cache.
[2020.04.25-19.34.07:182][  0]LogDerivedDataCache: Unable to find inner node EnterprisePak for hierarchical cache Hierarchy.
[2020.04.25-19.34.07:184][  0]LogDerivedDataCache: Using Local data cache path C:/Users/Randy/AppData/Local/UnrealEngine/Common/DerivedDataCache: Writable
[2020.04.25-19.34.07:184][  0]LogDerivedDataCache: Shared data cache path not found in *engine.ini, will not use an Shared cache.
[2020.04.25-19.34.07:184][  0]LogDerivedDataCache: Unable to find inner node Shared for hierarchical cache Hierarchy.
[2020.04.25-19.34.07:271][  0]LogMaterial: Verifying Global Shaders for PCD3D_SM5
[2020.04.25-19.34.07:352][  0]LogSlate: Using FreeType 2.10.0
[2020.04.25-19.34.07:452][  0]LogSlate: SlateFontServices - WITH_FREETYPE: 1, WITH_HARFBUZZ: 1
[2020.04.25-19.34.09:651][  0]LogAssetRegistry: FAssetRegistry took 0.0059 seconds to start up
[2020.04.25-19.34.15:978][  0]LogInit: Selected Device Profile: [Windows]
[2020.04.25-19.34.19:937][  0]LogMeshReduction: Using QuadricMeshReduction for automatic static mesh reduction
[2020.04.25-19.34.19:937][  0]LogMeshReduction: Using SimplygonMeshReduction for automatic skeletal mesh reduction
[2020.04.25-19.34.19:937][  0]LogMeshReduction: Using ProxyLODMeshReduction for automatic mesh merging
[2020.04.25-19.34.19:937][  0]LogMeshReduction: No distributed automatic mesh merging module available
[2020.04.25-19.34.19:937][  0]LogMeshMerging: No distributed automatic mesh merging module available
[2020.04.25-19.34.20:712][  0]LogNetVersion: Project_C 1.0.0, NetCL: 10570792, EngineNetVer: 13, GameNetVer: 0 (Checksum: 3451845409)
[2020.04.25-19.34.45:367][  0]LogPackageLocalizationCache: Processed 10 localized package path(s) for 1 prioritized culture(s) in 0.119494 seconds
[2020.04.25-19.34.45:407][  0]LogUObjectArray: 46750 objects as part of root set at end of initial load.
[2020.04.25-19.34.45:407][  0]LogUObjectAllocator: 8137160 out of 0 bytes used by permanent object pool.
[2020.04.25-19.34.45:407][  0]LogUObjectArray: CloseDisregardForGC: 0/0 objects in disregard for GC pool
[2020.04.25-19.34.50:700][  0]LogTcpMessaging: Initializing TcpMessaging bridge
[2020.04.25-19.34.50:766][  0]LogUdpMessaging: Initializing bridge on interface 0.0.0.0:0 to multicast group 230.0.0.1:6666.
[2020.04.25-19.34.50:955][  0]LogStats: UGameplayTagsManager::InitializeManager -  0.020 s
[2020.04.25-19.34.51:915][  0]SourceControl: Source control is disabled
[2020.04.25-19.34.51:919][  0]SourceControl: Source control is disabled
[2020.04.25-19.34.51:998][  0]SourceControl: Source control is disabled
[2020.04.25-19.34.52:027][  0]SourceControl: Source control is disabled
[2020.04.25-19.34.52:051][  0]SourceControl: Source control is disabled
[2020.04.25-19.34.53:567][  0]LogAndroidPermission: UAndroidPermissionCallbackProxy::GetInstance
[2020.04.25-19.34.53:712][  0]LogAudioCaptureCore: Display: No Audio Capture implementations found. Audio input will be silent.
[2020.04.25-19.34.53:712][  0]LogAudioCaptureCore: Display: No Audio Capture implementations found. Audio input will be silent.
[2020.04.25-19.34.54:175][  0]LogOcInput: OculusInput pre-init called
[2020.04.25-19.34.54:243][  0]LogWindows: Failed to load 'OVRPlugin.dll' (GetLastError=126)
[2020.04.25-19.34.54:243][  0]LogWindows: File 'OVRPlugin.dll' does not exist
[2020.04.25-19.34.56:027][  0]LogEngine: Initializing Engine...
[2020.04.25-19.34.56:088][  0]LogHMD: Failed to initialize OpenVR with code 110
[2020.04.25-19.34.57:209][  0]LogInit: Initializing FReadOnlyCVARCache
[2020.04.25-19.34.57:880][  0]LogAIModule: Creating AISystem for world Untitled
[2020.04.25-19.34.58:093][  0]LogAudioMixer: Display: Audio Mixer Platform Settings:
[2020.04.25-19.34.58:093][  0]LogAudioMixer: Display: 	Sample Rate:						  48000
[2020.04.25-19.34.58:093][  0]LogAudioMixer: Display: 	Callback Buffer Frame Size Requested: 1024
[2020.04.25-19.34.58:093][  0]LogAudioMixer: Display: 	Callback Buffer Frame Size To Use:	  1024
[2020.04.25-19.34.58:093][  0]LogAudioMixer: Display: 	Number of buffers to queue:			  2
[2020.04.25-19.34.58:093][  0]LogAudioMixer: Display: 	Max Channels (voices):				  32
[2020.04.25-19.34.58:093][  0]LogAudioMixer: Display: 	Number of Async Source Workers:		  0
[2020.04.25-19.34.58:100][  0]LogAudio: Display: AudioDevice MaxSources: 32
[2020.04.25-19.34.58:114][  0]LogAudio: Display: Using built-in audio occlusion.
[2020.04.25-19.34.58:114][  0]LogAudioMixer: Display: Initializing audio mixer.
[2020.04.25-19.34.58:219][  0]LogAudioMixer: Display: Audio Device Output Speaker Info:
[2020.04.25-19.34.58:219][  0]LogAudioMixer: Display: Name: Logitech Speakers (Realtek High Definition Audio)
[2020.04.25-19.34.58:219][  0]LogAudioMixer: Display: Is Default: Yes
[2020.04.25-19.34.58:219][  0]LogAudioMixer: Display: Sample Rate: 48000
[2020.04.25-19.34.58:219][  0]LogAudioMixer: Display: Channel Count Used: 2
[2020.04.25-19.34.58:219][  0]LogAudioMixer: Display: Device Channel Count: 2
[2020.04.25-19.34.58:219][  0]LogAudioMixer: Display: Channel Order:
[2020.04.25-19.34.58:219][  0]LogAudioMixer: Display: 0: FrontLeft
[2020.04.25-19.34.58:219][  0]LogAudioMixer: Display: 1: FrontRight
[2020.04.25-19.34.58:263][  0]LogAudioMixer: Display: Using Audio Device Logitech Speakers (Realtek High Definition Audio)
[2020.04.25-19.34.58:288][  0]LogInit: FAudioDevice initialized.
[2020.04.25-19.34.58:295][  0]LogNetVersion: Set ProjectVersion to 1.0.0.0. Version Checksum will be recalculated on next use.
[2020.04.25-19.34.58:419][  0]LogDerivedDataCache: Saved boot cache 0.12s 78MB C:/Users/Randy/AppData/Local/UnrealEngine/4.24/DerivedDataCache/Boot.ddc.
[2020.04.25-19.34.58:425][  0]LogInit: Texture streaming: Enabled
[2020.04.25-19.34.58:695][  0]LogEngineSessionManager: EngineSessionManager initialized
[2020.04.25-19.34.58:702][  0]LogEditorSessionSummary: Verbose: Initializing EditorSessionSummaryWriter for editor session tracking
[2020.04.25-19.34.58:709][  0]LogEditorSessionSummary: EditorSessionSummaryWriter initialized
[2020.04.25-19.34.59:099][  0]LogInit: Transaction tracking system initialized
[2020.04.25-19.34.59:552][  0]BlueprintLog: New page: Editor Load
[2020.04.25-19.35.00:831][  0]LocalizationService: Localization service is disabled
[2020.04.25-19.35.06:163][  0]LogFileCache: Scanning file cache for directory 'D:/Users/Randy/Desktop/Project_C/Project_C_UE4/Content/' took 0.05s
[2020.04.25-19.35.06:163][  0]LogCook: Display: Max memory allowance for cook 16384mb min free memory 0mb
[2020.04.25-19.35.06:164][  0]LogCook: Display: Mobile HDR setting 1
[2020.04.25-19.35.07:152][  0]LogStats: FGameplayAbilitiesEditorModule::GameplayTagTreeChanged -  0.024 s
[2020.04.25-19.35.14:155][  0]SourceControl: Source control is disabled
[2020.04.25-19.35.14:336][  0]Cmd: MAP LOAD FILE="D:/Users/Randy/Desktop/Project_C/Project_C_UE4/Content/ThirdPersonBP/Maps/ThirdPersonExampleMap.umap" TEMPLATE=0 SHOWPROGRESS=1 FEATURELEVEL=3
[2020.04.25-19.35.14:477][  0]LightingResults: New page: Lighting Build
[2020.04.25-19.35.14:847][  0]LogWorld: UWorld::CleanupWorld for Untitled, bSessionEnded=true, bCleanupResources=true
[2020.04.25-19.35.14:875][  0]LogSlate: InvalidateAllWidgets triggered.  All widgets were invalidated
[2020.04.25-19.35.14:956][  0]MapCheck: New page: Map Check
[2020.04.25-19.35.14:956][  0]LightingResults: New page: Lighting Build
[2020.04.25-19.35.15:626][  0]LogUObjectHash: Compacting FUObjectHashTables data took   1.60ms
[2020.04.25-19.35.23:609][  0]LogAIModule: Creating AISystem for world ThirdPersonExampleMap
[2020.04.25-19.35.25:001][  0]LogEditorServer: Finished looking for orphan Actors (0.000 secs)
[2020.04.25-19.35.25:352][  0]LogUObjectHash: Compacting FUObjectHashTables data took   2.05ms
[2020.04.25-19.35.25:371][  0]Cmd: MAP CHECKDEP NOCLEARLOG
[2020.04.25-19.35.25:389][  0]MapCheck: Map check complete: 0 Error(s), 0 Warning(s), took 12.347ms to complete.
[2020.04.25-19.35.25:393][  0]LogFileHelpers: Loading map 'ThirdPersonExampleMap' took 11.141
[2020.04.25-19.35.27:968][  0]LogSlate: Updating window title bar state: overlay mode, drag disabled, window buttons hidden, title bar hidden
[2020.04.25-19.35.27:988][  0]LogSlate: Updating window title bar state: overlay mode, drag disabled, window buttons hidden, title bar hidden
[2020.04.25-19.35.27:994][  0]LogSlate: Updating window title bar state: overlay mode, drag disabled, window buttons hidden, title bar hidden
[2020.04.25-19.35.28:000][  0]LogSlate: Updating window title bar state: overlay mode, drag disabled, window buttons hidden, title bar hidden
[2020.04.25-19.35.28:167][  0]LogCollectionManager: Loaded 0 collections in 0.000647 seconds
[2020.04.25-19.35.28:361][  0]LogFileCache: Scanning file cache for directory 'D:/Users/Randy/Desktop/Project_C/Project_C_UE4/Saved/Collections/' took 0.00s
[2020.04.25-19.35.28:361][  0]LogFileCache: Scanning file cache for directory 'D:/Users/Randy/Desktop/Project_C/Project_C_UE4/Content/Developers/Randy/Collections/' took 0.00s
[2020.04.25-19.35.28:361][  0]LogFileCache: Scanning file cache for directory 'D:/Users/Randy/Desktop/Project_C/Project_C_UE4/Content/Collections/' took 0.00s
[2020.04.25-19.35.28:361][  0]LogContentBrowser: Native class hierarchy populated in 0.0417 seconds. Added 3101 classes and 727 folders.
[2020.04.25-19.35.28:527][  0]LogContentBrowser: Native class hierarchy updated for 'WidgetCarousel' in 0.0003 seconds. Added 0 classes and 0 folders.
[2020.04.25-19.35.30:680][  0]LogContentBrowser: Native class hierarchy updated for 'AddContentDialog' in 0.0003 seconds. Added 0 classes and 0 folders.
[2020.04.25-19.35.30:744][  0]LogContentBrowser: Native class hierarchy updated for 'SceneOutliner' in 0.0003 seconds. Added 2 classes and 3 folders.
[2020.04.25-19.35.31:795][  0]LogSlate: Took 0.011062 seconds to synchronously load lazily loaded font '../../../Engine/Content/Slate/Fonts/Roboto-Regular.ttf' (155K)
[2020.04.25-19.35.31:825][  0]LogSlate: Took 0.012875 seconds to synchronously load lazily loaded font '../../../Engine/Content/Slate/Fonts/Roboto-Bold.ttf' (160K)
[2020.04.25-19.35.31:878][  0]LogSlate: Took 0.018438 seconds to synchronously load lazily loaded font '../../../Engine/Content/Editor/Slate/Fonts/FontAwesome.ttf' (139K)
[2020.04.25-19.35.32:639][  0]LogRenderer: Reallocating scene render targets to support 928x512 Format 10 NumSamples 1 (Frame:1).
[2020.04.25-19.35.33:610][  0]LogContentBrowser: Native class hierarchy updated for 'HierarchicalLODOutliner' in 0.0003 seconds. Added 0 classes and 0 folders.
[2020.04.25-19.35.33:610][  0]LogLoad: (Engine Initialization) Total time: 133.23 seconds
[2020.04.25-19.35.33:610][  0]LogLoad: (Engine Initialization) Total Blueprint compile time: 0.00 seconds
[2020.04.25-19.35.34:266][  0]LogContentStreaming: Texture pool size now 1000 MB
[2020.04.25-19.35.38:048][ 45]LogAssetRegistry: Asset discovery search completed in 88.3980 seconds
[2020.04.25-19.35.38:077][ 45]LogCollectionManager: Fixed up redirectors for 0 collections in 0.006431 seconds (updated 0 objects)
[2020.04.25-19.35.40:867][ 53]LogSlate: Took 0.012284 seconds to synchronously load lazily loaded font '../../../Engine/Content/Slate/Fonts/Roboto-Light.ttf' (167K)
[2020.04.25-20.22.44:268][927]LogSlate: Took 0.000122 seconds to synchronously load lazily loaded font '../../../Engine/Content/Slate/Fonts/Roboto-Light.ttf' (167K)
[2020.04.25-20.22.44:298][927]LogAssetEditorSubsystem: Opening Asset editor for Class /Script/Project_C.AttributeSetBase
[2020.04.25-20.30.26:115][880]LogAssetEditorSubsystem: Opening Asset editor for Class /Script/Project_C.AttributeSetBase
[2020.04.25-20.50.01:852][385]LogHotReload: New module detected: UE4Editor-Project_C-0064.dll
[2020.04.25-20.50.03:892][392]LogHotReload: Starting Hot-Reload from IDE
[2020.04.25-20.50.03:961][392]LogUObjectHash: Compacting FUObjectHashTables data took   4.48ms
[2020.04.25-20.50.03:992][392]LogClass: Could not find existing class AttributeSetBase in package /Script/Project_C for HotReload, assuming new class
[2020.04.25-20.50.04:019][392]LogHotReload: Re-instancing AttributeSetBase after hot-reload.
[2020.04.25-20.50.04:050][392]LogOutputDevice: Warning: 

Script Stack (0 frames):

[2020.04.25-20.50.05:647][392]LogStats: FPlatformStackWalk::StackWalkAndDump -  1.597 s
[2020.04.25-20.50.05:647][392]LogOutputDevice: Error: === Handled ensure: ===
[2020.04.25-20.50.05:647][392]LogOutputDevice: Error: 
[2020.04.25-20.50.05:647][392]LogOutputDevice: Error: Ensure condition failed: ArchetypeIndex > OldObjIndex [File:D:/Build/++UE4/Sync/Engine/Source/Editor/UnrealEd/Private/Kismet2/KismetReinstanceUtilities.cpp] [Line: 1489]
[2020.04.25-20.50.05:647][392]LogOutputDevice: Error: 
[2020.04.25-20.50.05:647][392]LogOutputDevice: Error: Stack: 
[2020.04.25-20.50.05:647][392]LogOutputDevice: Error: [Callstack] 0x00007ffb0ef38679 UE4Editor-UnrealEd.dll!UnknownFunction []
[2020.04.25-20.50.05:647][392]LogOutputDevice: Error: [Callstack] 0x00007ffb0e76d383 UE4Editor-UnrealEd.dll!UnknownFunction []
[2020.04.25-20.50.05:647][392]LogOutputDevice: Error: [Callstack] 0x00007ffb0e76b25d UE4Editor-UnrealEd.dll!UnknownFunction []
[2020.04.25-20.50.05:647][392]LogOutputDevice: Error: [Callstack] 0x00007ffb0e76a440 UE4Editor-UnrealEd.dll!UnknownFunction []
[2020.04.25-20.50.05:647][392]LogOutputDevice: Error: [Callstack] 0x00007ffb0e767427 UE4Editor-UnrealEd.dll!UnknownFunction []
[2020.04.25-20.50.05:647][392]LogOutputDevice: Error: [Callstack] 0x00007ffb0e76796e UE4Editor-UnrealEd.dll!UnknownFunction []
[2020.04.25-20.50.05:647][392]LogOutputDevice: Error: [Callstack] 0x00007ffafb656b67 UE4Editor-HotReload.dll!UnknownFunction []
[2020.04.25-20.50.05:647][392]LogOutputDevice: Error: [Callstack] 0x00007ffafb656ce4 UE4Editor-HotReload.dll!UnknownFunction []
[2020.04.25-20.50.05:647][392]LogOutputDevice: Error: [Callstack] 0x00007ffafb64f956 UE4Editor-HotReload.dll!UnknownFunction []
[2020.04.25-20.50.05:647][392]LogOutputDevice: Error: [Callstack] 0x00007ffb13052b1b UE4Editor-CoreUObject.dll!UnknownFunction []
[2020.04.25-20.50.05:647][392]LogOutputDevice: Error: [Callstack] 0x00007ffb13370097 UE4Editor-CoreUObject.dll!UnknownFunction []
[2020.04.25-20.50.05:647][392]LogOutputDevice: Error: [Callstack] 0x00007ffb133511a6 UE4Editor-CoreUObject.dll!UnknownFunction []
[2020.04.25-20.50.05:647][392]LogOutputDevice: Error: [Callstack] 0x00007ffb132857b5 UE4Editor-CoreUObject.dll!UnknownFunction []
[2020.04.25-20.50.05:647][392]LogOutputDevice: Error: [Callstack] 0x00007ffb1ed2c487 UE4Editor-Core.dll!UnknownFunction []
[2020.04.25-20.50.05:647][392]LogOutputDevice: Error: [Callstack] 0x00007ffb1ed4aa1b UE4Editor-Core.dll!UnknownFunction []
[2020.04.25-20.50.05:647][392]LogOutputDevice: Error: [Callstack] 0x00007ffb1ed49ac8 UE4Editor-Core.dll!UnknownFunction []
[2020.04.25-20.50.05:647][392]LogOutputDevice: Error: [Callstack] 0x00007ffafb64bb03 UE4Editor-HotReload.dll!UnknownFunction []
[2020.04.25-20.50.05:647][392]LogOutputDevice: Error: [Callstack] 0x00007ffafb64b7db UE4Editor-HotReload.dll!UnknownFunction []
[2020.04.25-20.50.05:647][392]LogOutputDevice: Error: [Callstack] 0x00007ffafb65c821 UE4Editor-HotReload.dll!UnknownFunction []
[2020.04.25-20.50.05:647][392]LogOutputDevice: Error: [Callstack] 0x00007ffb1ead90b5 UE4Editor-Core.dll!UnknownFunction []
[2020.04.25-20.50.05:647][392]LogOutputDevice: Error: [Callstack] 0x00007ff7f5f7ad74 UE4Editor.exe!UnknownFunction []
[2020.04.25-20.50.05:647][392]LogOutputDevice: Error: [Callstack] 0x00007ff7f5f8c3ec UE4Editor.exe!UnknownFunction []
[2020.04.25-20.50.05:647][392]LogOutputDevice: Error: [Callstack] 0x00007ff7f5f8c4ca UE4Editor.exe!UnknownFunction []
[2020.04.25-20.50.05:647][392]LogOutputDevice: Error: [Callstack] 0x00007ff7f5f9ceae UE4Editor.exe!UnknownFunction []
[2020.04.25-20.50.05:647][392]LogOutputDevice: Error: [Callstack] 0x00007ff7f5f9fcbe UE4Editor.exe!UnknownFunction []
[2020.04.25-20.50.05:647][392]LogOutputDevice: Error: [Callstack] 0x00007ffb8f3a7974 KERNEL32.DLL!UnknownFunction []
[2020.04.25-20.50.05:647][392]LogOutputDevice: Error: [Callstack] 0x00007ffb9036a271 ntdll.dll!UnknownFunction []
[2020.04.25-20.50.05:647][392]LogOutputDevice: Error: 
[2020.04.25-20.50.05:692][392]LogStats:                SubmitErrorReport -  0.000 s
[2020.04.25-20.50.13:543][392]LogStats:                    SendNewReport -  7.851 s
[2020.04.25-20.50.13:543][392]LogStats:             FDebug::EnsureFailed -  9.493 s
[2020.04.25-20.50.13:559][392]LogOutputDevice: Warning: 

Script Stack (0 frames):

[2020.04.25-20.50.13:560][392]LogStats: FPlatformStackWalk::StackWalkAndDump -  0.001 s
[2020.04.25-20.50.13:560][392]LogOutputDevice: Error: === Handled ensure: ===
[2020.04.25-20.50.13:560][392]LogOutputDevice: Error: 
[2020.04.25-20.50.13:560][392]LogOutputDevice: Error: Ensure condition failed: bArchetypeReinstanced [File:D:/Build/++UE4/Sync/Engine/Source/Editor/UnrealEd/Private/Kismet2/KismetReinstanceUtilities.cpp] [Line: 1513]
[2020.04.25-20.50.13:560][392]LogOutputDevice: Error: Reinstancing non-actor (/Game/ThirdPersonBP/Maps/ThirdPersonExampleMap.ThirdPersonExampleMap:PersistentLevel.BP_BasicEnemy_2.AttributeSetBaseComp); failed to resolve archetype object - property values may be lost.
[2020.04.25-20.50.13:560][392]LogOutputDevice: Error: Stack: 
[2020.04.25-20.50.13:560][392]LogOutputDevice: Error: [Callstack] 0x00007ffb0ef37d87 UE4Editor-UnrealEd.dll!UnknownFunction []
[2020.04.25-20.50.13:560][392]LogOutputDevice: Error: [Callstack] 0x00007ffb0e76d39c UE4Editor-UnrealEd.dll!UnknownFunction []
[2020.04.25-20.50.13:560][392]LogOutputDevice: Error: [Callstack] 0x00007ffb0e76b25d UE4Editor-UnrealEd.dll!UnknownFunction []
[2020.04.25-20.50.13:560][392]LogOutputDevice: Error: [Callstack] 0x00007ffb0e76a440 UE4Editor-UnrealEd.dll!UnknownFunction []
[2020.04.25-20.50.13:560][392]LogOutputDevice: Error: [Callstack] 0x00007ffb0e767427 UE4Editor-UnrealEd.dll!UnknownFunction []
[2020.04.25-20.50.13:560][392]LogOutputDevice: Error: [Callstack] 0x00007ffb0e76796e UE4Editor-UnrealEd.dll!UnknownFunction []
[2020.04.25-20.50.13:560][392]LogOutputDevice: Error: [Callstack] 0x00007ffafb656b67 UE4Editor-HotReload.dll!UnknownFunction []
[2020.04.25-20.50.13:560][392]LogOutputDevice: Error: [Callstack] 0x00007ffafb656ce4 UE4Editor-HotReload.dll!UnknownFunction []
[2020.04.25-20.50.13:560][392]LogOutputDevice: Error: [Callstack] 0x00007ffafb64f956 UE4Editor-HotReload.dll!UnknownFunction []
[2020.04.25-20.50.13:560][392]LogOutputDevice: Error: [Callstack] 0x00007ffb13052b1b UE4Editor-CoreUObject.dll!UnknownFunction []
[2020.04.25-20.50.13:560][392]LogOutputDevice: Error: [Callstack] 0x00007ffb13370097 UE4Editor-CoreUObject.dll!UnknownFunction []
[2020.04.25-20.50.13:560][392]LogOutputDevice: Error: [Callstack] 0x00007ffb133511a6 UE4Editor-CoreUObject.dll!UnknownFunction []
[2020.04.25-20.50.13:560][392]LogOutputDevice: Error: [Callstack] 0x00007ffb132857b5 UE4Editor-CoreUObject.dll!UnknownFunction []
[2020.04.25-20.50.13:560][392]LogOutputDevice: Error: [Callstack] 0x00007ffb1ed2c487 UE4Editor-Core.dll!UnknownFunction []
[2020.04.25-20.50.13:560][392]LogOutputDevice: Error: [Callstack] 0x00007ffb1ed4aa1b UE4Editor-Core.dll!UnknownFunction []
[2020.04.25-20.50.13:560][392]LogOutputDevice: Error: [Callstack] 0x00007ffb1ed49ac8 UE4Editor-Core.dll!UnknownFunction []
[2020.04.25-20.50.13:560][392]LogOutputDevice: Error: [Callstack] 0x00007ffafb64bb03 UE4Editor-HotReload.dll!UnknownFunction []
[2020.04.25-20.50.13:560][392]LogOutputDevice: Error: [Callstack] 0x00007ffafb64b7db UE4Editor-HotReload.dll!UnknownFunction []
[2020.04.25-20.50.13:560][392]LogOutputDevice: Error: [Callstack] 0x00007ffafb65c821 UE4Editor-HotReload.dll!UnknownFunction []
[2020.04.25-20.50.13:560][392]LogOutputDevice: Error: [Callstack] 0x00007ffb1ead90b5 UE4Editor-Core.dll!UnknownFunction []
[2020.04.25-20.50.13:560][392]LogOutputDevice: Error: [Callstack] 0x00007ff7f5f7ad74 UE4Editor.exe!UnknownFunction []
[2020.04.25-20.50.13:560][392]LogOutputDevice: Error: [Callstack] 0x00007ff7f5f8c3ec UE4Editor.exe!UnknownFunction []
[2020.04.25-20.50.13:560][392]LogOutputDevice: Error: [Callstack] 0x00007ff7f5f8c4ca UE4Editor.exe!UnknownFunction []
[2020.04.25-20.50.13:560][392]LogOutputDevice: Error: [Callstack] 0x00007ff7f5f9ceae UE4Editor.exe!UnknownFunction []
[2020.04.25-20.50.13:560][392]LogOutputDevice: Error: [Callstack] 0x00007ff7f5f9fcbe UE4Editor.exe!UnknownFunction []
[2020.04.25-20.50.13:560][392]LogOutputDevice: Error: [Callstack] 0x00007ffb8f3a7974 KERNEL32.DLL!UnknownFunction []
[2020.04.25-20.50.13:560][392]LogOutputDevice: Error: [Callstack] 0x00007ffb9036a271 ntdll.dll!UnknownFunction []
[2020.04.25-20.50.13:560][392]LogOutputDevice: Error: 
[2020.04.25-20.50.13:565][392]LogStats:                SubmitErrorReport -  0.000 s
[2020.04.25-20.50.16:853][392]LogStats:                    SendNewReport -  3.288 s
[2020.04.25-20.50.16:853][392]LogStats:             FDebug::EnsureFailed -  3.293 s
[2020.04.25-20.50.17:038][392]LogHotReload: Re-instancing PlayerCharacter after hot-reload.
[2020.04.25-20.50.17:549][392]LogContentBrowser: Native class hierarchy updated for 'Project_C' in 0.0006 seconds. Added 2 classes and 3 folders.
[2020.04.25-20.50.17:551][392]Display: HotReload successful (16 functions remapped  0 scriptstructs remapped)
[2020.04.25-20.50.17:648][392]LogUObjectHash: Compacting FUObjectHashTables data took   3.24ms
[2020.04.25-20.50.17:657][392]LogContentBrowser: Native class hierarchy populated in 0.0080 seconds. Added 3103 classes and 730 folders.
[2020.04.25-20.50.17:785][392]Display: HotReload took 13.9s.
[2020.04.25-20.50.17:966][392]LogTemp: Resetting audio stream to device id 
[2020.04.25-20.50.18:029][392]LogAudioMixer: Display: Audio Device Output Speaker Info:
[2020.04.25-20.50.18:029][392]LogAudioMixer: Display: Name: Logitech Speakers (Realtek High Definition Audio)
[2020.04.25-20.50.18:029][392]LogAudioMixer: Display: Is Default: Yes
[2020.04.25-20.50.18:029][392]LogAudioMixer: Display: Sample Rate: 48000
[2020.04.25-20.50.18:029][392]LogAudioMixer: Display: Channel Count Used: 2
[2020.04.25-20.50.18:029][392]LogAudioMixer: Display: Device Channel Count: 2
[2020.04.25-20.50.18:029][392]LogAudioMixer: Display: Channel Order:
[2020.04.25-20.50.18:029][392]LogAudioMixer: Display: 0: FrontLeft
[2020.04.25-20.50.18:029][392]LogAudioMixer: Display: 1: FrontRight
[2020.04.25-20.54.17:889][106]LogHotReload: New module detected: UE4Editor-Project_C-0065.dll
[2020.04.25-20.54.18:575][109]LogHotReload: Starting Hot-Reload from IDE
[2020.04.25-20.54.18:615][109]LogUObjectHash: Compacting FUObjectHashTables data took   0.59ms
[2020.04.25-20.54.18:631][109]LogClass: Could not find existing class PlayerCharacter in package /Script/Project_C for HotReload, assuming new class
[2020.04.25-20.54.18:631][109]LogClass: Function AcquireAbility is new.
[2020.04.25-20.54.18:631][109]LogClass: Function EquipArmsSlot is new.
[2020.04.25-20.54.18:631][109]LogClass: Function EquipChestSlot is new.
[2020.04.25-20.54.18:631][109]LogClass: Function EquipHeadSlot is new.
[2020.04.25-20.54.18:631][109]LogClass: Function EquipLegsSlot is new.
[2020.04.25-20.54.18:631][109]LogClass: Function EquipPrimaryAbility is new.
[2020.04.25-20.54.18:631][109]LogClass: Function EquipSecondaryAbility is new.
[2020.04.25-20.54.18:631][109]LogClass: Function EquipSkillFourSlot is new.
[2020.04.25-20.54.18:631][109]LogClass: Function EquipSkillOneSlot is new.
[2020.04.25-20.54.18:631][109]LogClass: Function EquipSkillThreeSlot is new.
[2020.04.25-20.54.18:631][109]LogClass: Function EquipSkillTwoSlot is new.
[2020.04.25-20.54.18:632][109]LogClass: Function IsOtherHostile is new.
[2020.04.25-20.54.18:632][109]LogClass: Function OnDefenseChanged is new.
[2020.04.25-20.54.18:632][109]LogClass: Function OnHealthChanged is new.
[2020.04.25-20.54.18:632][109]LogClass: Function OnManaChanged is new.
[2020.04.25-20.54.18:632][109]LogClass: Function OnStrengthChanged is new.
[2020.04.25-20.54.18:632][109]LogClass: Function RefreshAbilities is new.
[2020.04.25-20.54.18:649][109]LogHotReload: Re-instancing PlayerCharacter after hot-reload.
[2020.04.25-20.54.18:985][109]LogContentBrowser: Native class hierarchy updated for 'Project_C' in 0.0003 seconds. Added 2 classes and 3 folders.
[2020.04.25-20.54.18:988][109]Display: HotReload successful (0 functions remapped  0 scriptstructs remapped)
[2020.04.25-20.54.19:055][109]LogUObjectHash: Compacting FUObjectHashTables data took   1.78ms
[2020.04.25-20.54.19:063][109]LogContentBrowser: Native class hierarchy populated in 0.0069 seconds. Added 3103 classes and 730 folders.
[2020.04.25-20.54.19:071][109]Display: HotReload took  0.5s.
[2020.04.25-20.58.50:851][325]LogAssetEditorSubsystem: Opening Asset editor for Blueprint /Game/Project_C/Blueprints/GameplayAbillities/Player/HealthRegenSkill/GE_HealSkill.GE_HealSkill
[2020.04.25-20.58.51:607][325]LogContentBrowser: Native class hierarchy updated for 'BlueprintGraph' in 0.0005 seconds. Added 121 classes and 0 folders.
[2020.04.25-20.58.56:594][657]LogSlate: Window 'GE_HealSkill' being destroyed
[2020.04.25-20.58.56:632][657]LogWorld: UWorld::CleanupWorld for World_0, bSessionEnded=true, bCleanupResources=true
[2020.04.25-20.58.56:632][657]LogSlate: InvalidateAllWidgets triggered.  All widgets were invalidated
[2020.04.25-20.58.56:832][657]LogAssetEditorSubsystem: Opening Asset editor for Blueprint /Game/Project_C/Blueprints/GameplayAbillities/Player/HealthRegenSkill/GE_HealSkill.GE_HealSkill
[2020.04.25-20.58.57:398][657]LogSlate: Took 0.011842 seconds to synchronously load lazily loaded font '../../../Engine/Content/Slate/Fonts/Roboto-BoldCondensed.ttf' (158K)
[2020.04.25-21.15.55:264][322]LogHotReload: New module detected: UE4Editor-Project_C-0067.dll
[2020.04.25-21.15.55:948][325]LogHotReload: Starting Hot-Reload from IDE
[2020.04.25-21.15.56:078][325]LogUObjectHash: Compacting FUObjectHashTables data took   3.82ms
[2020.04.25-21.15.56:116][325]LogClass: Could not find existing class PlayerCharacter in package /Script/Project_C for HotReload, assuming new class
[2020.04.25-21.15.56:116][325]LogClass: Function AcquireAbility is new.
[2020.04.25-21.15.56:116][325]LogClass: Function AddGameplayTag is new.
[2020.04.25-21.15.56:116][325]LogClass: Function EquipArmsSlot is new.
[2020.04.25-21.15.56:116][325]LogClass: Function EquipChestSlot is new.
[2020.04.25-21.15.56:116][325]LogClass: Function EquipHeadSlot is new.
[2020.04.25-21.15.56:116][325]LogClass: Function EquipLegsSlot is new.
[2020.04.25-21.15.56:116][325]LogClass: Function EquipPrimaryAbility is new.
[2020.04.25-21.15.56:116][325]LogClass: Function EquipSecondaryAbility is new.
[2020.04.25-21.15.56:116][325]LogClass: Function EquipSkillFourSlot is new.
[2020.04.25-21.15.56:116][325]LogClass: Function EquipSkillOneSlot is new.
[2020.04.25-21.15.56:116][325]LogClass: Function EquipSkillThreeSlot is new.
[2020.04.25-21.15.56:116][325]LogClass: Function EquipSkillTwoSlot is new.
[2020.04.25-21.15.56:116][325]LogClass: Function IsOtherHostile is new.
[2020.04.25-21.15.56:116][325]LogClass: Function OnDefenseChanged is new.
[2020.04.25-21.15.56:116][325]LogClass: Function OnHealthChanged is new.
[2020.04.25-21.15.56:116][325]LogClass: Function OnManaChanged is new.
[2020.04.25-21.15.56:116][325]LogClass: Function OnStrengthChanged is new.
[2020.04.25-21.15.56:116][325]LogClass: Function RefreshAbilities is new.
[2020.04.25-21.15.56:116][325]LogClass: Function RemoveGameplayTag is new.
[2020.04.25-21.15.56:130][325]LogHotReload: Re-instancing PlayerCharacter after hot-reload.
[2020.04.25-21.15.56:511][325]LogContentBrowser: Native class hierarchy updated for 'Project_C' in 0.0004 seconds. Added 2 classes and 3 folders.
[2020.04.25-21.15.56:514][325]Display: HotReload successful (0 functions remapped  0 scriptstructs remapped)
[2020.04.25-21.15.56:608][325]LogUObjectHash: Compacting FUObjectHashTables data took   3.02ms
[2020.04.25-21.15.56:615][325]LogContentBrowser: Native class hierarchy populated in 0.0067 seconds. Added 3103 classes and 730 folders.
[2020.04.25-21.15.56:625][325]Display: HotReload took  0.7s.
[2020.04.25-21.18.33:302][794]LogHotReload: New module detected: UE4Editor-Project_C-0068.dll
[2020.04.25-21.18.34:009][797]LogHotReload: Starting Hot-Reload from IDE
[2020.04.25-21.18.34:400][797]LogUObjectHash: Compacting FUObjectHashTables data took   4.98ms
[2020.04.25-21.18.34:441][797]LogContentBrowser: Native class hierarchy updated for 'Project_C' in 0.0003 seconds. Added 2 classes and 3 folders.
[2020.04.25-21.18.34:446][797]Display: HotReload successful (19 functions remapped  0 scriptstructs remapped)
[2020.04.25-21.18.34:614][797]LogUObjectHash: Compacting FUObjectHashTables data took   3.12ms
[2020.04.25-21.18.34:625][797]LogContentBrowser: Native class hierarchy populated in 0.0104 seconds. Added 3103 classes and 730 folders.
[2020.04.25-21.18.34:706][797]Display: HotReload took  0.7s.
[2020.04.25-21.18.53:622][800]LogScript: Warning: Accessed None trying to read property CallFunc_TryGetPawnOwner_ReturnValue
	ABP_Player_C /Engine/Transient.World_5:PersistentLevel.SkeletalMeshActor_0.SkeletalMeshComponent0.ABP_Player_C_0
	Function /Game/Project_C/Blueprints/Characters/ABP_Player.ABP_Player_C:ExecuteUbergraph_ABP_Player:00BF
[2020.04.25-21.18.54:750][919]LogAssetEditorSubsystem: Opening Asset editor for Blueprint /Game/Project_C/Blueprints/Characters/BP_BaseCharacter.BP_BaseCharacter
[2020.04.25-21.18.55:889][920]LogSlate: Took 0.017802 seconds to synchronously load lazily loaded font '../../../Engine/Content/Slate/Fonts/Roboto-Italic.ttf' (157K)
[2020.04.25-21.19.17:849][505]LogStats: FGameplayAbilitiesEditorModule::GameplayTagTreeChanged -  0.000 s
[2020.04.25-21.19.17:850][505]LogStats: ConstructGameplayTagTree GameplayTag tables after adding new tag -  0.001 s
[2020.04.25-21.19.31:300][961]LogSavePackage: Moving 'D:/Users/Randy/Desktop/Project_C/Project_C_UE4/Saved/GE_HealSkillE360029544395E19923D00B5C84AD56A.tmp' to 'D:/Users/Randy/Desktop/Project_C/Project_C_UE4/Content/Project_C/Blueprints/GameplayAbillities/Player/HealthRegenSkill/GE_HealSkill.uasset'
[2020.04.25-21.19.31:324][961]AssetCheck: New page: Asset Save: GE_HealSkill
[2020.04.25-21.19.31:324][961]LogContentValidation: Display: Validating Blueprint /Game/Project_C/Blueprints/GameplayAbillities/Player/HealthRegenSkill/GE_HealSkill.GE_HealSkill
[2020.04.25-21.19.49:237][896]LogAssetEditorSubsystem: Opening Asset editor for Blueprint /Game/Project_C/Blueprints/GameplayAbillities/Player/HealthRegenSkill/GA_HealthSkill.GA_HealthSkill
[2020.04.25-21.19.56:313][680]BlueprintLog: New page: Compile GA_HealthSkill
[2020.04.25-21.19.56:400][680]LogUObjectHash: Compacting FUObjectHashTables data took   4.35ms
[2020.04.25-21.20.12:952][ 64]LogTemp: Repeating last play command: New Editor Window (PIE)
[2020.04.25-21.20.13:039][ 64]LogBlueprintUserMessages: Early PlayInEditor Detection: Level '/Game/ThirdPersonBP/Maps/ThirdPersonExampleMap.ThirdPersonExampleMap:PersistentLevel' has LevelScriptBlueprint '/Game/ThirdPersonBP/Maps/ThirdPersonExampleMap.ThirdPersonExampleMap:PersistentLevel.ThirdPersonExampleMap' with GeneratedClass '/Game/ThirdPersonBP/Maps/ThirdPersonExampleMap.ThirdPersonExampleMap_C' with ClassGeneratedBy '/Game/ThirdPersonBP/Maps/ThirdPersonExampleMap.ThirdPersonExampleMap:PersistentLevel.ThirdPersonExampleMap'
[2020.04.25-21.20.13:137][ 64]BlueprintLog: New page: Pre-Play auto-recompile
[2020.04.25-21.20.13:164][ 64]LogPlayLevel: [PlayLevel] Compiling BP_BaseCharacter before play...
[2020.04.25-21.20.13:165][ 64]LogPlayLevel: [PlayLevel]   Compiling BP_EnemyBase as a dependent...
[2020.04.25-21.20.13:166][ 64]LogPlayLevel: [PlayLevel]   Compiling BP_Player as a dependent...
[2020.04.25-21.20.13:166][ 64]LogPlayLevel: [PlayLevel]   Compiling BP_BasicEnemy as a dependent...
[2020.04.25-21.20.13:580][ 64]LogUObjectHash: Compacting FUObjectHashTables data took   4.00ms
[2020.04.25-21.20.13:581][ 64]LogPlayLevel: PlayLevel: Blueprint regeneration took 443 ms (4 blueprints)
[2020.04.25-21.20.13:606][ 64]PIE: New page: PIE session: ThirdPersonExampleMap (Apr 25, 2020, 7:20:13 AM)
[2020.04.25-21.20.13:676][ 64]LogOnline: OSS: Creating online subsystem instance for: NULL
[2020.04.25-21.20.13:678][ 64]LogOnline: OSS: TryLoadSubsystemAndSetDefault: Loaded subsystem for module [NULL]
[2020.04.25-21.20.13:692][ 64]LogPlayLevel: Creating play world package: /Game/ThirdPersonBP/Maps/UEDPIE_0_ThirdPersonExampleMap
[2020.04.25-21.20.13:775][ 64]LogPlayLevel: PIE: StaticDuplicateObject took: (0.082258s)
[2020.04.25-21.20.13:793][ 64]LogAIModule: Creating AISystem for world ThirdPersonExampleMap
[2020.04.25-21.20.13:806][ 64]LogPlayLevel: PIE: World Init took: (0.030575s)
[2020.04.25-21.20.13:806][ 64]LogPlayLevel: PIE: Created PIE world by copying editor world from /Game/ThirdPersonBP/Maps/ThirdPersonExampleMap.ThirdPersonExampleMap to /Game/ThirdPersonBP/Maps/UEDPIE_0_ThirdPersonExampleMap.ThirdPersonExampleMap (0.113499s)
[2020.04.25-21.20.13:845][ 64]LogUObjectHash: Compacting FUObjectHashTables data took   2.58ms
[2020.04.25-21.20.13:864][ 64]LogAudioMixer: Display: Audio Mixer Platform Settings:
[2020.04.25-21.20.13:864][ 64]LogAudioMixer: Display: 	Sample Rate:						  48000
[2020.04.25-21.20.13:864][ 64]LogAudioMixer: Display: 	Callback Buffer Frame Size Requested: 1024
[2020.04.25-21.20.13:864][ 64]LogAudioMixer: Display: 	Callback Buffer Frame Size To Use:	  1024
[2020.04.25-21.20.13:864][ 64]LogAudioMixer: Display: 	Number of buffers to queue:			  2
[2020.04.25-21.20.13:864][ 64]LogAudioMixer: Display: 	Max Channels (voices):				  32
[2020.04.25-21.20.13:864][ 64]LogAudioMixer: Display: 	Number of Async Source Workers:		  0
[2020.04.25-21.20.13:864][ 64]LogAudio: Display: AudioDevice MaxSources: 32
[2020.04.25-21.20.13:864][ 64]LogAudio: Display: Using built-in audio occlusion.
[2020.04.25-21.20.13:864][ 64]LogAudioMixer: Display: Initializing audio mixer.
[2020.04.25-21.20.13:917][ 64]LogAudioMixer: Display: Audio Device Output Speaker Info:
[2020.04.25-21.20.13:917][ 64]LogAudioMixer: Display: Name: Logitech Speakers (Realtek High Definition Audio)
[2020.04.25-21.20.13:917][ 64]LogAudioMixer: Display: Is Default: Yes
[2020.04.25-21.20.13:917][ 64]LogAudioMixer: Display: Sample Rate: 48000
[2020.04.25-21.20.13:917][ 64]LogAudioMixer: Display: Channel Count Used: 2
[2020.04.25-21.20.13:917][ 64]LogAudioMixer: Display: Device Channel Count: 2
[2020.04.25-21.20.13:917][ 64]LogAudioMixer: Display: Channel Order:
[2020.04.25-21.20.13:917][ 64]LogAudioMixer: Display: 0: FrontLeft
[2020.04.25-21.20.13:917][ 64]LogAudioMixer: Display: 1: FrontRight
[2020.04.25-21.20.13:953][ 64]LogAudioMixer: Display: Using Audio Device Logitech Speakers (Realtek High Definition Audio)
[2020.04.25-21.20.13:974][ 64]LogInit: FAudioDevice initialized.
[2020.04.25-21.20.14:000][ 64]LogSlate: Updating window title bar state: overlay mode, drag disabled, window buttons hidden, title bar hidden
[2020.04.25-21.20.14:014][ 64]LogLoad: Game class is 'GM_Project_C_C'
[2020.04.25-21.20.14:161][ 64]LogWorld: Bringing World /Game/ThirdPersonBP/Maps/UEDPIE_0_ThirdPersonExampleMap.ThirdPersonExampleMap up for play (max tick rate 0) at 2020.04.25-14.20.14
[2020.04.25-21.20.14:279][ 64]LogWorld: Bringing up level for play took: 0.133695
[2020.04.25-21.20.14:301][ 64]LogOnline: OSS: Creating online subsystem instance for: :Context_9
[2020.04.25-21.20.14:467][ 64]LogContentBrowser: Native class hierarchy updated for 'MovieSceneCapture' in 0.0003 seconds. Added 20 classes and 0 folders.
[2020.04.25-21.20.14:608][ 64]LogTemp: Warning: EquipingPrimaryAbility
[2020.04.25-21.20.14:608][ 64]LogTemp: Warning: Primary Slot Available, Now equiped!
[2020.04.25-21.20.14:626][ 64]LogTemp: Warning: Primary Slot Available, Now equiped!
[2020.04.25-21.20.14:743][ 64]PIE: Play in editor start time for /Game/ThirdPersonBP/Maps/UEDPIE_0_ThirdPersonExampleMap 2.609
[2020.04.25-21.20.14:758][ 64]LogBlueprintUserMessages: Late PlayInEditor Detection: Level '/Game/ThirdPersonBP/Maps/ThirdPersonExampleMap.ThirdPersonExampleMap:PersistentLevel' has LevelScriptBlueprint '/Game/ThirdPersonBP/Maps/ThirdPersonExampleMap.ThirdPersonExampleMap:PersistentLevel.ThirdPersonExampleMap' with GeneratedClass '/Game/ThirdPersonBP/Maps/ThirdPersonExampleMap.ThirdPersonExampleMap_C' with ClassGeneratedBy '/Game/ThirdPersonBP/Maps/ThirdPersonExampleMap.ThirdPersonExampleMap:PersistentLevel.ThirdPersonExampleMap'
[2020.04.25-21.20.15:103][ 65]LogRenderer: Reallocating scene render targets to support 1280x720 Format 10 NumSamples 1 (Frame:1).
[2020.04.25-21.20.15:640][ 77]LogBlueprintUserMessages: [BP_Player_C_0] BP_Player: Failed To Cast Primary Ability
[2020.04.25-21.20.17:986][332]LogTemp: Warning: EquipingPrimaryAbility
[2020.04.25-21.20.17:986][332]LogTemp: Warning: Primary Slot Available, Now equiped!
[2020.04.25-21.20.18:502][387]LogStats: UGameplayCueManager::InitializeEditorObjectLibrary -  0.020 s
[2020.04.25-21.20.18:503][387]LogAbilitySystem: Warning: No GameplayCueNotifyPaths were specified in DefaultGame.ini under [/Script/GameplayAbilities.AbilitySystemGlobals]. Falling back to using all of /Game/. This may be slow on large projects. Consider specifying which paths are to be searched.
[2020.04.25-21.20.18:880][387]LogBlueprintUserMessages: [BP_Player_C_0] BP_Player: Successfully Cast Primary Ability
[2020.04.25-21.20.19:263][432]LogBlueprintUserMessages: [BP_Player_C_0] BP_Player: Successfully Cast Primary Ability
[2020.04.25-21.20.20:222][547]LogOutputDevice: Warning: 

Script Stack (4 frames):
BP_Player_C.ExecuteUbergraph_BP_Player
BP_Player_C.Use Secondary Ability
PC_Player_C.ExecuteUbergraph_PC_Player
PC_Player_C.InpActEvt_Secondary Action_K2Node_InputActionEvent_7

[2020.04.25-21.20.20:222][547]LogWindows: Windows GetLastError: The operation completed successfully. (0)
