Log file open, 04/21/20 11:49:26
LogWindows: Failed to load 'aqProf.dll' (GetLastError=126)
LogWindows: File 'aqProf.dll' does not exist
LogWindows: Failed to load 'VtuneApi.dll' (GetLastError=126)
LogWindows: File 'VtuneApi.dll' does not exist
LogWindows: Failed to load 'VtuneApi32e.dll' (GetLastError=126)
LogWindows: File 'VtuneApi32e.dll' does not exist
LogConsoleResponse: Display: Failed to find resolution value strings in scalability ini. Falling back to default.
LogInit: Display: Running engine for game: Project_C
LogPlatformFile: Not using cached read wrapper
LogTaskGraph: Started task graph with 5 named threads and 23 total threads with 3 sets of task threads.
LogStats: Stats thread started at 0.139356
LogD3D11RHI: Loaded GFSDK_Aftermath_Lib.x64.dll
LogICUInternationalization: ICU TimeZone Detection - Raw Offset: -8:00, Platform Override: ''
LogPluginManager: Mounting plugin Paper2D
LogPluginManager: Mounting plugin AISupport
LogPluginManager: Mounting plugin LightPropagationVolume
LogPluginManager: Mounting plugin ActorLayerUtilities
LogPluginManager: Mounting plugin AnimationSharing
LogPluginManager: Mounting plugin CLionSourceCodeAccess
LogPluginManager: Mounting plugin CodeLiteSourceCodeAccess
LogPluginManager: Mounting plugin GitSourceControl
LogPluginManager: Mounting plugin KDevelopSourceCodeAccess
LogPluginManager: Mounting plugin NullSourceCodeAccess
LogPluginManager: Mounting plugin PerforceSourceControl
LogPluginManager: Mounting plugin PlasticSourceControl
LogPluginManager: Mounting plugin SubversionSourceControl
LogPluginManager: Mounting plugin UObjectPlugin
LogPluginManager: Mounting plugin VisualStudioCodeSourceCodeAccess
LogPluginManager: Mounting plugin VisualStudioSourceCodeAccess
LogPluginManager: Mounting plugin XCodeSourceCodeAccess
LogPluginManager: Mounting plugin AssetManagerEditor
LogPluginManager: Mounting plugin CryptoKeys
LogPluginManager: Mounting plugin CurveEditorTools
LogPluginManager: Mounting plugin DataValidation
LogPluginManager: Mounting plugin FacialAnimation
LogPluginManager: Mounting plugin GameplayTagsEditor
LogPluginManager: Mounting plugin MacGraphicsSwitching
LogPluginManager: Mounting plugin MaterialAnalyzer
LogPluginManager: Mounting plugin MobileLauncherProfileWizard
LogPluginManager: Mounting plugin PluginBrowser
LogPluginManager: Mounting plugin SpeedTreeImporter
LogPluginManager: Mounting plugin DatasmithContent
LogPluginManager: Mounting plugin VariantManagerContent
LogPluginManager: Mounting plugin AlembicImporter
LogPluginManager: Mounting plugin AutomationUtils
LogPluginManager: Mounting plugin BackChannel
LogPluginManager: Mounting plugin CharacterAI
LogPluginManager: Mounting plugin GeometryCache
LogPluginManager: Mounting plugin PlatformCrypto
LogPluginManager: Mounting plugin ProxyLODPlugin
LogPluginManager: Mounting plugin SkeletalReduction
LogPluginManager: Mounting plugin MagicLeap
LogPluginManager: Mounting plugin MagicLeapMedia
LogPluginManager: Mounting plugin MLSDK
LogPluginManager: Mounting plugin AndroidMedia
LogPluginManager: Mounting plugin AvfMedia
LogPluginManager: Mounting plugin ImgMedia
LogPluginManager: Mounting plugin MediaCompositing
LogPluginManager: Mounting plugin MediaPlayerEditor
LogPluginManager: Mounting plugin WebMMedia
LogPluginManager: Mounting plugin WmfMedia
LogPluginManager: Mounting plugin TcpMessaging
LogPluginManager: Mounting plugin UdpMessaging
LogPluginManager: Mounting plugin ActorSequence
LogPluginManager: Mounting plugin LevelSequenceEditor
LogPluginManager: Mounting plugin MatineeToLevelSequence
LogPluginManager: Mounting plugin NetcodeUnitTest
LogPluginManager: Mounting plugin NUTUnrealEngine4
LogPluginManager: Mounting plugin OnlineSubsystemGooglePlay
LogPluginManager: Mounting plugin OnlineSubsystemIOS
LogPluginManager: Mounting plugin OnlineSubsystem
LogPluginManager: Mounting plugin OnlineSubsystemNull
LogPluginManager: Mounting plugin OnlineSubsystemUtils
LogPluginManager: Mounting plugin LauncherChunkInstaller
LogPluginManager: Mounting plugin AndroidDeviceProfileSelector
LogPluginManager: Mounting plugin AndroidMoviePlayer
LogPluginManager: Mounting plugin AndroidPermission
LogPluginManager: Mounting plugin AppleImageUtils
LogPluginManager: Mounting plugin AppleMoviePlayer
LogPluginManager: Mounting plugin ArchVisCharacter
LogPluginManager: Mounting plugin AssetTags
LogPluginManager: Mounting plugin AudioCapture
LogPluginManager: Mounting plugin CableComponent
LogPluginManager: Mounting plugin CustomMeshComponent
LogPluginManager: Mounting plugin EditableMesh
LogPluginManager: Mounting plugin ExampleDeviceProfileSelector
LogPluginManager: Mounting plugin GameplayAbilities
LogPluginManager: Mounting plugin GoogleCloudMessaging
LogPluginManager: Mounting plugin IOSDeviceProfileSelector
LogPluginManager: Mounting plugin LinuxDeviceProfileSelector
LogPluginManager: Mounting plugin LocationServicesBPLibrary
LogPluginManager: Mounting plugin MobilePatchingUtils
LogPluginManager: Mounting plugin OculusVR
LogPluginManager: Mounting plugin PhysXVehicles
LogPluginManager: Mounting plugin PostSplashScreen
LogPluginManager: Mounting plugin ProceduralMeshComponent
LogPluginManager: Mounting plugin RuntimePhysXCooking
LogPluginManager: Mounting plugin SignificanceManager
LogPluginManager: Mounting plugin SteamVR
LogPluginManager: Mounting plugin WebMMoviePlayer
LogPluginManager: Mounting plugin WindowsMoviePlayer
LogPluginManager: Mounting plugin ScreenshotTools
LogInit: Using libcurl 7.55.1-DEV
LogInit:  - built for x86_64-pc-win32
LogInit:  - supports SSL with OpenSSL/1.1.1
LogInit:  - supports HTTP deflate (compression) using libz 1.2.8
LogInit:  - other features:
LogInit:      CURL_VERSION_SSL
LogInit:      CURL_VERSION_LIBZ
LogInit:      CURL_VERSION_IPV6
LogInit:      CURL_VERSION_ASYNCHDNS
LogInit:      CURL_VERSION_LARGEFILE
LogInit:      CURL_VERSION_IDN
LogInit:  CurlRequestOptions (configurable via config and command line):
LogInit:  - bVerifyPeer = true  - Libcurl will verify peer certificate
LogInit:  - bUseHttpProxy = false  - Libcurl will NOT use HTTP proxy
LogInit:  - bDontReuseConnections = false  - Libcurl will reuse connections
LogInit:  - MaxHostConnections = 16  - Libcurl will limit the number of connections to a host
LogInit:  - LocalHostAddr = Default
LogInit:  - BufferSize = 65536
LogOnline: OSS: Creating online subsystem instance for: NULL
LogInit: WinSock: version 1.1 (2.2), MaxSocks=32767, MaxUdp=65467
LogOnline: OSS: TryLoadSubsystemAndSetDefault: Loaded subsystem for module [NULL]
LogInit: Build: ++UE4+Release-4.24-CL-11590370
LogInit: Engine Version: 4.24.3-11590370+++UE4+Release-4.24
LogInit: Compatible Engine Version: 4.24.0-10570792+++UE4+Release-4.24
LogInit: Net CL: 10570792
LogInit: OS: Windows 10 (Release 1809) (), CPU: Intel(R) Core(TM) i7-6700K CPU @ 4.00GHz, GPU: Intel(R) HD Graphics 530
LogInit: Compiled (64-bit): Feb 24 2020 15:39:18
LogInit: Compiled with Visual C++: 19.16.27032.01
LogInit: Build Configuration: Development
LogInit: Branch Name: ++UE4+Release-4.24
LogInit: Command Line: 
LogInit: Base Directory: E:/Program Files/Epic Games/UE_4.24/Engine/Binaries/Win64/
LogInit: Installed Engine Build: 1
LogDevObjectVersion: Number of dev versions registered: 25
LogDevObjectVersion:   Dev-Blueprints (B0D832E4-1F89-4F0D-ACCF-7EB736FD4AA2): 10
LogDevObjectVersion:   Dev-Build (E1C64328-A22C-4D53-A36C-8E866417BD8C): 0
LogDevObjectVersion:   Dev-Core (375EC13C-06E4-48FB-B500-84F0262A717E): 3
LogDevObjectVersion:   Dev-Editor (E4B068ED-F494-42E9-A231-DA0B2E46BB41): 37
LogDevObjectVersion:   Dev-Framework (CFFC743F-43B0-4480-9391-14DF171D2073): 36
LogDevObjectVersion:   Dev-Mobile (B02B49B5-BB20-44E9-A304-32B752E40360): 2
LogDevObjectVersion:   Dev-Networking (A4E4105C-59A1-49B5-A7C5-40C4547EDFEE): 0
LogDevObjectVersion:   Dev-Online (39C831C9-5AE6-47DC-9A44-9C173E1C8E7C): 0
LogDevObjectVersion:   Dev-Physics (78F01B33-EBEA-4F98-B9B4-84EACCB95AA2): 2
LogDevObjectVersion:   Dev-Platform (6631380F-2D4D-43E0-8009-CF276956A95A): 0
LogDevObjectVersion:   Dev-Rendering (12F88B9F-8875-4AFC-A67C-D90C383ABD29): 36
LogDevObjectVersion:   Dev-Sequencer (7B5AE74C-D270-4C10-A958-57980B212A5A): 11
LogDevObjectVersion:   Dev-VR (D7296918-1DD6-4BDD-9DE2-64A83CC13884): 2
LogDevObjectVersion:   Dev-LoadTimes (C2A15278-BFE7-4AFE-6C17-90FF531DF755): 1
LogDevObjectVersion:   Private-Geometry (6EACA3D4-40EC-4CC1-B786-8BED09428FC5): 3
LogDevObjectVersion:   Dev-AnimPhys (29E575DD-E0A3-4627-9D10-D276232CDCEA): 17
LogDevObjectVersion:   Dev-Anim (AF43A65D-7FD3-4947-9873-3E8ED9C1BB05): 2
LogDevObjectVersion:   Dev-ReflectionCapture (6B266CEC-1EC7-4B8F-A30B-E4D90942FC07): 1
LogDevObjectVersion:   Dev-Automation (0DF73D61-A23F-47EA-B727-89E90C41499A): 1
LogDevObjectVersion:   FortniteMain (601D1886-AC64-4F84-AA16-D3DE0DEAC7D6): 31
LogDevObjectVersion:   Dev-Enterprise (9DFFBCD6-494F-0158-E221-12823C92A888): 8
LogDevObjectVersion:   Dev-Niagara (F2AED0AC-9AFE-416F-8664-AA7FFA26D6FC): 1
LogDevObjectVersion:   Dev-Destruction (174F1F0B-B4C6-45A5-B13F-2EE8D0FB917D): 9
LogDevObjectVersion:   Dev-Physics-Ext (35F94A83-E258-406C-A318-09F59610247C): 8
LogDevObjectVersion:   Dev-CineCamera (B2E18506-4273-CFC2-A54E-F4BB758BBA07): 1
LogInit: Presizing for max 25165824 objects, including 0 objects not considered by GC, pre-allocating 0 bytes for permanent pool.
LogInit: Object subsystem initialized
LogConfig: Setting CVar [[con.DebugEarlyDefault:1]]
LogConfig: Setting CVar [[r.setres:1280x720]]
[2020.04.21-18.49.26:251][  0]LogConfig: Setting CVar [[r.VSync:0]]
[2020.04.21-18.49.26:251][  0]LogConfig: Setting CVar [[r.RHICmdBypass:0]]
[2020.04.21-18.49.26:251][  0]LogConfig: Applying CVar settings from Section [/Script/Engine.RendererSettings] File [D:/Users/Randy/Desktop/Project_C/Project_C_UE4/Saved/Config/Windows/Engine.ini]
[2020.04.21-18.49.26:251][  0]LogConfig: Setting CVar [[r.GPUCrashDebugging:0]]
[2020.04.21-18.49.26:251][  0]LogConfig: Applying CVar settings from Section [/Script/Engine.RendererOverrideSettings] File [D:/Users/Randy/Desktop/Project_C/Project_C_UE4/Saved/Config/Windows/Engine.ini]
[2020.04.21-18.49.26:251][  0]LogConfig: Applying CVar settings from Section [/Script/Engine.StreamingSettings] File [D:/Users/Randy/Desktop/Project_C/Project_C_UE4/Saved/Config/Windows/Engine.ini]
[2020.04.21-18.49.26:251][  0]LogConfig: Setting CVar [[s.MinBulkDataSizeForAsyncLoading:131072]]
[2020.04.21-18.49.26:251][  0]LogConfig: Setting CVar [[s.AsyncLoadingThreadEnabled:0]]
[2020.04.21-18.49.26:251][  0]LogConfig: Setting CVar [[s.EventDrivenLoaderEnabled:1]]
[2020.04.21-18.49.26:251][  0]LogConfig: Setting CVar [[s.WarnIfTimeLimitExceeded:0]]
[2020.04.21-18.49.26:251][  0]LogConfig: Setting CVar [[s.TimeLimitExceededMultiplier:1.5]]
[2020.04.21-18.49.26:251][  0]LogConfig: Setting CVar [[s.TimeLimitExceededMinTime:0.005]]
[2020.04.21-18.49.26:251][  0]LogConfig: Setting CVar [[s.UseBackgroundLevelStreaming:1]]
[2020.04.21-18.49.26:251][  0]LogConfig: Setting CVar [[s.PriorityAsyncLoadingExtraTime:15.0]]
[2020.04.21-18.49.26:251][  0]LogConfig: Setting CVar [[s.LevelStreamingActorsUpdateTimeLimit:5.0]]
[2020.04.21-18.49.26:251][  0]LogConfig: Setting CVar [[s.PriorityLevelStreamingActorsUpdateExtraTime:5.0]]
[2020.04.21-18.49.26:251][  0]LogConfig: Setting CVar [[s.LevelStreamingComponentsRegistrationGranularity:10]]
[2020.04.21-18.49.26:251][  0]LogConfig: Setting CVar [[s.UnregisterComponentsTimeLimit:1.0]]
[2020.04.21-18.49.26:251][  0]LogConfig: Setting CVar [[s.LevelStreamingComponentsUnregistrationGranularity:5]]
[2020.04.21-18.49.26:251][  0]LogConfig: Setting CVar [[s.FlushStreamingOnExit:1]]
[2020.04.21-18.49.26:251][  0]LogConfig: Applying CVar settings from Section [/Script/Engine.GarbageCollectionSettings] File [D:/Users/Randy/Desktop/Project_C/Project_C_UE4/Saved/Config/Windows/Engine.ini]
[2020.04.21-18.49.26:251][  0]LogConfig: Setting CVar [[gc.MaxObjectsNotConsideredByGC:1]]
[2020.04.21-18.49.26:251][  0]LogConfig: Setting CVar [[gc.SizeOfPermanentObjectPool:0]]
[2020.04.21-18.49.26:251][  0]LogConfig: Setting CVar [[gc.FlushStreamingOnGC:0]]
[2020.04.21-18.49.26:251][  0]LogConfig: Setting CVar [[gc.NumRetriesBeforeForcingGC:10]]
[2020.04.21-18.49.26:251][  0]LogConfig: Setting CVar [[gc.AllowParallelGC:1]]
[2020.04.21-18.49.26:251][  0]LogConfig: Setting CVar [[gc.TimeBetweenPurgingPendingKillObjects:61.1]]
[2020.04.21-18.49.26:251][  0]LogConfig: Setting CVar [[gc.MaxObjectsInEditor:25165824]]
[2020.04.21-18.49.26:251][  0]LogConfig: Setting CVar [[gc.IncrementalBeginDestroyEnabled:1]]
[2020.04.21-18.49.26:251][  0]LogConfig: Setting CVar [[gc.CreateGCClusters:1]]
[2020.04.21-18.49.26:251][  0]LogConfig: Setting CVar [[gc.MinGCClusterSize:5]]
[2020.04.21-18.49.26:251][  0]LogConfig: Setting CVar [[gc.ActorClusteringEnabled:0]]
[2020.04.21-18.49.26:251][  0]LogConfig: Setting CVar [[gc.BlueprintClusteringEnabled:0]]
[2020.04.21-18.49.26:251][  0]LogConfig: Setting CVar [[gc.UseDisregardForGCOnDedicatedServers:0]]
[2020.04.21-18.49.26:251][  0]LogConfig: Applying CVar settings from Section [/Script/Engine.NetworkSettings] File [D:/Users/Randy/Desktop/Project_C/Project_C_UE4/Saved/Config/Windows/Engine.ini]
[2020.04.21-18.49.26:251][  0]LogConfig: Applying CVar settings from Section [/Script/UnrealEd.CookerSettings] File [D:/Users/Randy/Desktop/Project_C/Project_C_UE4/Saved/Config/Windows/Engine.ini]
[2020.04.21-18.49.26:254][  0]LogConfig: Applying CVar settings from Section [ViewDistanceQuality@3] File [D:/Users/Randy/Desktop/Project_C/Project_C_UE4/Saved/Config/Windows/Scalability.ini]
[2020.04.21-18.49.26:254][  0]LogConfig: Setting CVar [[r.SkeletalMeshLODBias:0]]
[2020.04.21-18.49.26:254][  0]LogConfig: Setting CVar [[r.ViewDistanceScale:1.0]]
[2020.04.21-18.49.26:254][  0]LogConfig: Applying CVar settings from Section [AntiAliasingQuality@3] File [D:/Users/Randy/Desktop/Project_C/Project_C_UE4/Saved/Config/Windows/Scalability.ini]
[2020.04.21-18.49.26:254][  0]LogConfig: Setting CVar [[r.PostProcessAAQuality:4]]
[2020.04.21-18.49.26:254][  0]LogConfig: Applying CVar settings from Section [ShadowQuality@3] File [D:/Users/Randy/Desktop/Project_C/Project_C_UE4/Saved/Config/Windows/Scalability.ini]
[2020.04.21-18.49.26:254][  0]LogConfig: Setting CVar [[r.LightFunctionQuality:1]]
[2020.04.21-18.49.26:254][  0]LogConfig: Setting CVar [[r.ShadowQuality:5]]
[2020.04.21-18.49.26:254][  0]LogConfig: Setting CVar [[r.Shadow.CSM.MaxCascades:10]]
[2020.04.21-18.49.26:254][  0]LogConfig: Setting CVar [[r.Shadow.MaxResolution:2048]]
[2020.04.21-18.49.26:254][  0]LogConfig: Setting CVar [[r.Shadow.MaxCSMResolution:2048]]
[2020.04.21-18.49.26:254][  0]LogConfig: Setting CVar [[r.Shadow.RadiusThreshold:0.01]]
[2020.04.21-18.49.26:254][  0]LogConfig: Setting CVar [[r.Shadow.DistanceScale:1.0]]
[2020.04.21-18.49.26:254][  0]LogConfig: Setting CVar [[r.Shadow.CSM.TransitionScale:1.0]]
[2020.04.21-18.49.26:254][  0]LogConfig: Setting CVar [[r.Shadow.PreShadowResolutionFactor:1.0]]
[2020.04.21-18.49.26:254][  0]LogConfig: Setting CVar [[r.DistanceFieldShadowing:1]]
[2020.04.21-18.49.26:254][  0]LogConfig: Setting CVar [[r.DistanceFieldAO:1]]
[2020.04.21-18.49.26:255][  0]LogConfig: Setting CVar [[r.AOQuality:2]]
[2020.04.21-18.49.26:255][  0]LogConfig: Setting CVar [[r.VolumetricFog:1]]
[2020.04.21-18.49.26:255][  0]LogConfig: Setting CVar [[r.VolumetricFog.GridPixelSize:8]]
[2020.04.21-18.49.26:255][  0]LogConfig: Setting CVar [[r.VolumetricFog.GridSizeZ:128]]
[2020.04.21-18.49.26:255][  0]LogConfig: Setting CVar [[r.VolumetricFog.HistoryMissSupersampleCount:4]]
[2020.04.21-18.49.26:255][  0]LogConfig: Setting CVar [[r.LightMaxDrawDistanceScale:1]]
[2020.04.21-18.49.26:255][  0]LogConfig: Setting CVar [[r.CapsuleShadows:1]]
[2020.04.21-18.49.26:255][  0]LogConfig: Applying CVar settings from Section [PostProcessQuality@3] File [D:/Users/Randy/Desktop/Project_C/Project_C_UE4/Saved/Config/Windows/Scalability.ini]
[2020.04.21-18.49.26:255][  0]LogConfig: Setting CVar [[r.MotionBlurQuality:4]]
[2020.04.21-18.49.26:255][  0]LogConfig: Setting CVar [[r.AmbientOcclusionMipLevelFactor:0.4]]
[2020.04.21-18.49.26:255][  0]LogConfig: Setting CVar [[r.AmbientOcclusionMaxQuality:100]]
[2020.04.21-18.49.26:255][  0]LogConfig: Setting CVar [[r.AmbientOcclusionLevels:-1]]
[2020.04.21-18.49.26:255][  0]LogConfig: Setting CVar [[r.AmbientOcclusionRadiusScale:1.0]]
[2020.04.21-18.49.26:255][  0]LogConfig: Setting CVar [[r.DepthOfFieldQuality:2]]
[2020.04.21-18.49.26:255][  0]LogConfig: Setting CVar [[r.RenderTargetPoolMin:400]]
[2020.04.21-18.49.26:255][  0]LogConfig: Setting CVar [[r.LensFlareQuality:2]]
[2020.04.21-18.49.26:255][  0]LogConfig: Setting CVar [[r.SceneColorFringeQuality:1]]
[2020.04.21-18.49.26:255][  0]LogConfig: Setting CVar [[r.EyeAdaptationQuality:2]]
[2020.04.21-18.49.26:255][  0]LogConfig: Setting CVar [[r.BloomQuality:5]]
[2020.04.21-18.49.26:255][  0]LogConfig: Setting CVar [[r.FastBlurThreshold:100]]
[2020.04.21-18.49.26:255][  0]LogConfig: Setting CVar [[r.Upscale.Quality:3]]
[2020.04.21-18.49.26:255][  0]LogConfig: Setting CVar [[r.Tonemapper.GrainQuantization:1]]
[2020.04.21-18.49.26:255][  0]LogConfig: Setting CVar [[r.LightShaftQuality:1]]
[2020.04.21-18.49.26:255][  0]LogConfig: Setting CVar [[r.Filter.SizeScale:1]]
[2020.04.21-18.49.26:255][  0]LogConfig: Setting CVar [[r.Tonemapper.Quality:5]]
[2020.04.21-18.49.26:255][  0]LogConfig: Setting CVar [[r.DOF.Gather.AccumulatorQuality:1        ; higher gathering accumulator quality]]
[2020.04.21-18.49.26:255][  0]LogConfig: Setting CVar [[r.DOF.Gather.PostfilterMethod:1          ; Median3x3 postfilering method]]
[2020.04.21-18.49.26:255][  0]LogConfig: Setting CVar [[r.DOF.Gather.EnableBokehSettings:0       ; no bokeh simulation when gathering]]
[2020.04.21-18.49.26:255][  0]LogConfig: Setting CVar [[r.DOF.Gather.RingCount:4                 ; medium number of samples when gathering]]
[2020.04.21-18.49.26:255][  0]LogConfig: Setting CVar [[r.DOF.Scatter.ForegroundCompositing:1    ; additive foreground scattering]]
[2020.04.21-18.49.26:255][  0]LogConfig: Setting CVar [[r.DOF.Scatter.BackgroundCompositing:2    ; additive background scattering]]
[2020.04.21-18.49.26:255][  0]LogConfig: Setting CVar [[r.DOF.Scatter.EnableBokehSettings:1      ; bokeh simulation when scattering]]
[2020.04.21-18.49.26:255][  0]LogConfig: Setting CVar [[r.DOF.Scatter.MaxSpriteRatio:0.1         ; only a maximum of 10% of scattered bokeh]]
[2020.04.21-18.49.26:255][  0]LogConfig: Setting CVar [[r.DOF.Recombine.Quality:1                ; cheap slight out of focus]]
[2020.04.21-18.49.26:255][  0]LogConfig: Setting CVar [[r.DOF.Recombine.EnableBokehSettings:0    ; no bokeh simulation on slight out of focus]]
[2020.04.21-18.49.26:255][  0]LogConfig: Setting CVar [[r.DOF.TemporalAAQuality:1                ; more stable temporal accumulation]]
[2020.04.21-18.49.26:255][  0]LogConfig: Setting CVar [[r.DOF.Kernel.MaxForegroundRadius:0.025]]
[2020.04.21-18.49.26:255][  0]LogConfig: Setting CVar [[r.DOF.Kernel.MaxBackgroundRadius:0.025]]
[2020.04.21-18.49.26:255][  0]LogConfig: Applying CVar settings from Section [TextureQuality@3] File [D:/Users/Randy/Desktop/Project_C/Project_C_UE4/Saved/Config/Windows/Scalability.ini]
[2020.04.21-18.49.26:255][  0]LogConfig: Setting CVar [[r.Streaming.MipBias:0]]
[2020.04.21-18.49.26:255][  0]LogConfig: Setting CVar [[r.Streaming.AmortizeCPUToGPUCopy:0]]
[2020.04.21-18.49.26:255][  0]LogConfig: Setting CVar [[r.Streaming.MaxNumTexturesToStreamPerFrame:0]]
[2020.04.21-18.49.26:255][  0]LogConfig: Setting CVar [[r.Streaming.Boost:1]]
[2020.04.21-18.49.26:255][  0]LogConfig: Setting CVar [[r.MaxAnisotropy:8]]
[2020.04.21-18.49.26:255][  0]LogConfig: Setting CVar [[r.VT.MaxAnisotropy:8]]
[2020.04.21-18.49.26:255][  0]LogConfig: Setting CVar [[r.Streaming.LimitPoolSizeToVRAM:0]]
[2020.04.21-18.49.26:255][  0]LogConfig: Setting CVar [[r.Streaming.PoolSize:1000]]
[2020.04.21-18.49.26:255][  0]LogConfig: Setting CVar [[r.Streaming.MaxEffectiveScreenSize:0]]
[2020.04.21-18.49.26:255][  0]LogConfig: Applying CVar settings from Section [EffectsQuality@3] File [D:/Users/Randy/Desktop/Project_C/Project_C_UE4/Saved/Config/Windows/Scalability.ini]
[2020.04.21-18.49.26:255][  0]LogConfig: Setting CVar [[r.TranslucencyLightingVolumeDim:64]]
[2020.04.21-18.49.26:255][  0]LogConfig: Setting CVar [[r.RefractionQuality:2]]
[2020.04.21-18.49.26:255][  0]LogConfig: Setting CVar [[r.SSR.Quality:3]]
[2020.04.21-18.49.26:255][  0]LogConfig: Setting CVar [[r.SSR.HalfResSceneColor:0]]
[2020.04.21-18.49.26:255][  0]LogConfig: Setting CVar [[r.SceneColorFormat:4]]
[2020.04.21-18.49.26:255][  0]LogConfig: Setting CVar [[r.DetailMode:2]]
[2020.04.21-18.49.26:255][  0]LogConfig: Setting CVar [[r.TranslucencyVolumeBlur:1]]
[2020.04.21-18.49.26:255][  0]LogConfig: Setting CVar [[r.MaterialQualityLevel:1 ; High quality]]
[2020.04.21-18.49.26:255][  0]LogConfig: Setting CVar [[r.SSS.Scale:1]]
[2020.04.21-18.49.26:255][  0]LogConfig: Setting CVar [[r.SSS.SampleSet:2]]
[2020.04.21-18.49.26:255][  0]LogConfig: Setting CVar [[r.SSS.Quality:1]]
[2020.04.21-18.49.26:255][  0]LogConfig: Setting CVar [[r.SSS.HalfRes:1]]
[2020.04.21-18.49.26:255][  0]LogConfig: Setting CVar [[r.SSGI.Quality:3]]
[2020.04.21-18.49.26:255][  0]LogConfig: Setting CVar [[r.EmitterSpawnRateScale:1.0]]
[2020.04.21-18.49.26:255][  0]LogConfig: Setting CVar [[r.ParticleLightQuality:2]]
[2020.04.21-18.49.26:255][  0]LogConfig: Setting CVar [[r.SkyAtmosphere.AerialPerspectiveLUT.FastApplyOnOpaque:1 ; Always have FastSkyLUT 1 in this case to avoid wrong sky]]
[2020.04.21-18.49.26:255][  0]LogConfig: Setting CVar [[r.SkyAtmosphere.AerialPerspectiveLUT.SampleCountPerSlice:1]]
[2020.04.21-18.49.26:255][  0]LogConfig: Setting CVar [[r.SkyAtmosphere.AerialPerspectiveLUT.DepthResolution:16.0]]
[2020.04.21-18.49.26:255][  0]LogConfig: Setting CVar [[r.SkyAtmosphere.FastSkyLUT:1]]
[2020.04.21-18.49.26:255][  0]LogConfig: Setting CVar [[r.SkyAtmosphere.FastSkyLUT.SampleCountMin:4.0]]
[2020.04.21-18.49.26:255][  0]LogConfig: Setting CVar [[r.SkyAtmosphere.FastSkyLUT.SampleCountMax:32.0]]
[2020.04.21-18.49.26:255][  0]LogConfig: Setting CVar [[r.SkyAtmosphere.SampleCountMin:4.0]]
[2020.04.21-18.49.26:255][  0]LogConfig: Setting CVar [[r.SkyAtmosphere.SampleCountMax:32.0]]
[2020.04.21-18.49.26:255][  0]LogConfig: Setting CVar [[r.SkyAtmosphere.TransmittanceLUT.UseSmallFormat:0]]
[2020.04.21-18.49.26:255][  0]LogConfig: Setting CVar [[r.SkyAtmosphere.TransmittanceLUT.SampleCount:10.0]]
[2020.04.21-18.49.26:255][  0]LogConfig: Setting CVar [[r.SkyAtmosphere.MultiScatteringLUT.SampleCount:15.0]]
[2020.04.21-18.49.26:255][  0]LogConfig: Applying CVar settings from Section [FoliageQuality@3] File [D:/Users/Randy/Desktop/Project_C/Project_C_UE4/Saved/Config/Windows/Scalability.ini]
[2020.04.21-18.49.26:255][  0]LogConfig: Setting CVar [[foliage.DensityScale:1.0]]
[2020.04.21-18.49.26:255][  0]LogConfig: Setting CVar [[grass.DensityScale:1.0]]
[2020.04.21-18.49.26:255][  0]LogConfig: Applying CVar settings from Section [ShadingQuality@3] File [D:/Users/Randy/Desktop/Project_C/Project_C_UE4/Saved/Config/Windows/Scalability.ini]
[2020.04.21-18.49.26:255][  0]LogConfig: Setting CVar [[r.HairStrands.SkyLighting.SampleCount:16]]
[2020.04.21-18.49.26:255][  0]LogConfig: Setting CVar [[r.HairStrands.SkyLighting.JitterIntegration:0]]
[2020.04.21-18.49.26:255][  0]LogConfig: Setting CVar [[r.HairStrands.SkyAO.SampleCount:16]]
[2020.04.21-18.49.26:255][  0]LogInit: Selected Device Profile: [Windows]
[2020.04.21-18.49.26:255][  0]LogInit: Applying CVar settings loaded from the selected device profile: [Windows]
[2020.04.21-18.49.26:257][  0]LogHAL: Display: Platform has ~ 16 GB [17041510400 / 17179869184 / 16], which maps to Larger [LargestMinGB=32, LargerMinGB=12, DefaultMinGB=8, SmallerMinGB=6, SmallestMinGB=0)
[2020.04.21-18.49.26:257][  0]LogInit: Going up to parent DeviceProfile []
[2020.04.21-18.49.26:257][  0]LogConfig: Applying CVar settings from Section [ViewDistanceQuality@3] File [D:/Users/Randy/Desktop/Project_C/Project_C_UE4/Saved/Config/Windows/Scalability.ini]
[2020.04.21-18.49.26:257][  0]LogConfig: Setting CVar [[r.SkeletalMeshLODBias:0]]
[2020.04.21-18.49.26:257][  0]LogConfig: Setting CVar [[r.ViewDistanceScale:1.0]]
[2020.04.21-18.49.26:257][  0]LogConfig: Applying CVar settings from Section [AntiAliasingQuality@3] File [D:/Users/Randy/Desktop/Project_C/Project_C_UE4/Saved/Config/Windows/Scalability.ini]
[2020.04.21-18.49.26:257][  0]LogConfig: Setting CVar [[r.PostProcessAAQuality:4]]
[2020.04.21-18.49.26:257][  0]LogConfig: Applying CVar settings from Section [ShadowQuality@3] File [D:/Users/Randy/Desktop/Project_C/Project_C_UE4/Saved/Config/Windows/Scalability.ini]
[2020.04.21-18.49.26:257][  0]LogConfig: Setting CVar [[r.LightFunctionQuality:1]]
[2020.04.21-18.49.26:257][  0]LogConfig: Setting CVar [[r.ShadowQuality:5]]
[2020.04.21-18.49.26:257][  0]LogConfig: Setting CVar [[r.Shadow.CSM.MaxCascades:10]]
[2020.04.21-18.49.26:257][  0]LogConfig: Setting CVar [[r.Shadow.MaxResolution:2048]]
[2020.04.21-18.49.26:257][  0]LogConfig: Setting CVar [[r.Shadow.MaxCSMResolution:2048]]
[2020.04.21-18.49.26:257][  0]LogConfig: Setting CVar [[r.Shadow.RadiusThreshold:0.01]]
[2020.04.21-18.49.26:257][  0]LogConfig: Setting CVar [[r.Shadow.DistanceScale:1.0]]
[2020.04.21-18.49.26:257][  0]LogConfig: Setting CVar [[r.Shadow.CSM.TransitionScale:1.0]]
[2020.04.21-18.49.26:257][  0]LogConfig: Setting CVar [[r.Shadow.PreShadowResolutionFactor:1.0]]
[2020.04.21-18.49.26:257][  0]LogConfig: Setting CVar [[r.DistanceFieldShadowing:1]]
[2020.04.21-18.49.26:257][  0]LogConfig: Setting CVar [[r.DistanceFieldAO:1]]
[2020.04.21-18.49.26:257][  0]LogConfig: Setting CVar [[r.AOQuality:2]]
[2020.04.21-18.49.26:257][  0]LogConfig: Setting CVar [[r.VolumetricFog:1]]
[2020.04.21-18.49.26:257][  0]LogConfig: Setting CVar [[r.VolumetricFog.GridPixelSize:8]]
[2020.04.21-18.49.26:257][  0]LogConfig: Setting CVar [[r.VolumetricFog.GridSizeZ:128]]
[2020.04.21-18.49.26:257][  0]LogConfig: Setting CVar [[r.VolumetricFog.HistoryMissSupersampleCount:4]]
[2020.04.21-18.49.26:257][  0]LogConfig: Setting CVar [[r.LightMaxDrawDistanceScale:1]]
[2020.04.21-18.49.26:257][  0]LogConfig: Setting CVar [[r.CapsuleShadows:1]]
[2020.04.21-18.49.26:257][  0]LogConfig: Applying CVar settings from Section [PostProcessQuality@3] File [D:/Users/Randy/Desktop/Project_C/Project_C_UE4/Saved/Config/Windows/Scalability.ini]
[2020.04.21-18.49.26:257][  0]LogConfig: Setting CVar [[r.MotionBlurQuality:4]]
[2020.04.21-18.49.26:257][  0]LogConfig: Setting CVar [[r.AmbientOcclusionMipLevelFactor:0.4]]
[2020.04.21-18.49.26:257][  0]LogConfig: Setting CVar [[r.AmbientOcclusionMaxQuality:100]]
[2020.04.21-18.49.26:257][  0]LogConfig: Setting CVar [[r.AmbientOcclusionLevels:-1]]
[2020.04.21-18.49.26:257][  0]LogConfig: Setting CVar [[r.AmbientOcclusionRadiusScale:1.0]]
[2020.04.21-18.49.26:257][  0]LogConfig: Setting CVar [[r.DepthOfFieldQuality:2]]
[2020.04.21-18.49.26:257][  0]LogConfig: Setting CVar [[r.RenderTargetPoolMin:400]]
[2020.04.21-18.49.26:257][  0]LogConfig: Setting CVar [[r.LensFlareQuality:2]]
[2020.04.21-18.49.26:257][  0]LogConfig: Setting CVar [[r.SceneColorFringeQuality:1]]
[2020.04.21-18.49.26:257][  0]LogConfig: Setting CVar [[r.EyeAdaptationQuality:2]]
[2020.04.21-18.49.26:257][  0]LogConfig: Setting CVar [[r.BloomQuality:5]]
[2020.04.21-18.49.26:257][  0]LogConfig: Setting CVar [[r.FastBlurThreshold:100]]
[2020.04.21-18.49.26:257][  0]LogConfig: Setting CVar [[r.Upscale.Quality:3]]
[2020.04.21-18.49.26:257][  0]LogConfig: Setting CVar [[r.Tonemapper.GrainQuantization:1]]
[2020.04.21-18.49.26:257][  0]LogConfig: Setting CVar [[r.LightShaftQuality:1]]
[2020.04.21-18.49.26:257][  0]LogConfig: Setting CVar [[r.Filter.SizeScale:1]]
[2020.04.21-18.49.26:257][  0]LogConfig: Setting CVar [[r.Tonemapper.Quality:5]]
[2020.04.21-18.49.26:257][  0]LogConfig: Setting CVar [[r.DOF.Gather.AccumulatorQuality:1        ; higher gathering accumulator quality]]
[2020.04.21-18.49.26:257][  0]LogConfig: Setting CVar [[r.DOF.Gather.PostfilterMethod:1          ; Median3x3 postfilering method]]
[2020.04.21-18.49.26:257][  0]LogConfig: Setting CVar [[r.DOF.Gather.EnableBokehSettings:0       ; no bokeh simulation when gathering]]
[2020.04.21-18.49.26:257][  0]LogConfig: Setting CVar [[r.DOF.Gather.RingCount:4                 ; medium number of samples when gathering]]
[2020.04.21-18.49.26:257][  0]LogConfig: Setting CVar [[r.DOF.Scatter.ForegroundCompositing:1    ; additive foreground scattering]]
[2020.04.21-18.49.26:258][  0]LogConfig: Setting CVar [[r.DOF.Scatter.BackgroundCompositing:2    ; additive background scattering]]
[2020.04.21-18.49.26:258][  0]LogConfig: Setting CVar [[r.DOF.Scatter.EnableBokehSettings:1      ; bokeh simulation when scattering]]
[2020.04.21-18.49.26:258][  0]LogConfig: Setting CVar [[r.DOF.Scatter.MaxSpriteRatio:0.1         ; only a maximum of 10% of scattered bokeh]]
[2020.04.21-18.49.26:258][  0]LogConfig: Setting CVar [[r.DOF.Recombine.Quality:1                ; cheap slight out of focus]]
[2020.04.21-18.49.26:258][  0]LogConfig: Setting CVar [[r.DOF.Recombine.EnableBokehSettings:0    ; no bokeh simulation on slight out of focus]]
[2020.04.21-18.49.26:258][  0]LogConfig: Setting CVar [[r.DOF.TemporalAAQuality:1                ; more stable temporal accumulation]]
[2020.04.21-18.49.26:258][  0]LogConfig: Setting CVar [[r.DOF.Kernel.MaxForegroundRadius:0.025]]
[2020.04.21-18.49.26:258][  0]LogConfig: Setting CVar [[r.DOF.Kernel.MaxBackgroundRadius:0.025]]
[2020.04.21-18.49.26:258][  0]LogConfig: Applying CVar settings from Section [TextureQuality@3] File [D:/Users/Randy/Desktop/Project_C/Project_C_UE4/Saved/Config/Windows/Scalability.ini]
[2020.04.21-18.49.26:258][  0]LogConfig: Setting CVar [[r.Streaming.MipBias:0]]
[2020.04.21-18.49.26:258][  0]LogConfig: Setting CVar [[r.Streaming.AmortizeCPUToGPUCopy:0]]
[2020.04.21-18.49.26:258][  0]LogConfig: Setting CVar [[r.Streaming.MaxNumTexturesToStreamPerFrame:0]]
[2020.04.21-18.49.26:258][  0]LogConfig: Setting CVar [[r.Streaming.Boost:1]]
[2020.04.21-18.49.26:258][  0]LogConfig: Setting CVar [[r.MaxAnisotropy:8]]
[2020.04.21-18.49.26:258][  0]LogConfig: Setting CVar [[r.VT.MaxAnisotropy:8]]
[2020.04.21-18.49.26:258][  0]LogConfig: Setting CVar [[r.Streaming.LimitPoolSizeToVRAM:0]]
[2020.04.21-18.49.26:258][  0]LogConfig: Setting CVar [[r.Streaming.PoolSize:1000]]
[2020.04.21-18.49.26:258][  0]LogConfig: Setting CVar [[r.Streaming.MaxEffectiveScreenSize:0]]
[2020.04.21-18.49.26:258][  0]LogConfig: Applying CVar settings from Section [EffectsQuality@3] File [D:/Users/Randy/Desktop/Project_C/Project_C_UE4/Saved/Config/Windows/Scalability.ini]
[2020.04.21-18.49.26:258][  0]LogConfig: Setting CVar [[r.TranslucencyLightingVolumeDim:64]]
[2020.04.21-18.49.26:258][  0]LogConfig: Setting CVar [[r.RefractionQuality:2]]
[2020.04.21-18.49.26:258][  0]LogConfig: Setting CVar [[r.SSR.Quality:3]]
[2020.04.21-18.49.26:258][  0]LogConfig: Setting CVar [[r.SSR.HalfResSceneColor:0]]
[2020.04.21-18.49.26:258][  0]LogConfig: Setting CVar [[r.SceneColorFormat:4]]
[2020.04.21-18.49.26:258][  0]LogConfig: Setting CVar [[r.DetailMode:2]]
[2020.04.21-18.49.26:258][  0]LogConfig: Setting CVar [[r.TranslucencyVolumeBlur:1]]
[2020.04.21-18.49.26:258][  0]LogConfig: Setting CVar [[r.MaterialQualityLevel:1 ; High quality]]
[2020.04.21-18.49.26:258][  0]LogConfig: Setting CVar [[r.SSS.Scale:1]]
[2020.04.21-18.49.26:258][  0]LogConfig: Setting CVar [[r.SSS.SampleSet:2]]
[2020.04.21-18.49.26:258][  0]LogConfig: Setting CVar [[r.SSS.Quality:1]]
[2020.04.21-18.49.26:258][  0]LogConfig: Setting CVar [[r.SSS.HalfRes:1]]
[2020.04.21-18.49.26:258][  0]LogConfig: Setting CVar [[r.SSGI.Quality:3]]
[2020.04.21-18.49.26:258][  0]LogConfig: Setting CVar [[r.EmitterSpawnRateScale:1.0]]
[2020.04.21-18.49.26:258][  0]LogConfig: Setting CVar [[r.ParticleLightQuality:2]]
[2020.04.21-18.49.26:258][  0]LogConfig: Setting CVar [[r.SkyAtmosphere.AerialPerspectiveLUT.FastApplyOnOpaque:1 ; Always have FastSkyLUT 1 in this case to avoid wrong sky]]
[2020.04.21-18.49.26:258][  0]LogConfig: Setting CVar [[r.SkyAtmosphere.AerialPerspectiveLUT.SampleCountPerSlice:1]]
[2020.04.21-18.49.26:258][  0]LogConfig: Setting CVar [[r.SkyAtmosphere.AerialPerspectiveLUT.DepthResolution:16.0]]
[2020.04.21-18.49.26:258][  0]LogConfig: Setting CVar [[r.SkyAtmosphere.FastSkyLUT:1]]
[2020.04.21-18.49.26:258][  0]LogConfig: Setting CVar [[r.SkyAtmosphere.FastSkyLUT.SampleCountMin:4.0]]
[2020.04.21-18.49.26:258][  0]LogConfig: Setting CVar [[r.SkyAtmosphere.FastSkyLUT.SampleCountMax:32.0]]
[2020.04.21-18.49.26:258][  0]LogConfig: Setting CVar [[r.SkyAtmosphere.SampleCountMin:4.0]]
[2020.04.21-18.49.26:258][  0]LogConfig: Setting CVar [[r.SkyAtmosphere.SampleCountMax:32.0]]
[2020.04.21-18.49.26:258][  0]LogConfig: Setting CVar [[r.SkyAtmosphere.TransmittanceLUT.UseSmallFormat:0]]
[2020.04.21-18.49.26:258][  0]LogConfig: Setting CVar [[r.SkyAtmosphere.TransmittanceLUT.SampleCount:10.0]]
[2020.04.21-18.49.26:258][  0]LogConfig: Setting CVar [[r.SkyAtmosphere.MultiScatteringLUT.SampleCount:15.0]]
[2020.04.21-18.49.26:258][  0]LogConfig: Applying CVar settings from Section [FoliageQuality@3] File [D:/Users/Randy/Desktop/Project_C/Project_C_UE4/Saved/Config/Windows/Scalability.ini]
[2020.04.21-18.49.26:258][  0]LogConfig: Setting CVar [[foliage.DensityScale:1.0]]
[2020.04.21-18.49.26:258][  0]LogConfig: Setting CVar [[grass.DensityScale:1.0]]
[2020.04.21-18.49.26:258][  0]LogConfig: Applying CVar settings from Section [ShadingQuality@3] File [D:/Users/Randy/Desktop/Project_C/Project_C_UE4/Saved/Config/Windows/Scalability.ini]
[2020.04.21-18.49.26:258][  0]LogConfig: Setting CVar [[r.HairStrands.SkyLighting.SampleCount:16]]
[2020.04.21-18.49.26:258][  0]LogConfig: Setting CVar [[r.HairStrands.SkyLighting.JitterIntegration:0]]
[2020.04.21-18.49.26:258][  0]LogConfig: Setting CVar [[r.HairStrands.SkyAO.SampleCount:16]]
[2020.04.21-18.49.26:258][  0]LogConfig: Applying CVar settings from Section [Startup] File [../../../Engine/Config/ConsoleVariables.ini]
[2020.04.21-18.49.26:258][  0]LogConfig: Setting CVar [[net.UseAdaptiveNetUpdateFrequency:0]]
[2020.04.21-18.49.26:258][  0]LogConfig: Setting CVar [[p.chaos.AllowCreatePhysxBodies:1]]
[2020.04.21-18.49.26:258][  0]LogConfig: Applying CVar settings from Section [ConsoleVariables] File [D:/Users/Randy/Desktop/Project_C/Project_C_UE4/Saved/Config/Windows/Engine.ini]
[2020.04.21-18.49.26:258][  0]LogInit: Computer: DESKTOP-RDHKLDC
[2020.04.21-18.49.26:258][  0]LogInit: User: Randy
[2020.04.21-18.49.26:258][  0]LogInit: CPU Page size=4096, Cores=4
[2020.04.21-18.49.26:258][  0]LogInit: High frequency timer resolution =10.000000 MHz
[2020.04.21-18.49.26:258][  0]LogMemory: Memory total: Physical=15.9GB (16GB approx)
[2020.04.21-18.49.26:258][  0]LogMemory: Platform Memory Stats for Windows
[2020.04.21-18.49.26:258][  0]LogMemory: Process Physical Memory: 105.96 MB used, 105.96 MB peak
[2020.04.21-18.49.26:258][  0]LogMemory: Process Virtual Memory: 100.63 MB used, 100.63 MB peak
[2020.04.21-18.49.26:258][  0]LogMemory: Physical Memory: 6414.58 MB used,  9837.47 MB free, 16252.05 MB total
[2020.04.21-18.49.26:259][  0]LogMemory: Virtual Memory: 5152.02 MB used,  134212576.00 MB free, 134217728.00 MB total
[2020.04.21-18.49.26:260][  0]LogWindows: WindowsPlatformFeatures enabled
[2020.04.21-18.49.26:270][  0]LogInit: Using OS detected language (en-US).
[2020.04.21-18.49.26:270][  0]LogInit: Using OS detected locale (en-US).
[2020.04.21-18.49.26:271][  0]LogTextLocalizationManager: No specific localization for 'en-US' exists, so the 'en' localization will be used.
[2020.04.21-18.49.26:387][  0]LogInit: Setting process to per monitor DPI aware
[2020.04.21-18.49.26:411][  0]LogSlate: New Slate User Created.  User Index 0, Is Virtual User: 0
[2020.04.21-18.49.26:411][  0]LogSlate: Slate User Registered.  User Index 0, Is Virtual User: 0
[2020.04.21-18.49.26:506][  0]LogHMD: Failed to initialize OpenVR with code 110
[2020.04.21-18.49.26:506][  0]LogD3D11RHI: D3D11 min allowed feature level: 11_0
[2020.04.21-18.49.26:506][  0]LogD3D11RHI: D3D11 max allowed feature level: 11_0
[2020.04.21-18.49.26:506][  0]LogD3D11RHI: D3D11 adapters:
[2020.04.21-18.49.26:547][  0]LogD3D11RHI:    0. 'NVIDIA GeForce GTX 1060 6GB' (Feature Level 11_0)
[2020.04.21-18.49.26:547][  0]LogD3D11RHI:       6052/0/8126 MB DedicatedVideo/DedicatedSystem/SharedSystem, Outputs:1, VendorId:0x10de
[2020.04.21-18.49.26:562][  0]LogD3D11RHI:    1. 'Intel(R) HD Graphics 530' (Feature Level 11_0)
[2020.04.21-18.49.26:562][  0]LogD3D11RHI:       128/0/8126 MB DedicatedVideo/DedicatedSystem/SharedSystem, Outputs:1, VendorId:0x8086
[2020.04.21-18.49.26:564][  0]LogD3D11RHI:    2. 'Microsoft Basic Render Driver' (Feature Level 11_0)
[2020.04.21-18.49.26:564][  0]LogD3D11RHI:       0/0/8126 MB DedicatedVideo/DedicatedSystem/SharedSystem, Outputs:0, VendorId:0x1414
[2020.04.21-18.49.26:564][  0]LogD3D11RHI: Chosen D3D11 Adapter: 0
[2020.04.21-18.49.26:569][  0]LogD3D11RHI: Creating new Direct3DDevice
[2020.04.21-18.49.26:570][  0]LogD3D11RHI:     GPU DeviceId: 0x1c03 (for the marketing name, search the web for "GPU Device Id")
[2020.04.21-18.49.26:570][  0]LogWindows: EnumDisplayDevices:
[2020.04.21-18.49.26:570][  0]LogWindows:    0. 'Intel(R) HD Graphics 530' (P:0 D:1)
[2020.04.21-18.49.26:570][  0]LogWindows:    1. 'Intel(R) HD Graphics 530' (P:0 D:0)
[2020.04.21-18.49.26:570][  0]LogWindows:    2. 'Intel(R) HD Graphics 530' (P:0 D:0)
[2020.04.21-18.49.26:570][  0]LogWindows:    3. 'NVIDIA GeForce GTX 1060 6GB' (P:1 D:1)
[2020.04.21-18.49.26:571][  0]LogWindows:    4. 'NVIDIA GeForce GTX 1060 6GB' (P:0 D:0)
[2020.04.21-18.49.26:571][  0]LogWindows:    5. 'NVIDIA GeForce GTX 1060 6GB' (P:0 D:0)
[2020.04.21-18.49.26:571][  0]LogWindows:    6. 'NVIDIA GeForce GTX 1060 6GB' (P:0 D:0)
[2020.04.21-18.49.26:571][  0]LogWindows: DebugString: PrimaryIsNotTheChoosenAdapter PrimaryIsNotTheChoosenAdapter PrimaryIsNotTheChoosenAdapter FoundDriverCount:4 
[2020.04.21-18.49.26:571][  0]LogD3D11RHI:     Adapter Name: NVIDIA GeForce GTX 1060 6GB
[2020.04.21-18.49.26:571][  0]LogD3D11RHI:   Driver Version: 432.00 (internal:26.21.14.3200, unified:432.00)
[2020.04.21-18.49.26:571][  0]LogD3D11RHI:      Driver Date: 7-24-2019
[2020.04.21-18.49.26:571][  0]LogRHI: Texture pool is 4236 MB (70% of 6052 MB)
[2020.04.21-18.49.26:603][  0]LogD3D11RHI: RHI has support for 64 bit atomics
[2020.04.21-18.49.26:603][  0]LogD3D11RHI: Async texture creation enabled
[2020.04.21-18.49.26:657][  0]LogD3D11RHI: GPU Timing Frequency: 1000.000000 (Debug: 2 1)
[2020.04.21-18.49.26:877][  0]LogTargetPlatformManager: Display: Loaded TargetPlatform 'AllDesktop'
[2020.04.21-18.49.26:899][  0]LogTargetPlatformManager: Display: Loaded TargetPlatform 'Android'
[2020.04.21-18.49.26:899][  0]LogTargetPlatformManager: Display: Loaded TargetPlatform 'Android_ASTC'
[2020.04.21-18.49.26:899][  0]LogTargetPlatformManager: Display: Loaded TargetPlatform 'Android_ATC'
[2020.04.21-18.49.26:899][  0]LogTargetPlatformManager: Display: Loaded TargetPlatform 'Android_DXT'
[2020.04.21-18.49.26:899][  0]LogTargetPlatformManager: Display: Loaded TargetPlatform 'Android_ETC1'
[2020.04.21-18.49.26:899][  0]LogTargetPlatformManager: Display: Loaded TargetPlatform 'Android_ETC1a'
[2020.04.21-18.49.26:899][  0]LogTargetPlatformManager: Display: Loaded TargetPlatform 'Android_ETC2'
[2020.04.21-18.49.26:899][  0]LogTargetPlatformManager: Display: Loaded TargetPlatform 'Android_PVRTC'
[2020.04.21-18.49.26:899][  0]LogTargetPlatformManager: Display: Loaded TargetPlatform 'AndroidClient'
[2020.04.21-18.49.26:899][  0]LogTargetPlatformManager: Display: Loaded TargetPlatform 'Android_ASTCClient'
[2020.04.21-18.49.26:899][  0]LogTargetPlatformManager: Display: Loaded TargetPlatform 'Android_ATCClient'
[2020.04.21-18.49.26:899][  0]LogTargetPlatformManager: Display: Loaded TargetPlatform 'Android_DXTClient'
[2020.04.21-18.49.26:899][  0]LogTargetPlatformManager: Display: Loaded TargetPlatform 'Android_ETC1Client'
[2020.04.21-18.49.26:899][  0]LogTargetPlatformManager: Display: Loaded TargetPlatform 'Android_ETC1aClient'
[2020.04.21-18.49.26:899][  0]LogTargetPlatformManager: Display: Loaded TargetPlatform 'Android_ETC2Client'
[2020.04.21-18.49.26:899][  0]LogTargetPlatformManager: Display: Loaded TargetPlatform 'Android_PVRTCClient'
[2020.04.21-18.49.26:899][  0]LogTargetPlatformManager: Display: Loaded TargetPlatform 'Android_Multi'
[2020.04.21-18.49.26:899][  0]LogTargetPlatformManager: Display: Loaded TargetPlatform 'Android_MultiClient'
[2020.04.21-18.49.26:911][  0]LogTargetPlatformManager: Display: Loaded TargetPlatform 'IOSClient'
[2020.04.21-18.49.26:911][  0]LogTargetPlatformManager: Display: Loaded TargetPlatform 'IOS'
[2020.04.21-18.49.26:916][  0]LogTargetPlatformManager: Display: Loaded TargetPlatform 'LinuxNoEditor'
[2020.04.21-18.49.26:920][  0]LogTargetPlatformManager: Display: Loaded TargetPlatform 'LinuxClient'
[2020.04.21-18.49.26:925][  0]LogTargetPlatformManager: Display: Loaded TargetPlatform 'LinuxServer'
[2020.04.21-18.49.26:930][  0]LogTargetPlatformManager: Display: Loaded TargetPlatform 'LinuxAArch64NoEditor'
[2020.04.21-18.49.26:935][  0]LogTargetPlatformManager: Display: Loaded TargetPlatform 'LinuxAArch64Client'
[2020.04.21-18.49.26:939][  0]LogTargetPlatformManager: Display: Loaded TargetPlatform 'LinuxAArch64Server'
[2020.04.21-18.49.26:955][  0]LogTargetPlatformManager: Display: Loaded TargetPlatform 'Lumin'
[2020.04.21-18.49.26:955][  0]LogTargetPlatformManager: Display: Loaded TargetPlatform 'LuminClient'
[2020.04.21-18.49.26:964][  0]LogTargetPlatformManager: Display: Loaded TargetPlatform 'TVOSClient'
[2020.04.21-18.49.26:964][  0]LogTargetPlatformManager: Display: Loaded TargetPlatform 'TVOS'
[2020.04.21-18.49.26:968][  0]LogTargetPlatformManager: Display: Loaded TargetPlatform 'WindowsNoEditor'
[2020.04.21-18.49.26:974][  0]LogTargetPlatformManager: Display: Loaded TargetPlatform 'Windows'
[2020.04.21-18.49.26:978][  0]LogTargetPlatformManager: Display: Loaded TargetPlatform 'WindowsClient'
[2020.04.21-18.49.26:983][  0]LogTargetPlatformManager: Display: Loaded TargetPlatform 'WindowsServer'
[2020.04.21-18.49.26:983][  0]LogTargetPlatformManager: Display: Building Assets For Windows
[2020.04.21-18.49.26:985][  0]LogAudioDebug: Display: Lib vorbis DLL was dynamically loaded.
[2020.04.21-18.49.26:998][  0]LogShaderCompilers: Guid format shader working directory is -1 characters bigger than the processId version (D:/Users/Randy/Desktop/Project_C/Project_C_UE4/Intermediate/Shaders/WorkingDirectory/19816/).
[2020.04.21-18.49.26:998][  0]LogShaderCompilers: Cleaned the shader compiler working directory 'C:/Users/Randy/AppData/Local/Temp/UnrealShaderWorkingDir/C847EECB4375B091510523AD09D78655/'.
[2020.04.21-18.49.26:998][  0]LogXGEController: Cleaning working directory: C:/Users/Randy/AppData/Local/Temp/UnrealXGEWorkingDir/
[2020.04.21-18.49.26:998][  0]LogXGEController: Cannot use XGE Controller as Incredibuild is not installed on this machine.
[2020.04.21-18.49.26:999][  0]LogShaderCompilers: Cannot use XGE Shader Compiler as Incredibuild is not installed on this machine.
[2020.04.21-18.49.26:999][  0]LogShaderCompilers: Display: Using Local Shader Compiler.
[2020.04.21-18.49.27:512][  0]LogDerivedDataCache: Display: Max Cache Size: 512 MB
[2020.04.21-18.49.27:551][  0]LogDerivedDataCache: Loaded boot cache 0.04s 78MB C:/Users/Randy/AppData/Local/UnrealEngine/4.24/DerivedDataCache/Boot.ddc.
[2020.04.21-18.49.27:551][  0]LogDerivedDataCache: Display: Loaded Boot cache: C:/Users/Randy/AppData/Local/UnrealEngine/4.24/DerivedDataCache/Boot.ddc
[2020.04.21-18.49.27:551][  0]LogDerivedDataCache: FDerivedDataBackendGraph:  Pak pak cache file D:/Users/Randy/Desktop/Project_C/Project_C_UE4/DerivedDataCache/DDC.ddp not found, will not use a pak cache.
[2020.04.21-18.49.27:551][  0]LogDerivedDataCache: Unable to find inner node Pak for hierarchical cache Hierarchy.
[2020.04.21-18.49.27:552][  0]LogDerivedDataCache: FDerivedDataBackendGraph:  CompressedPak pak cache file D:/Users/Randy/Desktop/Project_C/Project_C_UE4/DerivedDataCache/Compressed.ddp not found, will not use a pak cache.
[2020.04.21-18.49.27:552][  0]LogDerivedDataCache: Unable to find inner node CompressedPak for hierarchical cache Hierarchy.
[2020.04.21-18.49.27:559][  0]LogDerivedDataCache: Display: Pak cache opened for reading ../../../Engine/DerivedDataCache/Compressed.ddp.
[2020.04.21-18.49.27:559][  0]LogDerivedDataCache: FDerivedDataBackendGraph:  EnterprisePak pak cache file ../../../Enterprise/DerivedDataCache/Compressed.ddp not found, will not use a pak cache.
[2020.04.21-18.49.27:559][  0]LogDerivedDataCache: Unable to find inner node EnterprisePak for hierarchical cache Hierarchy.
[2020.04.21-18.49.27:560][  0]LogDerivedDataCache: Using Local data cache path C:/Users/Randy/AppData/Local/UnrealEngine/Common/DerivedDataCache: Writable
[2020.04.21-18.49.27:560][  0]LogDerivedDataCache: Shared data cache path not found in *engine.ini, will not use an Shared cache.
[2020.04.21-18.49.27:560][  0]LogDerivedDataCache: Unable to find inner node Shared for hierarchical cache Hierarchy.
[2020.04.21-18.49.27:579][  0]LogMaterial: Verifying Global Shaders for PCD3D_SM5
[2020.04.21-18.49.27:581][  0]LogSlate: Using FreeType 2.10.0
[2020.04.21-18.49.27:581][  0]LogSlate: SlateFontServices - WITH_FREETYPE: 1, WITH_HARFBUZZ: 1
[2020.04.21-18.49.27:616][  0]LogAssetRegistry: FAssetRegistry took 0.0017 seconds to start up
[2020.04.21-18.49.27:849][  0]LogInit: Selected Device Profile: [Windows]
[2020.04.21-18.49.27:959][  0]LogMeshReduction: Using QuadricMeshReduction for automatic static mesh reduction
[2020.04.21-18.49.27:959][  0]LogMeshReduction: Using SimplygonMeshReduction for automatic skeletal mesh reduction
[2020.04.21-18.49.27:959][  0]LogMeshReduction: Using ProxyLODMeshReduction for automatic mesh merging
[2020.04.21-18.49.27:959][  0]LogMeshReduction: No distributed automatic mesh merging module available
[2020.04.21-18.49.27:959][  0]LogMeshMerging: No distributed automatic mesh merging module available
[2020.04.21-18.49.27:967][  0]LogNetVersion: Project_C 1.0.0, NetCL: 10570792, EngineNetVer: 13, GameNetVer: 0 (Checksum: 3451845409)
[2020.04.21-18.49.28:658][  0]LogPackageLocalizationCache: Processed 10 localized package path(s) for 1 prioritized culture(s) in 0.024359 seconds
[2020.04.21-18.49.28:663][  0]LogUObjectArray: 46750 objects as part of root set at end of initial load.
[2020.04.21-18.49.28:664][  0]LogUObjectAllocator: 8137160 out of 0 bytes used by permanent object pool.
[2020.04.21-18.49.28:664][  0]LogUObjectArray: CloseDisregardForGC: 0/0 objects in disregard for GC pool
[2020.04.21-18.49.28:933][  0]LogTcpMessaging: Initializing TcpMessaging bridge
[2020.04.21-18.49.28:935][  0]LogUdpMessaging: Initializing bridge on interface 0.0.0.0:0 to multicast group 230.0.0.1:6666.
[2020.04.21-18.49.28:949][  0]LogStats: UGameplayTagsManager::InitializeManager -  0.000 s
[2020.04.21-18.49.28:983][  0]SourceControl: Source control is disabled
[2020.04.21-18.49.28:983][  0]SourceControl: Source control is disabled
[2020.04.21-18.49.28:983][  0]SourceControl: Source control is disabled
[2020.04.21-18.49.28:984][  0]SourceControl: Source control is disabled
[2020.04.21-18.49.28:984][  0]SourceControl: Source control is disabled
[2020.04.21-18.49.29:032][  0]LogAndroidPermission: UAndroidPermissionCallbackProxy::GetInstance
[2020.04.21-18.49.29:039][  0]LogAudioCaptureCore: Display: No Audio Capture implementations found. Audio input will be silent.
[2020.04.21-18.49.29:039][  0]LogAudioCaptureCore: Display: No Audio Capture implementations found. Audio input will be silent.
[2020.04.21-18.49.29:097][  0]LogOcInput: OculusInput pre-init called
[2020.04.21-18.49.29:101][  0]LogWindows: Failed to load 'OVRPlugin.dll' (GetLastError=126)
[2020.04.21-18.49.29:101][  0]LogWindows: File 'OVRPlugin.dll' does not exist
[2020.04.21-18.49.29:148][  0]LogEngine: Initializing Engine...
[2020.04.21-18.49.29:148][  0]LogHMD: Failed to initialize OpenVR with code 110
[2020.04.21-18.49.29:389][  0]LogInit: Initializing FReadOnlyCVARCache
[2020.04.21-18.49.29:394][  0]LogAIModule: Creating AISystem for world Untitled
[2020.04.21-18.49.29:402][  0]LogAudioMixer: Display: Audio Mixer Platform Settings:
[2020.04.21-18.49.29:402][  0]LogAudioMixer: Display: 	Sample Rate:						  48000
[2020.04.21-18.49.29:402][  0]LogAudioMixer: Display: 	Callback Buffer Frame Size Requested: 1024
[2020.04.21-18.49.29:402][  0]LogAudioMixer: Display: 	Callback Buffer Frame Size To Use:	  1024
[2020.04.21-18.49.29:402][  0]LogAudioMixer: Display: 	Number of buffers to queue:			  2
[2020.04.21-18.49.29:402][  0]LogAudioMixer: Display: 	Max Channels (voices):				  32
[2020.04.21-18.49.29:402][  0]LogAudioMixer: Display: 	Number of Async Source Workers:		  0
[2020.04.21-18.49.29:402][  0]LogAudio: Display: AudioDevice MaxSources: 32
[2020.04.21-18.49.29:403][  0]LogAudio: Display: Using built-in audio occlusion.
[2020.04.21-18.49.29:403][  0]LogAudioMixer: Display: Initializing audio mixer.
[2020.04.21-18.49.29:485][  0]LogAudioMixer: Display: Audio Device Output Speaker Info:
[2020.04.21-18.49.29:485][  0]LogAudioMixer: Display: Name: Logitech Speakers (Realtek High Definition Audio)
[2020.04.21-18.49.29:485][  0]LogAudioMixer: Display: Is Default: Yes
[2020.04.21-18.49.29:485][  0]LogAudioMixer: Display: Sample Rate: 48000
[2020.04.21-18.49.29:485][  0]LogAudioMixer: Display: Channel Count Used: 2
[2020.04.21-18.49.29:485][  0]LogAudioMixer: Display: Device Channel Count: 2
[2020.04.21-18.49.29:485][  0]LogAudioMixer: Display: Channel Order:
[2020.04.21-18.49.29:485][  0]LogAudioMixer: Display: 0: FrontLeft
[2020.04.21-18.49.29:485][  0]LogAudioMixer: Display: 1: FrontRight
[2020.04.21-18.49.29:527][  0]LogAudioMixer: Display: Using Audio Device Logitech Speakers (Realtek High Definition Audio)
[2020.04.21-18.49.29:532][  0]LogInit: FAudioDevice initialized.
[2020.04.21-18.49.29:532][  0]LogNetVersion: Set ProjectVersion to 1.0.0.0. Version Checksum will be recalculated on next use.
[2020.04.21-18.49.29:647][  0]LogDerivedDataCache: Saved boot cache 0.11s 78MB C:/Users/Randy/AppData/Local/UnrealEngine/4.24/DerivedDataCache/Boot.ddc.
[2020.04.21-18.49.29:651][  0]LogInit: Texture streaming: Enabled
[2020.04.21-18.49.29:660][  0]LogEngineSessionManager: EngineSessionManager initialized
[2020.04.21-18.49.29:660][  0]LogEngineSessionManager: EngineSessionManager sent abnormal shutdown report. Type=Crashed, SessionId={0E5B40B7-4119-6383-BCDA-1F8CC10CF818}
[2020.04.21-18.49.29:660][  0]LogEditorSessionSummary: Verbose: Initializing EditorSessionSummaryWriter for editor session tracking
[2020.04.21-18.49.29:661][  0]LogEditorSessionSummary: EditorSessionSummaryWriter initialized
[2020.04.21-18.49.29:699][  0]LogInit: Transaction tracking system initialized
[2020.04.21-18.49.29:705][  0]BlueprintLog: New page: Editor Load
[2020.04.21-18.49.29:722][  0]LocalizationService: Localization service is disabled
[2020.04.21-18.49.29:898][  0]LogCook: Display: Max memory allowance for cook 16384mb min free memory 0mb
[2020.04.21-18.49.29:898][  0]LogCook: Display: Mobile HDR setting 1
[2020.04.21-18.49.29:905][  0]LogStats: FGameplayAbilitiesEditorModule::GameplayTagTreeChanged -  0.000 s
[2020.04.21-18.49.29:948][  0]LogFileCache: Scanning file cache for directory 'D:/Users/Randy/Desktop/Project_C/Project_C_UE4/Content/' took 0.01s
[2020.04.21-18.49.30:375][  0]SourceControl: Source control is disabled
[2020.04.21-18.49.30:375][  0]Cmd: MAP LOAD FILE="D:/Users/Randy/Desktop/Project_C/Project_C_UE4/Content/ThirdPersonBP/Maps/ThirdPersonExampleMap.umap" TEMPLATE=0 SHOWPROGRESS=1 FEATURELEVEL=3
[2020.04.21-18.49.30:375][  0]LightingResults: New page: Lighting Build
[2020.04.21-18.49.30:376][  0]LogWorld: UWorld::CleanupWorld for Untitled, bSessionEnded=true, bCleanupResources=true
[2020.04.21-18.49.30:376][  0]LogSlate: InvalidateAllWidgets triggered.  All widgets were invalidated
[2020.04.21-18.49.30:376][  0]MapCheck: New page: Map Check
[2020.04.21-18.49.30:376][  0]LightingResults: New page: Lighting Build
[2020.04.21-18.49.30:397][  0]LogUObjectHash: Compacting FUObjectHashTables data took   1.32ms
[2020.04.21-18.49.30:895][  0]LogAIModule: Creating AISystem for world ThirdPersonExampleMap
[2020.04.21-18.49.30:898][  0]LogEditorServer: Finished looking for orphan Actors (0.000 secs)
[2020.04.21-18.49.30:925][  0]LogUObjectHash: Compacting FUObjectHashTables data took   1.88ms
[2020.04.21-18.49.30:925][  0]Cmd: MAP CHECKDEP NOCLEARLOG
[2020.04.21-18.49.30:925][  0]MapCheck: Map check complete: 0 Error(s), 0 Warning(s), took 0.065ms to complete.
[2020.04.21-18.49.30:925][  0]LogFileHelpers: Loading map 'ThirdPersonExampleMap' took 0.551
[2020.04.21-18.49.31:023][  0]LogSlate: Updating window title bar state: overlay mode, drag disabled, window buttons hidden, title bar hidden
[2020.04.21-18.49.31:029][  0]LogSlate: Updating window title bar state: overlay mode, drag disabled, window buttons hidden, title bar hidden
[2020.04.21-18.49.31:034][  0]LogSlate: Updating window title bar state: overlay mode, drag disabled, window buttons hidden, title bar hidden
[2020.04.21-18.49.31:040][  0]LogSlate: Updating window title bar state: overlay mode, drag disabled, window buttons hidden, title bar hidden
[2020.04.21-18.49.31:045][  0]LogCollectionManager: Loaded 0 collections in 0.000610 seconds
[2020.04.21-18.49.31:055][  0]LogFileCache: Scanning file cache for directory 'D:/Users/Randy/Desktop/Project_C/Project_C_UE4/Saved/Collections/' took 0.00s
[2020.04.21-18.49.31:055][  0]LogFileCache: Scanning file cache for directory 'D:/Users/Randy/Desktop/Project_C/Project_C_UE4/Content/Developers/Randy/Collections/' took 0.00s
[2020.04.21-18.49.31:055][  0]LogFileCache: Scanning file cache for directory 'D:/Users/Randy/Desktop/Project_C/Project_C_UE4/Content/Collections/' took 0.00s
[2020.04.21-18.49.31:055][  0]LogContentBrowser: Native class hierarchy populated in 0.0062 seconds. Added 3101 classes and 727 folders.
[2020.04.21-18.49.31:056][  0]LogContentBrowser: Native class hierarchy updated for 'WidgetCarousel' in 0.0002 seconds. Added 0 classes and 0 folders.
[2020.04.21-18.49.31:087][  0]LogContentBrowser: Native class hierarchy updated for 'AddContentDialog' in 0.0003 seconds. Added 0 classes and 0 folders.
[2020.04.21-18.49.31:089][  0]LogContentBrowser: Native class hierarchy updated for 'SceneOutliner' in 0.0003 seconds. Added 2 classes and 3 folders.
[2020.04.21-18.49.31:185][  0]LogSlate: Took 0.000170 seconds to synchronously load lazily loaded font '../../../Engine/Content/Slate/Fonts/Roboto-Regular.ttf' (155K)
[2020.04.21-18.49.31:187][  0]LogSlate: Took 0.000256 seconds to synchronously load lazily loaded font '../../../Engine/Content/Slate/Fonts/Roboto-Bold.ttf' (160K)
[2020.04.21-18.49.31:194][  0]LogSlate: Took 0.000206 seconds to synchronously load lazily loaded font '../../../Engine/Content/Editor/Slate/Fonts/FontAwesome.ttf' (139K)
[2020.04.21-18.49.31:268][  0]LogRenderer: Reallocating scene render targets to support 868x576 Format 10 NumSamples 1 (Frame:1).
[2020.04.21-18.49.31:344][  0]LogContentBrowser: Native class hierarchy updated for 'HierarchicalLODOutliner' in 0.0003 seconds. Added 0 classes and 0 folders.
[2020.04.21-18.49.31:344][  0]LogLoad: (Engine Initialization) Total time: 5.95 seconds
[2020.04.21-18.49.31:344][  0]LogLoad: (Engine Initialization) Total Blueprint compile time: 0.00 seconds
[2020.04.21-18.49.31:439][  0]LogContentStreaming: Texture pool size now 1000 MB
[2020.04.21-18.49.31:459][  0]LogSlate: Took 0.000116 seconds to synchronously load lazily loaded font '../../../Engine/Content/Slate/Fonts/Roboto-Light.ttf' (167K)
[2020.04.21-18.49.31:484][  1]LogAssetRegistry: Asset discovery search completed in 3.8685 seconds
[2020.04.21-18.49.31:488][  1]LogCollectionManager: Fixed up redirectors for 0 collections in 0.000006 seconds (updated 0 objects)
[2020.04.21-18.49.32:369][102]LogSlate: Took 0.000118 seconds to synchronously load lazily loaded font '../../../Engine/Content/Slate/Fonts/Roboto-Light.ttf' (167K)
[2020.04.21-18.49.37:348][655]LogScript: Warning: Accessed None trying to read property CallFunc_TryGetPawnOwner_ReturnValue
	ABP_Player_01_C /Engine/Transient.World_5:PersistentLevel.SkeletalMeshActor_0.SkeletalMeshComponent0.ABP_Player_01_C_0
	Function /Game/Project_C/Blueprints/Characters/ABP_Player_01.ABP_Player_01_C:ExecuteUbergraph_ABP_Player_01:00BF
[2020.04.21-18.49.37:367][656]LogScript: Warning: Accessed None trying to read property CallFunc_TryGetPawnOwner_ReturnValue
	ABP_Player_C /Engine/Transient.World_6:PersistentLevel.SkeletalMeshActor_0.SkeletalMeshComponent0.ABP_Player_C_0
	Function /Game/Project_C/Blueprints/Characters/ABP_Player.ABP_Player_C:ExecuteUbergraph_ABP_Player:00BF
[2020.04.21-18.49.40:192][987]LogAssetEditorSubsystem: Opening Asset editor for Blueprint /Game/Project_C/Blueprints/Characters/BP_Player_01.BP_Player_01
[2020.04.21-18.49.40:321][987]LogContentBrowser: Native class hierarchy updated for 'BlueprintGraph' in 0.0004 seconds. Added 121 classes and 0 folders.
[2020.04.21-18.49.40:988][987]LogSlate: Took 0.000094 seconds to synchronously load lazily loaded font '../../../Engine/Content/Slate/Fonts/Roboto-BoldCondensed.ttf' (158K)
[2020.04.21-18.49.41:068][988]LogSlate: Took 0.000118 seconds to synchronously load lazily loaded font '../../../Engine/Content/Slate/Fonts/Roboto-Italic.ttf' (157K)
[2020.04.21-18.49.44:404][372]LogRenderer: Reallocating scene render targets to support 1056x800 Format 10 NumSamples 1 (Frame:1).
[2020.04.21-18.49.49:873][  8]LogAssetEditorSubsystem: Opening Asset editor for Blueprint /Game/Project_C/Blueprints/Core/GM_Project_C.GM_Project_C
[2020.04.21-18.50.03:691][604]LogSlate: Prevented a slow task dialog from being summoned while a context menu was open
[2020.04.21-18.50.03:692][604]LogLinker: Warning: While loading 'D:/Users/Randy/Desktop/Project_C/Project_C_UE4/Content/Project_C/Blueprints/Characters/BP_Player.uasset' failed to load '/Game/Project_C/CuteCharacter/Animations/montage_rolling': Can't find file.
[2020.04.21-18.50.03:692][604]LogLinker: Warning: While loading 'D:/Users/Randy/Desktop/Project_C/Project_C_UE4/Content/Project_C/Blueprints/Characters/BP_Player.uasset' failed to load '/Game/Project_C/CuteCharacter/Animations/montage_rolling': Can't find file.
[2020.04.21-18.50.03:693][604]LogLinker: Warning: While loading 'D:/Users/Randy/Desktop/Project_C/Project_C_UE4/Content/Project_C/Blueprints/Characters/BP_Player.uasset' failed to load '/Game/Project_C/CuteCharacter/Animations/montage_rolling': Can't find file.
[2020.04.21-18.50.03:693][604]LogLinker: Warning: While loading 'D:/Users/Randy/Desktop/Project_C/Project_C_UE4/Content/Project_C/Blueprints/Characters/BP_Player.uasset' failed to load '/Game/Project_C/CuteCharacter/Animations/montage_rolling': Can't find file.
[2020.04.21-18.50.03:694][604]LogLinker: Warning: Failed to load '/Game/Project_C/CuteCharacter/Animations/montage_rolling': Can't find file.
[2020.04.21-18.50.03:694][604]LogLinker: Warning: Failed to load '/Game/Project_C/CuteCharacter/Animations/montage_rolling': Can't find file.
[2020.04.21-18.50.03:694][604]LogLinker: Warning: Failed to load '/Game/Project_C/CuteCharacter/Animations/montage_rolling': Can't find file.
[2020.04.21-18.50.03:694][604]LogLinker: Warning: Failed to load '/Game/Project_C/CuteCharacter/Animations/montage_rolling': Can't find file.
[2020.04.21-18.50.03:696][604]LogLinker: Warning: While loading 'D:/Users/Randy/Desktop/Project_C/Project_C_UE4/Content/Project_C/Blueprints/Characters/BP_Player.uasset' failed to load '/Game/Project_C/CuteCharacter/Animations/montage_rolling': Can't find file.
[2020.04.21-18.50.03:697][604]LoadErrors: Failed to load /Game/Project_C/CuteCharacter/Animations/montage_rolling.montage_rolling Referenced by K2Node_CallFunction_1
[2020.04.21-18.50.03:697][604]LogLinker: Warning: While loading 'D:/Users/Randy/Desktop/Project_C/Project_C_UE4/Content/Project_C/Blueprints/Characters/BP_Player.uasset' failed to load '/Game/Project_C/CuteCharacter/Animations/montage_rolling': Can't find file.
[2020.04.21-18.50.04:457][683]BlueprintLog: New page: Compile GM_Project_C
[2020.04.21-18.50.04:628][683]LogUObjectHash: Compacting FUObjectHashTables data took   2.59ms
[2020.04.21-18.50.06:644][910]LogAssetEditorSubsystem: Opening Asset editor for Blueprint /Game/Project_C/Blueprints/Core/PC_Player.PC_Player
[2020.04.21-18.50.27:187][222]BlueprintLog: New page: Compile PC_Player
[2020.04.21-18.50.27:394][222]LogUObjectHash: Compacting FUObjectHashTables data took   2.72ms
[2020.04.21-18.50.30:540][586]BlueprintLog: New page: Compile PC_Player
[2020.04.21-18.50.30:740][586]LogUObjectHash: Compacting FUObjectHashTables data took   2.80ms
[2020.04.21-18.50.31:027][612]Cmd: OBJ SAVEPACKAGE PACKAGE="/Game/Project_C/Blueprints/Core/PC_Player" FILE="D:/Users/Randy/Desktop/Project_C/Project_C_UE4/Content/Project_C/Blueprints/Core/PC_Player.uasset" SILENT=true
[2020.04.21-18.50.31:074][612]LogSavePackage: Moving 'D:/Users/Randy/Desktop/Project_C/Project_C_UE4/Saved/PC_PlayerE1C8CC6A44797DAB6F6C20AC37655760.tmp' to 'D:/Users/Randy/Desktop/Project_C/Project_C_UE4/Content/Project_C/Blueprints/Core/PC_Player.uasset'
[2020.04.21-18.50.31:086][612]AssetCheck: New page: Asset Save: PC_Player
[2020.04.21-18.50.31:086][612]LogContentValidation: Display: Validating Blueprint /Game/Project_C/Blueprints/Core/PC_Player.PC_Player
[2020.04.21-18.51.14:759][804]BlueprintLog: New page: Compile PC_Player
[2020.04.21-18.51.14:964][804]LogUObjectHash: Compacting FUObjectHashTables data took   2.95ms
[2020.04.21-18.51.34:870][154]LogEditorTransaction: Undo Move Node
[2020.04.21-18.51.35:114][165]LogEditorTransaction: Undo Add Node
[2020.04.21-18.51.35:343][174]LogEditorTransaction: Undo Move Node
[2020.04.21-18.51.37:111][378]LogEditorTransaction: Undo Create Pin Link
[2020.04.21-18.51.37:365][400]LogEditorTransaction: Undo Add Node
[2020.04.21-18.51.37:930][461]LogEditorTransaction: Undo Delete current selection
[2020.04.21-18.51.39:619][651]BlueprintLog: New page: Compile PC_Player
[2020.04.21-18.51.39:813][651]LogUObjectHash: Compacting FUObjectHashTables data took   2.89ms
[2020.04.21-18.51.48:983][712]LogAssetEditorSubsystem: Opening Asset editor for Blueprint /Game/Project_C/Blueprints/Characters/BP_BaseCharacter.BP_BaseCharacter
[2020.04.21-18.52.04:160][425]LogEditorTransaction: Undo Delete current selection
[2020.04.21-18.52.15:699][714]BlueprintLog: New page: Compile BP_BaseCharacter
[2020.04.21-18.52.15:961][714]LogUObjectHash: Compacting FUObjectHashTables data took   2.91ms
[2020.04.21-18.52.16:560][753]LogSavePackage: Moving 'D:/Users/Randy/Desktop/Project_C/Project_C_UE4/Saved/BP_BaseCharacter08E46BC74EDD0FC697103383D8C06CCF.tmp' to 'D:/Users/Randy/Desktop/Project_C/Project_C_UE4/Content/Project_C/Blueprints/Characters/BP_BaseCharacter.uasset'
[2020.04.21-18.52.16:600][753]AssetCheck: New page: Asset Save: BP_BaseCharacter
[2020.04.21-18.52.16:600][753]LogContentValidation: Display: Validating Blueprint /Game/Project_C/Blueprints/Characters/BP_BaseCharacter.BP_BaseCharacter
[2020.04.21-18.52.31:547][436]LogSlate: Prevented a slow task dialog from being summoned while a context menu was open
[2020.04.21-18.52.38:138][125]BlueprintLog: New page: Compile BP_BaseCharacter
[2020.04.21-18.52.38:440][125]LogUObjectHash: Compacting FUObjectHashTables data took   2.91ms
[2020.04.21-18.52.46:855][ 46]BlueprintLog: New page: Compile BP_BaseCharacter
[2020.04.21-18.52.47:118][ 46]LogUObjectHash: Compacting FUObjectHashTables data took   2.86ms
[2020.04.21-18.52.48:078][147]LogTemp: Repeating last play command: New Editor Window (PIE)
[2020.04.21-18.52.48:100][147]LogBlueprintUserMessages: Early PlayInEditor Detection: Level '/Game/ThirdPersonBP/Maps/ThirdPersonExampleMap.ThirdPersonExampleMap:PersistentLevel' has LevelScriptBlueprint '/Game/ThirdPersonBP/Maps/ThirdPersonExampleMap.ThirdPersonExampleMap:PersistentLevel.ThirdPersonExampleMap' with GeneratedClass '/Game/ThirdPersonBP/Maps/ThirdPersonExampleMap.ThirdPersonExampleMap_C' with ClassGeneratedBy '/Game/ThirdPersonBP/Maps/ThirdPersonExampleMap.ThirdPersonExampleMap:PersistentLevel.ThirdPersonExampleMap'
[2020.04.21-18.52.48:100][147]LogPlayLevel: PlayLevel: No blueprints needed recompiling
[2020.04.21-18.52.48:101][147]PIE: New page: PIE session: ThirdPersonExampleMap (Apr 21, 2020, 4:52:48 AM)
[2020.04.21-18.52.48:101][147]LogOnline: OSS: Creating online subsystem instance for: NULL
[2020.04.21-18.52.48:102][147]LogOnline: OSS: TryLoadSubsystemAndSetDefault: Loaded subsystem for module [NULL]
[2020.04.21-18.52.48:102][147]LogPlayLevel: Creating play world package: /Game/ThirdPersonBP/Maps/UEDPIE_0_ThirdPersonExampleMap
[2020.04.21-18.52.48:113][147]LogPlayLevel: PIE: StaticDuplicateObject took: (0.011080s)
[2020.04.21-18.52.48:114][147]LogAIModule: Creating AISystem for world ThirdPersonExampleMap
[2020.04.21-18.52.48:114][147]LogPlayLevel: PIE: World Init took: (0.000807s)
[2020.04.21-18.52.48:114][147]LogPlayLevel: PIE: Created PIE world by copying editor world from /Game/ThirdPersonBP/Maps/ThirdPersonExampleMap.ThirdPersonExampleMap to /Game/ThirdPersonBP/Maps/UEDPIE_0_ThirdPersonExampleMap.ThirdPersonExampleMap (0.012047s)
[2020.04.21-18.52.48:146][147]LogUObjectHash: Compacting FUObjectHashTables data took   2.71ms
[2020.04.21-18.52.48:147][147]LogAudioMixer: Display: Audio Mixer Platform Settings:
[2020.04.21-18.52.48:147][147]LogAudioMixer: Display: 	Sample Rate:						  48000
[2020.04.21-18.52.48:147][147]LogAudioMixer: Display: 	Callback Buffer Frame Size Requested: 1024
[2020.04.21-18.52.48:147][147]LogAudioMixer: Display: 	Callback Buffer Frame Size To Use:	  1024
[2020.04.21-18.52.48:147][147]LogAudioMixer: Display: 	Number of buffers to queue:			  2
[2020.04.21-18.52.48:147][147]LogAudioMixer: Display: 	Max Channels (voices):				  32
[2020.04.21-18.52.48:147][147]LogAudioMixer: Display: 	Number of Async Source Workers:		  0
[2020.04.21-18.52.48:147][147]LogAudio: Display: AudioDevice MaxSources: 32
[2020.04.21-18.52.48:147][147]LogAudio: Display: Using built-in audio occlusion.
[2020.04.21-18.52.48:147][147]LogAudioMixer: Display: Initializing audio mixer.
[2020.04.21-18.52.48:188][147]LogAudioMixer: Display: Audio Device Output Speaker Info:
[2020.04.21-18.52.48:188][147]LogAudioMixer: Display: Name: Logitech Speakers (Realtek High Definition Audio)
[2020.04.21-18.52.48:188][147]LogAudioMixer: Display: Is Default: Yes
[2020.04.21-18.52.48:188][147]LogAudioMixer: Display: Sample Rate: 48000
[2020.04.21-18.52.48:188][147]LogAudioMixer: Display: Channel Count Used: 2
[2020.04.21-18.52.48:188][147]LogAudioMixer: Display: Device Channel Count: 2
[2020.04.21-18.52.48:188][147]LogAudioMixer: Display: Channel Order:
[2020.04.21-18.52.48:188][147]LogAudioMixer: Display: 0: FrontLeft
[2020.04.21-18.52.48:188][147]LogAudioMixer: Display: 1: FrontRight
[2020.04.21-18.52.48:218][147]LogAudioMixer: Display: Using Audio Device Logitech Speakers (Realtek High Definition Audio)
[2020.04.21-18.52.48:219][147]LogInit: FAudioDevice initialized.
[2020.04.21-18.52.48:240][147]LogSlate: Updating window title bar state: overlay mode, drag disabled, window buttons hidden, title bar hidden
[2020.04.21-18.52.48:241][147]LogLoad: Game class is 'GM_Project_C_C'
[2020.04.21-18.52.48:243][147]LogWorld: Bringing World /Game/ThirdPersonBP/Maps/UEDPIE_0_ThirdPersonExampleMap.ThirdPersonExampleMap up for play (max tick rate 0) at 2020.04.21-11.52.48
[2020.04.21-18.52.48:243][147]LogWorld: Bringing up level for play took: 0.001222
[2020.04.21-18.52.48:244][147]LogOnline: OSS: Creating online subsystem instance for: :Context_15
[2020.04.21-18.52.48:249][147]LogContentBrowser: Native class hierarchy updated for 'MovieSceneCapture' in 0.0003 seconds. Added 20 classes and 0 folders.
[2020.04.21-18.52.48:253][147]PIE: Play in editor start time for /Game/ThirdPersonBP/Maps/UEDPIE_0_ThirdPersonExampleMap 0.975
[2020.04.21-18.52.48:254][147]LogBlueprintUserMessages: Late PlayInEditor Detection: Level '/Game/ThirdPersonBP/Maps/ThirdPersonExampleMap.ThirdPersonExampleMap:PersistentLevel' has LevelScriptBlueprint '/Game/ThirdPersonBP/Maps/ThirdPersonExampleMap.ThirdPersonExampleMap:PersistentLevel.ThirdPersonExampleMap' with GeneratedClass '/Game/ThirdPersonBP/Maps/ThirdPersonExampleMap.ThirdPersonExampleMap_C' with ClassGeneratedBy '/Game/ThirdPersonBP/Maps/ThirdPersonExampleMap.ThirdPersonExampleMap:PersistentLevel.ThirdPersonExampleMap'
[2020.04.21-18.52.48:306][148]LogRenderer: Reallocating scene render targets to support 1280x800 Format 10 NumSamples 1 (Frame:1).
[2020.04.21-18.52.49:913][303]LogAudioMixer: Display: No commands were queued while flushing the source manager.
[2020.04.21-18.52.49:913][303]LogAudioMixer: Display: No commands were queued while flushing the source manager.
[2020.04.21-18.52.49:913][303]LogBlueprintUserMessages: Early EndPlayMap Detection: Level '/Game/ThirdPersonBP/Maps/ThirdPersonExampleMap.ThirdPersonExampleMap:PersistentLevel' has LevelScriptBlueprint '/Game/ThirdPersonBP/Maps/ThirdPersonExampleMap.ThirdPersonExampleMap:PersistentLevel.ThirdPersonExampleMap' with GeneratedClass '/Game/ThirdPersonBP/Maps/ThirdPersonExampleMap.ThirdPersonExampleMap_C' with ClassGeneratedBy '/Game/ThirdPersonBP/Maps/ThirdPersonExampleMap.ThirdPersonExampleMap:PersistentLevel.ThirdPersonExampleMap'
[2020.04.21-18.52.49:913][303]LogSlate: Updating window title bar state: overlay mode, drag disabled, window buttons hidden, title bar hidden
[2020.04.21-18.52.49:913][303]LogWorld: BeginTearingDown for /Game/ThirdPersonBP/Maps/UEDPIE_0_ThirdPersonExampleMap
[2020.04.21-18.52.49:926][303]LogSlate: Window 'Project_C Game Preview Standalone (64-bit/PCD3D_SM5)' being destroyed
[2020.04.21-18.52.49:930][303]LogAudioMixer: Display: No commands were queued while flushing the source manager.
[2020.04.21-18.52.49:930][303]LogWorld: UWorld::CleanupWorld for ThirdPersonExampleMap, bSessionEnded=true, bCleanupResources=true
[2020.04.21-18.52.49:930][303]LogSlate: InvalidateAllWidgets triggered.  All widgets were invalidated
[2020.04.21-18.52.49:936][303]LogPlayLevel: Display: Shutting down PIE online subsystems
[2020.04.21-18.52.49:936][303]LogBlueprintUserMessages: Late EndPlayMap Detection: Level '/Game/ThirdPersonBP/Maps/ThirdPersonExampleMap.ThirdPersonExampleMap:PersistentLevel' has LevelScriptBlueprint '/Game/ThirdPersonBP/Maps/ThirdPersonExampleMap.ThirdPersonExampleMap:PersistentLevel.ThirdPersonExampleMap' with GeneratedClass '/Game/ThirdPersonBP/Maps/ThirdPersonExampleMap.ThirdPersonExampleMap_C' with ClassGeneratedBy '/Game/ThirdPersonBP/Maps/ThirdPersonExampleMap.ThirdPersonExampleMap:PersistentLevel.ThirdPersonExampleMap'
[2020.04.21-18.52.49:940][303]LogSlate: InvalidateAllWidgets triggered.  All widgets were invalidated
[2020.04.21-18.52.49:975][303]LogAudioMixer: Display: No commands were queued while flushing the source manager.
[2020.04.21-18.52.49:996][303]LogUObjectHash: Compacting FUObjectHashTables data took   3.15ms
[2020.04.21-18.52.50:028][305]LogPlayLevel: Display: Destroying online subsystem :Context_15
[2020.04.21-18.52.52:230][560]LogSlate: Prevented a slow task dialog from being summoned while a context menu was open
[2020.04.21-18.52.54:516][812]LogUObjectHash: Compacting FUObjectHashTables data took   2.25ms
[2020.04.21-18.52.54:747][812]LogSavePackage: Moving 'D:/Users/Randy/Desktop/Project_C/Project_C_UE4/Saved/ThirdPersonExampleMap493465D247F1FAE496F6EC85A6498B87.tmp' to 'D:/Users/Randy/Desktop/Project_C/Project_C_UE4/Content/ThirdPersonBP/Maps/ThirdPersonExampleMap.umap'
[2020.04.21-18.52.54:844][812]LogSavePackage: Moving 'D:/Users/Randy/Desktop/Project_C/Project_C_UE4/Saved/ThirdPersonExampleMap_BuiltDataA28098B746476C3FA05BC38FB6AC69C6.tmp' to 'D:/Users/Randy/Desktop/Project_C/Project_C_UE4/Content/ThirdPersonBP/Maps/ThirdPersonExampleMap_BuiltData.uasset'
[2020.04.21-18.52.54:857][812]AssetCheck: New page: Asset Save: multiple assets
[2020.04.21-18.52.54:857][812]LogContentValidation: Display: Validating World /Game/ThirdPersonBP/Maps/ThirdPersonExampleMap.ThirdPersonExampleMap
[2020.04.21-18.52.54:857][812]LogContentValidation: Display: Validating MapBuildDataRegistry /Game/ThirdPersonBP/Maps/ThirdPersonExampleMap_BuiltData.ThirdPersonExampleMap_BuiltData
[2020.04.21-18.52.56:001][938]LogTemp: Repeating last play command: New Editor Window (PIE)
[2020.04.21-18.52.56:026][938]LogBlueprintUserMessages: Early PlayInEditor Detection: Level '/Game/ThirdPersonBP/Maps/ThirdPersonExampleMap.ThirdPersonExampleMap:PersistentLevel' has LevelScriptBlueprint '/Game/ThirdPersonBP/Maps/ThirdPersonExampleMap.ThirdPersonExampleMap:PersistentLevel.ThirdPersonExampleMap' with GeneratedClass '/Game/ThirdPersonBP/Maps/ThirdPersonExampleMap.ThirdPersonExampleMap_C' with ClassGeneratedBy '/Game/ThirdPersonBP/Maps/ThirdPersonExampleMap.ThirdPersonExampleMap:PersistentLevel.ThirdPersonExampleMap'
[2020.04.21-18.52.56:027][938]BlueprintLog: New page: Pre-Play auto-recompile
[2020.04.21-18.52.56:027][938]LogPlayLevel: [PlayLevel] Compiling GM_Project_C before play...
[2020.04.21-18.52.56:220][938]LogUObjectHash: Compacting FUObjectHashTables data took   3.10ms
[2020.04.21-18.52.56:221][938]LogPlayLevel: PlayLevel: Blueprint regeneration took 195 ms (1 blueprints)
[2020.04.21-18.52.56:221][938]PIE: New page: PIE session: ThirdPersonExampleMap (Apr 21, 2020, 4:52:56 AM)
[2020.04.21-18.52.56:222][938]LogPlayLevel: Creating play world package: /Game/ThirdPersonBP/Maps/UEDPIE_0_ThirdPersonExampleMap
[2020.04.21-18.52.56:232][938]LogPlayLevel: PIE: StaticDuplicateObject took: (0.009154s)
[2020.04.21-18.52.56:233][938]LogAIModule: Creating AISystem for world ThirdPersonExampleMap
[2020.04.21-18.52.56:233][938]LogPlayLevel: PIE: World Init took: (0.000974s)
[2020.04.21-18.52.56:233][938]LogPlayLevel: PIE: Created PIE world by copying editor world from /Game/ThirdPersonBP/Maps/ThirdPersonExampleMap.ThirdPersonExampleMap to /Game/ThirdPersonBP/Maps/UEDPIE_0_ThirdPersonExampleMap.ThirdPersonExampleMap (0.010246s)
[2020.04.21-18.52.56:267][938]LogUObjectHash: Compacting FUObjectHashTables data took   2.20ms
[2020.04.21-18.52.56:268][938]LogAudioMixer: Display: Audio Mixer Platform Settings:
[2020.04.21-18.52.56:268][938]LogAudioMixer: Display: 	Sample Rate:						  48000
[2020.04.21-18.52.56:268][938]LogAudioMixer: Display: 	Callback Buffer Frame Size Requested: 1024
[2020.04.21-18.52.56:268][938]LogAudioMixer: Display: 	Callback Buffer Frame Size To Use:	  1024
[2020.04.21-18.52.56:268][938]LogAudioMixer: Display: 	Number of buffers to queue:			  2
[2020.04.21-18.52.56:268][938]LogAudioMixer: Display: 	Max Channels (voices):				  32
[2020.04.21-18.52.56:268][938]LogAudioMixer: Display: 	Number of Async Source Workers:		  0
[2020.04.21-18.52.56:268][938]LogAudio: Display: AudioDevice MaxSources: 32
[2020.04.21-18.52.56:269][938]LogAudio: Display: Using built-in audio occlusion.
[2020.04.21-18.52.56:269][938]LogAudioMixer: Display: Initializing audio mixer.
[2020.04.21-18.52.56:310][938]LogAudioMixer: Display: Audio Device Output Speaker Info:
[2020.04.21-18.52.56:310][938]LogAudioMixer: Display: Name: Logitech Speakers (Realtek High Definition Audio)
[2020.04.21-18.52.56:310][938]LogAudioMixer: Display: Is Default: Yes
[2020.04.21-18.52.56:310][938]LogAudioMixer: Display: Sample Rate: 48000
[2020.04.21-18.52.56:310][938]LogAudioMixer: Display: Channel Count Used: 2
[2020.04.21-18.52.56:310][938]LogAudioMixer: Display: Device Channel Count: 2
[2020.04.21-18.52.56:310][938]LogAudioMixer: Display: Channel Order:
[2020.04.21-18.52.56:310][938]LogAudioMixer: Display: 0: FrontLeft
[2020.04.21-18.52.56:310][938]LogAudioMixer: Display: 1: FrontRight
[2020.04.21-18.52.56:339][938]LogAudioMixer: Display: Using Audio Device Logitech Speakers (Realtek High Definition Audio)
[2020.04.21-18.52.56:340][938]LogInit: FAudioDevice initialized.
[2020.04.21-18.52.56:359][938]LogSlate: Updating window title bar state: overlay mode, drag disabled, window buttons hidden, title bar hidden
[2020.04.21-18.52.56:359][938]LogLoad: Game class is 'GM_Project_C_C'
[2020.04.21-18.52.56:361][938]LogWorld: Bringing World /Game/ThirdPersonBP/Maps/UEDPIE_0_ThirdPersonExampleMap.ThirdPersonExampleMap up for play (max tick rate 0) at 2020.04.21-11.52.56
[2020.04.21-18.52.56:361][938]LogWorld: Bringing up level for play took: 0.001254
[2020.04.21-18.52.56:361][938]LogOnline: OSS: Creating online subsystem instance for: :Context_16
[2020.04.21-18.52.57:679][938]LogWindows: Error: === Critical error: ===
[2020.04.21-18.52.57:679][938]LogWindows: Error: 
[2020.04.21-18.52.57:680][938]LogWindows: Error: Fatal error!
[2020.04.21-18.52.57:680][938]LogWindows: Error: 
[2020.04.21-18.52.57:680][938]LogWindows: Error: Unhandled Exception: EXCEPTION_ACCESS_VIOLATION reading address 0x000000a8
[2020.04.21-18.52.57:680][938]LogWindows: Error: 
[2020.04.21-18.52.57:680][938]LogWindows: Error: [Callstack] 0x00007ff9b16d3dc1 UE4Editor-Project_C-9916.dll!TMulticastScriptDelegate<FWeakObjectPtr>::Add() [E:\Program Files\Epic Games\UE_4.24\Engine\Source\Runtime\Core\Public\UObject\ScriptDelegates.h:324]
[2020.04.21-18.52.57:680][938]LogWindows: Error: [Callstack] 0x00007ff9b16d36e0 UE4Editor-Project_C-9916.dll!TBaseDynamicMulticastDelegate<FWeakObjectPtr,void,float,float>::__Internal_AddDynamic<APlayerCharacter>() [E:\Program Files\Epic Games\UE_4.24\Engine\Source\Runtime\Core\Public\Delegates\DelegateSignatureImpl.inl:1215]
[2020.04.21-18.52.57:680][938]LogWindows: Error: [Callstack] 0x00007ff9b16d4118 UE4Editor-Project_C-9916.dll!APlayerCharacter::BeginPlay() [D:\Users\Randy\Desktop\Project_C\Project_C_UE4\Source\Project_C\Private\PlayerCharacter.cpp:27]
[2020.04.21-18.52.57:680][938]LogWindows: Error: [Callstack] 0x00007ff9c6d4c7dd UE4Editor-Engine.dll!UnknownFunction []
[2020.04.21-18.52.57:680][938]LogWindows: Error: [Callstack] 0x00007ff9c804e2e2 UE4Editor-Engine.dll!UnknownFunction []
[2020.04.21-18.52.57:680][938]LogWindows: Error: [Callstack] 0x00007ff9c745e3b1 UE4Editor-Engine.dll!UnknownFunction []
[2020.04.21-18.52.57:680][938]LogWindows: Error: [Callstack] 0x00007ff9c7ff942e UE4Editor-Engine.dll!UnknownFunction []
[2020.04.21-18.52.57:680][938]LogWindows: Error: [Callstack] 0x00007ff9c747f1d5 UE4Editor-Engine.dll!UnknownFunction []
[2020.04.21-18.52.57:680][938]LogWindows: Error: [Callstack] 0x00007ff9c5ce245c UE4Editor-UnrealEd.dll!UnknownFunction []
[2020.04.21-18.52.57:680][938]LogWindows: Error: [Callstack] 0x00007ff9c5d02806 UE4Editor-UnrealEd.dll!UnknownFunction []
[2020.04.21-18.52.57:680][938]LogWindows: Error: [Callstack] 0x00007ff9c5d1d285 UE4Editor-UnrealEd.dll!UnknownFunction []
[2020.04.21-18.52.57:680][938]LogWindows: Error: [Callstack] 0x00007ff9c57ea5f5 UE4Editor-UnrealEd.dll!UnknownFunction []
[2020.04.21-18.52.57:680][938]LogWindows: Error: [Callstack] 0x00007ff9c604e476 UE4Editor-UnrealEd.dll!UnknownFunction []
[2020.04.21-18.52.57:680][938]LogWindows: Error: [Callstack] 0x00007ff65d4a7f62 UE4Editor.exe!UnknownFunction []
[2020.04.21-18.52.57:680][938]LogWindows: Error: [Callstack] 0x00007ff65d4bc3ec UE4Editor.exe!UnknownFunction []
[2020.04.21-18.52.57:680][938]LogWindows: Error: [Callstack] 0x00007ff65d4bc4ca UE4Editor.exe!UnknownFunction []
[2020.04.21-18.52.57:680][938]LogWindows: Error: [Callstack] 0x00007ff65d4cceae UE4Editor.exe!UnknownFunction []
[2020.04.21-18.52.57:680][938]LogWindows: Error: [Callstack] 0x00007ff65d4cfcbe UE4Editor.exe!UnknownFunction []
[2020.04.21-18.52.57:680][938]LogWindows: Error: [Callstack] 0x00007ffa45587974 KERNEL32.DLL!UnknownFunction []
[2020.04.21-18.52.57:680][938]LogWindows: Error: [Callstack] 0x00007ffa46b6a271 ntdll.dll!UnknownFunction []
[2020.04.21-18.52.57:680][938]LogWindows: Error: 
[2020.04.21-18.52.57:720][938]LogExit: Executing StaticShutdownAfterError
[2020.04.21-18.52.57:723][938]LogWindows: FPlatformMisc::RequestExit(1)
[2020.04.21-18.52.57:723][938]LogCore: Engine exit requested (reason: Win RequestExit)
[2020.04.21-18.52.57:732][938]Log file closed, 04/21/20 11:52:57
